Log file open, 04/13/22 19:23:12
LogWindows: Failed to load 'aqProf.dll' (GetLastError=126)
LogWindows: File 'aqProf.dll' does not exist
LogWindows: Failed to load 'VtuneApi.dll' (GetLastError=126)
LogWindows: File 'VtuneApi.dll' does not exist
LogWindows: Failed to load 'VtuneApi32e.dll' (GetLastError=126)
LogWindows: File 'VtuneApi32e.dll' does not exist
LogConsoleResponse: Display: Failed to find resolution value strings in scalability ini. Falling back to default.
LogConsoleResponse: Display: Failed to find resolution value strings in scalability ini. Falling back to default.
LogInit: Display: Running engine for game: The_Elementalists
LogPlatformFile: Not using cached read wrapper
LogTaskGraph: Started task graph with 5 named threads and 23 total threads with 3 sets of task threads.
LogStats: Stats thread started at 0.216616
LogICUInternationalization: ICU TimeZone Detection - Raw Offset: +2:00, Platform Override: ''
LogInit: Display: Loading text-based GConfig....
LogPluginManager: Mounting plugin MeshPainting
LogPluginManager: Mounting plugin XGEController
LogPluginManager: Mounting plugin Paper2D
LogPluginManager: Mounting plugin AISupport
LogPluginManager: Mounting plugin LiveLink
LogPluginManager: Mounting plugin EnvironmentQueryEditor
LogPluginManager: Mounting plugin LightPropagationVolume
LogPluginManager: Mounting plugin CameraShakePreviewer
LogPluginManager: Mounting plugin OodleNetwork
LogPluginManager: Mounting plugin AnimationSharing
LogPluginManager: Mounting plugin CLionSourceCodeAccess
LogPluginManager: Mounting plugin OodleData
LogPluginManager: Mounting plugin CodeLiteSourceCodeAccess
LogPluginManager: Mounting plugin GitSourceControl
LogPluginManager: Mounting plugin NullSourceCodeAccess
LogPluginManager: Mounting plugin KDevelopSourceCodeAccess
LogPluginManager: Mounting plugin PixWinPlugin
LogPluginManager: Mounting plugin PluginUtils
LogPluginManager: Mounting plugin PerforceSourceControl
LogPluginManager: Mounting plugin PlasticSourceControl
LogPluginManager: Mounting plugin PropertyAccessNode
LogPluginManager: Mounting plugin RiderSourceCodeAccess
LogPluginManager: Mounting plugin SubversionSourceControl
LogPluginManager: Mounting plugin UObjectPlugin
LogPluginManager: Mounting plugin TextureFormatOodle
LogPluginManager: Mounting plugin VisualStudioCodeSourceCodeAccess
LogPluginManager: Mounting plugin VisualStudioSourceCodeAccess
LogPluginManager: Mounting plugin XCodeSourceCodeAccess
LogPluginManager: Mounting plugin DatasmithContent
LogPluginManager: Mounting plugin VariantManagerContent
LogPluginManager: Mounting plugin AlembicImporter
LogPluginManager: Mounting plugin AutomationUtils
LogPluginManager: Mounting plugin BackChannel
LogPluginManager: Mounting plugin ChaosCloth
LogPluginManager: Mounting plugin ChaosNiagara
LogPluginManager: Mounting plugin ChaosEditor
LogPluginManager: Mounting plugin ChaosSolverPlugin
LogPluginManager: Mounting plugin CharacterAI
LogPluginManager: Mounting plugin AssetManagerEditor
LogPluginManager: Mounting plugin ChaosClothEditor
LogPluginManager: Mounting plugin CurveEditorTools
LogPluginManager: Mounting plugin GeometryCache
LogPluginManager: Mounting plugin DataValidation
LogPluginManager: Mounting plugin FacialAnimation
LogPluginManager: Mounting plugin GeometryCollectionPlugin
LogPluginManager: Mounting plugin Niagara
LogPluginManager: Mounting plugin GameplayTagsEditor
LogPluginManager: Mounting plugin GeometryMode
LogPluginManager: Mounting plugin MaterialAnalyzer
LogPluginManager: Mounting plugin CryptoKeys
LogPluginManager: Mounting plugin MobileLauncherProfileWizard
LogPluginManager: Mounting plugin PluginBrowser
LogPluginManager: Mounting plugin MacGraphicsSwitching
LogPluginManager: Mounting plugin SpeedTreeImporter
LogPluginManager: Mounting plugin LuminPlatformFeatures
LogPluginManager: Mounting plugin MagicLeap
LogPluginManager: Mounting plugin MagicLeapLightEstimation
LogPluginManager: Mounting plugin MagicLeapMedia
LogPluginManager: Mounting plugin MagicLeapPassableWorld
LogPluginManager: Mounting plugin AndroidMedia
LogPluginManager: Mounting plugin AvfMedia
LogPluginManager: Mounting plugin MLSDK
LogPluginManager: Mounting plugin ImgMedia
LogPluginManager: Mounting plugin MediaPlayerEditor
LogPluginManager: Mounting plugin WebMMedia
LogPluginManager: Mounting plugin WmfMedia
LogPluginManager: Mounting plugin GeometryProcessing
LogPluginManager: Mounting plugin MotoSynth
LogPluginManager: Mounting plugin OpenImageDenoise
LogPluginManager: Mounting plugin MediaCompositing
LogPluginManager: Mounting plugin ProxyLODPlugin
LogPluginManager: Mounting plugin PlatformCrypto
LogPluginManager: Mounting plugin PlanarCut
LogPluginManager: Mounting plugin PythonScriptPlugin
LogPluginManager: Mounting plugin SkeletalReduction
LogPluginManager: Mounting plugin TcpMessaging
LogPluginManager: Mounting plugin UdpMessaging
LogPluginManager: Mounting plugin ActorSequence
LogPluginManager: Mounting plugin LevelSequenceEditor
LogPluginManager: Mounting plugin MatineeToLevelSequence
LogPluginManager: Mounting plugin TemplateSequence
LogPluginManager: Mounting plugin OnlineSubsystem
LogPluginManager: Mounting plugin OnlineSubsystemNull
LogPluginManager: Mounting plugin OnlineSubsystemUtils
LogPluginManager: Mounting plugin LauncherChunkInstaller
LogPluginManager: Mounting plugin ActorLayerUtilities
LogPluginManager: Mounting plugin AndroidDeviceProfileSelector
LogPluginManager: Mounting plugin AndroidPermission
LogPluginManager: Mounting plugin AndroidMoviePlayer
LogPluginManager: Mounting plugin AppleImageUtils
LogPluginManager: Mounting plugin AppleMoviePlayer
LogPluginManager: Mounting plugin ArchVisCharacter
LogPluginManager: Mounting plugin AssetTags
LogPluginManager: Mounting plugin AudioCapture
LogPluginManager: Mounting plugin AudioSynesthesia
LogPluginManager: Mounting plugin ChunkDownloader
LogPluginManager: Mounting plugin CableComponent
LogPluginManager: Mounting plugin CustomMeshComponent
LogPluginManager: Mounting plugin EditableMesh
LogPluginManager: Mounting plugin ExampleDeviceProfileSelector
LogPluginManager: Mounting plugin GoogleCloudMessaging
LogPluginManager: Mounting plugin GooglePAD
LogPluginManager: Mounting plugin IOSDeviceProfileSelector
LogPluginManager: Mounting plugin LinuxDeviceProfileSelector
LogPluginManager: Mounting plugin LocationServicesBPLibrary
LogPluginManager: Mounting plugin MobilePatchingUtils
LogPluginManager: Mounting plugin OpenXR
LogPluginManager: Mounting plugin OpenXREyeTracker
LogPluginManager: Mounting plugin PhysXVehicles
LogPluginManager: Mounting plugin PostSplashScreen
LogPluginManager: Mounting plugin ProceduralMeshComponent
LogPluginManager: Mounting plugin PropertyAccessEditor
LogPluginManager: Mounting plugin RuntimePhysXCooking
LogPluginManager: Mounting plugin SignificanceManager
LogPluginManager: Mounting plugin SoundFields
LogPluginManager: Mounting plugin OpenXRHandTracking
LogPluginManager: Mounting plugin Synthesis
LogPluginManager: Mounting plugin ScreenshotTools
LogPluginManager: Mounting plugin WebMMoviePlayer
LogPluginManager: Mounting plugin WindowsMoviePlayer
LogPluginManager: Mounting plugin Takes
LogPluginManager: Mounting plugin GameplayCameras
LogPluginManager: Mounting plugin ContentBrowserAssetDataSource
LogPluginManager: Mounting plugin ContentBrowserClassDataSource
LogPluginManager: Mounting plugin ContentBrowserFileDataSource
LogPluginManager: Mounting plugin OnlineSubsystemGooglePlay
LogPluginManager: Mounting plugin OnlineSubsystemIOS
LogPluginManager: Mounting plugin OculusVR
LogPluginManager: Mounting plugin SteamVR
PixWinPlugin: PIX capture plugin failed to initialize! Check that the process is launched from PIX.
LogInit: Using libcurl 7.55.1-DEV
LogInit:  - built for x86_64-pc-win32
LogInit:  - supports SSL with OpenSSL/1.1.1
LogInit:  - supports HTTP deflate (compression) using libz 1.2.8
LogInit:  - other features:
LogInit:      CURL_VERSION_SSL
LogInit:      CURL_VERSION_LIBZ
LogInit:      CURL_VERSION_IPV6
LogInit:      CURL_VERSION_ASYNCHDNS
LogInit:      CURL_VERSION_LARGEFILE
LogInit:      CURL_VERSION_IDN
LogInit:  CurlRequestOptions (configurable via config and command line):
LogInit:  - bVerifyPeer = true  - Libcurl will verify peer certificate
LogInit:  - bUseHttpProxy = false  - Libcurl will NOT use HTTP proxy
LogInit:  - bDontReuseConnections = false  - Libcurl will reuse connections
LogInit:  - MaxHostConnections = 16  - Libcurl will limit the number of connections to a host
LogInit:  - LocalHostAddr = Default
LogInit:  - BufferSize = 65536
LogOnline: OSS: Creating online subsystem instance for: NULL
LogInit: WinSock: version 1.1 (2.2), MaxSocks=32767, MaxUdp=65467
LogOnline: OSS: TryLoadSubsystemAndSetDefault: Loaded subsystem for module [NULL]
LogOculusPluginWrapper: OculusPlugin initialized successfully
LogHMD: Failed initializing OVRPlugin 1.59.0
LogInit: Build: ++UE4+Release-4.27-CL-17735300
LogInit: Engine Version: 4.27.1-17735300+++UE4+Release-4.27
LogInit: Compatible Engine Version: 4.27.0-17155196+++UE4+Release-4.27
LogInit: Net CL: 17155196
LogInit: OS: Windows 10 (Release 2009) (), CPU: Intel(R) Core(TM) i3-10100 CPU @ 3.60GHz, GPU: NVIDIA GeForce GTX 1650 SUPER
LogInit: Compiled (64-bit): Oct  6 2021 14:42:51
LogInit: Compiled with Visual C++: 19.24.28315.00
LogInit: Build Configuration: Development
LogInit: Branch Name: ++UE4+Release-4.27
LogInit: Command Line: 
LogInit: Base Directory: C:/Program Files/Epic Games/UE_4.27/Engine/Binaries/Win64/
LogInit: Allocator: TBB
LogInit: Installed Engine Build: 1
LogDevObjectVersion: Number of dev versions registered: 29
LogDevObjectVersion:   Dev-Blueprints (B0D832E4-1F89-4F0D-ACCF-7EB736FD4AA2): 10
LogDevObjectVersion:   Dev-Build (E1C64328-A22C-4D53-A36C-8E866417BD8C): 0
LogDevObjectVersion:   Dev-Core (375EC13C-06E4-48FB-B500-84F0262A717E): 4
LogDevObjectVersion:   Dev-Editor (E4B068ED-F494-42E9-A231-DA0B2E46BB41): 40
LogDevObjectVersion:   Dev-Framework (CFFC743F-43B0-4480-9391-14DF171D2073): 37
LogDevObjectVersion:   Dev-Mobile (B02B49B5-BB20-44E9-A304-32B752E40360): 3
LogDevObjectVersion:   Dev-Networking (A4E4105C-59A1-49B5-A7C5-40C4547EDFEE): 0
LogDevObjectVersion:   Dev-Online (39C831C9-5AE6-47DC-9A44-9C173E1C8E7C): 0
LogDevObjectVersion:   Dev-Physics (78F01B33-EBEA-4F98-B9B4-84EACCB95AA2): 14
LogDevObjectVersion:   Dev-Platform (6631380F-2D4D-43E0-8009-CF276956A95A): 0
LogDevObjectVersion:   Dev-Rendering (12F88B9F-8875-4AFC-A67C-D90C383ABD29): 45
LogDevObjectVersion:   Dev-Sequencer (7B5AE74C-D270-4C10-A958-57980B212A5A): 13
LogDevObjectVersion:   Dev-VR (D7296918-1DD6-4BDD-9DE2-64A83CC13884): 3
LogDevObjectVersion:   Dev-LoadTimes (C2A15278-BFE7-4AFE-6C17-90FF531DF755): 1
LogDevObjectVersion:   Private-Geometry (6EACA3D4-40EC-4CC1-B786-8BED09428FC5): 3
LogDevObjectVersion:   Dev-AnimPhys (29E575DD-E0A3-4627-9D10-D276232CDCEA): 17
LogDevObjectVersion:   Dev-Anim (AF43A65D-7FD3-4947-9873-3E8ED9C1BB05): 15
LogDevObjectVersion:   Dev-ReflectionCapture (6B266CEC-1EC7-4B8F-A30B-E4D90942FC07): 1
LogDevObjectVersion:   Dev-Automation (0DF73D61-A23F-47EA-B727-89E90C41499A): 1
LogDevObjectVersion:   FortniteMain (601D1886-AC64-4F84-AA16-D3DE0DEAC7D6): 47
LogDevObjectVersion:   FortniteRelease (E7086368-6B23-4C58-8439-1B7016265E91): 1
LogDevObjectVersion:   Dev-Enterprise (9DFFBCD6-494F-0158-E221-12823C92A888): 10
LogDevObjectVersion:   Dev-Niagara (F2AED0AC-9AFE-416F-8664-AA7FFA26D6FC): 1
LogDevObjectVersion:   Dev-Destruction (174F1F0B-B4C6-45A5-B13F-2EE8D0FB917D): 10
LogDevObjectVersion:   Dev-Physics-Ext (35F94A83-E258-406C-A318-09F59610247C): 41
LogDevObjectVersion:   Dev-PhysicsMaterial-Chaos (B68FC16E-8B1B-42E2-B453-215C058844FE): 1
LogDevObjectVersion:   Dev-CineCamera (B2E18506-4273-CFC2-A54E-F4BB758BBA07): 1
LogDevObjectVersion:   Dev-VirtualProduction (64F58936-FD1B-42BA-BA96-7289D5D0FA4E): 1
LogDevObjectVersion:   Dev-MediaFramework (6F0ED827-A609-4895-9C91-998D90180EA4): 2
LogInit: Presizing for max 25165824 objects, including 0 objects not considered by GC, pre-allocating 0 bytes for permanent pool.
LogConfig: Applying CVar settings from Section [/Script/Engine.StreamingSettings] File [D:/rt/Logipaignio-New/Logipaignion/The_Elementalists/Saved/Config/Windows/Engine.ini]
LogConfig: Setting CVar [[s.MinBulkDataSizeForAsyncLoading:131072]]
LogConfig: Setting CVar [[s.AsyncLoadingThreadEnabled:0]]
LogConfig: Setting CVar [[s.EventDrivenLoaderEnabled:1]]
LogConfig: Setting CVar [[s.WarnIfTimeLimitExceeded:0]]
LogConfig: Setting CVar [[s.TimeLimitExceededMultiplier:1.5]]
LogConfig: Setting CVar [[s.TimeLimitExceededMinTime:0.005]]
LogConfig: Setting CVar [[s.UseBackgroundLevelStreaming:1]]
LogConfig: Setting CVar [[s.PriorityAsyncLoadingExtraTime:15.0]]
LogConfig: Setting CVar [[s.LevelStreamingActorsUpdateTimeLimit:5.0]]
LogConfig: Setting CVar [[s.PriorityLevelStreamingActorsUpdateExtraTime:5.0]]
LogConfig: Setting CVar [[s.LevelStreamingComponentsRegistrationGranularity:10]]
LogConfig: Setting CVar [[s.UnregisterComponentsTimeLimit:1.0]]
LogConfig: Setting CVar [[s.LevelStreamingComponentsUnregistrationGranularity:5]]
LogConfig: Setting CVar [[s.FlushStreamingOnExit:1]]
LogInit: Object subsystem initialized
LogConfig: Setting CVar [[con.DebugEarlyDefault:1]]
LogConfig: Setting CVar [[r.setres:1280x720]]
[2022.04.13-16.23.12:530][  0]LogConfig: Setting CVar [[r.VSync:0]]
[2022.04.13-16.23.12:530][  0]LogConfig: Setting CVar [[r.RHICmdBypass:0]]
[2022.04.13-16.23.12:530][  0]LogConfig: Applying CVar settings from Section [/Script/Engine.RendererSettings] File [D:/rt/Logipaignio-New/Logipaignion/The_Elementalists/Saved/Config/Windows/Engine.ini]
[2022.04.13-16.23.12:530][  0]LogConfig: Setting CVar [[r.GPUCrashDebugging:0]]
[2022.04.13-16.23.12:530][  0]LogConfig: Setting CVar [[r.CustomDepth:3]]
[2022.04.13-16.23.12:530][  0]LogConfig: Applying CVar settings from Section [/Script/Engine.RendererOverrideSettings] File [D:/rt/Logipaignio-New/Logipaignion/The_Elementalists/Saved/Config/Windows/Engine.ini]
[2022.04.13-16.23.12:530][  0]LogConfig: Applying CVar settings from Section [/Script/Engine.StreamingSettings] File [D:/rt/Logipaignio-New/Logipaignion/The_Elementalists/Saved/Config/Windows/Engine.ini]
[2022.04.13-16.23.12:530][  0]LogConfig: Setting CVar [[s.MinBulkDataSizeForAsyncLoading:131072]]
[2022.04.13-16.23.12:530][  0]LogConfig: Setting CVar [[s.AsyncLoadingThreadEnabled:0]]
[2022.04.13-16.23.12:530][  0]LogConfig: Setting CVar [[s.EventDrivenLoaderEnabled:1]]
[2022.04.13-16.23.12:530][  0]LogConfig: Setting CVar [[s.WarnIfTimeLimitExceeded:0]]
[2022.04.13-16.23.12:530][  0]LogConfig: Setting CVar [[s.TimeLimitExceededMultiplier:1.5]]
[2022.04.13-16.23.12:530][  0]LogConfig: Setting CVar [[s.TimeLimitExceededMinTime:0.005]]
[2022.04.13-16.23.12:530][  0]LogConfig: Setting CVar [[s.UseBackgroundLevelStreaming:1]]
[2022.04.13-16.23.12:530][  0]LogConfig: Setting CVar [[s.PriorityAsyncLoadingExtraTime:15.0]]
[2022.04.13-16.23.12:530][  0]LogConfig: Setting CVar [[s.LevelStreamingActorsUpdateTimeLimit:5.0]]
[2022.04.13-16.23.12:530][  0]LogConfig: Setting CVar [[s.PriorityLevelStreamingActorsUpdateExtraTime:5.0]]
[2022.04.13-16.23.12:530][  0]LogConfig: Setting CVar [[s.LevelStreamingComponentsRegistrationGranularity:10]]
[2022.04.13-16.23.12:530][  0]LogConfig: Setting CVar [[s.UnregisterComponentsTimeLimit:1.0]]
[2022.04.13-16.23.12:530][  0]LogConfig: Setting CVar [[s.LevelStreamingComponentsUnregistrationGranularity:5]]
[2022.04.13-16.23.12:530][  0]LogConfig: Setting CVar [[s.FlushStreamingOnExit:1]]
[2022.04.13-16.23.12:531][  0]LogConfig: Applying CVar settings from Section [/Script/Engine.GarbageCollectionSettings] File [D:/rt/Logipaignio-New/Logipaignion/The_Elementalists/Saved/Config/Windows/Engine.ini]
[2022.04.13-16.23.12:531][  0]LogConfig: Setting CVar [[gc.MaxObjectsNotConsideredByGC:1]]
[2022.04.13-16.23.12:531][  0]LogConfig: Setting CVar [[gc.SizeOfPermanentObjectPool:0]]
[2022.04.13-16.23.12:531][  0]LogConfig: Setting CVar [[gc.FlushStreamingOnGC:0]]
[2022.04.13-16.23.12:531][  0]LogConfig: Setting CVar [[gc.NumRetriesBeforeForcingGC:10]]
[2022.04.13-16.23.12:531][  0]LogConfig: Setting CVar [[gc.AllowParallelGC:1]]
[2022.04.13-16.23.12:531][  0]LogConfig: Setting CVar [[gc.TimeBetweenPurgingPendingKillObjects:61.1]]
[2022.04.13-16.23.12:531][  0]LogConfig: Setting CVar [[gc.MaxObjectsInEditor:25165824]]
[2022.04.13-16.23.12:531][  0]LogConfig: Setting CVar [[gc.IncrementalBeginDestroyEnabled:1]]
[2022.04.13-16.23.12:531][  0]LogConfig: Setting CVar [[gc.CreateGCClusters:1]]
[2022.04.13-16.23.12:531][  0]LogConfig: Setting CVar [[gc.MinGCClusterSize:5]]
[2022.04.13-16.23.12:531][  0]LogConfig: Setting CVar [[gc.ActorClusteringEnabled:0]]
[2022.04.13-16.23.12:531][  0]LogConfig: Setting CVar [[gc.BlueprintClusteringEnabled:0]]
[2022.04.13-16.23.12:531][  0]LogConfig: Setting CVar [[gc.UseDisregardForGCOnDedicatedServers:0]]
[2022.04.13-16.23.12:531][  0]LogConfig: Setting CVar [[gc.MultithreadedDestructionEnabled:1]]
[2022.04.13-16.23.12:531][  0]LogConfig: Applying CVar settings from Section [/Script/Engine.NetworkSettings] File [D:/rt/Logipaignio-New/Logipaignion/The_Elementalists/Saved/Config/Windows/Engine.ini]
[2022.04.13-16.23.12:531][  0]LogConfig: Applying CVar settings from Section [/Script/UnrealEd.CookerSettings] File [D:/rt/Logipaignio-New/Logipaignion/The_Elementalists/Saved/Config/Windows/Engine.ini]
[2022.04.13-16.23.12:558][  0]LogConfig: Applying CVar settings from Section [ViewDistanceQuality@3] File [D:/rt/Logipaignio-New/Logipaignion/The_Elementalists/Saved/Config/Windows/Scalability.ini]
[2022.04.13-16.23.12:558][  0]LogConfig: Setting CVar [[r.SkeletalMeshLODBias:0]]
[2022.04.13-16.23.12:558][  0]LogConfig: Setting CVar [[r.ViewDistanceScale:1.0]]
[2022.04.13-16.23.12:558][  0]LogConfig: Applying CVar settings from Section [AntiAliasingQuality@3] File [D:/rt/Logipaignio-New/Logipaignion/The_Elementalists/Saved/Config/Windows/Scalability.ini]
[2022.04.13-16.23.12:558][  0]LogConfig: Setting CVar [[r.PostProcessAAQuality:4]]
[2022.04.13-16.23.12:558][  0]LogConfig: Applying CVar settings from Section [ShadowQuality@3] File [D:/rt/Logipaignio-New/Logipaignion/The_Elementalists/Saved/Config/Windows/Scalability.ini]
[2022.04.13-16.23.12:558][  0]LogConfig: Setting CVar [[r.LightFunctionQuality:1]]
[2022.04.13-16.23.12:558][  0]LogConfig: Setting CVar [[r.ShadowQuality:5]]
[2022.04.13-16.23.12:558][  0]LogConfig: Setting CVar [[r.Shadow.CSM.MaxCascades:10]]
[2022.04.13-16.23.12:558][  0]LogConfig: Setting CVar [[r.Shadow.MaxResolution:2048]]
[2022.04.13-16.23.12:558][  0]LogConfig: Setting CVar [[r.Shadow.MaxCSMResolution:2048]]
[2022.04.13-16.23.12:558][  0]LogConfig: Setting CVar [[r.Shadow.RadiusThreshold:0.01]]
[2022.04.13-16.23.12:558][  0]LogConfig: Setting CVar [[r.Shadow.DistanceScale:1.0]]
[2022.04.13-16.23.12:558][  0]LogConfig: Setting CVar [[r.Shadow.CSM.TransitionScale:1.0]]
[2022.04.13-16.23.12:558][  0]LogConfig: Setting CVar [[r.Shadow.PreShadowResolutionFactor:1.0]]
[2022.04.13-16.23.12:558][  0]LogConfig: Setting CVar [[r.DistanceFieldShadowing:1]]
[2022.04.13-16.23.12:558][  0]LogConfig: Setting CVar [[r.DistanceFieldAO:1]]
[2022.04.13-16.23.12:558][  0]LogConfig: Setting CVar [[r.AOQuality:2]]
[2022.04.13-16.23.12:558][  0]LogConfig: Setting CVar [[r.VolumetricFog:1]]
[2022.04.13-16.23.12:558][  0]LogConfig: Setting CVar [[r.VolumetricFog.GridPixelSize:8]]
[2022.04.13-16.23.12:558][  0]LogConfig: Setting CVar [[r.VolumetricFog.GridSizeZ:128]]
[2022.04.13-16.23.12:558][  0]LogConfig: Setting CVar [[r.VolumetricFog.HistoryMissSupersampleCount:4]]
[2022.04.13-16.23.12:558][  0]LogConfig: Setting CVar [[r.LightMaxDrawDistanceScale:1]]
[2022.04.13-16.23.12:558][  0]LogConfig: Setting CVar [[r.CapsuleShadows:1]]
[2022.04.13-16.23.12:558][  0]LogConfig: Applying CVar settings from Section [PostProcessQuality@3] File [D:/rt/Logipaignio-New/Logipaignion/The_Elementalists/Saved/Config/Windows/Scalability.ini]
[2022.04.13-16.23.12:558][  0]LogConfig: Setting CVar [[r.MotionBlurQuality:4]]
[2022.04.13-16.23.12:558][  0]LogConfig: Setting CVar [[r.AmbientOcclusionMipLevelFactor:0.4]]
[2022.04.13-16.23.12:558][  0]LogConfig: Setting CVar [[r.AmbientOcclusionMaxQuality:100]]
[2022.04.13-16.23.12:558][  0]LogConfig: Setting CVar [[r.AmbientOcclusionLevels:-1]]
[2022.04.13-16.23.12:558][  0]LogConfig: Setting CVar [[r.AmbientOcclusionRadiusScale:1.0]]
[2022.04.13-16.23.12:558][  0]LogConfig: Setting CVar [[r.DepthOfFieldQuality:2]]
[2022.04.13-16.23.12:558][  0]LogConfig: Setting CVar [[r.RenderTargetPoolMin:400]]
[2022.04.13-16.23.12:558][  0]LogConfig: Setting CVar [[r.LensFlareQuality:2]]
[2022.04.13-16.23.12:558][  0]LogConfig: Setting CVar [[r.SceneColorFringeQuality:1]]
[2022.04.13-16.23.12:558][  0]LogConfig: Setting CVar [[r.EyeAdaptationQuality:2]]
[2022.04.13-16.23.12:558][  0]LogConfig: Setting CVar [[r.BloomQuality:5]]
[2022.04.13-16.23.12:558][  0]LogConfig: Setting CVar [[r.FastBlurThreshold:100]]
[2022.04.13-16.23.12:558][  0]LogConfig: Setting CVar [[r.Upscale.Quality:3]]
[2022.04.13-16.23.12:558][  0]LogConfig: Setting CVar [[r.Tonemapper.GrainQuantization:1]]
[2022.04.13-16.23.12:558][  0]LogConfig: Setting CVar [[r.LightShaftQuality:1]]
[2022.04.13-16.23.12:558][  0]LogConfig: Setting CVar [[r.Filter.SizeScale:1]]
[2022.04.13-16.23.12:558][  0]LogConfig: Setting CVar [[r.Tonemapper.Quality:5]]
[2022.04.13-16.23.12:558][  0]LogConfig: Setting CVar [[r.DOF.Gather.AccumulatorQuality:1        ; higher gathering accumulator quality]]
[2022.04.13-16.23.12:558][  0]LogConfig: Setting CVar [[r.DOF.Gather.PostfilterMethod:1          ; Median3x3 postfilering method]]
[2022.04.13-16.23.12:558][  0]LogConfig: Setting CVar [[r.DOF.Gather.EnableBokehSettings:0       ; no bokeh simulation when gathering]]
[2022.04.13-16.23.12:558][  0]LogConfig: Setting CVar [[r.DOF.Gather.RingCount:4                 ; medium number of samples when gathering]]
[2022.04.13-16.23.12:558][  0]LogConfig: Setting CVar [[r.DOF.Scatter.ForegroundCompositing:1    ; additive foreground scattering]]
[2022.04.13-16.23.12:558][  0]LogConfig: Setting CVar [[r.DOF.Scatter.BackgroundCompositing:2    ; additive background scattering]]
[2022.04.13-16.23.12:558][  0]LogConfig: Setting CVar [[r.DOF.Scatter.EnableBokehSettings:1      ; bokeh simulation when scattering]]
[2022.04.13-16.23.12:558][  0]LogConfig: Setting CVar [[r.DOF.Scatter.MaxSpriteRatio:0.1         ; only a maximum of 10% of scattered bokeh]]
[2022.04.13-16.23.12:558][  0]LogConfig: Setting CVar [[r.DOF.Recombine.Quality:1                ; cheap slight out of focus]]
[2022.04.13-16.23.12:558][  0]LogConfig: Setting CVar [[r.DOF.Recombine.EnableBokehSettings:0    ; no bokeh simulation on slight out of focus]]
[2022.04.13-16.23.12:558][  0]LogConfig: Setting CVar [[r.DOF.TemporalAAQuality:1                ; more stable temporal accumulation]]
[2022.04.13-16.23.12:558][  0]LogConfig: Setting CVar [[r.DOF.Kernel.MaxForegroundRadius:0.025]]
[2022.04.13-16.23.12:558][  0]LogConfig: Setting CVar [[r.DOF.Kernel.MaxBackgroundRadius:0.025]]
[2022.04.13-16.23.12:558][  0]LogConfig: Applying CVar settings from Section [TextureQuality@3] File [D:/rt/Logipaignio-New/Logipaignion/The_Elementalists/Saved/Config/Windows/Scalability.ini]
[2022.04.13-16.23.12:558][  0]LogConfig: Setting CVar [[r.Streaming.MipBias:0]]
[2022.04.13-16.23.12:558][  0]LogConfig: Setting CVar [[r.Streaming.AmortizeCPUToGPUCopy:0]]
[2022.04.13-16.23.12:558][  0]LogConfig: Setting CVar [[r.Streaming.MaxNumTexturesToStreamPerFrame:0]]
[2022.04.13-16.23.12:558][  0]LogConfig: Setting CVar [[r.Streaming.Boost:1]]
[2022.04.13-16.23.12:558][  0]LogConfig: Setting CVar [[r.MaxAnisotropy:8]]
[2022.04.13-16.23.12:558][  0]LogConfig: Setting CVar [[r.VT.MaxAnisotropy:8]]
[2022.04.13-16.23.12:558][  0]LogConfig: Setting CVar [[r.Streaming.LimitPoolSizeToVRAM:0]]
[2022.04.13-16.23.12:558][  0]LogConfig: Setting CVar [[r.Streaming.PoolSize:1000]]
[2022.04.13-16.23.12:558][  0]LogConfig: Setting CVar [[r.Streaming.MaxEffectiveScreenSize:0]]
[2022.04.13-16.23.12:558][  0]LogConfig: Applying CVar settings from Section [EffectsQuality@3] File [D:/rt/Logipaignio-New/Logipaignion/The_Elementalists/Saved/Config/Windows/Scalability.ini]
[2022.04.13-16.23.12:558][  0]LogConfig: Setting CVar [[r.TranslucencyLightingVolumeDim:64]]
[2022.04.13-16.23.12:558][  0]LogConfig: Setting CVar [[r.RefractionQuality:2]]
[2022.04.13-16.23.12:558][  0]LogConfig: Setting CVar [[r.SSR.Quality:3]]
[2022.04.13-16.23.12:558][  0]LogConfig: Setting CVar [[r.SSR.HalfResSceneColor:0]]
[2022.04.13-16.23.12:558][  0]LogConfig: Setting CVar [[r.SceneColorFormat:4]]
[2022.04.13-16.23.12:558][  0]LogConfig: Setting CVar [[r.DetailMode:2]]
[2022.04.13-16.23.12:558][  0]LogConfig: Setting CVar [[r.TranslucencyVolumeBlur:1]]
[2022.04.13-16.23.12:558][  0]LogConfig: Setting CVar [[r.MaterialQualityLevel:1 ; High quality]]
[2022.04.13-16.23.12:558][  0]LogConfig: Setting CVar [[r.AnisotropicMaterials:1]]
[2022.04.13-16.23.12:558][  0]LogConfig: Setting CVar [[r.SSS.Scale:1]]
[2022.04.13-16.23.12:558][  0]LogConfig: Setting CVar [[r.SSS.SampleSet:2]]
[2022.04.13-16.23.12:558][  0]LogConfig: Setting CVar [[r.SSS.Quality:1]]
[2022.04.13-16.23.12:558][  0]LogConfig: Setting CVar [[r.SSS.HalfRes:0]]
[2022.04.13-16.23.12:558][  0]LogConfig: Setting CVar [[r.SSGI.Quality:3]]
[2022.04.13-16.23.12:558][  0]LogConfig: Setting CVar [[r.EmitterSpawnRateScale:1.0]]
[2022.04.13-16.23.12:558][  0]LogConfig: Setting CVar [[r.ParticleLightQuality:2]]
[2022.04.13-16.23.12:558][  0]LogConfig: Setting CVar [[r.SkyAtmosphere.AerialPerspectiveLUT.FastApplyOnOpaque:1 ; Always have FastSkyLUT 1 in this case to avoid wrong sky]]
[2022.04.13-16.23.12:558][  0]LogConfig: Setting CVar [[r.SkyAtmosphere.AerialPerspectiveLUT.SampleCountMaxPerSlice:4]]
[2022.04.13-16.23.12:558][  0]LogConfig: Setting CVar [[r.SkyAtmosphere.AerialPerspectiveLUT.DepthResolution:16.0]]
[2022.04.13-16.23.12:558][  0]LogConfig: Setting CVar [[r.SkyAtmosphere.FastSkyLUT:1]]
[2022.04.13-16.23.12:558][  0]LogConfig: Setting CVar [[r.SkyAtmosphere.FastSkyLUT.SampleCountMin:4.0]]
[2022.04.13-16.23.12:558][  0]LogConfig: Setting CVar [[r.SkyAtmosphere.FastSkyLUT.SampleCountMax:128.0]]
[2022.04.13-16.23.12:558][  0]LogConfig: Setting CVar [[r.SkyAtmosphere.SampleCountMin:4.0]]
[2022.04.13-16.23.12:558][  0]LogConfig: Setting CVar [[r.SkyAtmosphere.SampleCountMax:128.0]]
[2022.04.13-16.23.12:558][  0]LogConfig: Setting CVar [[r.SkyAtmosphere.TransmittanceLUT.UseSmallFormat:0]]
[2022.04.13-16.23.12:558][  0]LogConfig: Setting CVar [[r.SkyAtmosphere.TransmittanceLUT.SampleCount:10.0]]
[2022.04.13-16.23.12:558][  0]LogConfig: Setting CVar [[r.SkyAtmosphere.MultiScatteringLUT.SampleCount:15.0]]
[2022.04.13-16.23.12:559][  0]LogConfig: Setting CVar [[r.SkyLight.RealTimeReflectionCapture:1]]
[2022.04.13-16.23.12:559][  0]LogConfig: Applying CVar settings from Section [FoliageQuality@3] File [D:/rt/Logipaignio-New/Logipaignion/The_Elementalists/Saved/Config/Windows/Scalability.ini]
[2022.04.13-16.23.12:559][  0]LogConfig: Setting CVar [[foliage.DensityScale:1.0]]
[2022.04.13-16.23.12:559][  0]LogConfig: Setting CVar [[grass.DensityScale:1.0]]
[2022.04.13-16.23.12:559][  0]LogConfig: Applying CVar settings from Section [ShadingQuality@3] File [D:/rt/Logipaignio-New/Logipaignion/The_Elementalists/Saved/Config/Windows/Scalability.ini]
[2022.04.13-16.23.12:559][  0]LogConfig: Setting CVar [[r.HairStrands.SkyLighting.IntegrationType:2]]
[2022.04.13-16.23.12:559][  0]LogConfig: Setting CVar [[r.HairStrands.SkyAO.SampleCount:4]]
[2022.04.13-16.23.12:559][  0]LogConfig: Setting CVar [[r.HairStrands.Visibility.MSAA.SamplePerPixel:4]]
[2022.04.13-16.23.12:559][  0]LogInit: Selected Device Profile: [Windows]
[2022.04.13-16.23.12:559][  0]LogInit: Applying CVar settings loaded from the selected device profile: [Windows]
[2022.04.13-16.23.12:559][  0]LogHAL: Display: Platform has ~ 16 GB [17112551424 / 17179869184 / 16], which maps to Larger [LargestMinGB=32, LargerMinGB=12, DefaultMinGB=8, SmallerMinGB=6, SmallestMinGB=0)
[2022.04.13-16.23.12:559][  0]LogInit: Going up to parent DeviceProfile []
[2022.04.13-16.23.12:559][  0]LogConfig: Applying CVar settings from Section [ViewDistanceQuality@3] File [D:/rt/Logipaignio-New/Logipaignion/The_Elementalists/Saved/Config/Windows/Scalability.ini]
[2022.04.13-16.23.12:559][  0]LogConfig: Setting CVar [[r.SkeletalMeshLODBias:0]]
[2022.04.13-16.23.12:559][  0]LogConfig: Setting CVar [[r.ViewDistanceScale:1.0]]
[2022.04.13-16.23.12:559][  0]LogConfig: Applying CVar settings from Section [AntiAliasingQuality@3] File [D:/rt/Logipaignio-New/Logipaignion/The_Elementalists/Saved/Config/Windows/Scalability.ini]
[2022.04.13-16.23.12:559][  0]LogConfig: Setting CVar [[r.PostProcessAAQuality:4]]
[2022.04.13-16.23.12:559][  0]LogConfig: Applying CVar settings from Section [ShadowQuality@3] File [D:/rt/Logipaignio-New/Logipaignion/The_Elementalists/Saved/Config/Windows/Scalability.ini]
[2022.04.13-16.23.12:559][  0]LogConfig: Setting CVar [[r.LightFunctionQuality:1]]
[2022.04.13-16.23.12:559][  0]LogConfig: Setting CVar [[r.ShadowQuality:5]]
[2022.04.13-16.23.12:559][  0]LogConfig: Setting CVar [[r.Shadow.CSM.MaxCascades:10]]
[2022.04.13-16.23.12:559][  0]LogConfig: Setting CVar [[r.Shadow.MaxResolution:2048]]
[2022.04.13-16.23.12:559][  0]LogConfig: Setting CVar [[r.Shadow.MaxCSMResolution:2048]]
[2022.04.13-16.23.12:559][  0]LogConfig: Setting CVar [[r.Shadow.RadiusThreshold:0.01]]
[2022.04.13-16.23.12:559][  0]LogConfig: Setting CVar [[r.Shadow.DistanceScale:1.0]]
[2022.04.13-16.23.12:559][  0]LogConfig: Setting CVar [[r.Shadow.CSM.TransitionScale:1.0]]
[2022.04.13-16.23.12:559][  0]LogConfig: Setting CVar [[r.Shadow.PreShadowResolutionFactor:1.0]]
[2022.04.13-16.23.12:559][  0]LogConfig: Setting CVar [[r.DistanceFieldShadowing:1]]
[2022.04.13-16.23.12:559][  0]LogConfig: Setting CVar [[r.DistanceFieldAO:1]]
[2022.04.13-16.23.12:559][  0]LogConfig: Setting CVar [[r.AOQuality:2]]
[2022.04.13-16.23.12:559][  0]LogConfig: Setting CVar [[r.VolumetricFog:1]]
[2022.04.13-16.23.12:559][  0]LogConfig: Setting CVar [[r.VolumetricFog.GridPixelSize:8]]
[2022.04.13-16.23.12:559][  0]LogConfig: Setting CVar [[r.VolumetricFog.GridSizeZ:128]]
[2022.04.13-16.23.12:559][  0]LogConfig: Setting CVar [[r.VolumetricFog.HistoryMissSupersampleCount:4]]
[2022.04.13-16.23.12:559][  0]LogConfig: Setting CVar [[r.LightMaxDrawDistanceScale:1]]
[2022.04.13-16.23.12:559][  0]LogConfig: Setting CVar [[r.CapsuleShadows:1]]
[2022.04.13-16.23.12:559][  0]LogConfig: Applying CVar settings from Section [PostProcessQuality@3] File [D:/rt/Logipaignio-New/Logipaignion/The_Elementalists/Saved/Config/Windows/Scalability.ini]
[2022.04.13-16.23.12:559][  0]LogConfig: Setting CVar [[r.MotionBlurQuality:4]]
[2022.04.13-16.23.12:559][  0]LogConfig: Setting CVar [[r.AmbientOcclusionMipLevelFactor:0.4]]
[2022.04.13-16.23.12:559][  0]LogConfig: Setting CVar [[r.AmbientOcclusionMaxQuality:100]]
[2022.04.13-16.23.12:559][  0]LogConfig: Setting CVar [[r.AmbientOcclusionLevels:-1]]
[2022.04.13-16.23.12:559][  0]LogConfig: Setting CVar [[r.AmbientOcclusionRadiusScale:1.0]]
[2022.04.13-16.23.12:559][  0]LogConfig: Setting CVar [[r.DepthOfFieldQuality:2]]
[2022.04.13-16.23.12:559][  0]LogConfig: Setting CVar [[r.RenderTargetPoolMin:400]]
[2022.04.13-16.23.12:559][  0]LogConfig: Setting CVar [[r.LensFlareQuality:2]]
[2022.04.13-16.23.12:559][  0]LogConfig: Setting CVar [[r.SceneColorFringeQuality:1]]
[2022.04.13-16.23.12:559][  0]LogConfig: Setting CVar [[r.EyeAdaptationQuality:2]]
[2022.04.13-16.23.12:559][  0]LogConfig: Setting CVar [[r.BloomQuality:5]]
[2022.04.13-16.23.12:559][  0]LogConfig: Setting CVar [[r.FastBlurThreshold:100]]
[2022.04.13-16.23.12:559][  0]LogConfig: Setting CVar [[r.Upscale.Quality:3]]
[2022.04.13-16.23.12:559][  0]LogConfig: Setting CVar [[r.Tonemapper.GrainQuantization:1]]
[2022.04.13-16.23.12:559][  0]LogConfig: Setting CVar [[r.LightShaftQuality:1]]
[2022.04.13-16.23.12:559][  0]LogConfig: Setting CVar [[r.Filter.SizeScale:1]]
[2022.04.13-16.23.12:559][  0]LogConfig: Setting CVar [[r.Tonemapper.Quality:5]]
[2022.04.13-16.23.12:559][  0]LogConfig: Setting CVar [[r.DOF.Gather.AccumulatorQuality:1        ; higher gathering accumulator quality]]
[2022.04.13-16.23.12:559][  0]LogConfig: Setting CVar [[r.DOF.Gather.PostfilterMethod:1          ; Median3x3 postfilering method]]
[2022.04.13-16.23.12:559][  0]LogConfig: Setting CVar [[r.DOF.Gather.EnableBokehSettings:0       ; no bokeh simulation when gathering]]
[2022.04.13-16.23.12:559][  0]LogConfig: Setting CVar [[r.DOF.Gather.RingCount:4                 ; medium number of samples when gathering]]
[2022.04.13-16.23.12:559][  0]LogConfig: Setting CVar [[r.DOF.Scatter.ForegroundCompositing:1    ; additive foreground scattering]]
[2022.04.13-16.23.12:559][  0]LogConfig: Setting CVar [[r.DOF.Scatter.BackgroundCompositing:2    ; additive background scattering]]
[2022.04.13-16.23.12:559][  0]LogConfig: Setting CVar [[r.DOF.Scatter.EnableBokehSettings:1      ; bokeh simulation when scattering]]
[2022.04.13-16.23.12:559][  0]LogConfig: Setting CVar [[r.DOF.Scatter.MaxSpriteRatio:0.1         ; only a maximum of 10% of scattered bokeh]]
[2022.04.13-16.23.12:559][  0]LogConfig: Setting CVar [[r.DOF.Recombine.Quality:1                ; cheap slight out of focus]]
[2022.04.13-16.23.12:559][  0]LogConfig: Setting CVar [[r.DOF.Recombine.EnableBokehSettings:0    ; no bokeh simulation on slight out of focus]]
[2022.04.13-16.23.12:559][  0]LogConfig: Setting CVar [[r.DOF.TemporalAAQuality:1                ; more stable temporal accumulation]]
[2022.04.13-16.23.12:559][  0]LogConfig: Setting CVar [[r.DOF.Kernel.MaxForegroundRadius:0.025]]
[2022.04.13-16.23.12:559][  0]LogConfig: Setting CVar [[r.DOF.Kernel.MaxBackgroundRadius:0.025]]
[2022.04.13-16.23.12:559][  0]LogConfig: Applying CVar settings from Section [TextureQuality@3] File [D:/rt/Logipaignio-New/Logipaignion/The_Elementalists/Saved/Config/Windows/Scalability.ini]
[2022.04.13-16.23.12:559][  0]LogConfig: Setting CVar [[r.Streaming.MipBias:0]]
[2022.04.13-16.23.12:559][  0]LogConfig: Setting CVar [[r.Streaming.AmortizeCPUToGPUCopy:0]]
[2022.04.13-16.23.12:559][  0]LogConfig: Setting CVar [[r.Streaming.MaxNumTexturesToStreamPerFrame:0]]
[2022.04.13-16.23.12:559][  0]LogConfig: Setting CVar [[r.Streaming.Boost:1]]
[2022.04.13-16.23.12:559][  0]LogConfig: Setting CVar [[r.MaxAnisotropy:8]]
[2022.04.13-16.23.12:559][  0]LogConfig: Setting CVar [[r.VT.MaxAnisotropy:8]]
[2022.04.13-16.23.12:559][  0]LogConfig: Setting CVar [[r.Streaming.LimitPoolSizeToVRAM:0]]
[2022.04.13-16.23.12:559][  0]LogConfig: Setting CVar [[r.Streaming.PoolSize:1000]]
[2022.04.13-16.23.12:559][  0]LogConfig: Setting CVar [[r.Streaming.MaxEffectiveScreenSize:0]]
[2022.04.13-16.23.12:559][  0]LogConfig: Applying CVar settings from Section [EffectsQuality@3] File [D:/rt/Logipaignio-New/Logipaignion/The_Elementalists/Saved/Config/Windows/Scalability.ini]
[2022.04.13-16.23.12:559][  0]LogConfig: Setting CVar [[r.TranslucencyLightingVolumeDim:64]]
[2022.04.13-16.23.12:559][  0]LogConfig: Setting CVar [[r.RefractionQuality:2]]
[2022.04.13-16.23.12:559][  0]LogConfig: Setting CVar [[r.SSR.Quality:3]]
[2022.04.13-16.23.12:559][  0]LogConfig: Setting CVar [[r.SSR.HalfResSceneColor:0]]
[2022.04.13-16.23.12:559][  0]LogConfig: Setting CVar [[r.SceneColorFormat:4]]
[2022.04.13-16.23.12:559][  0]LogConfig: Setting CVar [[r.DetailMode:2]]
[2022.04.13-16.23.12:559][  0]LogConfig: Setting CVar [[r.TranslucencyVolumeBlur:1]]
[2022.04.13-16.23.12:559][  0]LogConfig: Setting CVar [[r.MaterialQualityLevel:1 ; High quality]]
[2022.04.13-16.23.12:559][  0]LogConfig: Setting CVar [[r.AnisotropicMaterials:1]]
[2022.04.13-16.23.12:559][  0]LogConfig: Setting CVar [[r.SSS.Scale:1]]
[2022.04.13-16.23.12:559][  0]LogConfig: Setting CVar [[r.SSS.SampleSet:2]]
[2022.04.13-16.23.12:559][  0]LogConfig: Setting CVar [[r.SSS.Quality:1]]
[2022.04.13-16.23.12:559][  0]LogConfig: Setting CVar [[r.SSS.HalfRes:0]]
[2022.04.13-16.23.12:559][  0]LogConfig: Setting CVar [[r.SSGI.Quality:3]]
[2022.04.13-16.23.12:559][  0]LogConfig: Setting CVar [[r.EmitterSpawnRateScale:1.0]]
[2022.04.13-16.23.12:559][  0]LogConfig: Setting CVar [[r.ParticleLightQuality:2]]
[2022.04.13-16.23.12:559][  0]LogConfig: Setting CVar [[r.SkyAtmosphere.AerialPerspectiveLUT.FastApplyOnOpaque:1 ; Always have FastSkyLUT 1 in this case to avoid wrong sky]]
[2022.04.13-16.23.12:560][  0]LogConfig: Setting CVar [[r.SkyAtmosphere.AerialPerspectiveLUT.SampleCountMaxPerSlice:4]]
[2022.04.13-16.23.12:560][  0]LogConfig: Setting CVar [[r.SkyAtmosphere.AerialPerspectiveLUT.DepthResolution:16.0]]
[2022.04.13-16.23.12:560][  0]LogConfig: Setting CVar [[r.SkyAtmosphere.FastSkyLUT:1]]
[2022.04.13-16.23.12:560][  0]LogConfig: Setting CVar [[r.SkyAtmosphere.FastSkyLUT.SampleCountMin:4.0]]
[2022.04.13-16.23.12:560][  0]LogConfig: Setting CVar [[r.SkyAtmosphere.FastSkyLUT.SampleCountMax:128.0]]
[2022.04.13-16.23.12:560][  0]LogConfig: Setting CVar [[r.SkyAtmosphere.SampleCountMin:4.0]]
[2022.04.13-16.23.12:560][  0]LogConfig: Setting CVar [[r.SkyAtmosphere.SampleCountMax:128.0]]
[2022.04.13-16.23.12:560][  0]LogConfig: Setting CVar [[r.SkyAtmosphere.TransmittanceLUT.UseSmallFormat:0]]
[2022.04.13-16.23.12:560][  0]LogConfig: Setting CVar [[r.SkyAtmosphere.TransmittanceLUT.SampleCount:10.0]]
[2022.04.13-16.23.12:560][  0]LogConfig: Setting CVar [[r.SkyAtmosphere.MultiScatteringLUT.SampleCount:15.0]]
[2022.04.13-16.23.12:560][  0]LogConfig: Setting CVar [[r.SkyLight.RealTimeReflectionCapture:1]]
[2022.04.13-16.23.12:560][  0]LogConfig: Applying CVar settings from Section [FoliageQuality@3] File [D:/rt/Logipaignio-New/Logipaignion/The_Elementalists/Saved/Config/Windows/Scalability.ini]
[2022.04.13-16.23.12:560][  0]LogConfig: Setting CVar [[foliage.DensityScale:1.0]]
[2022.04.13-16.23.12:560][  0]LogConfig: Setting CVar [[grass.DensityScale:1.0]]
[2022.04.13-16.23.12:560][  0]LogConfig: Applying CVar settings from Section [ShadingQuality@3] File [D:/rt/Logipaignio-New/Logipaignion/The_Elementalists/Saved/Config/Windows/Scalability.ini]
[2022.04.13-16.23.12:560][  0]LogConfig: Setting CVar [[r.HairStrands.SkyLighting.IntegrationType:2]]
[2022.04.13-16.23.12:560][  0]LogConfig: Setting CVar [[r.HairStrands.SkyAO.SampleCount:4]]
[2022.04.13-16.23.12:560][  0]LogConfig: Setting CVar [[r.HairStrands.Visibility.MSAA.SamplePerPixel:4]]
[2022.04.13-16.23.12:560][  0]LogConfig: Applying CVar settings from Section [Startup] File [../../../Engine/Config/ConsoleVariables.ini]
[2022.04.13-16.23.12:560][  0]LogConfig: Setting CVar [[net.UseAdaptiveNetUpdateFrequency:0]]
[2022.04.13-16.23.12:560][  0]LogConfig: Setting CVar [[p.chaos.AllowCreatePhysxBodies:1]]
[2022.04.13-16.23.12:560][  0]LogConfig: Setting CVar [[fx.SkipVectorVMBackendOptimizations:1]]
[2022.04.13-16.23.12:560][  0]LogConfig: Applying CVar settings from Section [ConsoleVariables] File [D:/rt/Logipaignio-New/Logipaignion/The_Elementalists/Saved/Config/Windows/Engine.ini]
[2022.04.13-16.23.12:560][  0]LogConfig: Applying CVar settings from Section [ConsoleVariables] File [D:/rt/Logipaignio-New/Logipaignion/The_Elementalists/Saved/Config/Windows/Editor.ini]
[2022.04.13-16.23.12:560][  0]LogInit: Computer: DESKTOP-7U3OGSV
[2022.04.13-16.23.12:560][  0]LogInit: User: hbnm
[2022.04.13-16.23.12:560][  0]LogInit: CPU Page size=4096, Cores=4
[2022.04.13-16.23.12:560][  0]LogInit: High frequency timer resolution =10.000000 MHz
[2022.04.13-16.23.12:560][  0]LogMemory: Memory total: Physical=15.9GB (16GB approx)
[2022.04.13-16.23.12:560][  0]LogMemory: Platform Memory Stats for Windows
[2022.04.13-16.23.12:560][  0]LogMemory: Process Physical Memory: 144.61 MB used, 144.61 MB peak
[2022.04.13-16.23.12:560][  0]LogMemory: Process Virtual Memory: 130.28 MB used, 130.28 MB peak
[2022.04.13-16.23.12:560][  0]LogMemory: Physical Memory: 10701.05 MB used,  5618.75 MB free, 16319.80 MB total
[2022.04.13-16.23.12:560][  0]LogMemory: Virtual Memory: 134211352.00 MB used,  6379.11 MB free, 134217728.00 MB total
[2022.04.13-16.23.12:564][  0]LogWindows: WindowsPlatformFeatures enabled
[2022.04.13-16.23.12:593][  0]LogInit: Physics initialised using underlying interface: PhysX
[2022.04.13-16.23.12:594][  0]LogInit: Using OS detected language (en-US).
[2022.04.13-16.23.12:594][  0]LogInit: Using OS detected locale (en-CY).
[2022.04.13-16.23.12:596][  0]LogTextLocalizationManager: No specific localization for 'en-US' exists, so the 'en' localization will be used.
[2022.04.13-16.23.12:763][  0]LogInit: Setting process to per monitor DPI aware
[2022.04.13-16.23.12:773][  0]LogWindowsTextInputMethodSystem: Display: IME system deactivated.
[2022.04.13-16.23.12:787][  0]LogSlate: New Slate User Created.  User Index 0, Is Virtual User: 0
[2022.04.13-16.23.12:787][  0]LogSlate: Slate User Registered.  User Index 0, Is Virtual User: 0
[2022.04.13-16.23.12:899][  0]LogD3D11RHI: Loaded GFSDK_Aftermath_Lib.x64.dll
[2022.04.13-16.23.12:900][  0]LogHMD: Failed to initialize OpenVR with code 110
[2022.04.13-16.23.12:900][  0]LogD3D11RHI: D3D11 min allowed feature level: 11_0
[2022.04.13-16.23.12:900][  0]LogD3D11RHI: D3D11 max allowed feature level: 11_0
[2022.04.13-16.23.12:900][  0]LogD3D11RHI: D3D11 adapters:
[2022.04.13-16.23.13:010][  0]LogD3D11RHI:    0. 'NVIDIA GeForce GTX 1650 SUPER' (Feature Level 11_0)
[2022.04.13-16.23.13:010][  0]LogD3D11RHI:       3955/0/8159 MB DedicatedVideo/DedicatedSystem/SharedSystem, Outputs:2, VendorId:0x10de
[2022.04.13-16.23.13:011][  0]LogD3D11RHI:    1. 'Microsoft Basic Render Driver' (Feature Level 11_0)
[2022.04.13-16.23.13:011][  0]LogD3D11RHI:       0/0/8159 MB DedicatedVideo/DedicatedSystem/SharedSystem, Outputs:0, VendorId:0x1414
[2022.04.13-16.23.13:011][  0]LogD3D11RHI: Chosen D3D11 Adapter:
[2022.04.13-16.23.13:011][  0]LogD3D11RHI:     Description : NVIDIA GeForce GTX 1650 SUPER
[2022.04.13-16.23.13:011][  0]LogD3D11RHI:     VendorId    : 10de
[2022.04.13-16.23.13:011][  0]LogD3D11RHI:     DeviceId    : 2187
[2022.04.13-16.23.13:011][  0]LogD3D11RHI:     SubSysId    : 401a1458
[2022.04.13-16.23.13:011][  0]LogD3D11RHI:     Revision    : 00a1
[2022.04.13-16.23.13:011][  0]LogD3D11RHI:     DedicatedVideoMemory : 4147118080 bytes
[2022.04.13-16.23.13:011][  0]LogD3D11RHI:     DedicatedSystemMemory : 0 bytes
[2022.04.13-16.23.13:011][  0]LogD3D11RHI:     SharedSystemMemory : 8556275712 bytes
[2022.04.13-16.23.13:012][  0]LogD3D11RHI:     AdapterLuid : 0 53208
[2022.04.13-16.23.13:017][  0]LogD3D11RHI: Creating new Direct3DDevice
[2022.04.13-16.23.13:017][  0]LogD3D11RHI:     GPU DeviceId: 0x2187 (for the marketing name, search the web for "GPU Device Id")
[2022.04.13-16.23.13:017][  0]LogWindows: EnumDisplayDevices:
[2022.04.13-16.23.13:017][  0]LogWindows:    0. 'NVIDIA GeForce GTX 1650 SUPER' (P:1 D:1)
[2022.04.13-16.23.13:017][  0]LogWindows:    1. 'NVIDIA GeForce GTX 1650 SUPER' (P:0 D:1)
[2022.04.13-16.23.13:017][  0]LogWindows:    2. 'NVIDIA GeForce GTX 1650 SUPER' (P:0 D:0)
[2022.04.13-16.23.13:017][  0]LogWindows:    3. 'NVIDIA GeForce GTX 1650 SUPER' (P:0 D:0)
[2022.04.13-16.23.13:017][  0]LogWindows: DebugString: FoundDriverCount:4 
[2022.04.13-16.23.13:017][  0]LogD3D11RHI:     Adapter Name: NVIDIA GeForce GTX 1650 SUPER
[2022.04.13-16.23.13:017][  0]LogD3D11RHI:   Driver Version: 472.12 (internal:30.0.14.7212, unified:472.12)
[2022.04.13-16.23.13:017][  0]LogD3D11RHI:      Driver Date: 9-13-2021
[2022.04.13-16.23.13:017][  0]LogRHI: Texture pool is 2768 MB (70% of 3955 MB)
[2022.04.13-16.23.13:017][  0]LogD3D11RHI: Creating D3DDevice using adapter:
[2022.04.13-16.23.13:017][  0]LogD3D11RHI:     Description : NVIDIA GeForce GTX 1650 SUPER
[2022.04.13-16.23.13:017][  0]LogD3D11RHI:     VendorId    : 10de
[2022.04.13-16.23.13:017][  0]LogD3D11RHI:     DeviceId    : 2187
[2022.04.13-16.23.13:017][  0]LogD3D11RHI:     SubSysId    : 401a1458
[2022.04.13-16.23.13:017][  0]LogD3D11RHI:     Revision    : 00a1
[2022.04.13-16.23.13:018][  0]LogD3D11RHI:     DedicatedVideoMemory : 4147118080 bytes
[2022.04.13-16.23.13:018][  0]LogD3D11RHI:     DedicatedSystemMemory : 0 bytes
[2022.04.13-16.23.13:018][  0]LogD3D11RHI:     SharedSystemMemory : 8556275712 bytes
[2022.04.13-16.23.13:018][  0]LogD3D11RHI:     AdapterLuid : 0 53208
[2022.04.13-16.23.13:095][  0]LogD3D11RHI: RHI has support for 64 bit atomics
[2022.04.13-16.23.13:095][  0]LogD3D11RHI: Async texture creation enabled
[2022.04.13-16.23.13:095][  0]LogD3D11RHI: Array index from any shader is supported
[2022.04.13-16.23.13:119][  0]LogD3D11RHI: GPU Timing Frequency: 1000.000000 (Debug: 2 1)
[2022.04.13-16.23.13:151][  0]LogRHI: GeForceNow SDK initialized: 1
[2022.04.13-16.23.13:403][  0]LogTargetPlatformManager: Display: Loaded TargetPlatform 'AllDesktop'
[2022.04.13-16.23.13:422][  0]LogTargetPlatformManager: Display: Loaded TargetPlatform 'Android'
[2022.04.13-16.23.13:422][  0]LogTargetPlatformManager: Display: Loaded TargetPlatform 'Android_ASTC'
[2022.04.13-16.23.13:422][  0]LogTargetPlatformManager: Display: Loaded TargetPlatform 'Android_DXT'
[2022.04.13-16.23.13:422][  0]LogTargetPlatformManager: Display: Loaded TargetPlatform 'Android_ETC2'
[2022.04.13-16.23.13:422][  0]LogTargetPlatformManager: Display: Loaded TargetPlatform 'AndroidClient'
[2022.04.13-16.23.13:422][  0]LogTargetPlatformManager: Display: Loaded TargetPlatform 'Android_ASTCClient'
[2022.04.13-16.23.13:422][  0]LogTargetPlatformManager: Display: Loaded TargetPlatform 'Android_DXTClient'
[2022.04.13-16.23.13:422][  0]LogTargetPlatformManager: Display: Loaded TargetPlatform 'Android_ETC2Client'
[2022.04.13-16.23.13:422][  0]LogTargetPlatformManager: Display: Loaded TargetPlatform 'Android_Multi'
[2022.04.13-16.23.13:422][  0]LogTargetPlatformManager: Display: Loaded TargetPlatform 'Android_MultiClient'
[2022.04.13-16.23.13:437][  0]LogTargetPlatformManager: Display: Loaded TargetPlatform 'IOSClient'
[2022.04.13-16.23.13:437][  0]LogTargetPlatformManager: Display: Loaded TargetPlatform 'IOS'
[2022.04.13-16.23.13:446][  0]LogTargetPlatformManager: Display: Loaded TargetPlatform 'Linux'
[2022.04.13-16.23.13:449][  0]LogTargetPlatformManager: Display: Loaded TargetPlatform 'LinuxNoEditor'
[2022.04.13-16.23.13:453][  0]LogTargetPlatformManager: Display: Loaded TargetPlatform 'LinuxClient'
[2022.04.13-16.23.13:457][  0]LogTargetPlatformManager: Display: Loaded TargetPlatform 'LinuxServer'
[2022.04.13-16.23.13:467][  0]LogTargetPlatformManager: Display: Loaded TargetPlatform 'LinuxAArch64NoEditor'
[2022.04.13-16.23.13:471][  0]LogTargetPlatformManager: Display: Loaded TargetPlatform 'LinuxAArch64Client'
[2022.04.13-16.23.13:474][  0]LogTargetPlatformManager: Display: Loaded TargetPlatform 'LinuxAArch64Server'
[2022.04.13-16.23.13:501][  0]LogTargetPlatformManager: Display: Loaded TargetPlatform 'Lumin'
[2022.04.13-16.23.13:501][  0]LogTargetPlatformManager: Display: Loaded TargetPlatform 'LuminClient'
[2022.04.13-16.23.13:510][  0]LogTargetPlatformManager: Display: Loaded TargetPlatform 'MacNoEditor'
[2022.04.13-16.23.13:513][  0]LogTargetPlatformManager: Display: Loaded TargetPlatform 'Mac'
[2022.04.13-16.23.13:516][  0]LogTargetPlatformManager: Display: Loaded TargetPlatform 'MacClient'
[2022.04.13-16.23.13:519][  0]LogTargetPlatformManager: Display: Loaded TargetPlatform 'MacServer'
[2022.04.13-16.23.13:528][  0]LogTargetPlatformManager: Display: Loaded TargetPlatform 'TVOSClient'
[2022.04.13-16.23.13:528][  0]LogTargetPlatformManager: Display: Loaded TargetPlatform 'TVOS'
[2022.04.13-16.23.13:537][  0]LogTargetPlatformManager: Display: Loaded TargetPlatform 'WindowsNoEditor'
[2022.04.13-16.23.13:541][  0]LogTargetPlatformManager: Display: Loaded TargetPlatform 'Windows'
[2022.04.13-16.23.13:545][  0]LogTargetPlatformManager: Display: Loaded TargetPlatform 'WindowsClient'
[2022.04.13-16.23.13:549][  0]LogTargetPlatformManager: Display: Loaded TargetPlatform 'WindowsServer'
[2022.04.13-16.23.13:549][  0]LogTargetPlatformManager: Display: Building Assets For Windows
[2022.04.13-16.23.13:554][  0]LogAudioDebug: Display: Lib vorbis DLL was dynamically loaded.
[2022.04.13-16.23.13:578][  0]LogTextureFormatOodle: Display: Oodle Texture 2.9.0 init RDO Off
[2022.04.13-16.23.13:601][  0]LogRendererCore: Ray tracing is disabled. Reason: r.RayTracing=0.
[2022.04.13-16.23.13:601][  0]LogShaderCompilers: Guid format shader working directory is -8 characters bigger than the processId version (D:/rt/Logipaignio-New/Logipaignion/The_Elementalists/Intermediate/Shaders/WorkingDirectory/27060/).
[2022.04.13-16.23.13:601][  0]LogShaderCompilers: Cleaned the shader compiler working directory 'C:/Users/hbnm/AppData/Local/Temp/UnrealShaderWorkingDir/0DF4B35B49BC36019EC5AABC0920CEFD/'.
[2022.04.13-16.23.13:601][  0]LogXGEController: Cannot use XGE Controller as Incredibuild is not installed on this machine.
[2022.04.13-16.23.13:601][  0]LogShaderCompilers: Cannot use XGE Shader Compiler as Incredibuild is not installed on this machine.
[2022.04.13-16.23.13:601][  0]LogShaderCompilers: Display: Using Local Shader Compiler.
[2022.04.13-16.23.14:302][  0]LogDerivedDataCache: Display: Max Cache Size: 512 MB
[2022.04.13-16.23.14:357][  0]LogDerivedDataCache: Loaded boot cache 0.05s 94MB C:/Users/hbnm/AppData/Local/UnrealEngine/4.27/DerivedDataCache/Boot.ddc.
[2022.04.13-16.23.14:357][  0]LogDerivedDataCache: Display: Loaded Boot cache: C:/Users/hbnm/AppData/Local/UnrealEngine/4.27/DerivedDataCache/Boot.ddc
[2022.04.13-16.23.14:357][  0]LogDerivedDataCache: FDerivedDataBackendGraph:  Pak pak cache file D:/rt/Logipaignio-New/Logipaignion/The_Elementalists/DerivedDataCache/DDC.ddp not found, will not use a pak cache.
[2022.04.13-16.23.14:357][  0]LogDerivedDataCache: Unable to find inner node Pak for hierarchical cache Hierarchy.
[2022.04.13-16.23.14:357][  0]LogDerivedDataCache: FDerivedDataBackendGraph:  CompressedPak pak cache file D:/rt/Logipaignio-New/Logipaignion/The_Elementalists/DerivedDataCache/Compressed.ddp not found, will not use a pak cache.
[2022.04.13-16.23.14:357][  0]LogDerivedDataCache: Unable to find inner node CompressedPak for hierarchical cache Hierarchy.
[2022.04.13-16.23.14:371][  0]LogDerivedDataCache: Display: Pak cache opened for reading ../../../Engine/DerivedDataCache/Compressed.ddp.
[2022.04.13-16.23.14:371][  0]LogDerivedDataCache: FDerivedDataBackendGraph:  EnterprisePak pak cache file ../../../Enterprise/DerivedDataCache/Compressed.ddp not found, will not use a pak cache.
[2022.04.13-16.23.14:371][  0]LogDerivedDataCache: Unable to find inner node EnterprisePak for hierarchical cache Hierarchy.
[2022.04.13-16.23.14:379][  0]LogDerivedDataCache: Speed tests for C:/Users/hbnm/AppData/Local/UnrealEngine/Common/DerivedDataCache took 0.01 seconds
[2022.04.13-16.23.14:379][  0]LogDerivedDataCache: Display: Performance to C:/Users/hbnm/AppData/Local/UnrealEngine/Common/DerivedDataCache: Latency=0.02ms. RandomReadSpeed=290.41MBs, RandomWriteSpeed=253.58MBs. Assigned SpeedClass 'Local'
[2022.04.13-16.23.14:379][  0]LogDerivedDataCache: Using Local data cache path C:/Users/hbnm/AppData/Local/UnrealEngine/Common/DerivedDataCache: Writable
[2022.04.13-16.23.14:379][  0]LogDerivedDataCache: Shared data cache path not found in *engine.ini, will not use an Shared cache.
[2022.04.13-16.23.14:379][  0]LogDerivedDataCache: Unable to find inner node Shared for hierarchical cache Hierarchy.
[2022.04.13-16.23.14:424][  0]LogSlate: Using FreeType 2.10.0
[2022.04.13-16.23.14:424][  0]LogSlate: SlateFontServices - WITH_FREETYPE: 1, WITH_HARFBUZZ: 1
[2022.04.13-16.23.14:445][  0]LogAssetRegistry: FAssetRegistry took 0.0023 seconds to start up
[2022.04.13-16.23.14:681][  0]LogInit: Selected Device Profile: [Windows]
[2022.04.13-16.23.14:682][  0]LogInit: Active device profile: [00000200F1ECE000][00000200E92DF280 49] Windows
[2022.04.13-16.23.14:682][  0]LogInit: Profiles: [00000200F1ECE000][00000200E92DF280 49] Windows, [00000200F1E91D00][00000200F1DAD400 49] WindowsNoEditor, [00000200F1ECE200][00000200F1DB1580 49] WindowsServer, [00000200F1E93C00][00000200F1DC9700 49] WindowsClient, [00000200F1ECDC00][00000200F1DCD880 49] IOS, [00000200F1E91900][00000200E41F3A00 49] iPadAir, [00000200F1ECD800][00000200E41F7B80 49] iPadAir2, [00000200F2B31A00][00000200F1DC42C0 49] IPadPro, [00000200F2B31B00][00000200E41FA300 49] iPadAir3, [00000200F1ECFE00][00000200F319E480 49] iPadAir4, [00000200F2B33A00][00000200F31AE600 49] iPadMini2, [00000200F1ECC600][00000200F31C6780 49] iPadMini3, [00000200F2B30A00][00000200F31D2900 49] iPadMini4, [00000200F1ECF100][00000200E72CCA80 49] iPadMini5, [00000200F2B51000][00000200F2EE2CC0 49] iPhone6, [00000200F2B51100][00000200F1D88D00 49] iPodTouch6, [00000200F1E91E00][00000200F2F2EF40 49] iPhone7, [00000200F1E93F00][00000200F2F02F80 49] iPodTouch7, [00000200F2B53100][00000200F2F53100 49] iPhone5S, [00000200F1E91600][00000200E4233280 49] iPhone6Plus, [00000200F2B50800][00000200F30EF400 49] iPhone6S, [00000200F1E92F00][00000200F3127580 49] iPhone6SPlus, [00000200F2B52200][00000200F312B700 49] iPhone7Plus, [00000200F1E90800][00000200F312F880 49] iPhoneSE, [00000200F2B50F00][00000200F3133A00 49] iPhone8, [00000200F1E91F00][00000200F3137B80 49] iPhone8Plus, [00000200F2B53400][00000200F313A180 49] iPhoneX, [00000200F1E92D00][00000200F3142300 49] iPhoneXS, [00000200F2B51A00][00000200F3146480 49] iPhoneXSMax, [00000200F1E90900][00000200F3152600 49] iPhoneXR, [00000200F2B50300][00000200F3156780 49] iPhone11, [00000200F1E92600][00000200F315A900 49] iPhone11Pro, [00000200F2B53B00][00000200F3184A80 49] iPhone11ProMax, [00000200F1E90600][00000200F3190C00 49] iPhoneSE2, [00000200F2B50D00][00000200F2F4ED40 49] iPhone12Mini, [00000200F1E90C00][00000200F3198E80 49] iPhone12, [00000200F2B51E00][00000200E7206FC0 49] iPhone12Pro, [00000200F1E90700][00000200F3189100 49] iPhone12ProMax, [00000200F2B50B00][00000200E7249280 49] iPadPro105, [00000200F1E92100][00000200E729D400 49] iPadPro129, [00000200F2B52100][00000200E72A1580 49] iPadPro97, [00000200F1E93900][00000200F327F700 49] iPadPro2_129, [00000200F2B53300][00000200F3283880 49] iPad5, [00000200F1ECD000][00000200F3287A00 49] iPad6, [00000200F1F0D300][00000200F3321B80 49] iPad7, [00000200F2B50200][00000200F3324180 49] iPad8, [00000200F1F0D900][00000200F3328300 49] iPadPro11, [00000200F1E90400][00000200F332C480 49] iPadPro2_11, [00000200F1ECE900][00000200F3330600 49] iPadPro3_129, [00000200F2B50900][00000200F2FDC780 49] iPadPro4_129, [00000200F1ECCD00][00000200F30AE900 49] AppleTV, [00000200F1E93A00][00000200F30B2A80 49] AppleTV4K, [00000200F1ECFD00][00000200F30BAC00 49] TVOS, [00000200F1E90A00][00000200F30C2D80 49] Mac, [00000200F1ECF800][00000200F30C6F00 49] MacClient, [00000200F1E92C00][00000200E7245040 49] MacNoEditor, [00000200F1ECF700][00000200F30CB180 49] MacServer, [00000200F1E91400][00000200F30D52C0 49] Linux, [00000200F1ECF500][00000200F30DD440 49] LinuxAArch64, [00000200F1E93600][00000200F30E15C0 49] LinuxNoEditor, [00000200F1ECDD00][00000200F3A01740 49] LinuxAArch64NoEditor, [00000200F1E92200][00000200F3A058C0 49] LinuxClient, [00000200F1ECD600][00000200F3A09A40 49] LinuxAArch64Client, [00000200F1E93400][00000200F3A0DBC0 49] LinuxServer, [00000200F1ECEA00][00000200F3A161C0 49] LinuxAArch64Server, [00000200F1E91B00][00000200F3A1A340 49] Android, [00000200F1ECCC00][00000200F3A1E4C0 49] Android_Low, [00000200F1E93800][00000200F318C640 49] Android_Mid, [00000200F1ECC300][00000200E72807C0 49] Android_High, [00000200F1E92A00][00000200E7284940 49] Android_Default, [00000200F1ECDE00][00000200E7288AC0 49] Android_Adreno4xx, [00000200F1E93500][00000200E728CC40 49] Android_Adreno5xx_Low, [00000200F1ECC900][00000200F327ADC0 49] Android_Adreno5xx, [00000200F1E90E00][00000200E7290F40 49] Android_Adreno6xx, [00000200F1ECCB00][00000200E72950C0 49] Android_Adreno6xx_Vulkan, [00000200F1E93200][00000200F30D9200 49] Android_Mali_T6xx, [00000200F1ECD400][00000200E7299340 49] Android_Mali_T7xx, [00000200F1E91700][00000200F32C7480 49] Android_Mali_T8xx, [00000200F1ECD500][00000200F32CF5C0 49] Android_Mali_G71, [00000200F1E92300][00000200F32D7740 49] Android_Mali_G72, [00000200F1ECF200][00000200F32F98C0 49] Android_Mali_G72_Vulkan, [00000200F1E91300][00000200F3311A40 49] Android_Mali_G76, [00000200F1ECE400][00000200F331DBC0 49] Android_Mali_G76_Vulkan, [00000200F1E90500][00000200F30861C0 49] Android_Mali_G77, [00000200F1ECC500][00000200F308A340 49] Android_Mali_G77_Vulkan, [00000200F1E90F00][00000200F308E4C0 49] Android_Mali_G78, [00000200F1ECFF00][00000200F3092640 49] Android_Mali_G78_Vulkan, [00000200F1E91500][00000200F30967C0 49] Android_Mali_G710, [00000200F2B32900][00000200F309A940 49] Android_Mali_G710_Vulkan, [00000200F2B52300][00000200F30A8AC0 49] Android_Vulkan_SM5, [00000200F2B32100][00000200F3D1CC40 49] Android_PowerVR_G6xxx, [00000200F2B52600][00000200F3D38DC0 49] Android_PowerVR_GT7xxx, [00000200F2B30600][00000200F3D5CF40 49] Android_PowerVR_GE8xxx, [00000200F2B50400][00000200F3D610C0 49] Android_PowerVR_GM9xxx, [00000200F2B32F00][00000200F3D73240 49] Android_PowerVR_GM9xxx_Vulkan, [00000200F2B52E00][00000200F32D3380 49] Android_TegraK1, [00000200F2B33D00][00000200F3FDF4C0 49] Android_Unknown_Vulkan, [00000200F2B53200][00000200F4011600 49] Lumin, [00000200F2B31D00][00000200F4015740 49] Lumin_Desktop, [00000200F2B50700][00000200F401D8C0 49] HoloLens, 
[2022.04.13-16.23.14:801][  0]LogMeshReduction: Using QuadricMeshReduction for automatic static mesh reduction
[2022.04.13-16.23.14:801][  0]LogMeshReduction: Using SimplygonMeshReduction for automatic skeletal mesh reduction
[2022.04.13-16.23.14:801][  0]LogMeshReduction: Using ProxyLODMeshReduction for automatic mesh merging
[2022.04.13-16.23.14:801][  0]LogMeshReduction: No distributed automatic mesh merging module available
[2022.04.13-16.23.14:801][  0]LogMeshMerging: No distributed automatic mesh merging module available
[2022.04.13-16.23.14:815][  0]LogNetVersion: The_Elementalists 1.0.0, NetCL: 17155196, EngineNetVer: 17, GameNetVer: 0 (Checksum: 2215583078)
[2022.04.13-16.23.15:151][  0]LogTexture: Default maximum texture size for cubemaps generated from long-lat sources has been changed from 512 to unlimited. In order to preserve old behaiour for '/Engine/MapTemplates/Sky/DaylightAmbientCubemap.DaylightAmbientCubemap', its maximum texture size has been explicitly set to 512.
[2022.04.13-16.23.15:207][  0]LogHMD: PokeAHoleMaterial loaded successfully
[2022.04.13-16.23.15:212][  0]LogUObjectArray: 17178 objects as part of root set at end of initial load.
[2022.04.13-16.23.15:212][  0]LogUObjectAllocator: 4301856 out of 0 bytes used by permanent object pool.
[2022.04.13-16.23.15:212][  0]LogUObjectArray: CloseDisregardForGC: 0/0 objects in disregard for GC pool
[2022.04.13-16.23.15:409][  0]LogNiagaraDebuggerClient: Niagara Debugger Client Initialized | Session: AAC5DB8D4A71C988C087DD8A23FACDE1 | Instance: FE8D157D410C51CE97B0A58D4487F786 (DESKTOP-7U3OGSV-27060).
[2022.04.13-16.23.15:513][  0]LogImageWrapper: Warning: PNG Warning: Duplicate iCCP chunk
[2022.04.13-16.23.15:513][  0]LogImageWrapper: Warning: PNG Warning: Duplicate iCCP chunk
[2022.04.13-16.23.15:513][  0]LogPython: Using Python 3.7.7
[2022.04.13-16.23.15:970][  0]LogTcpMessaging: Initializing TcpMessaging bridge
[2022.04.13-16.23.15:973][  0]LogUdpMessaging: Initializing bridge on interface 0.0.0.0:0 to multicast group 230.0.0.1:6666.
[2022.04.13-16.23.16:676][  0]LogWindows: Error: === Critical error: ===
[2022.04.13-16.23.16:676][  0]LogWindows: Error: 
[2022.04.13-16.23.16:676][  0]LogWindows: Error: Fatal error!
[2022.04.13-16.23.16:676][  0]LogWindows: Error: 
[2022.04.13-16.23.16:676][  0]LogWindows: Error: Unhandled Exception: EXCEPTION_ACCESS_VIOLATION reading address 0x00000000000006b0
[2022.04.13-16.23.16:676][  0]LogWindows: Error: 
[2022.04.13-16.23.16:676][  0]LogWindows: Error: [Callstack] 0x00007ffcde054d76 UE4Editor-The_Elementalists.dll!AChapter_PlayerController::StartTimer() [D:\rt\Logipaignio-New\Logipaignion\The_Elementalists\Source\The_Elementalists\Private\Chapter_PlayerController.cpp:81]
[2022.04.13-16.23.16:676][  0]LogWindows: Error: [Callstack] 0x00007ffcde0296f3 UE4Editor-The_Elementalists.dll!AChapter1Level3GameMode::AChapter1Level3GameMode() [D:\rt\Logipaignio-New\Logipaignion\The_Elementalists\Source\The_Elementalists\Private\Chapter1Level3GameMode.cpp:17]
[2022.04.13-16.23.16:676][  0]LogWindows: Error: [Callstack] 0x00007ffd184761d3 UE4Editor-CoreUObject.dll!UnknownFunction []
[2022.04.13-16.23.16:676][  0]LogWindows: Error: [Callstack] 0x00007ffd18798e6f UE4Editor-CoreUObject.dll!UnknownFunction []
[2022.04.13-16.23.16:676][  0]LogWindows: Error: [Callstack] 0x00007ffd187752d1 UE4Editor-CoreUObject.dll!UnknownFunction []
[2022.04.13-16.23.16:676][  0]LogWindows: Error: [Callstack] 0x00007ffd1863dc85 UE4Editor-CoreUObject.dll!UnknownFunction []
[2022.04.13-16.23.16:676][  0]LogWindows: Error: [Callstack] 0x00007ffd19551d1a UE4Editor-Core.dll!UnknownFunction []
[2022.04.13-16.23.16:676][  0]LogWindows: Error: [Callstack] 0x00007ffd195716d3 UE4Editor-Core.dll!UnknownFunction []
[2022.04.13-16.23.16:676][  0]LogWindows: Error: [Callstack] 0x00007ffd5fab6433 UE4Editor-Projects.dll!UnknownFunction []
[2022.04.13-16.23.16:676][  0]LogWindows: Error: [Callstack] 0x00007ffd5fab674f UE4Editor-Projects.dll!UnknownFunction []
[2022.04.13-16.23.16:676][  0]LogWindows: Error: [Callstack] 0x00007ff6b2c95632 UE4Editor.exe!UnknownFunction []
[2022.04.13-16.23.16:676][  0]LogWindows: Error: [Callstack] 0x00007ff6b2c98ff0 UE4Editor.exe!UnknownFunction []
[2022.04.13-16.23.16:676][  0]LogWindows: Error: [Callstack] 0x00007ff6b2c90d1c UE4Editor.exe!UnknownFunction []
[2022.04.13-16.23.16:676][  0]LogWindows: Error: [Callstack] 0x00007ff6b2c910aa UE4Editor.exe!UnknownFunction []
[2022.04.13-16.23.16:676][  0]LogWindows: Error: [Callstack] 0x00007ff6b2c940cd UE4Editor.exe!UnknownFunction []
[2022.04.13-16.23.16:676][  0]LogWindows: Error: [Callstack] 0x00007ff6b2ca5984 UE4Editor.exe!UnknownFunction []
[2022.04.13-16.23.16:676][  0]LogWindows: Error: [Callstack] 0x00007ff6b2ca853a UE4Editor.exe!UnknownFunction []
[2022.04.13-16.23.16:676][  0]LogWindows: Error: [Callstack] 0x00007ffdcd7a7034 KERNEL32.DLL!UnknownFunction []
[2022.04.13-16.23.16:676][  0]LogWindows: Error: [Callstack] 0x00007ffdcf4a2651 ntdll.dll!UnknownFunction []
[2022.04.13-16.23.16:676][  0]LogWindows: Error: 
[2022.04.13-16.23.16:722][  0]LogExit: Executing StaticShutdownAfterError
[2022.04.13-16.23.16:723][  0]LogWindows: FPlatformMisc::RequestExit(1)
[2022.04.13-16.23.16:723][  0]LogWindows: FPlatformMisc::RequestExitWithStatus(1, 3)
[2022.04.13-16.23.16:723][  0]LogCore: Engine exit requested (reason: Win RequestExit)
[2022.04.13-16.23.16:759][  0]Log file closed, 04/13/22 19:23:16
