Log file open, 02/25/22 02:55:48
LogWindows: Failed to load 'aqProf.dll' (GetLastError=126)
LogWindows: File 'aqProf.dll' does not exist
LogWindows: Failed to load 'VtuneApi.dll' (GetLastError=126)
LogWindows: File 'VtuneApi.dll' does not exist
LogWindows: Failed to load 'VtuneApi32e.dll' (GetLastError=126)
LogWindows: File 'VtuneApi32e.dll' does not exist
LogConsoleResponse: Display: Failed to find resolution value strings in scalability ini. Falling back to default.
LogConsoleResponse: Display: Failed to find resolution value strings in scalability ini. Falling back to default.
LogInit: Display: Running engine for game: The_Elementalists
LogPlatformFile: Not using cached read wrapper
LogTaskGraph: Started task graph with 5 named threads and 23 total threads with 3 sets of task threads.
LogStats: Stats thread started at 0.258984
LogICUInternationalization: ICU TimeZone Detection - Raw Offset: +2:00, Platform Override: ''
LogInit: Display: Loading text-based GConfig....
LogPluginManager: Mounting plugin MeshPainting
LogPluginManager: Mounting plugin XGEController
LogPluginManager: Mounting plugin Paper2D
LogPluginManager: Mounting plugin AISupport
LogPluginManager: Mounting plugin EnvironmentQueryEditor
LogPluginManager: Mounting plugin LightPropagationVolume
LogPluginManager: Mounting plugin CameraShakePreviewer
LogPluginManager: Mounting plugin GameplayCameras
LogPluginManager: Mounting plugin OodleData
LogPluginManager: Mounting plugin OodleNetwork
LogPluginManager: Mounting plugin DatasmithContent
LogPluginManager: Mounting plugin VariantManagerContent
LogPluginManager: Mounting plugin Niagara
LogPluginManager: Mounting plugin AssetManagerEditor
LogPluginManager: Mounting plugin CryptoKeys
LogPluginManager: Mounting plugin CurveEditorTools
LogPluginManager: Mounting plugin DataValidation
LogPluginManager: Mounting plugin FacialAnimation
LogPluginManager: Mounting plugin GeometryMode
LogPluginManager: Mounting plugin GameplayTagsEditor
LogPluginManager: Mounting plugin MaterialAnalyzer
LogPluginManager: Mounting plugin MacGraphicsSwitching
LogPluginManager: Mounting plugin MobileLauncherProfileWizard
LogPluginManager: Mounting plugin PluginBrowser
LogPluginManager: Mounting plugin SpeedTreeImporter
LogPluginManager: Mounting plugin AlembicImporter
LogPluginManager: Mounting plugin AutomationUtils
LogPluginManager: Mounting plugin LiveLink
LogPluginManager: Mounting plugin BackChannel
LogPluginManager: Mounting plugin ChaosCloth
LogPluginManager: Mounting plugin ChaosClothEditor
LogPluginManager: Mounting plugin ChaosEditor
LogPluginManager: Mounting plugin ChaosSolverPlugin
LogPluginManager: Mounting plugin ChaosNiagara
LogPluginManager: Mounting plugin CharacterAI
LogPluginManager: Mounting plugin GeometryCache
LogPluginManager: Mounting plugin GeometryCollectionPlugin
LogPluginManager: Mounting plugin GeometryProcessing
LogPluginManager: Mounting plugin MotoSynth
LogPluginManager: Mounting plugin PlanarCut
LogPluginManager: Mounting plugin OpenImageDenoise
LogPluginManager: Mounting plugin ProxyLODPlugin
LogPluginManager: Mounting plugin PlatformCrypto
LogPluginManager: Mounting plugin PythonScriptPlugin
LogPluginManager: Mounting plugin AndroidMedia
LogPluginManager: Mounting plugin LuminPlatformFeatures
LogPluginManager: Mounting plugin AvfMedia
LogPluginManager: Mounting plugin MagicLeap
LogPluginManager: Mounting plugin ImgMedia
LogPluginManager: Mounting plugin MediaCompositing
LogPluginManager: Mounting plugin SkeletalReduction
LogPluginManager: Mounting plugin MediaPlayerEditor
LogPluginManager: Mounting plugin MagicLeapLightEstimation
LogPluginManager: Mounting plugin WebMMedia
LogPluginManager: Mounting plugin WmfMedia
LogPluginManager: Mounting plugin MagicLeapMedia
LogPluginManager: Mounting plugin MagicLeapPassableWorld
LogPluginManager: Mounting plugin MLSDK
LogPluginManager: Mounting plugin AnimationSharing
LogPluginManager: Mounting plugin CLionSourceCodeAccess
LogPluginManager: Mounting plugin CodeLiteSourceCodeAccess
LogPluginManager: Mounting plugin GitSourceControl
LogPluginManager: Mounting plugin KDevelopSourceCodeAccess
LogPluginManager: Mounting plugin NullSourceCodeAccess
LogPluginManager: Mounting plugin PerforceSourceControl
LogPluginManager: Mounting plugin PlasticSourceControl
LogPluginManager: Mounting plugin PixWinPlugin
LogPluginManager: Mounting plugin PluginUtils
LogPluginManager: Mounting plugin PropertyAccessNode
LogPluginManager: Mounting plugin SubversionSourceControl
LogPluginManager: Mounting plugin TextureFormatOodle
LogPluginManager: Mounting plugin RiderSourceCodeAccess
LogPluginManager: Mounting plugin UObjectPlugin
LogPluginManager: Mounting plugin VisualStudioSourceCodeAccess
LogPluginManager: Mounting plugin VisualStudioCodeSourceCodeAccess
LogPluginManager: Mounting plugin XCodeSourceCodeAccess
LogPluginManager: Mounting plugin TcpMessaging
LogPluginManager: Mounting plugin OnlineSubsystem
LogPluginManager: Mounting plugin OnlineSubsystemNull
LogPluginManager: Mounting plugin UdpMessaging
LogPluginManager: Mounting plugin OnlineSubsystemUtils
LogPluginManager: Mounting plugin LauncherChunkInstaller
LogPluginManager: Mounting plugin ActorLayerUtilities
LogPluginManager: Mounting plugin AndroidMoviePlayer
LogPluginManager: Mounting plugin AndroidDeviceProfileSelector
LogPluginManager: Mounting plugin AndroidPermission
LogPluginManager: Mounting plugin AppleImageUtils
LogPluginManager: Mounting plugin AppleMoviePlayer
LogPluginManager: Mounting plugin ArchVisCharacter
LogPluginManager: Mounting plugin AssetTags
LogPluginManager: Mounting plugin AudioCapture
LogPluginManager: Mounting plugin CableComponent
LogPluginManager: Mounting plugin ChunkDownloader
LogPluginManager: Mounting plugin ScreenshotTools
LogPluginManager: Mounting plugin CustomMeshComponent
LogPluginManager: Mounting plugin AudioSynesthesia
LogPluginManager: Mounting plugin ExampleDeviceProfileSelector
LogPluginManager: Mounting plugin EditableMesh
LogPluginManager: Mounting plugin GoogleCloudMessaging
LogPluginManager: Mounting plugin GooglePAD
LogPluginManager: Mounting plugin ActorSequence
LogPluginManager: Mounting plugin LevelSequenceEditor
LogPluginManager: Mounting plugin MatineeToLevelSequence
LogPluginManager: Mounting plugin TemplateSequence
LogPluginManager: Mounting plugin IOSDeviceProfileSelector
LogPluginManager: Mounting plugin LinuxDeviceProfileSelector
LogPluginManager: Mounting plugin LocationServicesBPLibrary
LogPluginManager: Mounting plugin MobilePatchingUtils
LogPluginManager: Mounting plugin OpenXR
LogPluginManager: Mounting plugin OpenXREyeTracker
LogPluginManager: Mounting plugin OpenXRHandTracking
LogPluginManager: Mounting plugin PhysXVehicles
LogPluginManager: Mounting plugin Takes
LogPluginManager: Mounting plugin PostSplashScreen
LogPluginManager: Mounting plugin ProceduralMeshComponent
LogPluginManager: Mounting plugin PropertyAccessEditor
LogPluginManager: Mounting plugin SignificanceManager
LogPluginManager: Mounting plugin RuntimePhysXCooking
LogPluginManager: Mounting plugin SoundFields
LogPluginManager: Mounting plugin Synthesis
LogPluginManager: Mounting plugin WebMMoviePlayer
LogPluginManager: Mounting plugin WindowsMoviePlayer
LogPluginManager: Mounting plugin ContentBrowserClassDataSource
LogPluginManager: Mounting plugin ContentBrowserFileDataSource
LogPluginManager: Mounting plugin ContentBrowserAssetDataSource
LogPluginManager: Mounting plugin OnlineSubsystemGooglePlay
LogPluginManager: Mounting plugin OnlineSubsystemIOS
LogPluginManager: Mounting plugin OculusVR
LogPluginManager: Mounting plugin SteamVR
PixWinPlugin: PIX capture plugin failed to initialize! Check that the process is launched from PIX.
LogInit: Using libcurl 7.55.1-DEV
LogInit:  - built for x86_64-pc-win32
LogInit:  - supports SSL with OpenSSL/1.1.1
LogInit:  - supports HTTP deflate (compression) using libz 1.2.8
LogInit:  - other features:
LogInit:      CURL_VERSION_SSL
LogInit:      CURL_VERSION_LIBZ
LogInit:      CURL_VERSION_IPV6
LogInit:      CURL_VERSION_ASYNCHDNS
LogInit:      CURL_VERSION_LARGEFILE
LogInit:      CURL_VERSION_IDN
LogInit:  CurlRequestOptions (configurable via config and command line):
LogInit:  - bVerifyPeer = true  - Libcurl will verify peer certificate
LogInit:  - bUseHttpProxy = false  - Libcurl will NOT use HTTP proxy
LogInit:  - bDontReuseConnections = false  - Libcurl will reuse connections
LogInit:  - MaxHostConnections = 16  - Libcurl will limit the number of connections to a host
LogInit:  - LocalHostAddr = Default
LogInit:  - BufferSize = 65536
LogOnline: OSS: Creating online subsystem instance for: NULL
LogInit: WinSock: version 1.1 (2.2), MaxSocks=32767, MaxUdp=65467
LogOnline: OSS: TryLoadSubsystemAndSetDefault: Loaded subsystem for module [NULL]
LogOculusPluginWrapper: OculusPlugin initialized successfully
LogHMD: Failed initializing OVRPlugin 1.59.0
LogInit: Build: ++UE4+Release-4.27-CL-17735300
LogInit: Engine Version: 4.27.1-17735300+++UE4+Release-4.27
LogInit: Compatible Engine Version: 4.27.0-17155196+++UE4+Release-4.27
LogInit: Net CL: 17155196
LogInit: OS: Windows 10 (Release 2009) (), CPU: Intel(R) Core(TM) i3-10100 CPU @ 3.60GHz, GPU: NVIDIA GeForce GTX 1650 SUPER
LogInit: Compiled (64-bit): Oct  6 2021 14:42:51
LogInit: Compiled with Visual C++: 19.24.28315.00
LogInit: Build Configuration: Development
LogInit: Branch Name: ++UE4+Release-4.27
LogInit: Command Line: 
LogInit: Base Directory: C:/Program Files/Epic Games/UE_4.27/Engine/Binaries/Win64/
LogInit: Allocator: TBB
LogInit: Installed Engine Build: 1
LogDevObjectVersion: Number of dev versions registered: 29
LogDevObjectVersion:   Dev-Blueprints (B0D832E4-1F89-4F0D-ACCF-7EB736FD4AA2): 10
LogDevObjectVersion:   Dev-Build (E1C64328-A22C-4D53-A36C-8E866417BD8C): 0
LogDevObjectVersion:   Dev-Core (375EC13C-06E4-48FB-B500-84F0262A717E): 4
LogDevObjectVersion:   Dev-Editor (E4B068ED-F494-42E9-A231-DA0B2E46BB41): 40
LogDevObjectVersion:   Dev-Framework (CFFC743F-43B0-4480-9391-14DF171D2073): 37
LogDevObjectVersion:   Dev-Mobile (B02B49B5-BB20-44E9-A304-32B752E40360): 3
LogDevObjectVersion:   Dev-Networking (A4E4105C-59A1-49B5-A7C5-40C4547EDFEE): 0
LogDevObjectVersion:   Dev-Online (39C831C9-5AE6-47DC-9A44-9C173E1C8E7C): 0
LogDevObjectVersion:   Dev-Physics (78F01B33-EBEA-4F98-B9B4-84EACCB95AA2): 14
LogDevObjectVersion:   Dev-Platform (6631380F-2D4D-43E0-8009-CF276956A95A): 0
LogDevObjectVersion:   Dev-Rendering (12F88B9F-8875-4AFC-A67C-D90C383ABD29): 45
LogDevObjectVersion:   Dev-Sequencer (7B5AE74C-D270-4C10-A958-57980B212A5A): 13
LogDevObjectVersion:   Dev-VR (D7296918-1DD6-4BDD-9DE2-64A83CC13884): 3
LogDevObjectVersion:   Dev-LoadTimes (C2A15278-BFE7-4AFE-6C17-90FF531DF755): 1
LogDevObjectVersion:   Private-Geometry (6EACA3D4-40EC-4CC1-B786-8BED09428FC5): 3
LogDevObjectVersion:   Dev-AnimPhys (29E575DD-E0A3-4627-9D10-D276232CDCEA): 17
LogDevObjectVersion:   Dev-Anim (AF43A65D-7FD3-4947-9873-3E8ED9C1BB05): 15
LogDevObjectVersion:   Dev-ReflectionCapture (6B266CEC-1EC7-4B8F-A30B-E4D90942FC07): 1
LogDevObjectVersion:   Dev-Automation (0DF73D61-A23F-47EA-B727-89E90C41499A): 1
LogDevObjectVersion:   FortniteMain (601D1886-AC64-4F84-AA16-D3DE0DEAC7D6): 47
LogDevObjectVersion:   FortniteRelease (E7086368-6B23-4C58-8439-1B7016265E91): 1
LogDevObjectVersion:   Dev-Enterprise (9DFFBCD6-494F-0158-E221-12823C92A888): 10
LogDevObjectVersion:   Dev-Niagara (F2AED0AC-9AFE-416F-8664-AA7FFA26D6FC): 1
LogDevObjectVersion:   Dev-Destruction (174F1F0B-B4C6-45A5-B13F-2EE8D0FB917D): 10
LogDevObjectVersion:   Dev-Physics-Ext (35F94A83-E258-406C-A318-09F59610247C): 41
LogDevObjectVersion:   Dev-PhysicsMaterial-Chaos (B68FC16E-8B1B-42E2-B453-215C058844FE): 1
LogDevObjectVersion:   Dev-CineCamera (B2E18506-4273-CFC2-A54E-F4BB758BBA07): 1
LogDevObjectVersion:   Dev-VirtualProduction (64F58936-FD1B-42BA-BA96-7289D5D0FA4E): 1
LogDevObjectVersion:   Dev-MediaFramework (6F0ED827-A609-4895-9C91-998D90180EA4): 2
LogInit: Presizing for max 25165824 objects, including 0 objects not considered by GC, pre-allocating 0 bytes for permanent pool.
LogConfig: Applying CVar settings from Section [/Script/Engine.StreamingSettings] File [D:/rt/Logipaignion/The_Elementalists/Saved/Config/Windows/Engine.ini]
LogConfig: Setting CVar [[s.MinBulkDataSizeForAsyncLoading:131072]]
LogConfig: Setting CVar [[s.AsyncLoadingThreadEnabled:0]]
LogConfig: Setting CVar [[s.EventDrivenLoaderEnabled:1]]
LogConfig: Setting CVar [[s.WarnIfTimeLimitExceeded:0]]
LogConfig: Setting CVar [[s.TimeLimitExceededMultiplier:1.5]]
LogConfig: Setting CVar [[s.TimeLimitExceededMinTime:0.005]]
LogConfig: Setting CVar [[s.UseBackgroundLevelStreaming:1]]
LogConfig: Setting CVar [[s.PriorityAsyncLoadingExtraTime:15.0]]
LogConfig: Setting CVar [[s.LevelStreamingActorsUpdateTimeLimit:5.0]]
LogConfig: Setting CVar [[s.PriorityLevelStreamingActorsUpdateExtraTime:5.0]]
LogConfig: Setting CVar [[s.LevelStreamingComponentsRegistrationGranularity:10]]
LogConfig: Setting CVar [[s.UnregisterComponentsTimeLimit:1.0]]
LogConfig: Setting CVar [[s.LevelStreamingComponentsUnregistrationGranularity:5]]
LogConfig: Setting CVar [[s.FlushStreamingOnExit:1]]
LogInit: Object subsystem initialized
LogConfig: Setting CVar [[con.DebugEarlyDefault:1]]
LogConfig: Setting CVar [[r.setres:1280x720]]
[2022.02.25-00.55.49:213][  0]LogConfig: Setting CVar [[r.VSync:0]]
[2022.02.25-00.55.49:213][  0]LogConfig: Setting CVar [[r.RHICmdBypass:0]]
[2022.02.25-00.55.49:213][  0]LogConfig: Applying CVar settings from Section [/Script/Engine.RendererSettings] File [D:/rt/Logipaignion/The_Elementalists/Saved/Config/Windows/Engine.ini]
[2022.02.25-00.55.49:213][  0]LogConfig: Setting CVar [[r.GPUCrashDebugging:0]]
[2022.02.25-00.55.49:213][  0]LogConfig: Setting CVar [[r.CustomDepth:3]]
[2022.02.25-00.55.49:213][  0]LogConfig: Applying CVar settings from Section [/Script/Engine.RendererOverrideSettings] File [D:/rt/Logipaignion/The_Elementalists/Saved/Config/Windows/Engine.ini]
[2022.02.25-00.55.49:213][  0]LogConfig: Applying CVar settings from Section [/Script/Engine.StreamingSettings] File [D:/rt/Logipaignion/The_Elementalists/Saved/Config/Windows/Engine.ini]
[2022.02.25-00.55.49:213][  0]LogConfig: Setting CVar [[s.MinBulkDataSizeForAsyncLoading:131072]]
[2022.02.25-00.55.49:213][  0]LogConfig: Setting CVar [[s.AsyncLoadingThreadEnabled:0]]
[2022.02.25-00.55.49:213][  0]LogConfig: Setting CVar [[s.EventDrivenLoaderEnabled:1]]
[2022.02.25-00.55.49:213][  0]LogConfig: Setting CVar [[s.WarnIfTimeLimitExceeded:0]]
[2022.02.25-00.55.49:213][  0]LogConfig: Setting CVar [[s.TimeLimitExceededMultiplier:1.5]]
[2022.02.25-00.55.49:213][  0]LogConfig: Setting CVar [[s.TimeLimitExceededMinTime:0.005]]
[2022.02.25-00.55.49:213][  0]LogConfig: Setting CVar [[s.UseBackgroundLevelStreaming:1]]
[2022.02.25-00.55.49:213][  0]LogConfig: Setting CVar [[s.PriorityAsyncLoadingExtraTime:15.0]]
[2022.02.25-00.55.49:213][  0]LogConfig: Setting CVar [[s.LevelStreamingActorsUpdateTimeLimit:5.0]]
[2022.02.25-00.55.49:213][  0]LogConfig: Setting CVar [[s.PriorityLevelStreamingActorsUpdateExtraTime:5.0]]
[2022.02.25-00.55.49:213][  0]LogConfig: Setting CVar [[s.LevelStreamingComponentsRegistrationGranularity:10]]
[2022.02.25-00.55.49:213][  0]LogConfig: Setting CVar [[s.UnregisterComponentsTimeLimit:1.0]]
[2022.02.25-00.55.49:213][  0]LogConfig: Setting CVar [[s.LevelStreamingComponentsUnregistrationGranularity:5]]
[2022.02.25-00.55.49:214][  0]LogConfig: Setting CVar [[s.FlushStreamingOnExit:1]]
[2022.02.25-00.55.49:214][  0]LogConfig: Applying CVar settings from Section [/Script/Engine.GarbageCollectionSettings] File [D:/rt/Logipaignion/The_Elementalists/Saved/Config/Windows/Engine.ini]
[2022.02.25-00.55.49:214][  0]LogConfig: Setting CVar [[gc.MaxObjectsNotConsideredByGC:1]]
[2022.02.25-00.55.49:214][  0]LogConfig: Setting CVar [[gc.SizeOfPermanentObjectPool:0]]
[2022.02.25-00.55.49:214][  0]LogConfig: Setting CVar [[gc.FlushStreamingOnGC:0]]
[2022.02.25-00.55.49:214][  0]LogConfig: Setting CVar [[gc.NumRetriesBeforeForcingGC:10]]
[2022.02.25-00.55.49:214][  0]LogConfig: Setting CVar [[gc.AllowParallelGC:1]]
[2022.02.25-00.55.49:214][  0]LogConfig: Setting CVar [[gc.TimeBetweenPurgingPendingKillObjects:61.1]]
[2022.02.25-00.55.49:214][  0]LogConfig: Setting CVar [[gc.MaxObjectsInEditor:25165824]]
[2022.02.25-00.55.49:214][  0]LogConfig: Setting CVar [[gc.IncrementalBeginDestroyEnabled:1]]
[2022.02.25-00.55.49:214][  0]LogConfig: Setting CVar [[gc.CreateGCClusters:1]]
[2022.02.25-00.55.49:214][  0]LogConfig: Setting CVar [[gc.MinGCClusterSize:5]]
[2022.02.25-00.55.49:214][  0]LogConfig: Setting CVar [[gc.ActorClusteringEnabled:0]]
[2022.02.25-00.55.49:214][  0]LogConfig: Setting CVar [[gc.BlueprintClusteringEnabled:0]]
[2022.02.25-00.55.49:214][  0]LogConfig: Setting CVar [[gc.UseDisregardForGCOnDedicatedServers:0]]
[2022.02.25-00.55.49:214][  0]LogConfig: Setting CVar [[gc.MultithreadedDestructionEnabled:1]]
[2022.02.25-00.55.49:214][  0]LogConfig: Applying CVar settings from Section [/Script/Engine.NetworkSettings] File [D:/rt/Logipaignion/The_Elementalists/Saved/Config/Windows/Engine.ini]
[2022.02.25-00.55.49:214][  0]LogConfig: Applying CVar settings from Section [/Script/UnrealEd.CookerSettings] File [D:/rt/Logipaignion/The_Elementalists/Saved/Config/Windows/Engine.ini]
[2022.02.25-00.55.49:244][  0]LogConfig: Applying CVar settings from Section [ViewDistanceQuality@3] File [D:/rt/Logipaignion/The_Elementalists/Saved/Config/Windows/Scalability.ini]
[2022.02.25-00.55.49:245][  0]LogConfig: Setting CVar [[r.SkeletalMeshLODBias:0]]
[2022.02.25-00.55.49:245][  0]LogConfig: Setting CVar [[r.ViewDistanceScale:1.0]]
[2022.02.25-00.55.49:245][  0]LogConfig: Applying CVar settings from Section [AntiAliasingQuality@3] File [D:/rt/Logipaignion/The_Elementalists/Saved/Config/Windows/Scalability.ini]
[2022.02.25-00.55.49:245][  0]LogConfig: Setting CVar [[r.PostProcessAAQuality:4]]
[2022.02.25-00.55.49:245][  0]LogConfig: Applying CVar settings from Section [ShadowQuality@3] File [D:/rt/Logipaignion/The_Elementalists/Saved/Config/Windows/Scalability.ini]
[2022.02.25-00.55.49:245][  0]LogConfig: Setting CVar [[r.LightFunctionQuality:1]]
[2022.02.25-00.55.49:245][  0]LogConfig: Setting CVar [[r.ShadowQuality:5]]
[2022.02.25-00.55.49:245][  0]LogConfig: Setting CVar [[r.Shadow.CSM.MaxCascades:10]]
[2022.02.25-00.55.49:245][  0]LogConfig: Setting CVar [[r.Shadow.MaxResolution:2048]]
[2022.02.25-00.55.49:245][  0]LogConfig: Setting CVar [[r.Shadow.MaxCSMResolution:2048]]
[2022.02.25-00.55.49:245][  0]LogConfig: Setting CVar [[r.Shadow.RadiusThreshold:0.01]]
[2022.02.25-00.55.49:245][  0]LogConfig: Setting CVar [[r.Shadow.DistanceScale:1.0]]
[2022.02.25-00.55.49:245][  0]LogConfig: Setting CVar [[r.Shadow.CSM.TransitionScale:1.0]]
[2022.02.25-00.55.49:245][  0]LogConfig: Setting CVar [[r.Shadow.PreShadowResolutionFactor:1.0]]
[2022.02.25-00.55.49:245][  0]LogConfig: Setting CVar [[r.DistanceFieldShadowing:1]]
[2022.02.25-00.55.49:245][  0]LogConfig: Setting CVar [[r.DistanceFieldAO:1]]
[2022.02.25-00.55.49:245][  0]LogConfig: Setting CVar [[r.AOQuality:2]]
[2022.02.25-00.55.49:245][  0]LogConfig: Setting CVar [[r.VolumetricFog:1]]
[2022.02.25-00.55.49:245][  0]LogConfig: Setting CVar [[r.VolumetricFog.GridPixelSize:8]]
[2022.02.25-00.55.49:245][  0]LogConfig: Setting CVar [[r.VolumetricFog.GridSizeZ:128]]
[2022.02.25-00.55.49:245][  0]LogConfig: Setting CVar [[r.VolumetricFog.HistoryMissSupersampleCount:4]]
[2022.02.25-00.55.49:245][  0]LogConfig: Setting CVar [[r.LightMaxDrawDistanceScale:1]]
[2022.02.25-00.55.49:245][  0]LogConfig: Setting CVar [[r.CapsuleShadows:1]]
[2022.02.25-00.55.49:245][  0]LogConfig: Applying CVar settings from Section [PostProcessQuality@3] File [D:/rt/Logipaignion/The_Elementalists/Saved/Config/Windows/Scalability.ini]
[2022.02.25-00.55.49:245][  0]LogConfig: Setting CVar [[r.MotionBlurQuality:4]]
[2022.02.25-00.55.49:245][  0]LogConfig: Setting CVar [[r.AmbientOcclusionMipLevelFactor:0.4]]
[2022.02.25-00.55.49:245][  0]LogConfig: Setting CVar [[r.AmbientOcclusionMaxQuality:100]]
[2022.02.25-00.55.49:245][  0]LogConfig: Setting CVar [[r.AmbientOcclusionLevels:-1]]
[2022.02.25-00.55.49:245][  0]LogConfig: Setting CVar [[r.AmbientOcclusionRadiusScale:1.0]]
[2022.02.25-00.55.49:245][  0]LogConfig: Setting CVar [[r.DepthOfFieldQuality:2]]
[2022.02.25-00.55.49:245][  0]LogConfig: Setting CVar [[r.RenderTargetPoolMin:400]]
[2022.02.25-00.55.49:245][  0]LogConfig: Setting CVar [[r.LensFlareQuality:2]]
[2022.02.25-00.55.49:245][  0]LogConfig: Setting CVar [[r.SceneColorFringeQuality:1]]
[2022.02.25-00.55.49:245][  0]LogConfig: Setting CVar [[r.EyeAdaptationQuality:2]]
[2022.02.25-00.55.49:245][  0]LogConfig: Setting CVar [[r.BloomQuality:5]]
[2022.02.25-00.55.49:245][  0]LogConfig: Setting CVar [[r.FastBlurThreshold:100]]
[2022.02.25-00.55.49:245][  0]LogConfig: Setting CVar [[r.Upscale.Quality:3]]
[2022.02.25-00.55.49:245][  0]LogConfig: Setting CVar [[r.Tonemapper.GrainQuantization:1]]
[2022.02.25-00.55.49:245][  0]LogConfig: Setting CVar [[r.LightShaftQuality:1]]
[2022.02.25-00.55.49:245][  0]LogConfig: Setting CVar [[r.Filter.SizeScale:1]]
[2022.02.25-00.55.49:245][  0]LogConfig: Setting CVar [[r.Tonemapper.Quality:5]]
[2022.02.25-00.55.49:245][  0]LogConfig: Setting CVar [[r.DOF.Gather.AccumulatorQuality:1        ; higher gathering accumulator quality]]
[2022.02.25-00.55.49:245][  0]LogConfig: Setting CVar [[r.DOF.Gather.PostfilterMethod:1          ; Median3x3 postfilering method]]
[2022.02.25-00.55.49:245][  0]LogConfig: Setting CVar [[r.DOF.Gather.EnableBokehSettings:0       ; no bokeh simulation when gathering]]
[2022.02.25-00.55.49:245][  0]LogConfig: Setting CVar [[r.DOF.Gather.RingCount:4                 ; medium number of samples when gathering]]
[2022.02.25-00.55.49:245][  0]LogConfig: Setting CVar [[r.DOF.Scatter.ForegroundCompositing:1    ; additive foreground scattering]]
[2022.02.25-00.55.49:245][  0]LogConfig: Setting CVar [[r.DOF.Scatter.BackgroundCompositing:2    ; additive background scattering]]
[2022.02.25-00.55.49:245][  0]LogConfig: Setting CVar [[r.DOF.Scatter.EnableBokehSettings:1      ; bokeh simulation when scattering]]
[2022.02.25-00.55.49:245][  0]LogConfig: Setting CVar [[r.DOF.Scatter.MaxSpriteRatio:0.1         ; only a maximum of 10% of scattered bokeh]]
[2022.02.25-00.55.49:245][  0]LogConfig: Setting CVar [[r.DOF.Recombine.Quality:1                ; cheap slight out of focus]]
[2022.02.25-00.55.49:245][  0]LogConfig: Setting CVar [[r.DOF.Recombine.EnableBokehSettings:0    ; no bokeh simulation on slight out of focus]]
[2022.02.25-00.55.49:245][  0]LogConfig: Setting CVar [[r.DOF.TemporalAAQuality:1                ; more stable temporal accumulation]]
[2022.02.25-00.55.49:245][  0]LogConfig: Setting CVar [[r.DOF.Kernel.MaxForegroundRadius:0.025]]
[2022.02.25-00.55.49:245][  0]LogConfig: Setting CVar [[r.DOF.Kernel.MaxBackgroundRadius:0.025]]
[2022.02.25-00.55.49:245][  0]LogConfig: Applying CVar settings from Section [TextureQuality@3] File [D:/rt/Logipaignion/The_Elementalists/Saved/Config/Windows/Scalability.ini]
[2022.02.25-00.55.49:245][  0]LogConfig: Setting CVar [[r.Streaming.MipBias:0]]
[2022.02.25-00.55.49:245][  0]LogConfig: Setting CVar [[r.Streaming.AmortizeCPUToGPUCopy:0]]
[2022.02.25-00.55.49:245][  0]LogConfig: Setting CVar [[r.Streaming.MaxNumTexturesToStreamPerFrame:0]]
[2022.02.25-00.55.49:245][  0]LogConfig: Setting CVar [[r.Streaming.Boost:1]]
[2022.02.25-00.55.49:245][  0]LogConfig: Setting CVar [[r.MaxAnisotropy:8]]
[2022.02.25-00.55.49:245][  0]LogConfig: Setting CVar [[r.VT.MaxAnisotropy:8]]
[2022.02.25-00.55.49:245][  0]LogConfig: Setting CVar [[r.Streaming.LimitPoolSizeToVRAM:0]]
[2022.02.25-00.55.49:245][  0]LogConfig: Setting CVar [[r.Streaming.PoolSize:1000]]
[2022.02.25-00.55.49:245][  0]LogConfig: Setting CVar [[r.Streaming.MaxEffectiveScreenSize:0]]
[2022.02.25-00.55.49:245][  0]LogConfig: Applying CVar settings from Section [EffectsQuality@3] File [D:/rt/Logipaignion/The_Elementalists/Saved/Config/Windows/Scalability.ini]
[2022.02.25-00.55.49:245][  0]LogConfig: Setting CVar [[r.TranslucencyLightingVolumeDim:64]]
[2022.02.25-00.55.49:245][  0]LogConfig: Setting CVar [[r.RefractionQuality:2]]
[2022.02.25-00.55.49:245][  0]LogConfig: Setting CVar [[r.SSR.Quality:3]]
[2022.02.25-00.55.49:245][  0]LogConfig: Setting CVar [[r.SSR.HalfResSceneColor:0]]
[2022.02.25-00.55.49:245][  0]LogConfig: Setting CVar [[r.SceneColorFormat:4]]
[2022.02.25-00.55.49:245][  0]LogConfig: Setting CVar [[r.DetailMode:2]]
[2022.02.25-00.55.49:245][  0]LogConfig: Setting CVar [[r.TranslucencyVolumeBlur:1]]
[2022.02.25-00.55.49:245][  0]LogConfig: Setting CVar [[r.MaterialQualityLevel:1 ; High quality]]
[2022.02.25-00.55.49:245][  0]LogConfig: Setting CVar [[r.AnisotropicMaterials:1]]
[2022.02.25-00.55.49:245][  0]LogConfig: Setting CVar [[r.SSS.Scale:1]]
[2022.02.25-00.55.49:245][  0]LogConfig: Setting CVar [[r.SSS.SampleSet:2]]
[2022.02.25-00.55.49:245][  0]LogConfig: Setting CVar [[r.SSS.Quality:1]]
[2022.02.25-00.55.49:245][  0]LogConfig: Setting CVar [[r.SSS.HalfRes:0]]
[2022.02.25-00.55.49:245][  0]LogConfig: Setting CVar [[r.SSGI.Quality:3]]
[2022.02.25-00.55.49:245][  0]LogConfig: Setting CVar [[r.EmitterSpawnRateScale:1.0]]
[2022.02.25-00.55.49:245][  0]LogConfig: Setting CVar [[r.ParticleLightQuality:2]]
[2022.02.25-00.55.49:245][  0]LogConfig: Setting CVar [[r.SkyAtmosphere.AerialPerspectiveLUT.FastApplyOnOpaque:1 ; Always have FastSkyLUT 1 in this case to avoid wrong sky]]
[2022.02.25-00.55.49:245][  0]LogConfig: Setting CVar [[r.SkyAtmosphere.AerialPerspectiveLUT.SampleCountMaxPerSlice:4]]
[2022.02.25-00.55.49:245][  0]LogConfig: Setting CVar [[r.SkyAtmosphere.AerialPerspectiveLUT.DepthResolution:16.0]]
[2022.02.25-00.55.49:245][  0]LogConfig: Setting CVar [[r.SkyAtmosphere.FastSkyLUT:1]]
[2022.02.25-00.55.49:245][  0]LogConfig: Setting CVar [[r.SkyAtmosphere.FastSkyLUT.SampleCountMin:4.0]]
[2022.02.25-00.55.49:245][  0]LogConfig: Setting CVar [[r.SkyAtmosphere.FastSkyLUT.SampleCountMax:128.0]]
[2022.02.25-00.55.49:245][  0]LogConfig: Setting CVar [[r.SkyAtmosphere.SampleCountMin:4.0]]
[2022.02.25-00.55.49:245][  0]LogConfig: Setting CVar [[r.SkyAtmosphere.SampleCountMax:128.0]]
[2022.02.25-00.55.49:245][  0]LogConfig: Setting CVar [[r.SkyAtmosphere.TransmittanceLUT.UseSmallFormat:0]]
[2022.02.25-00.55.49:245][  0]LogConfig: Setting CVar [[r.SkyAtmosphere.TransmittanceLUT.SampleCount:10.0]]
[2022.02.25-00.55.49:245][  0]LogConfig: Setting CVar [[r.SkyAtmosphere.MultiScatteringLUT.SampleCount:15.0]]
[2022.02.25-00.55.49:245][  0]LogConfig: Setting CVar [[r.SkyLight.RealTimeReflectionCapture:1]]
[2022.02.25-00.55.49:245][  0]LogConfig: Applying CVar settings from Section [FoliageQuality@3] File [D:/rt/Logipaignion/The_Elementalists/Saved/Config/Windows/Scalability.ini]
[2022.02.25-00.55.49:245][  0]LogConfig: Setting CVar [[foliage.DensityScale:1.0]]
[2022.02.25-00.55.49:245][  0]LogConfig: Setting CVar [[grass.DensityScale:1.0]]
[2022.02.25-00.55.49:245][  0]LogConfig: Applying CVar settings from Section [ShadingQuality@3] File [D:/rt/Logipaignion/The_Elementalists/Saved/Config/Windows/Scalability.ini]
[2022.02.25-00.55.49:245][  0]LogConfig: Setting CVar [[r.HairStrands.SkyLighting.IntegrationType:2]]
[2022.02.25-00.55.49:246][  0]LogConfig: Setting CVar [[r.HairStrands.SkyAO.SampleCount:4]]
[2022.02.25-00.55.49:246][  0]LogConfig: Setting CVar [[r.HairStrands.Visibility.MSAA.SamplePerPixel:4]]
[2022.02.25-00.55.49:246][  0]LogInit: Selected Device Profile: [Windows]
[2022.02.25-00.55.49:246][  0]LogInit: Applying CVar settings loaded from the selected device profile: [Windows]
[2022.02.25-00.55.49:246][  0]LogHAL: Display: Platform has ~ 16 GB [17112551424 / 17179869184 / 16], which maps to Larger [LargestMinGB=32, LargerMinGB=12, DefaultMinGB=8, SmallerMinGB=6, SmallestMinGB=0)
[2022.02.25-00.55.49:246][  0]LogInit: Going up to parent DeviceProfile []
[2022.02.25-00.55.49:246][  0]LogConfig: Applying CVar settings from Section [ViewDistanceQuality@3] File [D:/rt/Logipaignion/The_Elementalists/Saved/Config/Windows/Scalability.ini]
[2022.02.25-00.55.49:246][  0]LogConfig: Setting CVar [[r.SkeletalMeshLODBias:0]]
[2022.02.25-00.55.49:246][  0]LogConfig: Setting CVar [[r.ViewDistanceScale:1.0]]
[2022.02.25-00.55.49:246][  0]LogConfig: Applying CVar settings from Section [AntiAliasingQuality@3] File [D:/rt/Logipaignion/The_Elementalists/Saved/Config/Windows/Scalability.ini]
[2022.02.25-00.55.49:246][  0]LogConfig: Setting CVar [[r.PostProcessAAQuality:4]]
[2022.02.25-00.55.49:246][  0]LogConfig: Applying CVar settings from Section [ShadowQuality@3] File [D:/rt/Logipaignion/The_Elementalists/Saved/Config/Windows/Scalability.ini]
[2022.02.25-00.55.49:246][  0]LogConfig: Setting CVar [[r.LightFunctionQuality:1]]
[2022.02.25-00.55.49:246][  0]LogConfig: Setting CVar [[r.ShadowQuality:5]]
[2022.02.25-00.55.49:246][  0]LogConfig: Setting CVar [[r.Shadow.CSM.MaxCascades:10]]
[2022.02.25-00.55.49:246][  0]LogConfig: Setting CVar [[r.Shadow.MaxResolution:2048]]
[2022.02.25-00.55.49:246][  0]LogConfig: Setting CVar [[r.Shadow.MaxCSMResolution:2048]]
[2022.02.25-00.55.49:246][  0]LogConfig: Setting CVar [[r.Shadow.RadiusThreshold:0.01]]
[2022.02.25-00.55.49:246][  0]LogConfig: Setting CVar [[r.Shadow.DistanceScale:1.0]]
[2022.02.25-00.55.49:246][  0]LogConfig: Setting CVar [[r.Shadow.CSM.TransitionScale:1.0]]
[2022.02.25-00.55.49:246][  0]LogConfig: Setting CVar [[r.Shadow.PreShadowResolutionFactor:1.0]]
[2022.02.25-00.55.49:246][  0]LogConfig: Setting CVar [[r.DistanceFieldShadowing:1]]
[2022.02.25-00.55.49:246][  0]LogConfig: Setting CVar [[r.DistanceFieldAO:1]]
[2022.02.25-00.55.49:246][  0]LogConfig: Setting CVar [[r.AOQuality:2]]
[2022.02.25-00.55.49:246][  0]LogConfig: Setting CVar [[r.VolumetricFog:1]]
[2022.02.25-00.55.49:246][  0]LogConfig: Setting CVar [[r.VolumetricFog.GridPixelSize:8]]
[2022.02.25-00.55.49:246][  0]LogConfig: Setting CVar [[r.VolumetricFog.GridSizeZ:128]]
[2022.02.25-00.55.49:246][  0]LogConfig: Setting CVar [[r.VolumetricFog.HistoryMissSupersampleCount:4]]
[2022.02.25-00.55.49:246][  0]LogConfig: Setting CVar [[r.LightMaxDrawDistanceScale:1]]
[2022.02.25-00.55.49:246][  0]LogConfig: Setting CVar [[r.CapsuleShadows:1]]
[2022.02.25-00.55.49:246][  0]LogConfig: Applying CVar settings from Section [PostProcessQuality@3] File [D:/rt/Logipaignion/The_Elementalists/Saved/Config/Windows/Scalability.ini]
[2022.02.25-00.55.49:246][  0]LogConfig: Setting CVar [[r.MotionBlurQuality:4]]
[2022.02.25-00.55.49:246][  0]LogConfig: Setting CVar [[r.AmbientOcclusionMipLevelFactor:0.4]]
[2022.02.25-00.55.49:246][  0]LogConfig: Setting CVar [[r.AmbientOcclusionMaxQuality:100]]
[2022.02.25-00.55.49:246][  0]LogConfig: Setting CVar [[r.AmbientOcclusionLevels:-1]]
[2022.02.25-00.55.49:246][  0]LogConfig: Setting CVar [[r.AmbientOcclusionRadiusScale:1.0]]
[2022.02.25-00.55.49:246][  0]LogConfig: Setting CVar [[r.DepthOfFieldQuality:2]]
[2022.02.25-00.55.49:246][  0]LogConfig: Setting CVar [[r.RenderTargetPoolMin:400]]
[2022.02.25-00.55.49:246][  0]LogConfig: Setting CVar [[r.LensFlareQuality:2]]
[2022.02.25-00.55.49:246][  0]LogConfig: Setting CVar [[r.SceneColorFringeQuality:1]]
[2022.02.25-00.55.49:246][  0]LogConfig: Setting CVar [[r.EyeAdaptationQuality:2]]
[2022.02.25-00.55.49:246][  0]LogConfig: Setting CVar [[r.BloomQuality:5]]
[2022.02.25-00.55.49:246][  0]LogConfig: Setting CVar [[r.FastBlurThreshold:100]]
[2022.02.25-00.55.49:246][  0]LogConfig: Setting CVar [[r.Upscale.Quality:3]]
[2022.02.25-00.55.49:246][  0]LogConfig: Setting CVar [[r.Tonemapper.GrainQuantization:1]]
[2022.02.25-00.55.49:246][  0]LogConfig: Setting CVar [[r.LightShaftQuality:1]]
[2022.02.25-00.55.49:246][  0]LogConfig: Setting CVar [[r.Filter.SizeScale:1]]
[2022.02.25-00.55.49:246][  0]LogConfig: Setting CVar [[r.Tonemapper.Quality:5]]
[2022.02.25-00.55.49:246][  0]LogConfig: Setting CVar [[r.DOF.Gather.AccumulatorQuality:1        ; higher gathering accumulator quality]]
[2022.02.25-00.55.49:246][  0]LogConfig: Setting CVar [[r.DOF.Gather.PostfilterMethod:1          ; Median3x3 postfilering method]]
[2022.02.25-00.55.49:246][  0]LogConfig: Setting CVar [[r.DOF.Gather.EnableBokehSettings:0       ; no bokeh simulation when gathering]]
[2022.02.25-00.55.49:246][  0]LogConfig: Setting CVar [[r.DOF.Gather.RingCount:4                 ; medium number of samples when gathering]]
[2022.02.25-00.55.49:246][  0]LogConfig: Setting CVar [[r.DOF.Scatter.ForegroundCompositing:1    ; additive foreground scattering]]
[2022.02.25-00.55.49:246][  0]LogConfig: Setting CVar [[r.DOF.Scatter.BackgroundCompositing:2    ; additive background scattering]]
[2022.02.25-00.55.49:246][  0]LogConfig: Setting CVar [[r.DOF.Scatter.EnableBokehSettings:1      ; bokeh simulation when scattering]]
[2022.02.25-00.55.49:246][  0]LogConfig: Setting CVar [[r.DOF.Scatter.MaxSpriteRatio:0.1         ; only a maximum of 10% of scattered bokeh]]
[2022.02.25-00.55.49:246][  0]LogConfig: Setting CVar [[r.DOF.Recombine.Quality:1                ; cheap slight out of focus]]
[2022.02.25-00.55.49:246][  0]LogConfig: Setting CVar [[r.DOF.Recombine.EnableBokehSettings:0    ; no bokeh simulation on slight out of focus]]
[2022.02.25-00.55.49:246][  0]LogConfig: Setting CVar [[r.DOF.TemporalAAQuality:1                ; more stable temporal accumulation]]
[2022.02.25-00.55.49:246][  0]LogConfig: Setting CVar [[r.DOF.Kernel.MaxForegroundRadius:0.025]]
[2022.02.25-00.55.49:246][  0]LogConfig: Setting CVar [[r.DOF.Kernel.MaxBackgroundRadius:0.025]]
[2022.02.25-00.55.49:246][  0]LogConfig: Applying CVar settings from Section [TextureQuality@3] File [D:/rt/Logipaignion/The_Elementalists/Saved/Config/Windows/Scalability.ini]
[2022.02.25-00.55.49:246][  0]LogConfig: Setting CVar [[r.Streaming.MipBias:0]]
[2022.02.25-00.55.49:246][  0]LogConfig: Setting CVar [[r.Streaming.AmortizeCPUToGPUCopy:0]]
[2022.02.25-00.55.49:246][  0]LogConfig: Setting CVar [[r.Streaming.MaxNumTexturesToStreamPerFrame:0]]
[2022.02.25-00.55.49:246][  0]LogConfig: Setting CVar [[r.Streaming.Boost:1]]
[2022.02.25-00.55.49:246][  0]LogConfig: Setting CVar [[r.MaxAnisotropy:8]]
[2022.02.25-00.55.49:246][  0]LogConfig: Setting CVar [[r.VT.MaxAnisotropy:8]]
[2022.02.25-00.55.49:246][  0]LogConfig: Setting CVar [[r.Streaming.LimitPoolSizeToVRAM:0]]
[2022.02.25-00.55.49:246][  0]LogConfig: Setting CVar [[r.Streaming.PoolSize:1000]]
[2022.02.25-00.55.49:246][  0]LogConfig: Setting CVar [[r.Streaming.MaxEffectiveScreenSize:0]]
[2022.02.25-00.55.49:246][  0]LogConfig: Applying CVar settings from Section [EffectsQuality@3] File [D:/rt/Logipaignion/The_Elementalists/Saved/Config/Windows/Scalability.ini]
[2022.02.25-00.55.49:246][  0]LogConfig: Setting CVar [[r.TranslucencyLightingVolumeDim:64]]
[2022.02.25-00.55.49:246][  0]LogConfig: Setting CVar [[r.RefractionQuality:2]]
[2022.02.25-00.55.49:246][  0]LogConfig: Setting CVar [[r.SSR.Quality:3]]
[2022.02.25-00.55.49:246][  0]LogConfig: Setting CVar [[r.SSR.HalfResSceneColor:0]]
[2022.02.25-00.55.49:246][  0]LogConfig: Setting CVar [[r.SceneColorFormat:4]]
[2022.02.25-00.55.49:246][  0]LogConfig: Setting CVar [[r.DetailMode:2]]
[2022.02.25-00.55.49:246][  0]LogConfig: Setting CVar [[r.TranslucencyVolumeBlur:1]]
[2022.02.25-00.55.49:246][  0]LogConfig: Setting CVar [[r.MaterialQualityLevel:1 ; High quality]]
[2022.02.25-00.55.49:246][  0]LogConfig: Setting CVar [[r.AnisotropicMaterials:1]]
[2022.02.25-00.55.49:246][  0]LogConfig: Setting CVar [[r.SSS.Scale:1]]
[2022.02.25-00.55.49:246][  0]LogConfig: Setting CVar [[r.SSS.SampleSet:2]]
[2022.02.25-00.55.49:246][  0]LogConfig: Setting CVar [[r.SSS.Quality:1]]
[2022.02.25-00.55.49:246][  0]LogConfig: Setting CVar [[r.SSS.HalfRes:0]]
[2022.02.25-00.55.49:246][  0]LogConfig: Setting CVar [[r.SSGI.Quality:3]]
[2022.02.25-00.55.49:246][  0]LogConfig: Setting CVar [[r.EmitterSpawnRateScale:1.0]]
[2022.02.25-00.55.49:246][  0]LogConfig: Setting CVar [[r.ParticleLightQuality:2]]
[2022.02.25-00.55.49:246][  0]LogConfig: Setting CVar [[r.SkyAtmosphere.AerialPerspectiveLUT.FastApplyOnOpaque:1 ; Always have FastSkyLUT 1 in this case to avoid wrong sky]]
[2022.02.25-00.55.49:246][  0]LogConfig: Setting CVar [[r.SkyAtmosphere.AerialPerspectiveLUT.SampleCountMaxPerSlice:4]]
[2022.02.25-00.55.49:246][  0]LogConfig: Setting CVar [[r.SkyAtmosphere.AerialPerspectiveLUT.DepthResolution:16.0]]
[2022.02.25-00.55.49:246][  0]LogConfig: Setting CVar [[r.SkyAtmosphere.FastSkyLUT:1]]
[2022.02.25-00.55.49:246][  0]LogConfig: Setting CVar [[r.SkyAtmosphere.FastSkyLUT.SampleCountMin:4.0]]
[2022.02.25-00.55.49:246][  0]LogConfig: Setting CVar [[r.SkyAtmosphere.FastSkyLUT.SampleCountMax:128.0]]
[2022.02.25-00.55.49:246][  0]LogConfig: Setting CVar [[r.SkyAtmosphere.SampleCountMin:4.0]]
[2022.02.25-00.55.49:247][  0]LogConfig: Setting CVar [[r.SkyAtmosphere.SampleCountMax:128.0]]
[2022.02.25-00.55.49:247][  0]LogConfig: Setting CVar [[r.SkyAtmosphere.TransmittanceLUT.UseSmallFormat:0]]
[2022.02.25-00.55.49:247][  0]LogConfig: Setting CVar [[r.SkyAtmosphere.TransmittanceLUT.SampleCount:10.0]]
[2022.02.25-00.55.49:247][  0]LogConfig: Setting CVar [[r.SkyAtmosphere.MultiScatteringLUT.SampleCount:15.0]]
[2022.02.25-00.55.49:247][  0]LogConfig: Setting CVar [[r.SkyLight.RealTimeReflectionCapture:1]]
[2022.02.25-00.55.49:247][  0]LogConfig: Applying CVar settings from Section [FoliageQuality@3] File [D:/rt/Logipaignion/The_Elementalists/Saved/Config/Windows/Scalability.ini]
[2022.02.25-00.55.49:247][  0]LogConfig: Setting CVar [[foliage.DensityScale:1.0]]
[2022.02.25-00.55.49:247][  0]LogConfig: Setting CVar [[grass.DensityScale:1.0]]
[2022.02.25-00.55.49:247][  0]LogConfig: Applying CVar settings from Section [ShadingQuality@3] File [D:/rt/Logipaignion/The_Elementalists/Saved/Config/Windows/Scalability.ini]
[2022.02.25-00.55.49:247][  0]LogConfig: Setting CVar [[r.HairStrands.SkyLighting.IntegrationType:2]]
[2022.02.25-00.55.49:247][  0]LogConfig: Setting CVar [[r.HairStrands.SkyAO.SampleCount:4]]
[2022.02.25-00.55.49:247][  0]LogConfig: Setting CVar [[r.HairStrands.Visibility.MSAA.SamplePerPixel:4]]
[2022.02.25-00.55.49:247][  0]LogConfig: Applying CVar settings from Section [Startup] File [../../../Engine/Config/ConsoleVariables.ini]
[2022.02.25-00.55.49:247][  0]LogConfig: Setting CVar [[net.UseAdaptiveNetUpdateFrequency:0]]
[2022.02.25-00.55.49:247][  0]LogConfig: Setting CVar [[p.chaos.AllowCreatePhysxBodies:1]]
[2022.02.25-00.55.49:247][  0]LogConfig: Setting CVar [[fx.SkipVectorVMBackendOptimizations:1]]
[2022.02.25-00.55.49:247][  0]LogConfig: Applying CVar settings from Section [ConsoleVariables] File [D:/rt/Logipaignion/The_Elementalists/Saved/Config/Windows/Engine.ini]
[2022.02.25-00.55.49:247][  0]LogConfig: Applying CVar settings from Section [ConsoleVariables] File [D:/rt/Logipaignion/The_Elementalists/Saved/Config/Windows/Editor.ini]
[2022.02.25-00.55.49:247][  0]LogInit: Computer: DESKTOP-7U3OGSV
[2022.02.25-00.55.49:247][  0]LogInit: User: hbnm
[2022.02.25-00.55.49:247][  0]LogInit: CPU Page size=4096, Cores=4
[2022.02.25-00.55.49:247][  0]LogInit: High frequency timer resolution =10.000000 MHz
[2022.02.25-00.55.49:247][  0]LogMemory: Memory total: Physical=15.9GB (16GB approx)
[2022.02.25-00.55.49:247][  0]LogMemory: Platform Memory Stats for Windows
[2022.02.25-00.55.49:247][  0]LogMemory: Process Physical Memory: 143.94 MB used, 143.94 MB peak
[2022.02.25-00.55.49:247][  0]LogMemory: Process Virtual Memory: 122.35 MB used, 122.35 MB peak
[2022.02.25-00.55.49:247][  0]LogMemory: Physical Memory: 13535.12 MB used,  2784.68 MB free, 16319.80 MB total
[2022.02.25-00.55.49:247][  0]LogMemory: Virtual Memory: 134211712.00 MB used,  6014.29 MB free, 134217728.00 MB total
[2022.02.25-00.55.49:251][  0]LogWindows: WindowsPlatformFeatures enabled
[2022.02.25-00.55.49:284][  0]LogInit: Physics initialised using underlying interface: PhysX
[2022.02.25-00.55.49:285][  0]LogInit: Using OS detected language (en-US).
[2022.02.25-00.55.49:285][  0]LogInit: Using OS detected locale (en-CY).
[2022.02.25-00.55.49:287][  0]LogTextLocalizationManager: No specific localization for 'en-US' exists, so the 'en' localization will be used.
[2022.02.25-00.55.49:475][  0]LogInit: Setting process to per monitor DPI aware
[2022.02.25-00.55.49:484][  0]LogWindowsTextInputMethodSystem: Display: IME system deactivated.
[2022.02.25-00.55.49:496][  0]LogSlate: New Slate User Created.  User Index 0, Is Virtual User: 0
[2022.02.25-00.55.49:496][  0]LogSlate: Slate User Registered.  User Index 0, Is Virtual User: 0
[2022.02.25-00.55.49:607][  0]LogD3D11RHI: Loaded GFSDK_Aftermath_Lib.x64.dll
[2022.02.25-00.55.49:609][  0]LogHMD: Failed to initialize OpenVR with code 110
[2022.02.25-00.55.49:609][  0]LogD3D11RHI: D3D11 min allowed feature level: 11_0
[2022.02.25-00.55.49:609][  0]LogD3D11RHI: D3D11 max allowed feature level: 11_0
[2022.02.25-00.55.49:609][  0]LogD3D11RHI: D3D11 adapters:
[2022.02.25-00.55.49:704][  0]LogD3D11RHI:    0. 'NVIDIA GeForce GTX 1650 SUPER' (Feature Level 11_0)
[2022.02.25-00.55.49:704][  0]LogD3D11RHI:       3955/0/8159 MB DedicatedVideo/DedicatedSystem/SharedSystem, Outputs:2, VendorId:0x10de
[2022.02.25-00.55.49:706][  0]LogD3D11RHI:    1. 'Microsoft Basic Render Driver' (Feature Level 11_0)
[2022.02.25-00.55.49:706][  0]LogD3D11RHI:       0/0/8159 MB DedicatedVideo/DedicatedSystem/SharedSystem, Outputs:0, VendorId:0x1414
[2022.02.25-00.55.49:706][  0]LogD3D11RHI: Chosen D3D11 Adapter:
[2022.02.25-00.55.49:706][  0]LogD3D11RHI:     Description : NVIDIA GeForce GTX 1650 SUPER
[2022.02.25-00.55.49:706][  0]LogD3D11RHI:     VendorId    : 10de
[2022.02.25-00.55.49:706][  0]LogD3D11RHI:     DeviceId    : 2187
[2022.02.25-00.55.49:706][  0]LogD3D11RHI:     SubSysId    : 401a1458
[2022.02.25-00.55.49:706][  0]LogD3D11RHI:     Revision    : 00a1
[2022.02.25-00.55.49:706][  0]LogD3D11RHI:     DedicatedVideoMemory : 4147118080 bytes
[2022.02.25-00.55.49:706][  0]LogD3D11RHI:     DedicatedSystemMemory : 0 bytes
[2022.02.25-00.55.49:706][  0]LogD3D11RHI:     SharedSystemMemory : 8556275712 bytes
[2022.02.25-00.55.49:706][  0]LogD3D11RHI:     AdapterLuid : 0 42794
[2022.02.25-00.55.49:717][  0]LogD3D11RHI: Creating new Direct3DDevice
[2022.02.25-00.55.49:717][  0]LogD3D11RHI:     GPU DeviceId: 0x2187 (for the marketing name, search the web for "GPU Device Id")
[2022.02.25-00.55.49:717][  0]LogWindows: EnumDisplayDevices:
[2022.02.25-00.55.49:717][  0]LogWindows:    0. 'NVIDIA GeForce GTX 1650 SUPER' (P:1 D:1)
[2022.02.25-00.55.49:717][  0]LogWindows:    1. 'NVIDIA GeForce GTX 1650 SUPER' (P:0 D:1)
[2022.02.25-00.55.49:717][  0]LogWindows:    2. 'NVIDIA GeForce GTX 1650 SUPER' (P:0 D:0)
[2022.02.25-00.55.49:717][  0]LogWindows:    3. 'NVIDIA GeForce GTX 1650 SUPER' (P:0 D:0)
[2022.02.25-00.55.49:718][  0]LogWindows: DebugString: FoundDriverCount:4 
[2022.02.25-00.55.49:718][  0]LogD3D11RHI:     Adapter Name: NVIDIA GeForce GTX 1650 SUPER
[2022.02.25-00.55.49:718][  0]LogD3D11RHI:   Driver Version: 472.12 (internal:30.0.14.7212, unified:472.12)
[2022.02.25-00.55.49:718][  0]LogD3D11RHI:      Driver Date: 9-13-2021
[2022.02.25-00.55.49:718][  0]LogRHI: Texture pool is 2768 MB (70% of 3955 MB)
[2022.02.25-00.55.49:718][  0]LogD3D11RHI: Creating D3DDevice using adapter:
[2022.02.25-00.55.49:718][  0]LogD3D11RHI:     Description : NVIDIA GeForce GTX 1650 SUPER
[2022.02.25-00.55.49:718][  0]LogD3D11RHI:     VendorId    : 10de
[2022.02.25-00.55.49:718][  0]LogD3D11RHI:     DeviceId    : 2187
[2022.02.25-00.55.49:718][  0]LogD3D11RHI:     SubSysId    : 401a1458
[2022.02.25-00.55.49:718][  0]LogD3D11RHI:     Revision    : 00a1
[2022.02.25-00.55.49:718][  0]LogD3D11RHI:     DedicatedVideoMemory : 4147118080 bytes
[2022.02.25-00.55.49:718][  0]LogD3D11RHI:     DedicatedSystemMemory : 0 bytes
[2022.02.25-00.55.49:718][  0]LogD3D11RHI:     SharedSystemMemory : 8556275712 bytes
[2022.02.25-00.55.49:718][  0]LogD3D11RHI:     AdapterLuid : 0 42794
[2022.02.25-00.55.49:789][  0]LogD3D11RHI: RHI has support for 64 bit atomics
[2022.02.25-00.55.49:789][  0]LogD3D11RHI: Async texture creation enabled
[2022.02.25-00.55.49:789][  0]LogD3D11RHI: Array index from any shader is supported
[2022.02.25-00.55.49:812][  0]LogD3D11RHI: GPU Timing Frequency: 1000.000000 (Debug: 2 1)
[2022.02.25-00.55.49:844][  0]LogRHI: GeForceNow SDK initialized: 1
[2022.02.25-00.55.50:029][  0]LogTargetPlatformManager: Display: Loaded TargetPlatform 'AllDesktop'
[2022.02.25-00.55.50:047][  0]LogTargetPlatformManager: Display: Loaded TargetPlatform 'Android'
[2022.02.25-00.55.50:047][  0]LogTargetPlatformManager: Display: Loaded TargetPlatform 'Android_ASTC'
[2022.02.25-00.55.50:047][  0]LogTargetPlatformManager: Display: Loaded TargetPlatform 'Android_DXT'
[2022.02.25-00.55.50:047][  0]LogTargetPlatformManager: Display: Loaded TargetPlatform 'Android_ETC2'
[2022.02.25-00.55.50:047][  0]LogTargetPlatformManager: Display: Loaded TargetPlatform 'AndroidClient'
[2022.02.25-00.55.50:047][  0]LogTargetPlatformManager: Display: Loaded TargetPlatform 'Android_ASTCClient'
[2022.02.25-00.55.50:047][  0]LogTargetPlatformManager: Display: Loaded TargetPlatform 'Android_DXTClient'
[2022.02.25-00.55.50:047][  0]LogTargetPlatformManager: Display: Loaded TargetPlatform 'Android_ETC2Client'
[2022.02.25-00.55.50:047][  0]LogTargetPlatformManager: Display: Loaded TargetPlatform 'Android_Multi'
[2022.02.25-00.55.50:047][  0]LogTargetPlatformManager: Display: Loaded TargetPlatform 'Android_MultiClient'
[2022.02.25-00.55.50:061][  0]LogTargetPlatformManager: Display: Loaded TargetPlatform 'IOSClient'
[2022.02.25-00.55.50:061][  0]LogTargetPlatformManager: Display: Loaded TargetPlatform 'IOS'
[2022.02.25-00.55.50:069][  0]LogTargetPlatformManager: Display: Loaded TargetPlatform 'Linux'
[2022.02.25-00.55.50:072][  0]LogTargetPlatformManager: Display: Loaded TargetPlatform 'LinuxNoEditor'
[2022.02.25-00.55.50:076][  0]LogTargetPlatformManager: Display: Loaded TargetPlatform 'LinuxClient'
[2022.02.25-00.55.50:080][  0]LogTargetPlatformManager: Display: Loaded TargetPlatform 'LinuxServer'
[2022.02.25-00.55.50:089][  0]LogTargetPlatformManager: Display: Loaded TargetPlatform 'LinuxAArch64NoEditor'
[2022.02.25-00.55.50:093][  0]LogTargetPlatformManager: Display: Loaded TargetPlatform 'LinuxAArch64Client'
[2022.02.25-00.55.50:096][  0]LogTargetPlatformManager: Display: Loaded TargetPlatform 'LinuxAArch64Server'
[2022.02.25-00.55.50:123][  0]LogTargetPlatformManager: Display: Loaded TargetPlatform 'Lumin'
[2022.02.25-00.55.50:123][  0]LogTargetPlatformManager: Display: Loaded TargetPlatform 'LuminClient'
[2022.02.25-00.55.50:130][  0]LogTargetPlatformManager: Display: Loaded TargetPlatform 'MacNoEditor'
[2022.02.25-00.55.50:134][  0]LogTargetPlatformManager: Display: Loaded TargetPlatform 'Mac'
[2022.02.25-00.55.50:137][  0]LogTargetPlatformManager: Display: Loaded TargetPlatform 'MacClient'
[2022.02.25-00.55.50:141][  0]LogTargetPlatformManager: Display: Loaded TargetPlatform 'MacServer'
[2022.02.25-00.55.50:149][  0]LogTargetPlatformManager: Display: Loaded TargetPlatform 'TVOSClient'
[2022.02.25-00.55.50:149][  0]LogTargetPlatformManager: Display: Loaded TargetPlatform 'TVOS'
[2022.02.25-00.55.50:158][  0]LogTargetPlatformManager: Display: Loaded TargetPlatform 'WindowsNoEditor'
[2022.02.25-00.55.50:164][  0]LogTargetPlatformManager: Display: Loaded TargetPlatform 'Windows'
[2022.02.25-00.55.50:168][  0]LogTargetPlatformManager: Display: Loaded TargetPlatform 'WindowsClient'
[2022.02.25-00.55.50:171][  0]LogTargetPlatformManager: Display: Loaded TargetPlatform 'WindowsServer'
[2022.02.25-00.55.50:171][  0]LogTargetPlatformManager: Display: Building Assets For Windows
[2022.02.25-00.55.50:176][  0]LogAudioDebug: Display: Lib vorbis DLL was dynamically loaded.
[2022.02.25-00.55.50:200][  0]LogTextureFormatOodle: Display: Oodle Texture 2.9.0 init RDO Off
[2022.02.25-00.55.50:223][  0]LogRendererCore: Ray tracing is disabled. Reason: r.RayTracing=0.
[2022.02.25-00.55.50:224][  0]LogShaderCompilers: Guid format shader working directory is 8 characters bigger than the processId version (D:/rt/Logipaignion/The_Elementalists/Intermediate/Shaders/WorkingDirectory/81348/).
[2022.02.25-00.55.50:224][  0]LogShaderCompilers: Cleaned the shader compiler working directory 'C:/Users/hbnm/AppData/Local/Temp/UnrealShaderWorkingDir/BC3BEF794E3FCF7D080279B9654C6BAD/'.
[2022.02.25-00.55.50:224][  0]LogXGEController: Cannot use XGE Controller as Incredibuild is not installed on this machine.
[2022.02.25-00.55.50:224][  0]LogShaderCompilers: Cannot use XGE Shader Compiler as Incredibuild is not installed on this machine.
[2022.02.25-00.55.50:224][  0]LogShaderCompilers: Display: Using Local Shader Compiler.
[2022.02.25-00.55.50:916][  0]LogDerivedDataCache: Display: Max Cache Size: 512 MB
[2022.02.25-00.55.50:962][  0]LogDerivedDataCache: Loaded boot cache 0.05s 94MB C:/Users/hbnm/AppData/Local/UnrealEngine/4.27/DerivedDataCache/Boot.ddc.
[2022.02.25-00.55.50:963][  0]LogDerivedDataCache: Display: Loaded Boot cache: C:/Users/hbnm/AppData/Local/UnrealEngine/4.27/DerivedDataCache/Boot.ddc
[2022.02.25-00.55.50:963][  0]LogDerivedDataCache: FDerivedDataBackendGraph:  Pak pak cache file D:/rt/Logipaignion/The_Elementalists/DerivedDataCache/DDC.ddp not found, will not use a pak cache.
[2022.02.25-00.55.50:963][  0]LogDerivedDataCache: Unable to find inner node Pak for hierarchical cache Hierarchy.
[2022.02.25-00.55.50:963][  0]LogDerivedDataCache: FDerivedDataBackendGraph:  CompressedPak pak cache file D:/rt/Logipaignion/The_Elementalists/DerivedDataCache/Compressed.ddp not found, will not use a pak cache.
[2022.02.25-00.55.50:963][  0]LogDerivedDataCache: Unable to find inner node CompressedPak for hierarchical cache Hierarchy.
[2022.02.25-00.55.50:977][  0]LogDerivedDataCache: Display: Pak cache opened for reading ../../../Engine/DerivedDataCache/Compressed.ddp.
[2022.02.25-00.55.50:977][  0]LogDerivedDataCache: FDerivedDataBackendGraph:  EnterprisePak pak cache file ../../../Enterprise/DerivedDataCache/Compressed.ddp not found, will not use a pak cache.
[2022.02.25-00.55.50:977][  0]LogDerivedDataCache: Unable to find inner node EnterprisePak for hierarchical cache Hierarchy.
[2022.02.25-00.55.50:983][  0]LogDerivedDataCache: Speed tests for C:/Users/hbnm/AppData/Local/UnrealEngine/Common/DerivedDataCache took 0.01 seconds
[2022.02.25-00.55.50:983][  0]LogDerivedDataCache: Display: Performance to C:/Users/hbnm/AppData/Local/UnrealEngine/Common/DerivedDataCache: Latency=0.02ms. RandomReadSpeed=1898.48MBs, RandomWriteSpeed=217.81MBs. Assigned SpeedClass 'Local'
[2022.02.25-00.55.50:983][  0]LogDerivedDataCache: Using Local data cache path C:/Users/hbnm/AppData/Local/UnrealEngine/Common/DerivedDataCache: Writable
[2022.02.25-00.55.50:983][  0]LogDerivedDataCache: Shared data cache path not found in *engine.ini, will not use an Shared cache.
[2022.02.25-00.55.50:983][  0]LogDerivedDataCache: Unable to find inner node Shared for hierarchical cache Hierarchy.
[2022.02.25-00.55.51:028][  0]LogSlate: Using FreeType 2.10.0
[2022.02.25-00.55.51:028][  0]LogSlate: SlateFontServices - WITH_FREETYPE: 1, WITH_HARFBUZZ: 1
[2022.02.25-00.55.51:047][  0]LogAssetRegistry: FAssetRegistry took 0.0022 seconds to start up
[2022.02.25-00.55.51:253][  0]LogInit: Selected Device Profile: [Windows]
[2022.02.25-00.55.51:253][  0]LogInit: Active device profile: [000001E2FDC22D00][000001E2FE8CB180 49] Windows
[2022.02.25-00.55.51:253][  0]LogInit: Profiles: [000001E2FDC22D00][000001E2FE8CB180 49] Windows, [000001E2FDBCA800][000001E2FE8D3300 49] WindowsNoEditor, [000001E2FDC21100][000001E2FE8D7480 49] WindowsServer, [000001E2FDBCA900][000001E2FE8DB600 49] WindowsClient, [000001E2FDC22800][000001E2FE8DF780 49] IOS, [000001E2FDC21200][000001E2FE8E3900 49] iPadAir, [000001E2FDBB2100][000001E2FE8E7A80 49] iPadAir2, [000001E2FDB68D00][000001E2FE8EE1C0 49] IPadPro, [000001E2FDB68E00][000001E2FE8EA200 49] iPadAir3, [000001E2FDBB0600][000001E2FE8F2380 49] iPadAir4, [000001E2FDB68200][000001E2FE8F6500 49] iPadMini2, [000001E2FDBB3800][000001E2FE8FA680 49] iPadMini3, [000001E2FDB6AE00][000001E2FE8CE7C0 49] iPadMini4, [000001E2FDBB2000][000001E2FE8FE900 49] iPadMini5, [000001E2FDBCBD00][000001E2FE906B40 49] iPhone6, [000001E2FDBCBC00][000001E2FE902B80 49] iPodTouch6, [000001E2FDB68900][000001E2FE912E40 49] iPhone7, [000001E2FDB6B600][000001E2FE90EE80 49] iPodTouch7, [000001E2FDBC9600][000001E2FE917000 49] iPhone5S, [000001E2FDB69600][000001E2FE91B180 49] iPhone6Plus, [000001E2FDBCB400][000001E2FE91F300 49] iPhone6S, [000001E2FDB69400][000001E2FE923480 49] iPhone6SPlus, [000001E2FDBCA300][000001E2FE927600 49] iPhone7Plus, [000001E2FDB6A100][000001E2FE92B780 49] iPhoneSE, [000001E2FDBCA500][000001E2FE92F900 49] iPhone8, [000001E2FDB68B00][000001E2FE933A80 49] iPhone8Plus, [000001E2FDBC8900][000001E2FE937C00 49] iPhoneX, [000001E2FDB6A800][000001E2FE93A200 49] iPhoneXS, [000001E2FDBC8200][000001E2FE93E380 49] iPhoneXSMax, [000001E2FDB68100][000001E2FE942500 49] iPhoneXR, [000001E2FDBCB500][000001E2FE946680 49] iPhone11, [000001E2FDB6B100][000001E2FE94A800 49] iPhone11Pro, [000001E2FDBCB900][000001E2FE90A940 49] iPhone11ProMax, [000001E2FDB6BD00][000001E2FE94EA80 49] iPhoneSE2, [000001E2FDBCBB00][000001E2FE952BC0 49] iPhone12Mini, [000001E2FDB6AF00][000001E2FE956D00 49] iPhone12, [000001E2FDBC8D00][000001E2FE95EE80 49] iPhone12Pro, [000001E2FDB6A900][000001E2FE963000 49] iPhone12ProMax, [000001E2FDBC8400][000001E2FE967180 49] iPadPro105, [000001E2FDB6A500][000001E2FE96B300 49] iPadPro129, [000001E2FDBC8100][000001E2FE96F480 49] iPadPro97, [000001E2FDB6A700][000001E2FE973600 49] iPadPro2_129, [000001E2FDBC8600][000001E2FE977780 49] iPad5, [000001E2FDB6AC00][000001E2FE97B900 49] iPad6, [000001E2FDBC8E00][000001E2FE97FA80 49] iPad7, [000001E2FDB69500][000001E2FE983C00 49] iPad8, [000001E2FDBCB700][000001E2FE986200 49] iPadPro11, [000001E2FDB6BC00][000001E2FE98A380 49] iPadPro2_11, [000001E2FDBCB200][000001E2FE98E500 49] iPadPro3_129, [000001E2FDB6A200][000001E2FE992680 49] iPadPro4_129, [000001E2FDBC9F00][000001E2FE996800 49] AppleTV, [000001E2FDB69A00][000001E2FE99A980 49] AppleTV4K, [000001E2FDBC9A00][000001E2FE99EB00 49] TVOS, [000001E2FDB68F00][000001E2FE95AC40 49] Mac, [000001E2FDBCA200][000001E2FE9A2D80 49] MacClient, [000001E2FDB69700][000001E2FE9A6EC0 49] MacNoEditor, [000001E2FDBCBE00][000001E2FE9AF040 49] MacServer, [000001E2FDB6B400][000001E2FE9B31C0 49] Linux, [000001E2FDBCAB00][000001E2FE9B7340 49] LinuxAArch64, [000001E2FDB6B200][000001E2FE9BB4C0 49] LinuxNoEditor, [000001E2FDBCB000][000001E2FE9BF640 49] LinuxAArch64NoEditor, [000001E2FDB69E00][000001E2FE9C37C0 49] LinuxClient, [000001E2FDBCB600][000001E2FE9C7940 49] LinuxAArch64Client, [000001E2FDB68300][000001E2FE9CBAC0 49] LinuxServer, [000001E2FDBC9200][000001E2FE9E00C0 49] LinuxAArch64Server, [000001E2FDB6A000][000001E2FE9E4240 49] Android, [000001E2FDBB0200][000001E2FE9E83C0 49] Android_Low, [000001E2FDC21E00][000001E2FE9EC540 49] Android_Mid, [000001E2FDBB3000][000001E2FE9F06C0 49] Android_High, [000001E2FDC22900][000001E2FE9F4840 49] Android_Default, [000001E2FDBB1700][000001E2FE9F89C0 49] Android_Adreno4xx, [000001E2FDC20700][000001E2FE9FCB40 49] Android_Adreno5xx_Low, [000001E2FDBB0D00][000001E2FEA00CC0 49] Android_Adreno5xx, [000001E2FDC21300][000001E2FE9AAE00 49] Android_Adreno6xx, [000001E2FDBB1000][000001E2FEA04F40 49] Android_Adreno6xx_Vulkan, [000001E2FDC20100][000001E2FEA09080 49] Android_Mali_T6xx, [000001E2FDBB2E00][000001E2FEA0D1C0 49] Android_Mali_T7xx, [000001E2FDC22500][000001E2FEA15340 49] Android_Mali_T8xx, [000001E2FDBB3E00][000001E2FEA194C0 49] Android_Mali_G71, [000001E2FDC23000][000001E2FEA1D640 49] Android_Mali_G72, [000001E2FDBB3500][000001E2FEA217C0 49] Android_Mali_G72_Vulkan, [000001E2FDC20B00][000001E2FEA25940 49] Android_Mali_G76, [000001E2FDBB0C00][000001E2FEA29AC0 49] Android_Mali_G76_Vulkan, [000001E2FDC22B00][000001E2FEA2C0C0 49] Android_Mali_G77, [000001E2FDBB1600][000001E2FEA30240 49] Android_Mali_G77_Vulkan, [000001E2FDC22100][000001E2FEA343C0 49] Android_Mali_G78, [000001E2FDBB3600][000001E2FEA38540 49] Android_Mali_G78_Vulkan, [000001E2FDC21600][000001E2FEA3C6C0 49] Android_Mali_G710, [000001E2FDBB0F00][000001E2FEA40840 49] Android_Mali_G710_Vulkan, [000001E2FDC21700][000001E2FEA449C0 49] Android_Vulkan_SM5, [000001E2FDBB2600][000001E2FEA48B40 49] Android_PowerVR_G6xxx, [000001E2FDC20600][000001E2FEA4CCC0 49] Android_PowerVR_GT7xxx, [000001E2FDBB2500][000001E2FEA50E40 49] Android_PowerVR_GE8xxx, [000001E2FDC22C00][000001E2FEA10F80 49] Android_PowerVR_GM9xxx, [000001E2FDB6B300][000001E2FEA550C0 49] Android_PowerVR_GM9xxx_Vulkan, [000001E2FDC21C00][000001E2FEA59200 49] Android_TegraK1, [000001E2FDB68800][000001E2FEA5D340 49] Android_Unknown_Vulkan, [000001E2FDC20900][000001E2FEA654C0 49] Lumin, [000001E2FDB69000][000001E2FEA69640 49] Lumin_Desktop, [000001E2FDC23200][000001E2FEA6D7C0 49] HoloLens, 
[2022.02.25-00.55.51:361][  0]LogMeshReduction: Using QuadricMeshReduction for automatic static mesh reduction
[2022.02.25-00.55.51:361][  0]LogMeshReduction: Using SimplygonMeshReduction for automatic skeletal mesh reduction
[2022.02.25-00.55.51:361][  0]LogMeshReduction: Using ProxyLODMeshReduction for automatic mesh merging
[2022.02.25-00.55.51:361][  0]LogMeshReduction: No distributed automatic mesh merging module available
[2022.02.25-00.55.51:361][  0]LogMeshMerging: No distributed automatic mesh merging module available
[2022.02.25-00.55.51:375][  0]LogNetVersion: The_Elementalists 1.0.0, NetCL: 17155196, EngineNetVer: 17, GameNetVer: 0 (Checksum: 2215583078)
[2022.02.25-00.55.51:706][  0]LogTexture: Default maximum texture size for cubemaps generated from long-lat sources has been changed from 512 to unlimited. In order to preserve old behaiour for '/Engine/MapTemplates/Sky/DaylightAmbientCubemap.DaylightAmbientCubemap', its maximum texture size has been explicitly set to 512.
[2022.02.25-00.55.51:755][  0]LogHMD: PokeAHoleMaterial loaded successfully
[2022.02.25-00.55.51:760][  0]LogUObjectArray: 17178 objects as part of root set at end of initial load.
[2022.02.25-00.55.51:760][  0]LogUObjectAllocator: 4301856 out of 0 bytes used by permanent object pool.
[2022.02.25-00.55.51:760][  0]LogUObjectArray: CloseDisregardForGC: 0/0 objects in disregard for GC pool
[2022.02.25-00.55.51:877][  0]LogNiagaraDebuggerClient: Niagara Debugger Client Initialized | Session: 87F136D342204A938E5AE4AC2C4369BC | Instance: 97BAC493449011B855B95C9ED8B39BD0 (DESKTOP-7U3OGSV-81348).
[2022.02.25-00.55.51:892][  0]LogImageWrapper: Warning: PNG Warning: Duplicate iCCP chunk
[2022.02.25-00.55.51:892][  0]LogImageWrapper: Warning: PNG Warning: Duplicate iCCP chunk
[2022.02.25-00.55.51:987][  0]LogPython: Using Python 3.7.7
[2022.02.25-00.55.52:538][  0]LogTcpMessaging: Initializing TcpMessaging bridge
[2022.02.25-00.55.52:541][  0]LogUdpMessaging: Initializing bridge on interface 0.0.0.0:0 to multicast group 230.0.0.1:6666.
[2022.02.25-00.55.54:558][  0]LogOpenImageDenoise: OIDN starting up
[2022.02.25-00.55.54:589][  0]SourceControl: Source control is disabled
[2022.02.25-00.55.54:589][  0]SourceControl: Source control is disabled
[2022.02.25-00.55.54:591][  0]SourceControl: Source control is disabled
[2022.02.25-00.55.54:593][  0]SourceControl: Source control is disabled
[2022.02.25-00.55.54:596][  0]SourceControl: Source control is disabled
[2022.02.25-00.55.54:603][  0]LogUProjectInfo: Found projects:
[2022.02.25-00.55.54:618][  0]LogAndroidPermission: UAndroidPermissionCallbackProxy::GetInstance
[2022.02.25-00.55.54:635][  0]LogAudioCaptureCore: Display: No Audio Capture implementations found. Audio input will be silent.
[2022.02.25-00.55.54:635][  0]LogAudioCaptureCore: Display: No Audio Capture implementations found. Audio input will be silent.
[2022.02.25-00.55.54:730][  0]LogCollectionManager: Loaded 0 collections in 0.001294 seconds
[2022.02.25-00.55.54:749][  0]LogFileCache: Scanning file cache for directory 'D:/rt/Logipaignion/The_Elementalists/Saved/Collections/' took 0.00s
[2022.02.25-00.55.54:749][  0]LogFileCache: Scanning file cache for directory 'D:/rt/Logipaignion/The_Elementalists/Content/Developers/hbnm/Collections/' took 0.00s
[2022.02.25-00.55.54:749][  0]LogFileCache: Scanning file cache for directory 'D:/rt/Logipaignion/The_Elementalists/Content/Collections/' took 0.00s
[2022.02.25-00.55.54:749][  0]LogOcInput: OculusInput pre-init called
[2022.02.25-00.55.54:882][  0]LogImageWrapper: Warning: PNG Warning: Duplicate iCCP chunk
[2022.02.25-00.55.54:882][  0]LogImageWrapper: Warning: PNG Warning: Duplicate iCCP chunk
[2022.02.25-00.55.54:948][  0]LogEngine: Initializing Engine...
[2022.02.25-00.55.54:950][  0]LogHMD: Failed to enumerate extensions. Please check that you have a valid OpenXR runtime installed.
[2022.02.25-00.55.54:950][  0]LogHMD: Failed to initialize OpenVR with code 110
[2022.02.25-00.55.54:950][  0]LogMagicLeap: Warning: VR disabled because ZI is not enabled.  To enable, in the editor, Edit -> Project Settings -> Plugins -> Magic Leap Plugin -> Enable Zero Iteration
[2022.02.25-00.55.54:951][  0]LogStats: UGameplayTagsManager::InitializeManager -  0.000 s
[2022.02.25-00.55.55:052][  0]LogInit: Initializing FReadOnlyCVARCache
[2022.02.25-00.55.55:058][  0]LogAIModule: Creating AISystem for world Untitled
[2022.02.25-00.55.55:065][  0]LogAudio: Display: Initializing Audio Device Manager...
[2022.02.25-00.55.55:067][  0]LogAudio: Display: Loading Default Audio Settings Objects...
[2022.02.25-00.55.55:068][  0]LogAudio: Display: No default SoundConcurrencyObject specified (or failed to load).
[2022.02.25-00.55.55:068][  0]LogAudio: Display: Audio Device Manager Initialized
[2022.02.25-00.55.55:068][  0]LogAudio: Display: Creating Audio Device:                 Id: 1, Scope: Shared, Realtime: True
[2022.02.25-00.55.55:068][  0]LogAudioMixer: Display: Audio Mixer Platform Settings:
[2022.02.25-00.55.55:068][  0]LogAudioMixer: Display: 	Sample Rate:						  48000
[2022.02.25-00.55.55:068][  0]LogAudioMixer: Display: 	Callback Buffer Frame Size Requested: 1024
[2022.02.25-00.55.55:068][  0]LogAudioMixer: Display: 	Callback Buffer Frame Size To Use:	  1024
[2022.02.25-00.55.55:068][  0]LogAudioMixer: Display: 	Number of buffers to queue:			  2
[2022.02.25-00.55.55:068][  0]LogAudioMixer: Display: 	Max Channels (voices):				  32
[2022.02.25-00.55.55:068][  0]LogAudioMixer: Display: 	Number of Async Source Workers:		  0
[2022.02.25-00.55.55:068][  0]LogAudio: Display: AudioDevice MaxSources: 32
[2022.02.25-00.55.55:068][  0]LogAudio: Display: Audio Spatialization Plugin: None (built-in).
[2022.02.25-00.55.55:068][  0]LogAudio: Display: Audio Reverb Plugin: None (built-in).
[2022.02.25-00.55.55:068][  0]LogAudio: Display: Audio Occlusion Plugin: None (built-in).
[2022.02.25-00.55.55:068][  0]LogAudioMixer: Display: Initializing audio mixer.
[2022.02.25-00.55.55:077][  0]LogAudioMixer: Display: 0: FrontLeft
[2022.02.25-00.55.55:077][  0]LogAudioMixer: Display: 1: FrontRight
[2022.02.25-00.55.55:088][  0]LogAudioMixer: Display: Using Audio Device Speakers (2- USB Audio Device)
[2022.02.25-00.55.55:091][  0]LogAudioMixer: Display: Initializing Sound Submixes...
[2022.02.25-00.55.55:092][  0]LogAudioMixer: Display: Creating Master Submix 'MasterSubmixDefault'
[2022.02.25-00.55.55:092][  0]LogAudioMixer: Display: Creating Master Submix 'MasterReverbSubmixDefault'
[2022.02.25-00.55.55:093][  0]LogAudioMixer: Display: Creating Master Submix 'MasterEQSubmixDefault'
[2022.02.25-00.55.55:093][  0]LogAudioMixer: FMixerPlatformXAudio2::StartAudioStream() called
[2022.02.25-00.55.55:093][  0]LogAudioMixer: Display: Output buffers initialized: Frames=1024, Channels=2, Samples=2048
[2022.02.25-00.55.55:094][  0]LogAudioMixer: Display: Starting AudioMixerPlatformInterface::RunInternal()
[2022.02.25-00.55.55:094][  0]LogAudioMixer: Display: FMixerPlatformXAudio2::SubmitBuffer() called for the first time
[2022.02.25-00.55.55:094][  0]LogInit: FAudioDevice initialized.
[2022.02.25-00.55.55:094][  0]LogAudio: Display: Audio Device (ID: 1) registered with world 'Untitled'.
[2022.02.25-00.55.55:094][  0]LogNetVersion: Set ProjectVersion to 1.0.0.0. Version Checksum will be recalculated on next use.
[2022.02.25-00.55.55:160][  0]LogDerivedDataCache: Saved boot cache 0.07s 94MB C:/Users/hbnm/AppData/Local/UnrealEngine/4.27/DerivedDataCache/Boot.ddc.
[2022.02.25-00.55.55:160][  0]LogInit: Texture streaming: Enabled
[2022.02.25-00.55.55:171][  0]LogAnalytics: Display: [UEEditor.Rocket.Release] APIServer = https://datarouter.ol.epicgames.com/. AppVersion = 4.27.1-17735300+++UE4+Release-4.27
[2022.02.25-00.55.55:174][  0]LogEngineSessionManager: EngineSessionManager initialized
[2022.02.25-00.55.55:174][  0]LogEditorSessionSummary: Verbose: Initializing EditorSessionSummaryWriter for editor session tracking
[2022.02.25-00.55.55:175][  0]LogEditorSessionSummary: EditorSessionSummaryWriter initialized
[2022.02.25-00.55.55:207][  0]LogInit: Transaction tracking system initialized
[2022.02.25-00.55.55:221][  0]BlueprintLog: New page: Editor Load
[2022.02.25-00.55.55:261][  0]LocalizationService: Localization service is disabled
[2022.02.25-00.55.55:277][  0]TimingProfiler: Initialize
[2022.02.25-00.55.55:277][  0]TimingProfiler: OnSessionChanged
[2022.02.25-00.55.55:277][  0]LoadingProfiler: Initialize
[2022.02.25-00.55.55:277][  0]LoadingProfiler: OnSessionChanged
[2022.02.25-00.55.55:277][  0]NetworkingProfiler: Initialize
[2022.02.25-00.55.55:277][  0]NetworkingProfiler: OnSessionChanged
[2022.02.25-00.55.55:277][  0]MemoryProfiler: Initialize
[2022.02.25-00.55.55:277][  0]MemoryProfiler: OnSessionChanged
[2022.02.25-00.55.55:389][  0]LogCook: Display: CookSettings for Memory: MemoryMaxUsedVirtual 0MiB, MemoryMaxUsedPhysical 16384MiB, MemoryMinFreeVirtual 0MiB, MemoryMinFreePhysical 1024MiB
[2022.02.25-00.55.55:389][  0]LogCook: Display: Mobile HDR setting 1
[2022.02.25-00.55.55:430][  0]LogFileCache: Scanning file cache for directory 'D:/rt/Logipaignion/The_Elementalists/Content/' took 0.01s
[2022.02.25-00.55.55:659][  0]LogImageWrapper: Warning: PNG Warning: Duplicate iCCP chunk
[2022.02.25-00.55.55:659][  0]LogImageWrapper: Warning: PNG Warning: Duplicate iCCP chunk
[2022.02.25-00.55.55:712][  0]LogInit: Display: Engine is initialized. Leaving FEngineLoop::Init()
[2022.02.25-00.55.55:715][  0]SourceControl: Source control is disabled
[2022.02.25-00.55.55:715][  0]LogUnrealEdMisc: Loading editor; pre map load, took 8.225
[2022.02.25-00.55.55:715][  0]Cmd: MAP LOAD FILE="../../../Engine/Content/Maps/Templates/Template_Default.umap" TEMPLATE=1 SHOWPROGRESS=1 FEATURELEVEL=3
[2022.02.25-00.55.55:715][  0]LightingResults: New page: Lighting Build
[2022.02.25-00.55.55:716][  0]LogWorld: UWorld::CleanupWorld for Untitled, bSessionEnded=true, bCleanupResources=true
[2022.02.25-00.55.55:716][  0]LogSlate: InvalidateAllWidgets triggered.  All widgets were invalidated
[2022.02.25-00.55.55:716][  0]MapCheck: New page: Map Check
[2022.02.25-00.55.55:716][  0]LightingResults: New page: Lighting Build
[2022.02.25-00.55.55:720][  0]LogAudio: Display: Audio Device unregistered from world 'None'.
[2022.02.25-00.55.55:723][  0]LogUObjectHash: Compacting FUObjectHashTables data took   0.78ms
[2022.02.25-00.55.55:772][  0]LogAudio: Display: Audio Device (ID: 1) registered with world 'Untitled_1'.
[2022.02.25-00.55.55:773][  0]LogAIModule: Creating AISystem for world Untitled_1
[2022.02.25-00.55.55:776][  0]LogEditorServer: Finished looking for orphan Actors (0.000 secs)
[2022.02.25-00.55.55:787][  0]LogUObjectHash: Compacting FUObjectHashTables data took   0.77ms
[2022.02.25-00.55.55:787][  0]Cmd: MAP CHECKDEP NOCLEARLOG
[2022.02.25-00.55.55:787][  0]MapCheck: Map check complete: 0 Error(s), 0 Warning(s), took 0.112ms to complete.
[2022.02.25-00.55.55:787][  0]LogFileHelpers: Loading map 'Template_Default' took 0.072
[2022.02.25-00.55.55:789][  0]LogUnrealEdMisc: Total Editor Startup Time, took 8.299
[2022.02.25-00.55.55:882][  0]LogSlate: Updating window title bar state: overlay mode, drag disabled, window buttons hidden, title bar hidden
[2022.02.25-00.55.55:888][  0]LogSlate: Updating window title bar state: overlay mode, drag disabled, window buttons hidden, title bar hidden
[2022.02.25-00.55.55:894][  0]LogSlate: Updating window title bar state: overlay mode, drag disabled, window buttons hidden, title bar hidden
[2022.02.25-00.55.55:900][  0]LogSlate: Updating window title bar state: overlay mode, drag disabled, window buttons hidden, title bar hidden
[2022.02.25-00.55.55:912][  0]LogNativeClassHierarchy: Verbose: Native class hierarchy populated in 0.0082 seconds. Added 3860 classes and 931 folders.
[2022.02.25-00.55.55:915][  0]LogNativeClassHierarchy: Verbose: Native class hierarchy updated for 'WidgetCarousel' in 0.0002 seconds. Added 0 classes and 0 folders.
[2022.02.25-00.55.55:917][  0]LogPakFile: PakFile PrimaryIndexSize=187
[2022.02.25-00.55.55:917][  0]LogPakFile: PakFile PathHashIndexSize=101
[2022.02.25-00.55.55:917][  0]LogPakFile: PakFile FullDirectoryIndexSize=148
[2022.02.25-00.55.55:917][  0]LogShaderLibrary: Display: ShaderCodeLibraryPakFileMountedCallback: PakFile 'C:/Program Files/Epic Games/UE_4.27/FeaturePacks/FP_FirstPerson.upack' (chunk index -1, root 'root:/') mounted
[2022.02.25-00.55.55:917][  0]LogShaderLibrary: Display: ShaderCodeLibraryPakFileMountedCallback: pending pak file info (ChunkID:-1 Root:root:/ File:C:/Program Files/Epic Games/UE_4.27/FeaturePacks/FP_FirstPerson.upack)
[2022.02.25-00.55.55:917][  0]LogPakFile: OnPakFileMounted2Time == 0.000044
[2022.02.25-00.55.55:918][  0]LogPakFile: PakFile PrimaryIndexSize=189
[2022.02.25-00.55.55:918][  0]LogPakFile: PakFile PathHashIndexSize=101
[2022.02.25-00.55.55:918][  0]LogPakFile: PakFile FullDirectoryIndexSize=152
[2022.02.25-00.55.55:918][  0]LogShaderLibrary: Display: ShaderCodeLibraryPakFileMountedCallback: PakFile 'C:/Program Files/Epic Games/UE_4.27/FeaturePacks/FP_FirstPersonBP.upack' (chunk index -1, root 'root:/') mounted
[2022.02.25-00.55.55:918][  0]LogShaderLibrary: Display: ShaderCodeLibraryPakFileMountedCallback: pending pak file info (ChunkID:-1 Root:root:/ File:C:/Program Files/Epic Games/UE_4.27/FeaturePacks/FP_FirstPersonBP.upack)
[2022.02.25-00.55.55:918][  0]LogPakFile: OnPakFileMounted2Time == 0.000035
[2022.02.25-00.55.55:920][  0]LogPakFile: PakFile PrimaryIndexSize=191
[2022.02.25-00.55.55:920][  0]LogPakFile: PakFile PathHashIndexSize=101
[2022.02.25-00.55.55:920][  0]LogPakFile: PakFile FullDirectoryIndexSize=160
[2022.02.25-00.55.55:920][  0]LogShaderLibrary: Display: ShaderCodeLibraryPakFileMountedCallback: PakFile 'C:/Program Files/Epic Games/UE_4.27/FeaturePacks/MobileStarterContent.upack' (chunk index -1, root 'root:/') mounted
[2022.02.25-00.55.55:920][  0]LogShaderLibrary: Display: ShaderCodeLibraryPakFileMountedCallback: pending pak file info (ChunkID:-1 Root:root:/ File:C:/Program Files/Epic Games/UE_4.27/FeaturePacks/MobileStarterContent.upack)
[2022.02.25-00.55.55:920][  0]LogPakFile: OnPakFileMounted2Time == 0.000030
[2022.02.25-00.55.55:922][  0]LogPakFile: PakFile PrimaryIndexSize=185
[2022.02.25-00.55.55:922][  0]LogPakFile: PakFile PathHashIndexSize=101
[2022.02.25-00.55.55:922][  0]LogPakFile: PakFile FullDirectoryIndexSize=148
[2022.02.25-00.55.55:922][  0]LogShaderLibrary: Display: ShaderCodeLibraryPakFileMountedCallback: PakFile 'C:/Program Files/Epic Games/UE_4.27/FeaturePacks/StarterContent.upack' (chunk index -1, root 'root:/') mounted
[2022.02.25-00.55.55:922][  0]LogShaderLibrary: Display: ShaderCodeLibraryPakFileMountedCallback: pending pak file info (ChunkID:-1 Root:root:/ File:C:/Program Files/Epic Games/UE_4.27/FeaturePacks/StarterContent.upack)
[2022.02.25-00.55.55:922][  0]LogPakFile: OnPakFileMounted2Time == 0.000066
[2022.02.25-00.55.55:925][  0]LogPakFile: PakFile PrimaryIndexSize=190
[2022.02.25-00.55.55:925][  0]LogPakFile: PakFile PathHashIndexSize=101
[2022.02.25-00.55.55:925][  0]LogPakFile: PakFile FullDirectoryIndexSize=154
[2022.02.25-00.55.55:925][  0]LogShaderLibrary: Display: ShaderCodeLibraryPakFileMountedCallback: PakFile 'C:/Program Files/Epic Games/UE_4.27/FeaturePacks/TP_2DSideScroller.upack' (chunk index -1, root 'root:/') mounted
[2022.02.25-00.55.55:925][  0]LogShaderLibrary: Display: ShaderCodeLibraryPakFileMountedCallback: pending pak file info (ChunkID:-1 Root:root:/ File:C:/Program Files/Epic Games/UE_4.27/FeaturePacks/TP_2DSideScroller.upack)
[2022.02.25-00.55.55:925][  0]LogPakFile: OnPakFileMounted2Time == 0.000074
[2022.02.25-00.55.55:926][  0]LogPakFile: PakFile PrimaryIndexSize=192
[2022.02.25-00.55.55:926][  0]LogPakFile: PakFile PathHashIndexSize=101
[2022.02.25-00.55.55:926][  0]LogPakFile: PakFile FullDirectoryIndexSize=158
[2022.02.25-00.55.55:926][  0]LogShaderLibrary: Display: ShaderCodeLibraryPakFileMountedCallback: PakFile 'C:/Program Files/Epic Games/UE_4.27/FeaturePacks/TP_2DSideScrollerBP.upack' (chunk index -1, root 'root:/') mounted
[2022.02.25-00.55.55:926][  0]LogShaderLibrary: Display: ShaderCodeLibraryPakFileMountedCallback: pending pak file info (ChunkID:-1 Root:root:/ File:C:/Program Files/Epic Games/UE_4.27/FeaturePacks/TP_2DSideScrollerBP.upack)
[2022.02.25-00.55.55:926][  0]LogPakFile: OnPakFileMounted2Time == 0.000033
[2022.02.25-00.55.55:927][  0]LogPakFile: PakFile PrimaryIndexSize=182
[2022.02.25-00.55.55:927][  0]LogPakFile: PakFile PathHashIndexSize=101
[2022.02.25-00.55.55:927][  0]LogPakFile: PakFile FullDirectoryIndexSize=138
[2022.02.25-00.55.55:927][  0]LogShaderLibrary: Display: ShaderCodeLibraryPakFileMountedCallback: PakFile 'C:/Program Files/Epic Games/UE_4.27/FeaturePacks/TP_Flying.upack' (chunk index -1, root 'root:/') mounted
[2022.02.25-00.55.55:928][  0]LogShaderLibrary: Display: ShaderCodeLibraryPakFileMountedCallback: pending pak file info (ChunkID:-1 Root:root:/ File:C:/Program Files/Epic Games/UE_4.27/FeaturePacks/TP_Flying.upack)
[2022.02.25-00.55.55:928][  0]LogPakFile: OnPakFileMounted2Time == 0.000032
[2022.02.25-00.55.55:929][  0]LogPakFile: PakFile PrimaryIndexSize=184
[2022.02.25-00.55.55:929][  0]LogPakFile: PakFile PathHashIndexSize=101
[2022.02.25-00.55.55:929][  0]LogPakFile: PakFile FullDirectoryIndexSize=142
[2022.02.25-00.55.55:929][  0]LogShaderLibrary: Display: ShaderCodeLibraryPakFileMountedCallback: PakFile 'C:/Program Files/Epic Games/UE_4.27/FeaturePacks/TP_FlyingBP.upack' (chunk index -1, root 'root:/') mounted
[2022.02.25-00.55.55:929][  0]LogShaderLibrary: Display: ShaderCodeLibraryPakFileMountedCallback: pending pak file info (ChunkID:-1 Root:root:/ File:C:/Program Files/Epic Games/UE_4.27/FeaturePacks/TP_FlyingBP.upack)
[2022.02.25-00.55.55:929][  0]LogPakFile: OnPakFileMounted2Time == 0.000030
[2022.02.25-00.55.55:930][  0]LogPakFile: PakFile PrimaryIndexSize=188
[2022.02.25-00.55.55:930][  0]LogPakFile: PakFile PathHashIndexSize=101
[2022.02.25-00.55.55:930][  0]LogPakFile: PakFile FullDirectoryIndexSize=150
[2022.02.25-00.55.55:930][  0]LogShaderLibrary: Display: ShaderCodeLibraryPakFileMountedCallback: PakFile 'C:/Program Files/Epic Games/UE_4.27/FeaturePacks/TP_HandheldARBP.upack' (chunk index -1, root 'root:/') mounted
[2022.02.25-00.55.55:930][  0]LogShaderLibrary: Display: ShaderCodeLibraryPakFileMountedCallback: pending pak file info (ChunkID:-1 Root:root:/ File:C:/Program Files/Epic Games/UE_4.27/FeaturePacks/TP_HandheldARBP.upack)
[2022.02.25-00.55.55:930][  0]LogPakFile: OnPakFileMounted2Time == 0.000029
[2022.02.25-00.55.55:933][  0]LogPakFile: PakFile PrimaryIndexSize=182
[2022.02.25-00.55.55:933][  0]LogPakFile: PakFile PathHashIndexSize=101
[2022.02.25-00.55.55:933][  0]LogPakFile: PakFile FullDirectoryIndexSize=138
[2022.02.25-00.55.55:933][  0]LogShaderLibrary: Display: ShaderCodeLibraryPakFileMountedCallback: PakFile 'C:/Program Files/Epic Games/UE_4.27/FeaturePacks/TP_Puzzle.upack' (chunk index -1, root 'root:/') mounted
[2022.02.25-00.55.55:933][  0]LogShaderLibrary: Display: ShaderCodeLibraryPakFileMountedCallback: pending pak file info (ChunkID:-1 Root:root:/ File:C:/Program Files/Epic Games/UE_4.27/FeaturePacks/TP_Puzzle.upack)
[2022.02.25-00.55.55:933][  0]LogPakFile: OnPakFileMounted2Time == 0.000029
[2022.02.25-00.55.55:935][  0]LogPakFile: PakFile PrimaryIndexSize=184
[2022.02.25-00.55.55:935][  0]LogPakFile: PakFile PathHashIndexSize=101
[2022.02.25-00.55.55:935][  0]LogPakFile: PakFile FullDirectoryIndexSize=142
[2022.02.25-00.55.55:935][  0]LogShaderLibrary: Display: ShaderCodeLibraryPakFileMountedCallback: PakFile 'C:/Program Files/Epic Games/UE_4.27/FeaturePacks/TP_PuzzleBP.upack' (chunk index -1, root 'root:/') mounted
[2022.02.25-00.55.55:935][  0]LogShaderLibrary: Display: ShaderCodeLibraryPakFileMountedCallback: pending pak file info (ChunkID:-1 Root:root:/ File:C:/Program Files/Epic Games/UE_4.27/FeaturePacks/TP_PuzzleBP.upack)
[2022.02.25-00.55.55:935][  0]LogPakFile: OnPakFileMounted2Time == 0.000038
[2022.02.25-00.55.55:936][  0]LogPakFile: PakFile PrimaryIndexSize=183
[2022.02.25-00.55.55:936][  0]LogPakFile: PakFile PathHashIndexSize=101
[2022.02.25-00.55.55:936][  0]LogPakFile: PakFile FullDirectoryIndexSize=140
[2022.02.25-00.55.55:936][  0]LogShaderLibrary: Display: ShaderCodeLibraryPakFileMountedCallback: PakFile 'C:/Program Files/Epic Games/UE_4.27/FeaturePacks/TP_Rolling.upack' (chunk index -1, root 'root:/') mounted
[2022.02.25-00.55.55:936][  0]LogShaderLibrary: Display: ShaderCodeLibraryPakFileMountedCallback: pending pak file info (ChunkID:-1 Root:root:/ File:C:/Program Files/Epic Games/UE_4.27/FeaturePacks/TP_Rolling.upack)
[2022.02.25-00.55.55:936][  0]LogPakFile: OnPakFileMounted2Time == 0.000034
[2022.02.25-00.55.55:938][  0]LogPakFile: PakFile PrimaryIndexSize=185
[2022.02.25-00.55.55:938][  0]LogPakFile: PakFile PathHashIndexSize=101
[2022.02.25-00.55.55:938][  0]LogPakFile: PakFile FullDirectoryIndexSize=144
[2022.02.25-00.55.55:938][  0]LogShaderLibrary: Display: ShaderCodeLibraryPakFileMountedCallback: PakFile 'C:/Program Files/Epic Games/UE_4.27/FeaturePacks/TP_RollingBP.upack' (chunk index -1, root 'root:/') mounted
[2022.02.25-00.55.55:938][  0]LogShaderLibrary: Display: ShaderCodeLibraryPakFileMountedCallback: pending pak file info (ChunkID:-1 Root:root:/ File:C:/Program Files/Epic Games/UE_4.27/FeaturePacks/TP_RollingBP.upack)
[2022.02.25-00.55.55:938][  0]LogPakFile: OnPakFileMounted2Time == 0.000031
[2022.02.25-00.55.55:939][  0]LogPakFile: PakFile PrimaryIndexSize=188
[2022.02.25-00.55.55:939][  0]LogPakFile: PakFile PathHashIndexSize=101
[2022.02.25-00.55.55:939][  0]LogPakFile: PakFile FullDirectoryIndexSize=150
[2022.02.25-00.55.55:939][  0]LogShaderLibrary: Display: ShaderCodeLibraryPakFileMountedCallback: PakFile 'C:/Program Files/Epic Games/UE_4.27/FeaturePacks/TP_SideScroller.upack' (chunk index -1, root 'root:/') mounted
[2022.02.25-00.55.55:939][  0]LogShaderLibrary: Display: ShaderCodeLibraryPakFileMountedCallback: pending pak file info (ChunkID:-1 Root:root:/ File:C:/Program Files/Epic Games/UE_4.27/FeaturePacks/TP_SideScroller.upack)
[2022.02.25-00.55.55:939][  0]LogPakFile: OnPakFileMounted2Time == 0.000029
[2022.02.25-00.55.55:940][  0]LogPakFile: PakFile PrimaryIndexSize=190
[2022.02.25-00.55.55:940][  0]LogPakFile: PakFile PathHashIndexSize=101
[2022.02.25-00.55.55:940][  0]LogPakFile: PakFile FullDirectoryIndexSize=154
[2022.02.25-00.55.55:940][  0]LogShaderLibrary: Display: ShaderCodeLibraryPakFileMountedCallback: PakFile 'C:/Program Files/Epic Games/UE_4.27/FeaturePacks/TP_SideScrollerBP.upack' (chunk index -1, root 'root:/') mounted
[2022.02.25-00.55.55:940][  0]LogShaderLibrary: Display: ShaderCodeLibraryPakFileMountedCallback: pending pak file info (ChunkID:-1 Root:root:/ File:C:/Program Files/Epic Games/UE_4.27/FeaturePacks/TP_SideScrollerBP.upack)
[2022.02.25-00.55.55:940][  0]LogPakFile: OnPakFileMounted2Time == 0.000028
[2022.02.25-00.55.55:941][  0]LogPakFile: PakFile PrimaryIndexSize=187
[2022.02.25-00.55.55:941][  0]LogPakFile: PakFile PathHashIndexSize=101
[2022.02.25-00.55.55:941][  0]LogPakFile: PakFile FullDirectoryIndexSize=148
[2022.02.25-00.55.55:941][  0]LogShaderLibrary: Display: ShaderCodeLibraryPakFileMountedCallback: PakFile 'C:/Program Files/Epic Games/UE_4.27/FeaturePacks/TP_ThirdPerson.upack' (chunk index -1, root 'root:/') mounted
[2022.02.25-00.55.55:941][  0]LogShaderLibrary: Display: ShaderCodeLibraryPakFileMountedCallback: pending pak file info (ChunkID:-1 Root:root:/ File:C:/Program Files/Epic Games/UE_4.27/FeaturePacks/TP_ThirdPerson.upack)
[2022.02.25-00.55.55:941][  0]LogPakFile: OnPakFileMounted2Time == 0.000028
[2022.02.25-00.55.55:941][  0]LogPakFile: PakFile PrimaryIndexSize=189
[2022.02.25-00.55.55:941][  0]LogPakFile: PakFile PathHashIndexSize=101
[2022.02.25-00.55.55:941][  0]LogPakFile: PakFile FullDirectoryIndexSize=152
[2022.02.25-00.55.55:942][  0]LogShaderLibrary: Display: ShaderCodeLibraryPakFileMountedCallback: PakFile 'C:/Program Files/Epic Games/UE_4.27/FeaturePacks/TP_ThirdPersonBP.upack' (chunk index -1, root 'root:/') mounted
[2022.02.25-00.55.55:942][  0]LogShaderLibrary: Display: ShaderCodeLibraryPakFileMountedCallback: pending pak file info (ChunkID:-1 Root:root:/ File:C:/Program Files/Epic Games/UE_4.27/FeaturePacks/TP_ThirdPersonBP.upack)
[2022.02.25-00.55.55:942][  0]LogPakFile: OnPakFileMounted2Time == 0.000030
[2022.02.25-00.55.55:943][  0]LogPakFile: PakFile PrimaryIndexSize=183
[2022.02.25-00.55.55:943][  0]LogPakFile: PakFile PathHashIndexSize=101
[2022.02.25-00.55.55:943][  0]LogPakFile: PakFile FullDirectoryIndexSize=140
[2022.02.25-00.55.55:943][  0]LogShaderLibrary: Display: ShaderCodeLibraryPakFileMountedCallback: PakFile 'C:/Program Files/Epic Games/UE_4.27/FeaturePacks/TP_TopDown.upack' (chunk index -1, root 'root:/') mounted
[2022.02.25-00.55.55:943][  0]LogShaderLibrary: Display: ShaderCodeLibraryPakFileMountedCallback: pending pak file info (ChunkID:-1 Root:root:/ File:C:/Program Files/Epic Games/UE_4.27/FeaturePacks/TP_TopDown.upack)
[2022.02.25-00.55.55:943][  0]LogPakFile: OnPakFileMounted2Time == 0.000043
[2022.02.25-00.55.55:944][  0]LogPakFile: PakFile PrimaryIndexSize=185
[2022.02.25-00.55.55:944][  0]LogPakFile: PakFile PathHashIndexSize=101
[2022.02.25-00.55.55:944][  0]LogPakFile: PakFile FullDirectoryIndexSize=144
[2022.02.25-00.55.55:944][  0]LogShaderLibrary: Display: ShaderCodeLibraryPakFileMountedCallback: PakFile 'C:/Program Files/Epic Games/UE_4.27/FeaturePacks/TP_TopDownBP.upack' (chunk index -1, root 'root:/') mounted
[2022.02.25-00.55.55:944][  0]LogShaderLibrary: Display: ShaderCodeLibraryPakFileMountedCallback: pending pak file info (ChunkID:-1 Root:root:/ File:C:/Program Files/Epic Games/UE_4.27/FeaturePacks/TP_TopDownBP.upack)
[2022.02.25-00.55.55:944][  0]LogPakFile: OnPakFileMounted2Time == 0.000032
[2022.02.25-00.55.55:945][  0]LogPakFile: PakFile PrimaryIndexSize=185
[2022.02.25-00.55.55:945][  0]LogPakFile: PakFile PathHashIndexSize=101
[2022.02.25-00.55.55:945][  0]LogPakFile: PakFile FullDirectoryIndexSize=144
[2022.02.25-00.55.55:945][  0]LogShaderLibrary: Display: ShaderCodeLibraryPakFileMountedCallback: PakFile 'C:/Program Files/Epic Games/UE_4.27/FeaturePacks/TP_TwinStick.upack' (chunk index -1, root 'root:/') mounted
[2022.02.25-00.55.55:945][  0]LogShaderLibrary: Display: ShaderCodeLibraryPakFileMountedCallback: pending pak file info (ChunkID:-1 Root:root:/ File:C:/Program Files/Epic Games/UE_4.27/FeaturePacks/TP_TwinStick.upack)
[2022.02.25-00.55.55:945][  0]LogPakFile: OnPakFileMounted2Time == 0.000028
[2022.02.25-00.55.55:947][  0]LogPakFile: PakFile PrimaryIndexSize=187
[2022.02.25-00.55.55:947][  0]LogPakFile: PakFile PathHashIndexSize=101
[2022.02.25-00.55.55:947][  0]LogPakFile: PakFile FullDirectoryIndexSize=148
[2022.02.25-00.55.55:947][  0]LogShaderLibrary: Display: ShaderCodeLibraryPakFileMountedCallback: PakFile 'C:/Program Files/Epic Games/UE_4.27/FeaturePacks/TP_TwinStickBP.upack' (chunk index -1, root 'root:/') mounted
[2022.02.25-00.55.55:947][  0]LogShaderLibrary: Display: ShaderCodeLibraryPakFileMountedCallback: pending pak file info (ChunkID:-1 Root:root:/ File:C:/Program Files/Epic Games/UE_4.27/FeaturePacks/TP_TwinStickBP.upack)
[2022.02.25-00.55.55:947][  0]LogPakFile: OnPakFileMounted2Time == 0.000030
[2022.02.25-00.55.55:948][  0]LogPakFile: PakFile PrimaryIndexSize=183
[2022.02.25-00.55.55:948][  0]LogPakFile: PakFile PathHashIndexSize=101
[2022.02.25-00.55.55:948][  0]LogPakFile: PakFile FullDirectoryIndexSize=140
[2022.02.25-00.55.55:948][  0]LogShaderLibrary: Display: ShaderCodeLibraryPakFileMountedCallback: PakFile 'C:/Program Files/Epic Games/UE_4.27/FeaturePacks/TP_Vehicle.upack' (chunk index -1, root 'root:/') mounted
[2022.02.25-00.55.55:948][  0]LogShaderLibrary: Display: ShaderCodeLibraryPakFileMountedCallback: pending pak file info (ChunkID:-1 Root:root:/ File:C:/Program Files/Epic Games/UE_4.27/FeaturePacks/TP_Vehicle.upack)
[2022.02.25-00.55.55:948][  0]LogPakFile: OnPakFileMounted2Time == 0.000041
[2022.02.25-00.55.55:949][  0]LogPakFile: PakFile PrimaryIndexSize=186
[2022.02.25-00.55.55:949][  0]LogPakFile: PakFile PathHashIndexSize=101
[2022.02.25-00.55.55:949][  0]LogPakFile: PakFile FullDirectoryIndexSize=146
[2022.02.25-00.55.55:949][  0]LogShaderLibrary: Display: ShaderCodeLibraryPakFileMountedCallback: PakFile 'C:/Program Files/Epic Games/UE_4.27/FeaturePacks/TP_VehicleAdv.upack' (chunk index -1, root 'root:/') mounted
[2022.02.25-00.55.55:950][  0]LogShaderLibrary: Display: ShaderCodeLibraryPakFileMountedCallback: pending pak file info (ChunkID:-1 Root:root:/ File:C:/Program Files/Epic Games/UE_4.27/FeaturePacks/TP_VehicleAdv.upack)
[2022.02.25-00.55.55:950][  0]LogPakFile: OnPakFileMounted2Time == 0.000032
[2022.02.25-00.55.55:951][  0]LogPakFile: PakFile PrimaryIndexSize=188
[2022.02.25-00.55.55:951][  0]LogPakFile: PakFile PathHashIndexSize=101
[2022.02.25-00.55.55:951][  0]LogPakFile: PakFile FullDirectoryIndexSize=150
[2022.02.25-00.55.55:951][  0]LogShaderLibrary: Display: ShaderCodeLibraryPakFileMountedCallback: PakFile 'C:/Program Files/Epic Games/UE_4.27/FeaturePacks/TP_VehicleAdvBP.upack' (chunk index -1, root 'root:/') mounted
[2022.02.25-00.55.55:951][  0]LogShaderLibrary: Display: ShaderCodeLibraryPakFileMountedCallback: pending pak file info (ChunkID:-1 Root:root:/ File:C:/Program Files/Epic Games/UE_4.27/FeaturePacks/TP_VehicleAdvBP.upack)
[2022.02.25-00.55.55:951][  0]LogPakFile: OnPakFileMounted2Time == 0.000029
[2022.02.25-00.55.55:952][  0]LogPakFile: PakFile PrimaryIndexSize=185
[2022.02.25-00.55.55:952][  0]LogPakFile: PakFile PathHashIndexSize=101
[2022.02.25-00.55.55:952][  0]LogPakFile: PakFile FullDirectoryIndexSize=144
[2022.02.25-00.55.55:952][  0]LogShaderLibrary: Display: ShaderCodeLibraryPakFileMountedCallback: PakFile 'C:/Program Files/Epic Games/UE_4.27/FeaturePacks/TP_VehicleBP.upack' (chunk index -1, root 'root:/') mounted
[2022.02.25-00.55.55:952][  0]LogShaderLibrary: Display: ShaderCodeLibraryPakFileMountedCallback: pending pak file info (ChunkID:-1 Root:root:/ File:C:/Program Files/Epic Games/UE_4.27/FeaturePacks/TP_VehicleBP.upack)
[2022.02.25-00.55.55:952][  0]LogPakFile: OnPakFileMounted2Time == 0.000030
[2022.02.25-00.55.55:954][  0]LogPakFile: PakFile PrimaryIndexSize=192
[2022.02.25-00.55.55:954][  0]LogPakFile: PakFile PathHashIndexSize=101
[2022.02.25-00.55.55:954][  0]LogPakFile: PakFile FullDirectoryIndexSize=158
[2022.02.25-00.55.55:954][  0]LogShaderLibrary: Display: ShaderCodeLibraryPakFileMountedCallback: PakFile 'C:/Program Files/Epic Games/UE_4.27/FeaturePacks/TP_VirtualRealityBP.upack' (chunk index -1, root 'root:/') mounted
[2022.02.25-00.55.55:954][  0]LogShaderLibrary: Display: ShaderCodeLibraryPakFileMountedCallback: pending pak file info (ChunkID:-1 Root:root:/ File:C:/Program Files/Epic Games/UE_4.27/FeaturePacks/TP_VirtualRealityBP.upack)
[2022.02.25-00.55.55:954][  0]LogPakFile: OnPakFileMounted2Time == 0.000030
[2022.02.25-00.55.56:025][  0]LogNativeClassHierarchy: Verbose: Native class hierarchy updated for 'AddContentDialog' in 0.0002 seconds. Added 0 classes and 0 folders.
[2022.02.25-00.55.56:029][  0]LogNativeClassHierarchy: Verbose: Native class hierarchy updated for 'SceneOutliner' in 0.0002 seconds. Added 2 classes and 0 folders.
[2022.02.25-00.55.56:109][  0]LogSlate: Took 0.000133 seconds to synchronously load lazily loaded font '../../../Engine/Content/Slate/Fonts/Roboto-Regular.ttf' (155K)
[2022.02.25-00.55.56:111][  0]LogSlate: Took 0.000718 seconds to synchronously load lazily loaded font '../../../Engine/Content/Editor/Slate/Fonts/FontAwesome.ttf' (139K)
[2022.02.25-00.55.56:112][  0]LogSlate: Took 0.000131 seconds to synchronously load lazily loaded font '../../../Engine/Content/Slate/Fonts/Roboto-Bold.ttf' (160K)
[2022.02.25-00.55.56:199][  0]LogRenderer: Reallocating scene render targets to support 1012x568 Format 10 NumSamples 1 (Frame:1).
[2022.02.25-00.55.56:237][  0]LogSlate: Took 0.000864 seconds to synchronously load lazily loaded font '../../../Engine/Content/Slate/Fonts/Roboto-Light.ttf' (167K)
[2022.02.25-00.55.56:289][  0]LogNativeClassHierarchy: Verbose: Native class hierarchy updated for 'HierarchicalLODOutliner' in 0.0002 seconds. Added 0 classes and 0 folders.
[2022.02.25-00.55.56:289][  0]LogLoad: (Engine Initialization) Total time: 8.80 seconds
[2022.02.25-00.55.56:289][  0]LogLoad: (Engine Initialization) Total Blueprint compile time: 0.00 seconds
[2022.02.25-00.55.56:349][  0]LogContentStreaming: Texture pool size now 1000 MB
[2022.02.25-00.55.56:380][  1]LogRenderer: Reallocating scene render targets to support 1012x588 Format 10 NumSamples 1 (Frame:3).
[2022.02.25-00.55.56:391][  1]LogAssetRegistry: Asset discovery search completed in 5.3438 seconds
[2022.02.25-00.55.56:396][  1]LogCollectionManager: Fixed up redirectors for 0 collections in 0.000002 seconds (updated 0 objects)
[2022.02.25-00.55.57:309][106]LogSlate: Took 0.000249 seconds to synchronously load lazily loaded font '../../../Engine/Content/Slate/Fonts/Roboto-Light.ttf' (167K)
[2022.02.25-00.55.57:786][138]LogSlate: Window 'Message Log' being destroyed
[2022.02.25-00.55.57:790][138]LogSlate: Window 'Message Log' being destroyed
[2022.02.25-00.56.03:795][362]LogFileCache: Retrieving MD5 hashes for directory 'D:/rt/Logipaignion/The_Elementalists/Content/' took 7.49s
[2022.02.25-00.56.07:530][551]LogUObjectHash: Compacting FUObjectHashTables data took   0.56ms
[2022.02.25-00.57.36:688][551]LogAssetEditorSubsystem: Opening Asset editor for World /Game/_Game/Maps/Chapter_3_Flashback.Chapter_3_Flashback
[2022.02.25-00.57.36:689][551]Cmd: MAP LOAD FILE="D:/rt/Logipaignion/The_Elementalists/Content/_Game/Maps/Chapter_3_Flashback.umap" TEMPLATE=0 SHOWPROGRESS=1 FEATURELEVEL=3
[2022.02.25-00.57.36:689][551]LightingResults: New page: Lighting Build
[2022.02.25-00.57.36:689][551]LoadErrors: New page: Loading map: Chapter_3_Flashback.umap
[2022.02.25-00.57.36:728][551]LogWorld: UWorld::CleanupWorld for Untitled_1, bSessionEnded=true, bCleanupResources=true
[2022.02.25-00.57.36:728][551]LogSlate: InvalidateAllWidgets triggered.  All widgets were invalidated
[2022.02.25-00.57.36:728][551]MapCheck: New page: Map Check
[2022.02.25-00.57.36:728][551]LightingResults: New page: Lighting Build
[2022.02.25-00.57.36:744][551]LogAudio: Display: Audio Device unregistered from world 'None'.
[2022.02.25-00.57.36:749][551]LogUObjectHash: Compacting FUObjectHashTables data took   1.57ms
[2022.02.25-00.57.36:750][551]LogAudio: Display: Audio Device (ID: 1) registered with world 'Chapter_3_Flashback'.
[2022.02.25-00.57.46:760][551]LogEditorServer: Finished looking for orphan Actors (0.000 secs)
[2022.02.25-00.57.46:760][551]LogAIModule: Creating AISystem for world Chapter_3_Flashback
[2022.02.25-00.57.46:809][551]LogUObjectHash: Compacting FUObjectHashTables data took   1.06ms
[2022.02.25-00.57.46:829][551]Cmd: MAP CHECKDEP NOCLEARLOG
[2022.02.25-00.57.46:829][551]MapCheck: Map check complete: 0 Error(s), 0 Warning(s), took 0.181ms to complete.
[2022.02.25-00.57.46:829][551]LogFileHelpers: Loading map 'Chapter_3_Flashback' took 10.140
[2022.02.25-00.57.46:980][552]LogRenderer: Reallocating scene render targets to support 1012x800 Format 10 NumSamples 1 (Frame:2).
[2022.02.25-00.57.50:683][855]LogEditorViewport: Clicking on Actor (LMB): BP_Boat_C (BP_Boat)
[2022.02.25-00.57.51:756][911]LogSlate: Took 0.000944 seconds to synchronously load lazily loaded font '../../../Engine/Content/Slate/Fonts/Roboto-Italic.ttf' (157K)
[2022.02.25-00.58.29:590][654]LogUObjectHash: Compacting FUObjectHashTables data took   0.74ms
