Log file open, 02/25/22 02:48:44
LogWindows: Failed to load 'aqProf.dll' (GetLastError=126)
LogWindows: File 'aqProf.dll' does not exist
LogWindows: Failed to load 'VtuneApi.dll' (GetLastError=126)
LogWindows: File 'VtuneApi.dll' does not exist
LogWindows: Failed to load 'VtuneApi32e.dll' (GetLastError=126)
LogWindows: File 'VtuneApi32e.dll' does not exist
LogConsoleResponse: Display: Failed to find resolution value strings in scalability ini. Falling back to default.
LogConsoleResponse: Display: Failed to find resolution value strings in scalability ini. Falling back to default.
LogInit: Display: Running engine for game: The_Elementalists
LogPlatformFile: Not using cached read wrapper
LogTaskGraph: Started task graph with 5 named threads and 23 total threads with 3 sets of task threads.
LogStats: Stats thread started at 0.283248
LogICUInternationalization: ICU TimeZone Detection - Raw Offset: +2:00, Platform Override: ''
LogInit: Display: Loading text-based GConfig....
LogPluginManager: Mounting plugin MeshPainting
LogPluginManager: Mounting plugin XGEController
LogPluginManager: Mounting plugin Paper2D
LogPluginManager: Mounting plugin LiveLink
LogPluginManager: Mounting plugin AISupport
LogPluginManager: Mounting plugin EnvironmentQueryEditor
LogPluginManager: Mounting plugin LightPropagationVolume
LogPluginManager: Mounting plugin CameraShakePreviewer
LogPluginManager: Mounting plugin GameplayCameras
LogPluginManager: Mounting plugin OodleData
LogPluginManager: Mounting plugin AnimationSharing
LogPluginManager: Mounting plugin OodleNetwork
LogPluginManager: Mounting plugin CodeLiteSourceCodeAccess
LogPluginManager: Mounting plugin CLionSourceCodeAccess
LogPluginManager: Mounting plugin GitSourceControl
LogPluginManager: Mounting plugin KDevelopSourceCodeAccess
LogPluginManager: Mounting plugin NullSourceCodeAccess
LogPluginManager: Mounting plugin PerforceSourceControl
LogPluginManager: Mounting plugin PixWinPlugin
LogPluginManager: Mounting plugin PlasticSourceControl
LogPluginManager: Mounting plugin PropertyAccessNode
LogPluginManager: Mounting plugin PluginUtils
LogPluginManager: Mounting plugin RiderSourceCodeAccess
LogPluginManager: Mounting plugin SubversionSourceControl
LogPluginManager: Mounting plugin TextureFormatOodle
LogPluginManager: Mounting plugin UObjectPlugin
LogPluginManager: Mounting plugin VisualStudioCodeSourceCodeAccess
LogPluginManager: Mounting plugin VisualStudioSourceCodeAccess
LogPluginManager: Mounting plugin XCodeSourceCodeAccess
LogPluginManager: Mounting plugin AssetManagerEditor
LogPluginManager: Mounting plugin CryptoKeys
LogPluginManager: Mounting plugin CurveEditorTools
LogPluginManager: Mounting plugin DataValidation
LogPluginManager: Mounting plugin FacialAnimation
LogPluginManager: Mounting plugin GeometryMode
LogPluginManager: Mounting plugin GameplayTagsEditor
LogPluginManager: Mounting plugin MacGraphicsSwitching
LogPluginManager: Mounting plugin MaterialAnalyzer
LogPluginManager: Mounting plugin MobileLauncherProfileWizard
LogPluginManager: Mounting plugin PluginBrowser
LogPluginManager: Mounting plugin SpeedTreeImporter
LogPluginManager: Mounting plugin DatasmithContent
LogPluginManager: Mounting plugin VariantManagerContent
LogPluginManager: Mounting plugin AlembicImporter
LogPluginManager: Mounting plugin Niagara
LogPluginManager: Mounting plugin AutomationUtils
LogPluginManager: Mounting plugin BackChannel
LogPluginManager: Mounting plugin ChaosCloth
LogPluginManager: Mounting plugin ChaosNiagara
LogPluginManager: Mounting plugin ChaosClothEditor
LogPluginManager: Mounting plugin ChaosEditor
LogPluginManager: Mounting plugin ChaosSolverPlugin
LogPluginManager: Mounting plugin CharacterAI
LogPluginManager: Mounting plugin GeometryCache
LogPluginManager: Mounting plugin GeometryCollectionPlugin
LogPluginManager: Mounting plugin LuminPlatformFeatures
LogPluginManager: Mounting plugin MagicLeapMedia
LogPluginManager: Mounting plugin GeometryProcessing
LogPluginManager: Mounting plugin MagicLeapPassableWorld
LogPluginManager: Mounting plugin MLSDK
LogPluginManager: Mounting plugin OpenImageDenoise
LogPluginManager: Mounting plugin MotoSynth
LogPluginManager: Mounting plugin PlanarCut
LogPluginManager: Mounting plugin ProxyLODPlugin
LogPluginManager: Mounting plugin PlatformCrypto
LogPluginManager: Mounting plugin PythonScriptPlugin
LogPluginManager: Mounting plugin MagicLeapLightEstimation
LogPluginManager: Mounting plugin SkeletalReduction
LogPluginManager: Mounting plugin ActorSequence
LogPluginManager: Mounting plugin LevelSequenceEditor
LogPluginManager: Mounting plugin MatineeToLevelSequence
LogPluginManager: Mounting plugin TemplateSequence
LogPluginManager: Mounting plugin TcpMessaging
LogPluginManager: Mounting plugin UdpMessaging
LogPluginManager: Mounting plugin OnlineSubsystem
LogPluginManager: Mounting plugin OnlineSubsystemNull
LogPluginManager: Mounting plugin OnlineSubsystemUtils
LogPluginManager: Mounting plugin MagicLeap
LogPluginManager: Mounting plugin LauncherChunkInstaller
LogPluginManager: Mounting plugin ActorLayerUtilities
LogPluginManager: Mounting plugin AndroidDeviceProfileSelector
LogPluginManager: Mounting plugin AndroidMoviePlayer
LogPluginManager: Mounting plugin AppleImageUtils
LogPluginManager: Mounting plugin AppleMoviePlayer
LogPluginManager: Mounting plugin ArchVisCharacter
LogPluginManager: Mounting plugin AudioCapture
LogPluginManager: Mounting plugin CableComponent
LogPluginManager: Mounting plugin ChunkDownloader
LogPluginManager: Mounting plugin AudioSynesthesia
LogPluginManager: Mounting plugin CustomMeshComponent
LogPluginManager: Mounting plugin EditableMesh
LogPluginManager: Mounting plugin ExampleDeviceProfileSelector
LogPluginManager: Mounting plugin GoogleCloudMessaging
LogPluginManager: Mounting plugin GooglePAD
LogPluginManager: Mounting plugin AndroidMedia
LogPluginManager: Mounting plugin AvfMedia
LogPluginManager: Mounting plugin ImgMedia
LogPluginManager: Mounting plugin MediaCompositing
LogPluginManager: Mounting plugin MediaPlayerEditor
LogPluginManager: Mounting plugin WebMMedia
LogPluginManager: Mounting plugin WmfMedia
LogPluginManager: Mounting plugin ScreenshotTools
LogPluginManager: Mounting plugin IOSDeviceProfileSelector
LogPluginManager: Mounting plugin LinuxDeviceProfileSelector
LogPluginManager: Mounting plugin LocationServicesBPLibrary
LogPluginManager: Mounting plugin MobilePatchingUtils
LogPluginManager: Mounting plugin AssetTags
LogPluginManager: Mounting plugin OpenXR
LogPluginManager: Mounting plugin OpenXREyeTracker
LogPluginManager: Mounting plugin OpenXRHandTracking
LogPluginManager: Mounting plugin PostSplashScreen
LogPluginManager: Mounting plugin PhysXVehicles
LogPluginManager: Mounting plugin PropertyAccessEditor
LogPluginManager: Mounting plugin ProceduralMeshComponent
LogPluginManager: Mounting plugin RuntimePhysXCooking
LogPluginManager: Mounting plugin SignificanceManager
LogPluginManager: Mounting plugin SoundFields
LogPluginManager: Mounting plugin Synthesis
LogPluginManager: Mounting plugin WindowsMoviePlayer
LogPluginManager: Mounting plugin WebMMoviePlayer
LogPluginManager: Mounting plugin Takes
LogPluginManager: Mounting plugin AndroidPermission
LogPluginManager: Mounting plugin ContentBrowserClassDataSource
LogPluginManager: Mounting plugin ContentBrowserFileDataSource
LogPluginManager: Mounting plugin ContentBrowserAssetDataSource
LogPluginManager: Mounting plugin OnlineSubsystemGooglePlay
LogPluginManager: Mounting plugin OnlineSubsystemIOS
LogPluginManager: Mounting plugin SteamVR
LogPluginManager: Mounting plugin OculusVR
PixWinPlugin: PIX capture plugin failed to initialize! Check that the process is launched from PIX.
LogInit: Using libcurl 7.55.1-DEV
LogInit:  - built for x86_64-pc-win32
LogInit:  - supports SSL with OpenSSL/1.1.1
LogInit:  - supports HTTP deflate (compression) using libz 1.2.8
LogInit:  - other features:
LogInit:      CURL_VERSION_SSL
LogInit:      CURL_VERSION_LIBZ
LogInit:      CURL_VERSION_IPV6
LogInit:      CURL_VERSION_ASYNCHDNS
LogInit:      CURL_VERSION_LARGEFILE
LogInit:      CURL_VERSION_IDN
LogInit:  CurlRequestOptions (configurable via config and command line):
LogInit:  - bVerifyPeer = true  - Libcurl will verify peer certificate
LogInit:  - bUseHttpProxy = false  - Libcurl will NOT use HTTP proxy
LogInit:  - bDontReuseConnections = false  - Libcurl will reuse connections
LogInit:  - MaxHostConnections = 16  - Libcurl will limit the number of connections to a host
LogInit:  - LocalHostAddr = Default
LogInit:  - BufferSize = 65536
LogOnline: OSS: Creating online subsystem instance for: NULL
LogInit: WinSock: version 1.1 (2.2), MaxSocks=32767, MaxUdp=65467
LogOnline: OSS: TryLoadSubsystemAndSetDefault: Loaded subsystem for module [NULL]
LogOculusPluginWrapper: OculusPlugin initialized successfully
LogHMD: Failed initializing OVRPlugin 1.59.0
LogInit: Build: ++UE4+Release-4.27-CL-17735300
LogInit: Engine Version: 4.27.1-17735300+++UE4+Release-4.27
LogInit: Compatible Engine Version: 4.27.0-17155196+++UE4+Release-4.27
LogInit: Net CL: 17155196
LogInit: OS: Windows 10 (Release 2009) (), CPU: Intel(R) Core(TM) i3-10100 CPU @ 3.60GHz, GPU: NVIDIA GeForce GTX 1650 SUPER
LogInit: Compiled (64-bit): Oct  6 2021 14:42:51
LogInit: Compiled with Visual C++: 19.24.28315.00
LogInit: Build Configuration: Development
LogInit: Branch Name: ++UE4+Release-4.27
LogInit: Command Line: 
LogInit: Base Directory: C:/Program Files/Epic Games/UE_4.27/Engine/Binaries/Win64/
LogInit: Allocator: TBB
LogInit: Installed Engine Build: 1
LogDevObjectVersion: Number of dev versions registered: 29
LogDevObjectVersion:   Dev-Blueprints (B0D832E4-1F89-4F0D-ACCF-7EB736FD4AA2): 10
LogDevObjectVersion:   Dev-Build (E1C64328-A22C-4D53-A36C-8E866417BD8C): 0
LogDevObjectVersion:   Dev-Core (375EC13C-06E4-48FB-B500-84F0262A717E): 4
LogDevObjectVersion:   Dev-Editor (E4B068ED-F494-42E9-A231-DA0B2E46BB41): 40
LogDevObjectVersion:   Dev-Framework (CFFC743F-43B0-4480-9391-14DF171D2073): 37
LogDevObjectVersion:   Dev-Mobile (B02B49B5-BB20-44E9-A304-32B752E40360): 3
LogDevObjectVersion:   Dev-Networking (A4E4105C-59A1-49B5-A7C5-40C4547EDFEE): 0
LogDevObjectVersion:   Dev-Online (39C831C9-5AE6-47DC-9A44-9C173E1C8E7C): 0
LogDevObjectVersion:   Dev-Physics (78F01B33-EBEA-4F98-B9B4-84EACCB95AA2): 14
LogDevObjectVersion:   Dev-Platform (6631380F-2D4D-43E0-8009-CF276956A95A): 0
LogDevObjectVersion:   Dev-Rendering (12F88B9F-8875-4AFC-A67C-D90C383ABD29): 45
LogDevObjectVersion:   Dev-Sequencer (7B5AE74C-D270-4C10-A958-57980B212A5A): 13
LogDevObjectVersion:   Dev-VR (D7296918-1DD6-4BDD-9DE2-64A83CC13884): 3
LogDevObjectVersion:   Dev-LoadTimes (C2A15278-BFE7-4AFE-6C17-90FF531DF755): 1
LogDevObjectVersion:   Private-Geometry (6EACA3D4-40EC-4CC1-B786-8BED09428FC5): 3
LogDevObjectVersion:   Dev-AnimPhys (29E575DD-E0A3-4627-9D10-D276232CDCEA): 17
LogDevObjectVersion:   Dev-Anim (AF43A65D-7FD3-4947-9873-3E8ED9C1BB05): 15
LogDevObjectVersion:   Dev-ReflectionCapture (6B266CEC-1EC7-4B8F-A30B-E4D90942FC07): 1
LogDevObjectVersion:   Dev-Automation (0DF73D61-A23F-47EA-B727-89E90C41499A): 1
LogDevObjectVersion:   FortniteMain (601D1886-AC64-4F84-AA16-D3DE0DEAC7D6): 47
LogDevObjectVersion:   FortniteRelease (E7086368-6B23-4C58-8439-1B7016265E91): 1
LogDevObjectVersion:   Dev-Enterprise (9DFFBCD6-494F-0158-E221-12823C92A888): 10
LogDevObjectVersion:   Dev-Niagara (F2AED0AC-9AFE-416F-8664-AA7FFA26D6FC): 1
LogDevObjectVersion:   Dev-Destruction (174F1F0B-B4C6-45A5-B13F-2EE8D0FB917D): 10
LogDevObjectVersion:   Dev-Physics-Ext (35F94A83-E258-406C-A318-09F59610247C): 41
LogDevObjectVersion:   Dev-PhysicsMaterial-Chaos (B68FC16E-8B1B-42E2-B453-215C058844FE): 1
LogDevObjectVersion:   Dev-CineCamera (B2E18506-4273-CFC2-A54E-F4BB758BBA07): 1
LogDevObjectVersion:   Dev-VirtualProduction (64F58936-FD1B-42BA-BA96-7289D5D0FA4E): 1
LogDevObjectVersion:   Dev-MediaFramework (6F0ED827-A609-4895-9C91-998D90180EA4): 2
LogInit: Presizing for max 25165824 objects, including 0 objects not considered by GC, pre-allocating 0 bytes for permanent pool.
LogConfig: Applying CVar settings from Section [/Script/Engine.StreamingSettings] File [D:/rt/Logipaignion/The_Elementalists/Saved/Config/Windows/Engine.ini]
LogConfig: Setting CVar [[s.MinBulkDataSizeForAsyncLoading:131072]]
LogConfig: Setting CVar [[s.AsyncLoadingThreadEnabled:0]]
LogConfig: Setting CVar [[s.EventDrivenLoaderEnabled:1]]
LogConfig: Setting CVar [[s.WarnIfTimeLimitExceeded:0]]
LogConfig: Setting CVar [[s.TimeLimitExceededMultiplier:1.5]]
LogConfig: Setting CVar [[s.TimeLimitExceededMinTime:0.005]]
LogConfig: Setting CVar [[s.UseBackgroundLevelStreaming:1]]
LogConfig: Setting CVar [[s.PriorityAsyncLoadingExtraTime:15.0]]
LogConfig: Setting CVar [[s.LevelStreamingActorsUpdateTimeLimit:5.0]]
LogConfig: Setting CVar [[s.PriorityLevelStreamingActorsUpdateExtraTime:5.0]]
LogConfig: Setting CVar [[s.LevelStreamingComponentsRegistrationGranularity:10]]
LogConfig: Setting CVar [[s.UnregisterComponentsTimeLimit:1.0]]
LogConfig: Setting CVar [[s.LevelStreamingComponentsUnregistrationGranularity:5]]
LogConfig: Setting CVar [[s.FlushStreamingOnExit:1]]
LogInit: Object subsystem initialized
LogConfig: Setting CVar [[con.DebugEarlyDefault:1]]
LogConfig: Setting CVar [[r.setres:1280x720]]
[2022.02.25-00.48.45:359][  0]LogConfig: Setting CVar [[r.VSync:0]]
[2022.02.25-00.48.45:359][  0]LogConfig: Setting CVar [[r.RHICmdBypass:0]]
[2022.02.25-00.48.45:359][  0]LogConfig: Applying CVar settings from Section [/Script/Engine.RendererSettings] File [D:/rt/Logipaignion/The_Elementalists/Saved/Config/Windows/Engine.ini]
[2022.02.25-00.48.45:359][  0]LogConfig: Setting CVar [[r.GPUCrashDebugging:0]]
[2022.02.25-00.48.45:359][  0]LogConfig: Setting CVar [[r.CustomDepth:3]]
[2022.02.25-00.48.45:359][  0]LogConfig: Applying CVar settings from Section [/Script/Engine.RendererOverrideSettings] File [D:/rt/Logipaignion/The_Elementalists/Saved/Config/Windows/Engine.ini]
[2022.02.25-00.48.45:359][  0]LogConfig: Applying CVar settings from Section [/Script/Engine.StreamingSettings] File [D:/rt/Logipaignion/The_Elementalists/Saved/Config/Windows/Engine.ini]
[2022.02.25-00.48.45:359][  0]LogConfig: Setting CVar [[s.MinBulkDataSizeForAsyncLoading:131072]]
[2022.02.25-00.48.45:359][  0]LogConfig: Setting CVar [[s.AsyncLoadingThreadEnabled:0]]
[2022.02.25-00.48.45:359][  0]LogConfig: Setting CVar [[s.EventDrivenLoaderEnabled:1]]
[2022.02.25-00.48.45:359][  0]LogConfig: Setting CVar [[s.WarnIfTimeLimitExceeded:0]]
[2022.02.25-00.48.45:359][  0]LogConfig: Setting CVar [[s.TimeLimitExceededMultiplier:1.5]]
[2022.02.25-00.48.45:359][  0]LogConfig: Setting CVar [[s.TimeLimitExceededMinTime:0.005]]
[2022.02.25-00.48.45:359][  0]LogConfig: Setting CVar [[s.UseBackgroundLevelStreaming:1]]
[2022.02.25-00.48.45:359][  0]LogConfig: Setting CVar [[s.PriorityAsyncLoadingExtraTime:15.0]]
[2022.02.25-00.48.45:359][  0]LogConfig: Setting CVar [[s.LevelStreamingActorsUpdateTimeLimit:5.0]]
[2022.02.25-00.48.45:359][  0]LogConfig: Setting CVar [[s.PriorityLevelStreamingActorsUpdateExtraTime:5.0]]
[2022.02.25-00.48.45:359][  0]LogConfig: Setting CVar [[s.LevelStreamingComponentsRegistrationGranularity:10]]
[2022.02.25-00.48.45:359][  0]LogConfig: Setting CVar [[s.UnregisterComponentsTimeLimit:1.0]]
[2022.02.25-00.48.45:359][  0]LogConfig: Setting CVar [[s.LevelStreamingComponentsUnregistrationGranularity:5]]
[2022.02.25-00.48.45:359][  0]LogConfig: Setting CVar [[s.FlushStreamingOnExit:1]]
[2022.02.25-00.48.45:359][  0]LogConfig: Applying CVar settings from Section [/Script/Engine.GarbageCollectionSettings] File [D:/rt/Logipaignion/The_Elementalists/Saved/Config/Windows/Engine.ini]
[2022.02.25-00.48.45:359][  0]LogConfig: Setting CVar [[gc.MaxObjectsNotConsideredByGC:1]]
[2022.02.25-00.48.45:359][  0]LogConfig: Setting CVar [[gc.SizeOfPermanentObjectPool:0]]
[2022.02.25-00.48.45:359][  0]LogConfig: Setting CVar [[gc.FlushStreamingOnGC:0]]
[2022.02.25-00.48.45:359][  0]LogConfig: Setting CVar [[gc.NumRetriesBeforeForcingGC:10]]
[2022.02.25-00.48.45:359][  0]LogConfig: Setting CVar [[gc.AllowParallelGC:1]]
[2022.02.25-00.48.45:359][  0]LogConfig: Setting CVar [[gc.TimeBetweenPurgingPendingKillObjects:61.1]]
[2022.02.25-00.48.45:359][  0]LogConfig: Setting CVar [[gc.MaxObjectsInEditor:25165824]]
[2022.02.25-00.48.45:359][  0]LogConfig: Setting CVar [[gc.IncrementalBeginDestroyEnabled:1]]
[2022.02.25-00.48.45:359][  0]LogConfig: Setting CVar [[gc.CreateGCClusters:1]]
[2022.02.25-00.48.45:359][  0]LogConfig: Setting CVar [[gc.MinGCClusterSize:5]]
[2022.02.25-00.48.45:359][  0]LogConfig: Setting CVar [[gc.ActorClusteringEnabled:0]]
[2022.02.25-00.48.45:359][  0]LogConfig: Setting CVar [[gc.BlueprintClusteringEnabled:0]]
[2022.02.25-00.48.45:359][  0]LogConfig: Setting CVar [[gc.UseDisregardForGCOnDedicatedServers:0]]
[2022.02.25-00.48.45:359][  0]LogConfig: Setting CVar [[gc.MultithreadedDestructionEnabled:1]]
[2022.02.25-00.48.45:359][  0]LogConfig: Applying CVar settings from Section [/Script/Engine.NetworkSettings] File [D:/rt/Logipaignion/The_Elementalists/Saved/Config/Windows/Engine.ini]
[2022.02.25-00.48.45:359][  0]LogConfig: Applying CVar settings from Section [/Script/UnrealEd.CookerSettings] File [D:/rt/Logipaignion/The_Elementalists/Saved/Config/Windows/Engine.ini]
[2022.02.25-00.48.45:387][  0]LogConfig: Applying CVar settings from Section [ViewDistanceQuality@3] File [D:/rt/Logipaignion/The_Elementalists/Saved/Config/Windows/Scalability.ini]
[2022.02.25-00.48.45:387][  0]LogConfig: Setting CVar [[r.SkeletalMeshLODBias:0]]
[2022.02.25-00.48.45:387][  0]LogConfig: Setting CVar [[r.ViewDistanceScale:1.0]]
[2022.02.25-00.48.45:387][  0]LogConfig: Applying CVar settings from Section [AntiAliasingQuality@3] File [D:/rt/Logipaignion/The_Elementalists/Saved/Config/Windows/Scalability.ini]
[2022.02.25-00.48.45:387][  0]LogConfig: Setting CVar [[r.PostProcessAAQuality:4]]
[2022.02.25-00.48.45:387][  0]LogConfig: Applying CVar settings from Section [ShadowQuality@3] File [D:/rt/Logipaignion/The_Elementalists/Saved/Config/Windows/Scalability.ini]
[2022.02.25-00.48.45:387][  0]LogConfig: Setting CVar [[r.LightFunctionQuality:1]]
[2022.02.25-00.48.45:387][  0]LogConfig: Setting CVar [[r.ShadowQuality:5]]
[2022.02.25-00.48.45:387][  0]LogConfig: Setting CVar [[r.Shadow.CSM.MaxCascades:10]]
[2022.02.25-00.48.45:387][  0]LogConfig: Setting CVar [[r.Shadow.MaxResolution:2048]]
[2022.02.25-00.48.45:387][  0]LogConfig: Setting CVar [[r.Shadow.MaxCSMResolution:2048]]
[2022.02.25-00.48.45:387][  0]LogConfig: Setting CVar [[r.Shadow.RadiusThreshold:0.01]]
[2022.02.25-00.48.45:387][  0]LogConfig: Setting CVar [[r.Shadow.DistanceScale:1.0]]
[2022.02.25-00.48.45:387][  0]LogConfig: Setting CVar [[r.Shadow.CSM.TransitionScale:1.0]]
[2022.02.25-00.48.45:387][  0]LogConfig: Setting CVar [[r.Shadow.PreShadowResolutionFactor:1.0]]
[2022.02.25-00.48.45:387][  0]LogConfig: Setting CVar [[r.DistanceFieldShadowing:1]]
[2022.02.25-00.48.45:387][  0]LogConfig: Setting CVar [[r.DistanceFieldAO:1]]
[2022.02.25-00.48.45:387][  0]LogConfig: Setting CVar [[r.AOQuality:2]]
[2022.02.25-00.48.45:387][  0]LogConfig: Setting CVar [[r.VolumetricFog:1]]
[2022.02.25-00.48.45:387][  0]LogConfig: Setting CVar [[r.VolumetricFog.GridPixelSize:8]]
[2022.02.25-00.48.45:387][  0]LogConfig: Setting CVar [[r.VolumetricFog.GridSizeZ:128]]
[2022.02.25-00.48.45:387][  0]LogConfig: Setting CVar [[r.VolumetricFog.HistoryMissSupersampleCount:4]]
[2022.02.25-00.48.45:387][  0]LogConfig: Setting CVar [[r.LightMaxDrawDistanceScale:1]]
[2022.02.25-00.48.45:387][  0]LogConfig: Setting CVar [[r.CapsuleShadows:1]]
[2022.02.25-00.48.45:387][  0]LogConfig: Applying CVar settings from Section [PostProcessQuality@3] File [D:/rt/Logipaignion/The_Elementalists/Saved/Config/Windows/Scalability.ini]
[2022.02.25-00.48.45:387][  0]LogConfig: Setting CVar [[r.MotionBlurQuality:4]]
[2022.02.25-00.48.45:387][  0]LogConfig: Setting CVar [[r.AmbientOcclusionMipLevelFactor:0.4]]
[2022.02.25-00.48.45:387][  0]LogConfig: Setting CVar [[r.AmbientOcclusionMaxQuality:100]]
[2022.02.25-00.48.45:387][  0]LogConfig: Setting CVar [[r.AmbientOcclusionLevels:-1]]
[2022.02.25-00.48.45:387][  0]LogConfig: Setting CVar [[r.AmbientOcclusionRadiusScale:1.0]]
[2022.02.25-00.48.45:387][  0]LogConfig: Setting CVar [[r.DepthOfFieldQuality:2]]
[2022.02.25-00.48.45:387][  0]LogConfig: Setting CVar [[r.RenderTargetPoolMin:400]]
[2022.02.25-00.48.45:387][  0]LogConfig: Setting CVar [[r.LensFlareQuality:2]]
[2022.02.25-00.48.45:387][  0]LogConfig: Setting CVar [[r.SceneColorFringeQuality:1]]
[2022.02.25-00.48.45:387][  0]LogConfig: Setting CVar [[r.EyeAdaptationQuality:2]]
[2022.02.25-00.48.45:387][  0]LogConfig: Setting CVar [[r.BloomQuality:5]]
[2022.02.25-00.48.45:388][  0]LogConfig: Setting CVar [[r.FastBlurThreshold:100]]
[2022.02.25-00.48.45:388][  0]LogConfig: Setting CVar [[r.Upscale.Quality:3]]
[2022.02.25-00.48.45:388][  0]LogConfig: Setting CVar [[r.Tonemapper.GrainQuantization:1]]
[2022.02.25-00.48.45:388][  0]LogConfig: Setting CVar [[r.LightShaftQuality:1]]
[2022.02.25-00.48.45:388][  0]LogConfig: Setting CVar [[r.Filter.SizeScale:1]]
[2022.02.25-00.48.45:388][  0]LogConfig: Setting CVar [[r.Tonemapper.Quality:5]]
[2022.02.25-00.48.45:388][  0]LogConfig: Setting CVar [[r.DOF.Gather.AccumulatorQuality:1        ; higher gathering accumulator quality]]
[2022.02.25-00.48.45:388][  0]LogConfig: Setting CVar [[r.DOF.Gather.PostfilterMethod:1          ; Median3x3 postfilering method]]
[2022.02.25-00.48.45:388][  0]LogConfig: Setting CVar [[r.DOF.Gather.EnableBokehSettings:0       ; no bokeh simulation when gathering]]
[2022.02.25-00.48.45:388][  0]LogConfig: Setting CVar [[r.DOF.Gather.RingCount:4                 ; medium number of samples when gathering]]
[2022.02.25-00.48.45:388][  0]LogConfig: Setting CVar [[r.DOF.Scatter.ForegroundCompositing:1    ; additive foreground scattering]]
[2022.02.25-00.48.45:388][  0]LogConfig: Setting CVar [[r.DOF.Scatter.BackgroundCompositing:2    ; additive background scattering]]
[2022.02.25-00.48.45:388][  0]LogConfig: Setting CVar [[r.DOF.Scatter.EnableBokehSettings:1      ; bokeh simulation when scattering]]
[2022.02.25-00.48.45:388][  0]LogConfig: Setting CVar [[r.DOF.Scatter.MaxSpriteRatio:0.1         ; only a maximum of 10% of scattered bokeh]]
[2022.02.25-00.48.45:388][  0]LogConfig: Setting CVar [[r.DOF.Recombine.Quality:1                ; cheap slight out of focus]]
[2022.02.25-00.48.45:388][  0]LogConfig: Setting CVar [[r.DOF.Recombine.EnableBokehSettings:0    ; no bokeh simulation on slight out of focus]]
[2022.02.25-00.48.45:388][  0]LogConfig: Setting CVar [[r.DOF.TemporalAAQuality:1                ; more stable temporal accumulation]]
[2022.02.25-00.48.45:388][  0]LogConfig: Setting CVar [[r.DOF.Kernel.MaxForegroundRadius:0.025]]
[2022.02.25-00.48.45:388][  0]LogConfig: Setting CVar [[r.DOF.Kernel.MaxBackgroundRadius:0.025]]
[2022.02.25-00.48.45:388][  0]LogConfig: Applying CVar settings from Section [TextureQuality@3] File [D:/rt/Logipaignion/The_Elementalists/Saved/Config/Windows/Scalability.ini]
[2022.02.25-00.48.45:388][  0]LogConfig: Setting CVar [[r.Streaming.MipBias:0]]
[2022.02.25-00.48.45:388][  0]LogConfig: Setting CVar [[r.Streaming.AmortizeCPUToGPUCopy:0]]
[2022.02.25-00.48.45:388][  0]LogConfig: Setting CVar [[r.Streaming.MaxNumTexturesToStreamPerFrame:0]]
[2022.02.25-00.48.45:388][  0]LogConfig: Setting CVar [[r.Streaming.Boost:1]]
[2022.02.25-00.48.45:388][  0]LogConfig: Setting CVar [[r.MaxAnisotropy:8]]
[2022.02.25-00.48.45:388][  0]LogConfig: Setting CVar [[r.VT.MaxAnisotropy:8]]
[2022.02.25-00.48.45:388][  0]LogConfig: Setting CVar [[r.Streaming.LimitPoolSizeToVRAM:0]]
[2022.02.25-00.48.45:388][  0]LogConfig: Setting CVar [[r.Streaming.PoolSize:1000]]
[2022.02.25-00.48.45:388][  0]LogConfig: Setting CVar [[r.Streaming.MaxEffectiveScreenSize:0]]
[2022.02.25-00.48.45:388][  0]LogConfig: Applying CVar settings from Section [EffectsQuality@3] File [D:/rt/Logipaignion/The_Elementalists/Saved/Config/Windows/Scalability.ini]
[2022.02.25-00.48.45:388][  0]LogConfig: Setting CVar [[r.TranslucencyLightingVolumeDim:64]]
[2022.02.25-00.48.45:388][  0]LogConfig: Setting CVar [[r.RefractionQuality:2]]
[2022.02.25-00.48.45:388][  0]LogConfig: Setting CVar [[r.SSR.Quality:3]]
[2022.02.25-00.48.45:388][  0]LogConfig: Setting CVar [[r.SSR.HalfResSceneColor:0]]
[2022.02.25-00.48.45:388][  0]LogConfig: Setting CVar [[r.SceneColorFormat:4]]
[2022.02.25-00.48.45:388][  0]LogConfig: Setting CVar [[r.DetailMode:2]]
[2022.02.25-00.48.45:388][  0]LogConfig: Setting CVar [[r.TranslucencyVolumeBlur:1]]
[2022.02.25-00.48.45:388][  0]LogConfig: Setting CVar [[r.MaterialQualityLevel:1 ; High quality]]
[2022.02.25-00.48.45:388][  0]LogConfig: Setting CVar [[r.AnisotropicMaterials:1]]
[2022.02.25-00.48.45:388][  0]LogConfig: Setting CVar [[r.SSS.Scale:1]]
[2022.02.25-00.48.45:388][  0]LogConfig: Setting CVar [[r.SSS.SampleSet:2]]
[2022.02.25-00.48.45:388][  0]LogConfig: Setting CVar [[r.SSS.Quality:1]]
[2022.02.25-00.48.45:388][  0]LogConfig: Setting CVar [[r.SSS.HalfRes:0]]
[2022.02.25-00.48.45:388][  0]LogConfig: Setting CVar [[r.SSGI.Quality:3]]
[2022.02.25-00.48.45:388][  0]LogConfig: Setting CVar [[r.EmitterSpawnRateScale:1.0]]
[2022.02.25-00.48.45:388][  0]LogConfig: Setting CVar [[r.ParticleLightQuality:2]]
[2022.02.25-00.48.45:388][  0]LogConfig: Setting CVar [[r.SkyAtmosphere.AerialPerspectiveLUT.FastApplyOnOpaque:1 ; Always have FastSkyLUT 1 in this case to avoid wrong sky]]
[2022.02.25-00.48.45:388][  0]LogConfig: Setting CVar [[r.SkyAtmosphere.AerialPerspectiveLUT.SampleCountMaxPerSlice:4]]
[2022.02.25-00.48.45:388][  0]LogConfig: Setting CVar [[r.SkyAtmosphere.AerialPerspectiveLUT.DepthResolution:16.0]]
[2022.02.25-00.48.45:388][  0]LogConfig: Setting CVar [[r.SkyAtmosphere.FastSkyLUT:1]]
[2022.02.25-00.48.45:388][  0]LogConfig: Setting CVar [[r.SkyAtmosphere.FastSkyLUT.SampleCountMin:4.0]]
[2022.02.25-00.48.45:388][  0]LogConfig: Setting CVar [[r.SkyAtmosphere.FastSkyLUT.SampleCountMax:128.0]]
[2022.02.25-00.48.45:388][  0]LogConfig: Setting CVar [[r.SkyAtmosphere.SampleCountMin:4.0]]
[2022.02.25-00.48.45:388][  0]LogConfig: Setting CVar [[r.SkyAtmosphere.SampleCountMax:128.0]]
[2022.02.25-00.48.45:388][  0]LogConfig: Setting CVar [[r.SkyAtmosphere.TransmittanceLUT.UseSmallFormat:0]]
[2022.02.25-00.48.45:388][  0]LogConfig: Setting CVar [[r.SkyAtmosphere.TransmittanceLUT.SampleCount:10.0]]
[2022.02.25-00.48.45:388][  0]LogConfig: Setting CVar [[r.SkyAtmosphere.MultiScatteringLUT.SampleCount:15.0]]
[2022.02.25-00.48.45:388][  0]LogConfig: Setting CVar [[r.SkyLight.RealTimeReflectionCapture:1]]
[2022.02.25-00.48.45:388][  0]LogConfig: Applying CVar settings from Section [FoliageQuality@3] File [D:/rt/Logipaignion/The_Elementalists/Saved/Config/Windows/Scalability.ini]
[2022.02.25-00.48.45:388][  0]LogConfig: Setting CVar [[foliage.DensityScale:1.0]]
[2022.02.25-00.48.45:388][  0]LogConfig: Setting CVar [[grass.DensityScale:1.0]]
[2022.02.25-00.48.45:388][  0]LogConfig: Applying CVar settings from Section [ShadingQuality@3] File [D:/rt/Logipaignion/The_Elementalists/Saved/Config/Windows/Scalability.ini]
[2022.02.25-00.48.45:388][  0]LogConfig: Setting CVar [[r.HairStrands.SkyLighting.IntegrationType:2]]
[2022.02.25-00.48.45:388][  0]LogConfig: Setting CVar [[r.HairStrands.SkyAO.SampleCount:4]]
[2022.02.25-00.48.45:388][  0]LogConfig: Setting CVar [[r.HairStrands.Visibility.MSAA.SamplePerPixel:4]]
[2022.02.25-00.48.45:388][  0]LogInit: Selected Device Profile: [Windows]
[2022.02.25-00.48.45:388][  0]LogInit: Applying CVar settings loaded from the selected device profile: [Windows]
[2022.02.25-00.48.45:388][  0]LogHAL: Display: Platform has ~ 16 GB [17112551424 / 17179869184 / 16], which maps to Larger [LargestMinGB=32, LargerMinGB=12, DefaultMinGB=8, SmallerMinGB=6, SmallestMinGB=0)
[2022.02.25-00.48.45:388][  0]LogInit: Going up to parent DeviceProfile []
[2022.02.25-00.48.45:388][  0]LogConfig: Applying CVar settings from Section [ViewDistanceQuality@3] File [D:/rt/Logipaignion/The_Elementalists/Saved/Config/Windows/Scalability.ini]
[2022.02.25-00.48.45:388][  0]LogConfig: Setting CVar [[r.SkeletalMeshLODBias:0]]
[2022.02.25-00.48.45:388][  0]LogConfig: Setting CVar [[r.ViewDistanceScale:1.0]]
[2022.02.25-00.48.45:388][  0]LogConfig: Applying CVar settings from Section [AntiAliasingQuality@3] File [D:/rt/Logipaignion/The_Elementalists/Saved/Config/Windows/Scalability.ini]
[2022.02.25-00.48.45:388][  0]LogConfig: Setting CVar [[r.PostProcessAAQuality:4]]
[2022.02.25-00.48.45:388][  0]LogConfig: Applying CVar settings from Section [ShadowQuality@3] File [D:/rt/Logipaignion/The_Elementalists/Saved/Config/Windows/Scalability.ini]
[2022.02.25-00.48.45:388][  0]LogConfig: Setting CVar [[r.LightFunctionQuality:1]]
[2022.02.25-00.48.45:388][  0]LogConfig: Setting CVar [[r.ShadowQuality:5]]
[2022.02.25-00.48.45:388][  0]LogConfig: Setting CVar [[r.Shadow.CSM.MaxCascades:10]]
[2022.02.25-00.48.45:388][  0]LogConfig: Setting CVar [[r.Shadow.MaxResolution:2048]]
[2022.02.25-00.48.45:388][  0]LogConfig: Setting CVar [[r.Shadow.MaxCSMResolution:2048]]
[2022.02.25-00.48.45:388][  0]LogConfig: Setting CVar [[r.Shadow.RadiusThreshold:0.01]]
[2022.02.25-00.48.45:388][  0]LogConfig: Setting CVar [[r.Shadow.DistanceScale:1.0]]
[2022.02.25-00.48.45:388][  0]LogConfig: Setting CVar [[r.Shadow.CSM.TransitionScale:1.0]]
[2022.02.25-00.48.45:388][  0]LogConfig: Setting CVar [[r.Shadow.PreShadowResolutionFactor:1.0]]
[2022.02.25-00.48.45:389][  0]LogConfig: Setting CVar [[r.DistanceFieldShadowing:1]]
[2022.02.25-00.48.45:389][  0]LogConfig: Setting CVar [[r.DistanceFieldAO:1]]
[2022.02.25-00.48.45:389][  0]LogConfig: Setting CVar [[r.AOQuality:2]]
[2022.02.25-00.48.45:389][  0]LogConfig: Setting CVar [[r.VolumetricFog:1]]
[2022.02.25-00.48.45:389][  0]LogConfig: Setting CVar [[r.VolumetricFog.GridPixelSize:8]]
[2022.02.25-00.48.45:389][  0]LogConfig: Setting CVar [[r.VolumetricFog.GridSizeZ:128]]
[2022.02.25-00.48.45:389][  0]LogConfig: Setting CVar [[r.VolumetricFog.HistoryMissSupersampleCount:4]]
[2022.02.25-00.48.45:389][  0]LogConfig: Setting CVar [[r.LightMaxDrawDistanceScale:1]]
[2022.02.25-00.48.45:389][  0]LogConfig: Setting CVar [[r.CapsuleShadows:1]]
[2022.02.25-00.48.45:389][  0]LogConfig: Applying CVar settings from Section [PostProcessQuality@3] File [D:/rt/Logipaignion/The_Elementalists/Saved/Config/Windows/Scalability.ini]
[2022.02.25-00.48.45:389][  0]LogConfig: Setting CVar [[r.MotionBlurQuality:4]]
[2022.02.25-00.48.45:389][  0]LogConfig: Setting CVar [[r.AmbientOcclusionMipLevelFactor:0.4]]
[2022.02.25-00.48.45:389][  0]LogConfig: Setting CVar [[r.AmbientOcclusionMaxQuality:100]]
[2022.02.25-00.48.45:389][  0]LogConfig: Setting CVar [[r.AmbientOcclusionLevels:-1]]
[2022.02.25-00.48.45:389][  0]LogConfig: Setting CVar [[r.AmbientOcclusionRadiusScale:1.0]]
[2022.02.25-00.48.45:389][  0]LogConfig: Setting CVar [[r.DepthOfFieldQuality:2]]
[2022.02.25-00.48.45:389][  0]LogConfig: Setting CVar [[r.RenderTargetPoolMin:400]]
[2022.02.25-00.48.45:389][  0]LogConfig: Setting CVar [[r.LensFlareQuality:2]]
[2022.02.25-00.48.45:389][  0]LogConfig: Setting CVar [[r.SceneColorFringeQuality:1]]
[2022.02.25-00.48.45:389][  0]LogConfig: Setting CVar [[r.EyeAdaptationQuality:2]]
[2022.02.25-00.48.45:389][  0]LogConfig: Setting CVar [[r.BloomQuality:5]]
[2022.02.25-00.48.45:389][  0]LogConfig: Setting CVar [[r.FastBlurThreshold:100]]
[2022.02.25-00.48.45:389][  0]LogConfig: Setting CVar [[r.Upscale.Quality:3]]
[2022.02.25-00.48.45:389][  0]LogConfig: Setting CVar [[r.Tonemapper.GrainQuantization:1]]
[2022.02.25-00.48.45:389][  0]LogConfig: Setting CVar [[r.LightShaftQuality:1]]
[2022.02.25-00.48.45:389][  0]LogConfig: Setting CVar [[r.Filter.SizeScale:1]]
[2022.02.25-00.48.45:389][  0]LogConfig: Setting CVar [[r.Tonemapper.Quality:5]]
[2022.02.25-00.48.45:389][  0]LogConfig: Setting CVar [[r.DOF.Gather.AccumulatorQuality:1        ; higher gathering accumulator quality]]
[2022.02.25-00.48.45:389][  0]LogConfig: Setting CVar [[r.DOF.Gather.PostfilterMethod:1          ; Median3x3 postfilering method]]
[2022.02.25-00.48.45:389][  0]LogConfig: Setting CVar [[r.DOF.Gather.EnableBokehSettings:0       ; no bokeh simulation when gathering]]
[2022.02.25-00.48.45:389][  0]LogConfig: Setting CVar [[r.DOF.Gather.RingCount:4                 ; medium number of samples when gathering]]
[2022.02.25-00.48.45:389][  0]LogConfig: Setting CVar [[r.DOF.Scatter.ForegroundCompositing:1    ; additive foreground scattering]]
[2022.02.25-00.48.45:389][  0]LogConfig: Setting CVar [[r.DOF.Scatter.BackgroundCompositing:2    ; additive background scattering]]
[2022.02.25-00.48.45:389][  0]LogConfig: Setting CVar [[r.DOF.Scatter.EnableBokehSettings:1      ; bokeh simulation when scattering]]
[2022.02.25-00.48.45:389][  0]LogConfig: Setting CVar [[r.DOF.Scatter.MaxSpriteRatio:0.1         ; only a maximum of 10% of scattered bokeh]]
[2022.02.25-00.48.45:389][  0]LogConfig: Setting CVar [[r.DOF.Recombine.Quality:1                ; cheap slight out of focus]]
[2022.02.25-00.48.45:389][  0]LogConfig: Setting CVar [[r.DOF.Recombine.EnableBokehSettings:0    ; no bokeh simulation on slight out of focus]]
[2022.02.25-00.48.45:389][  0]LogConfig: Setting CVar [[r.DOF.TemporalAAQuality:1                ; more stable temporal accumulation]]
[2022.02.25-00.48.45:389][  0]LogConfig: Setting CVar [[r.DOF.Kernel.MaxForegroundRadius:0.025]]
[2022.02.25-00.48.45:389][  0]LogConfig: Setting CVar [[r.DOF.Kernel.MaxBackgroundRadius:0.025]]
[2022.02.25-00.48.45:389][  0]LogConfig: Applying CVar settings from Section [TextureQuality@3] File [D:/rt/Logipaignion/The_Elementalists/Saved/Config/Windows/Scalability.ini]
[2022.02.25-00.48.45:389][  0]LogConfig: Setting CVar [[r.Streaming.MipBias:0]]
[2022.02.25-00.48.45:389][  0]LogConfig: Setting CVar [[r.Streaming.AmortizeCPUToGPUCopy:0]]
[2022.02.25-00.48.45:389][  0]LogConfig: Setting CVar [[r.Streaming.MaxNumTexturesToStreamPerFrame:0]]
[2022.02.25-00.48.45:389][  0]LogConfig: Setting CVar [[r.Streaming.Boost:1]]
[2022.02.25-00.48.45:389][  0]LogConfig: Setting CVar [[r.MaxAnisotropy:8]]
[2022.02.25-00.48.45:389][  0]LogConfig: Setting CVar [[r.VT.MaxAnisotropy:8]]
[2022.02.25-00.48.45:389][  0]LogConfig: Setting CVar [[r.Streaming.LimitPoolSizeToVRAM:0]]
[2022.02.25-00.48.45:389][  0]LogConfig: Setting CVar [[r.Streaming.PoolSize:1000]]
[2022.02.25-00.48.45:389][  0]LogConfig: Setting CVar [[r.Streaming.MaxEffectiveScreenSize:0]]
[2022.02.25-00.48.45:389][  0]LogConfig: Applying CVar settings from Section [EffectsQuality@3] File [D:/rt/Logipaignion/The_Elementalists/Saved/Config/Windows/Scalability.ini]
[2022.02.25-00.48.45:389][  0]LogConfig: Setting CVar [[r.TranslucencyLightingVolumeDim:64]]
[2022.02.25-00.48.45:389][  0]LogConfig: Setting CVar [[r.RefractionQuality:2]]
[2022.02.25-00.48.45:389][  0]LogConfig: Setting CVar [[r.SSR.Quality:3]]
[2022.02.25-00.48.45:389][  0]LogConfig: Setting CVar [[r.SSR.HalfResSceneColor:0]]
[2022.02.25-00.48.45:389][  0]LogConfig: Setting CVar [[r.SceneColorFormat:4]]
[2022.02.25-00.48.45:389][  0]LogConfig: Setting CVar [[r.DetailMode:2]]
[2022.02.25-00.48.45:389][  0]LogConfig: Setting CVar [[r.TranslucencyVolumeBlur:1]]
[2022.02.25-00.48.45:389][  0]LogConfig: Setting CVar [[r.MaterialQualityLevel:1 ; High quality]]
[2022.02.25-00.48.45:389][  0]LogConfig: Setting CVar [[r.AnisotropicMaterials:1]]
[2022.02.25-00.48.45:389][  0]LogConfig: Setting CVar [[r.SSS.Scale:1]]
[2022.02.25-00.48.45:389][  0]LogConfig: Setting CVar [[r.SSS.SampleSet:2]]
[2022.02.25-00.48.45:389][  0]LogConfig: Setting CVar [[r.SSS.Quality:1]]
[2022.02.25-00.48.45:389][  0]LogConfig: Setting CVar [[r.SSS.HalfRes:0]]
[2022.02.25-00.48.45:389][  0]LogConfig: Setting CVar [[r.SSGI.Quality:3]]
[2022.02.25-00.48.45:389][  0]LogConfig: Setting CVar [[r.EmitterSpawnRateScale:1.0]]
[2022.02.25-00.48.45:389][  0]LogConfig: Setting CVar [[r.ParticleLightQuality:2]]
[2022.02.25-00.48.45:389][  0]LogConfig: Setting CVar [[r.SkyAtmosphere.AerialPerspectiveLUT.FastApplyOnOpaque:1 ; Always have FastSkyLUT 1 in this case to avoid wrong sky]]
[2022.02.25-00.48.45:389][  0]LogConfig: Setting CVar [[r.SkyAtmosphere.AerialPerspectiveLUT.SampleCountMaxPerSlice:4]]
[2022.02.25-00.48.45:389][  0]LogConfig: Setting CVar [[r.SkyAtmosphere.AerialPerspectiveLUT.DepthResolution:16.0]]
[2022.02.25-00.48.45:389][  0]LogConfig: Setting CVar [[r.SkyAtmosphere.FastSkyLUT:1]]
[2022.02.25-00.48.45:389][  0]LogConfig: Setting CVar [[r.SkyAtmosphere.FastSkyLUT.SampleCountMin:4.0]]
[2022.02.25-00.48.45:389][  0]LogConfig: Setting CVar [[r.SkyAtmosphere.FastSkyLUT.SampleCountMax:128.0]]
[2022.02.25-00.48.45:389][  0]LogConfig: Setting CVar [[r.SkyAtmosphere.SampleCountMin:4.0]]
[2022.02.25-00.48.45:389][  0]LogConfig: Setting CVar [[r.SkyAtmosphere.SampleCountMax:128.0]]
[2022.02.25-00.48.45:389][  0]LogConfig: Setting CVar [[r.SkyAtmosphere.TransmittanceLUT.UseSmallFormat:0]]
[2022.02.25-00.48.45:389][  0]LogConfig: Setting CVar [[r.SkyAtmosphere.TransmittanceLUT.SampleCount:10.0]]
[2022.02.25-00.48.45:389][  0]LogConfig: Setting CVar [[r.SkyAtmosphere.MultiScatteringLUT.SampleCount:15.0]]
[2022.02.25-00.48.45:389][  0]LogConfig: Setting CVar [[r.SkyLight.RealTimeReflectionCapture:1]]
[2022.02.25-00.48.45:389][  0]LogConfig: Applying CVar settings from Section [FoliageQuality@3] File [D:/rt/Logipaignion/The_Elementalists/Saved/Config/Windows/Scalability.ini]
[2022.02.25-00.48.45:389][  0]LogConfig: Setting CVar [[foliage.DensityScale:1.0]]
[2022.02.25-00.48.45:389][  0]LogConfig: Setting CVar [[grass.DensityScale:1.0]]
[2022.02.25-00.48.45:389][  0]LogConfig: Applying CVar settings from Section [ShadingQuality@3] File [D:/rt/Logipaignion/The_Elementalists/Saved/Config/Windows/Scalability.ini]
[2022.02.25-00.48.45:389][  0]LogConfig: Setting CVar [[r.HairStrands.SkyLighting.IntegrationType:2]]
[2022.02.25-00.48.45:389][  0]LogConfig: Setting CVar [[r.HairStrands.SkyAO.SampleCount:4]]
[2022.02.25-00.48.45:389][  0]LogConfig: Setting CVar [[r.HairStrands.Visibility.MSAA.SamplePerPixel:4]]
[2022.02.25-00.48.45:389][  0]LogConfig: Applying CVar settings from Section [Startup] File [../../../Engine/Config/ConsoleVariables.ini]
[2022.02.25-00.48.45:390][  0]LogConfig: Setting CVar [[net.UseAdaptiveNetUpdateFrequency:0]]
[2022.02.25-00.48.45:390][  0]LogConfig: Setting CVar [[p.chaos.AllowCreatePhysxBodies:1]]
[2022.02.25-00.48.45:390][  0]LogConfig: Setting CVar [[fx.SkipVectorVMBackendOptimizations:1]]
[2022.02.25-00.48.45:390][  0]LogConfig: Applying CVar settings from Section [ConsoleVariables] File [D:/rt/Logipaignion/The_Elementalists/Saved/Config/Windows/Engine.ini]
[2022.02.25-00.48.45:390][  0]LogConfig: Applying CVar settings from Section [ConsoleVariables] File [D:/rt/Logipaignion/The_Elementalists/Saved/Config/Windows/Editor.ini]
[2022.02.25-00.48.45:390][  0]LogInit: Computer: DESKTOP-7U3OGSV
[2022.02.25-00.48.45:390][  0]LogInit: User: hbnm
[2022.02.25-00.48.45:390][  0]LogInit: CPU Page size=4096, Cores=4
[2022.02.25-00.48.45:390][  0]LogInit: High frequency timer resolution =10.000000 MHz
[2022.02.25-00.48.45:390][  0]LogMemory: Memory total: Physical=15.9GB (16GB approx)
[2022.02.25-00.48.45:390][  0]LogMemory: Platform Memory Stats for Windows
[2022.02.25-00.48.45:390][  0]LogMemory: Process Physical Memory: 141.99 MB used, 142.00 MB peak
[2022.02.25-00.48.45:390][  0]LogMemory: Process Virtual Memory: 122.33 MB used, 122.33 MB peak
[2022.02.25-00.48.45:390][  0]LogMemory: Physical Memory: 13183.30 MB used,  3136.50 MB free, 16319.80 MB total
[2022.02.25-00.48.45:390][  0]LogMemory: Virtual Memory: 134208944.00 MB used,  8781.06 MB free, 134217728.00 MB total
[2022.02.25-00.48.45:393][  0]LogWindows: WindowsPlatformFeatures enabled
[2022.02.25-00.48.45:424][  0]LogInit: Physics initialised using underlying interface: PhysX
[2022.02.25-00.48.45:424][  0]LogInit: Using OS detected language (en-US).
[2022.02.25-00.48.45:424][  0]LogInit: Using OS detected locale (en-CY).
[2022.02.25-00.48.45:426][  0]LogTextLocalizationManager: No specific localization for 'en-US' exists, so the 'en' localization will be used.
[2022.02.25-00.48.45:596][  0]LogInit: Setting process to per monitor DPI aware
[2022.02.25-00.48.45:606][  0]LogWindowsTextInputMethodSystem: Display: IME system deactivated.
[2022.02.25-00.48.45:619][  0]LogSlate: New Slate User Created.  User Index 0, Is Virtual User: 0
[2022.02.25-00.48.45:619][  0]LogSlate: Slate User Registered.  User Index 0, Is Virtual User: 0
[2022.02.25-00.48.45:734][  0]LogD3D11RHI: Loaded GFSDK_Aftermath_Lib.x64.dll
[2022.02.25-00.48.45:738][  0]LogHMD: Failed to initialize OpenVR with code 110
[2022.02.25-00.48.45:738][  0]LogD3D11RHI: D3D11 min allowed feature level: 11_0
[2022.02.25-00.48.45:738][  0]LogD3D11RHI: D3D11 max allowed feature level: 11_0
[2022.02.25-00.48.45:738][  0]LogD3D11RHI: D3D11 adapters:
[2022.02.25-00.48.45:842][  0]LogD3D11RHI:    0. 'NVIDIA GeForce GTX 1650 SUPER' (Feature Level 11_0)
[2022.02.25-00.48.45:842][  0]LogD3D11RHI:       3955/0/8159 MB DedicatedVideo/DedicatedSystem/SharedSystem, Outputs:2, VendorId:0x10de
[2022.02.25-00.48.45:843][  0]LogD3D11RHI:    1. 'Microsoft Basic Render Driver' (Feature Level 11_0)
[2022.02.25-00.48.45:844][  0]LogD3D11RHI:       0/0/8159 MB DedicatedVideo/DedicatedSystem/SharedSystem, Outputs:0, VendorId:0x1414
[2022.02.25-00.48.45:844][  0]LogD3D11RHI: Chosen D3D11 Adapter:
[2022.02.25-00.48.45:844][  0]LogD3D11RHI:     Description : NVIDIA GeForce GTX 1650 SUPER
[2022.02.25-00.48.45:844][  0]LogD3D11RHI:     VendorId    : 10de
[2022.02.25-00.48.45:844][  0]LogD3D11RHI:     DeviceId    : 2187
[2022.02.25-00.48.45:844][  0]LogD3D11RHI:     SubSysId    : 401a1458
[2022.02.25-00.48.45:844][  0]LogD3D11RHI:     Revision    : 00a1
[2022.02.25-00.48.45:844][  0]LogD3D11RHI:     DedicatedVideoMemory : 4147118080 bytes
[2022.02.25-00.48.45:844][  0]LogD3D11RHI:     DedicatedSystemMemory : 0 bytes
[2022.02.25-00.48.45:844][  0]LogD3D11RHI:     SharedSystemMemory : 8556275712 bytes
[2022.02.25-00.48.45:844][  0]LogD3D11RHI:     AdapterLuid : 0 42794
[2022.02.25-00.48.45:854][  0]LogD3D11RHI: Creating new Direct3DDevice
[2022.02.25-00.48.45:854][  0]LogD3D11RHI:     GPU DeviceId: 0x2187 (for the marketing name, search the web for "GPU Device Id")
[2022.02.25-00.48.45:854][  0]LogWindows: EnumDisplayDevices:
[2022.02.25-00.48.45:855][  0]LogWindows:    0. 'NVIDIA GeForce GTX 1650 SUPER' (P:1 D:1)
[2022.02.25-00.48.45:855][  0]LogWindows:    1. 'NVIDIA GeForce GTX 1650 SUPER' (P:0 D:1)
[2022.02.25-00.48.45:855][  0]LogWindows:    2. 'NVIDIA GeForce GTX 1650 SUPER' (P:0 D:0)
[2022.02.25-00.48.45:855][  0]LogWindows:    3. 'NVIDIA GeForce GTX 1650 SUPER' (P:0 D:0)
[2022.02.25-00.48.45:855][  0]LogWindows: DebugString: FoundDriverCount:4 
[2022.02.25-00.48.45:855][  0]LogD3D11RHI:     Adapter Name: NVIDIA GeForce GTX 1650 SUPER
[2022.02.25-00.48.45:855][  0]LogD3D11RHI:   Driver Version: 472.12 (internal:30.0.14.7212, unified:472.12)
[2022.02.25-00.48.45:855][  0]LogD3D11RHI:      Driver Date: 9-13-2021
[2022.02.25-00.48.45:855][  0]LogRHI: Texture pool is 2768 MB (70% of 3955 MB)
[2022.02.25-00.48.45:855][  0]LogD3D11RHI: Creating D3DDevice using adapter:
[2022.02.25-00.48.45:855][  0]LogD3D11RHI:     Description : NVIDIA GeForce GTX 1650 SUPER
[2022.02.25-00.48.45:855][  0]LogD3D11RHI:     VendorId    : 10de
[2022.02.25-00.48.45:855][  0]LogD3D11RHI:     DeviceId    : 2187
[2022.02.25-00.48.45:855][  0]LogD3D11RHI:     SubSysId    : 401a1458
[2022.02.25-00.48.45:855][  0]LogD3D11RHI:     Revision    : 00a1
[2022.02.25-00.48.45:855][  0]LogD3D11RHI:     DedicatedVideoMemory : 4147118080 bytes
[2022.02.25-00.48.45:855][  0]LogD3D11RHI:     DedicatedSystemMemory : 0 bytes
[2022.02.25-00.48.45:855][  0]LogD3D11RHI:     SharedSystemMemory : 8556275712 bytes
[2022.02.25-00.48.45:855][  0]LogD3D11RHI:     AdapterLuid : 0 42794
[2022.02.25-00.48.45:926][  0]LogD3D11RHI: RHI has support for 64 bit atomics
[2022.02.25-00.48.45:927][  0]LogD3D11RHI: Async texture creation enabled
[2022.02.25-00.48.45:927][  0]LogD3D11RHI: Array index from any shader is supported
[2022.02.25-00.48.45:947][  0]LogD3D11RHI: GPU Timing Frequency: 1000.000000 (Debug: 2 1)
[2022.02.25-00.48.45:982][  0]LogRHI: GeForceNow SDK initialized: 1
[2022.02.25-00.48.46:251][  0]LogTargetPlatformManager: Display: Loaded TargetPlatform 'AllDesktop'
[2022.02.25-00.48.46:269][  0]LogTargetPlatformManager: Display: Loaded TargetPlatform 'Android'
[2022.02.25-00.48.46:269][  0]LogTargetPlatformManager: Display: Loaded TargetPlatform 'Android_ASTC'
[2022.02.25-00.48.46:269][  0]LogTargetPlatformManager: Display: Loaded TargetPlatform 'Android_DXT'
[2022.02.25-00.48.46:269][  0]LogTargetPlatformManager: Display: Loaded TargetPlatform 'Android_ETC2'
[2022.02.25-00.48.46:269][  0]LogTargetPlatformManager: Display: Loaded TargetPlatform 'AndroidClient'
[2022.02.25-00.48.46:269][  0]LogTargetPlatformManager: Display: Loaded TargetPlatform 'Android_ASTCClient'
[2022.02.25-00.48.46:269][  0]LogTargetPlatformManager: Display: Loaded TargetPlatform 'Android_DXTClient'
[2022.02.25-00.48.46:269][  0]LogTargetPlatformManager: Display: Loaded TargetPlatform 'Android_ETC2Client'
[2022.02.25-00.48.46:269][  0]LogTargetPlatformManager: Display: Loaded TargetPlatform 'Android_Multi'
[2022.02.25-00.48.46:269][  0]LogTargetPlatformManager: Display: Loaded TargetPlatform 'Android_MultiClient'
[2022.02.25-00.48.46:281][  0]LogTargetPlatformManager: Display: Loaded TargetPlatform 'IOSClient'
[2022.02.25-00.48.46:281][  0]LogTargetPlatformManager: Display: Loaded TargetPlatform 'IOS'
[2022.02.25-00.48.46:288][  0]LogTargetPlatformManager: Display: Loaded TargetPlatform 'Linux'
[2022.02.25-00.48.46:290][  0]LogTargetPlatformManager: Display: Loaded TargetPlatform 'LinuxNoEditor'
[2022.02.25-00.48.46:292][  0]LogTargetPlatformManager: Display: Loaded TargetPlatform 'LinuxClient'
[2022.02.25-00.48.46:294][  0]LogTargetPlatformManager: Display: Loaded TargetPlatform 'LinuxServer'
[2022.02.25-00.48.46:301][  0]LogTargetPlatformManager: Display: Loaded TargetPlatform 'LinuxAArch64NoEditor'
[2022.02.25-00.48.46:303][  0]LogTargetPlatformManager: Display: Loaded TargetPlatform 'LinuxAArch64Client'
[2022.02.25-00.48.46:305][  0]LogTargetPlatformManager: Display: Loaded TargetPlatform 'LinuxAArch64Server'
[2022.02.25-00.48.46:325][  0]LogTargetPlatformManager: Display: Loaded TargetPlatform 'Lumin'
[2022.02.25-00.48.46:325][  0]LogTargetPlatformManager: Display: Loaded TargetPlatform 'LuminClient'
[2022.02.25-00.48.46:333][  0]LogTargetPlatformManager: Display: Loaded TargetPlatform 'MacNoEditor'
[2022.02.25-00.48.46:335][  0]LogTargetPlatformManager: Display: Loaded TargetPlatform 'Mac'
[2022.02.25-00.48.46:337][  0]LogTargetPlatformManager: Display: Loaded TargetPlatform 'MacClient'
[2022.02.25-00.48.46:339][  0]LogTargetPlatformManager: Display: Loaded TargetPlatform 'MacServer'
[2022.02.25-00.48.46:346][  0]LogTargetPlatformManager: Display: Loaded TargetPlatform 'TVOSClient'
[2022.02.25-00.48.46:346][  0]LogTargetPlatformManager: Display: Loaded TargetPlatform 'TVOS'
[2022.02.25-00.48.46:352][  0]LogTargetPlatformManager: Display: Loaded TargetPlatform 'WindowsNoEditor'
[2022.02.25-00.48.46:355][  0]LogTargetPlatformManager: Display: Loaded TargetPlatform 'Windows'
[2022.02.25-00.48.46:357][  0]LogTargetPlatformManager: Display: Loaded TargetPlatform 'WindowsClient'
[2022.02.25-00.48.46:359][  0]LogTargetPlatformManager: Display: Loaded TargetPlatform 'WindowsServer'
[2022.02.25-00.48.46:359][  0]LogTargetPlatformManager: Display: Building Assets For Windows
[2022.02.25-00.48.46:362][  0]LogAudioDebug: Display: Lib vorbis DLL was dynamically loaded.
[2022.02.25-00.48.46:372][  0]LogTextureFormatOodle: Display: Oodle Texture 2.9.0 init RDO Off
[2022.02.25-00.48.46:382][  0]LogRendererCore: Ray tracing is disabled. Reason: r.RayTracing=0.
[2022.02.25-00.48.46:382][  0]LogShaderCompilers: Guid format shader working directory is 8 characters bigger than the processId version (D:/rt/Logipaignion/The_Elementalists/Intermediate/Shaders/WorkingDirectory/95824/).
[2022.02.25-00.48.46:382][  0]LogShaderCompilers: Cleaned the shader compiler working directory 'C:/Users/hbnm/AppData/Local/Temp/UnrealShaderWorkingDir/1C6E4D744DBE5574B03E5F8D70EB559B/'.
[2022.02.25-00.48.46:382][  0]LogXGEController: Cannot use XGE Controller as Incredibuild is not installed on this machine.
[2022.02.25-00.48.46:383][  0]LogShaderCompilers: Cannot use XGE Shader Compiler as Incredibuild is not installed on this machine.
[2022.02.25-00.48.46:383][  0]LogShaderCompilers: Display: Using Local Shader Compiler.
[2022.02.25-00.48.47:181][  0]LogDerivedDataCache: Display: Max Cache Size: 512 MB
[2022.02.25-00.48.47:236][  0]LogDerivedDataCache: Loaded boot cache 0.05s 94MB C:/Users/hbnm/AppData/Local/UnrealEngine/4.27/DerivedDataCache/Boot.ddc.
[2022.02.25-00.48.47:236][  0]LogDerivedDataCache: Display: Loaded Boot cache: C:/Users/hbnm/AppData/Local/UnrealEngine/4.27/DerivedDataCache/Boot.ddc
[2022.02.25-00.48.47:236][  0]LogDerivedDataCache: FDerivedDataBackendGraph:  Pak pak cache file D:/rt/Logipaignion/The_Elementalists/DerivedDataCache/DDC.ddp not found, will not use a pak cache.
[2022.02.25-00.48.47:236][  0]LogDerivedDataCache: Unable to find inner node Pak for hierarchical cache Hierarchy.
[2022.02.25-00.48.47:236][  0]LogDerivedDataCache: FDerivedDataBackendGraph:  CompressedPak pak cache file D:/rt/Logipaignion/The_Elementalists/DerivedDataCache/Compressed.ddp not found, will not use a pak cache.
[2022.02.25-00.48.47:236][  0]LogDerivedDataCache: Unable to find inner node CompressedPak for hierarchical cache Hierarchy.
[2022.02.25-00.48.47:251][  0]LogDerivedDataCache: Display: Pak cache opened for reading ../../../Engine/DerivedDataCache/Compressed.ddp.
[2022.02.25-00.48.47:251][  0]LogDerivedDataCache: FDerivedDataBackendGraph:  EnterprisePak pak cache file ../../../Enterprise/DerivedDataCache/Compressed.ddp not found, will not use a pak cache.
[2022.02.25-00.48.47:251][  0]LogDerivedDataCache: Unable to find inner node EnterprisePak for hierarchical cache Hierarchy.
[2022.02.25-00.48.47:257][  0]LogDerivedDataCache: Speed tests for C:/Users/hbnm/AppData/Local/UnrealEngine/Common/DerivedDataCache took 0.01 seconds
[2022.02.25-00.48.47:257][  0]LogDerivedDataCache: Display: Performance to C:/Users/hbnm/AppData/Local/UnrealEngine/Common/DerivedDataCache: Latency=0.02ms. RandomReadSpeed=1516.62MBs, RandomWriteSpeed=186.34MBs. Assigned SpeedClass 'Local'
[2022.02.25-00.48.47:258][  0]LogDerivedDataCache: Using Local data cache path C:/Users/hbnm/AppData/Local/UnrealEngine/Common/DerivedDataCache: Writable
[2022.02.25-00.48.47:258][  0]LogDerivedDataCache: Shared data cache path not found in *engine.ini, will not use an Shared cache.
[2022.02.25-00.48.47:258][  0]LogDerivedDataCache: Unable to find inner node Shared for hierarchical cache Hierarchy.
[2022.02.25-00.48.47:314][  0]LogSlate: Using FreeType 2.10.0
[2022.02.25-00.48.47:315][  0]LogSlate: SlateFontServices - WITH_FREETYPE: 1, WITH_HARFBUZZ: 1
[2022.02.25-00.48.47:338][  0]LogAssetRegistry: FAssetRegistry took 0.0028 seconds to start up
[2022.02.25-00.48.47:594][  0]LogInit: Selected Device Profile: [Windows]
[2022.02.25-00.48.47:594][  0]LogInit: Active device profile: [0000015C17816D00][0000015C18764F80 49] Windows
[2022.02.25-00.48.47:594][  0]LogInit: Profiles: [0000015C17816D00][0000015C18764F80 49] Windows, [0000015C1768E800][0000015C18781100 49] WindowsNoEditor, [0000015C17815100][0000015C18785280 49] WindowsServer, [0000015C1768E900][0000015C1878D400 49] WindowsClient, [0000015C17816800][0000015C1858D580 49] IOS, [0000015C17815200][0000015C18287700 49] iPadAir, [0000015C1760E100][0000015C182C5880 49] iPadAir2, [0000015C175D0D00][0000015C1831DB40 49] IPadPro, [0000015C175D0E00][0000015C18319B80 49] iPadAir3, [0000015C1760C600][0000015C18320180 49] iPadAir4, [0000015C175D0200][0000015C1871C300 49] iPadMini2, [0000015C1760F800][0000015C18324480 49] iPadMini3, [0000015C175D2E00][0000015C18328600 49] iPadMini4, [0000015C1760E000][0000015C18768740 49] iPadMini5, [0000015C1768FD00][0000015C14F50980 49] iPhone6, [0000015C1768FC00][0000015C14F4C9C0 49] iPodTouch6, [0000015C175D0900][0000015C14F60C40 49] iPhone7, [0000015C175D3600][0000015C14F58C80 49] iPodTouch7, [0000015C1768D600][0000015C18272E00 49] iPhone5S, [0000015C175D1600][0000015C18980F80 49] iPhone6Plus, [0000015C1768F400][0000015C1898F100 49] iPhone6S, [0000015C175D1400][0000015C18993280 49] iPhone6SPlus, [0000015C1768E300][0000015C18A07400 49] iPhone7Plus, [0000015C175D2100][0000015C18A0B580 49] iPhoneSE, [0000015C1768E500][0000015C18A5D700 49] iPhone8, [0000015C175D0B00][0000015C18A61880 49] iPhone8Plus, [0000015C1768C900][0000015C18A65A00 49] iPhoneX, [0000015C175D2800][0000015C18A69B80 49] iPhoneXS, [0000015C1768C200][0000015C18A6C180 49] iPhoneXSMax, [0000015C175D0100][0000015C18A70300 49] iPhoneXR, [0000015C1768F500][0000015C1828A480 49] iPhone11, [0000015C175D3100][0000015C1830E600 49] iPhone11Pro, [0000015C1768F900][0000015C18312780 49] iPhone11ProMax, [0000015C175D3D00][0000015C18AAC900 49] iPhoneSE2, [0000015C1768FB00][0000015C14F5CA40 49] iPhone12Mini, [0000015C175D2F00][0000015C18B66B80 49] iPhone12, [0000015C1768CD00][0000015C18B6ACC0 49] iPhone12Pro, [0000015C175D2900][0000015C18B76E40 49] iPhone12ProMax, [0000015C1768C400][0000015C14EAAFC0 49] iPadPro105, [0000015C175D2500][0000015C14EB5140 49] iPadPro129, [0000015C1768C100][0000015C14EB92C0 49] iPadPro97, [0000015C175D2700][0000015C14EBD440 49] iPadPro2_129, [0000015C1768C600][0000015C14EF55C0 49] iPad5, [0000015C175D2C00][0000015C14EF9740 49] iPad6, [0000015C1768CE00][0000015C14EFD8C0 49] iPad7, [0000015C175D1500][0000015C14F01A40 49] iPad8, [0000015C1768F700][0000015C0FB95BC0 49] iPadPro11, [0000015C175D3C00][0000015C187BC1C0 49] iPadPro2_11, [0000015C1768F200][0000015C187D2340 49] iPadPro3_129, [0000015C175D2200][0000015C1881A4C0 49] iPadPro4_129, [0000015C1768DF00][0000015C1882A640 49] AppleTV, [0000015C175D1A00][0000015C181667C0 49] AppleTV4K, [0000015C1768DA00][0000015C1816A940 49] TVOS, [0000015C175D0F00][0000015C1816EAC0 49] Mac, [0000015C1768E200][0000015C18B6EC00 49] MacClient, [0000015C175D1700][0000015C18172D40 49] MacNoEditor, [0000015C1768FE00][0000015C18188E80 49] MacServer, [0000015C175D3400][0000015C1818CFC0 49] Linux, [0000015C1768EB00][0000015C18195140 49] LinuxAArch64, [0000015C175D3200][0000015C181992C0 49] LinuxNoEditor, [0000015C1768F000][0000015C19311440 49] LinuxAArch64NoEditor, [0000015C175D1E00][0000015C193155C0 49] LinuxClient, [0000015C1768F600][0000015C19319740 49] LinuxAArch64Client, [0000015C175D0300][0000015C193238C0 49] LinuxServer, [0000015C1768D200][0000015C1933BA40 49] LinuxAArch64Server, [0000015C175D2000][0000015C19347BC0 49] Android, [0000015C1760C200][0000015C193501C0 49] Android_Low, [0000015C17815E00][0000015C19354340 49] Android_Mid, [0000015C1760F000][0000015C193584C0 49] Android_High, [0000015C17816900][0000015C1935C640 49] Android_Default, [0000015C1760D700][0000015C181F67C0 49] Android_Adreno4xx, [0000015C17814700][0000015C18200940 49] Android_Adreno5xx_Low, [0000015C1760CD00][0000015C18204AC0 49] Android_Adreno5xx, [0000015C17815300][0000015C18208C40 49] Android_Adreno6xx, [0000015C1760D000][0000015C18190D80 49] Android_Adreno6xx_Vulkan, [0000015C17814100][0000015C18214EC0 49] Android_Mali_T6xx, [0000015C1760EE00][0000015C18219000 49] Android_Mali_T7xx, [0000015C17816500][0000015C1821D140 49] Android_Mali_T8xx, [0000015C1760FE00][0000015C182252C0 49] Android_Mali_G71, [0000015C17817000][0000015C1893F440 49] Android_Mali_G72, [0000015C1760F500][0000015C189435C0 49] Android_Mali_G72_Vulkan, [0000015C17814B00][0000015C18211740 49] Android_Mali_G76, [0000015C1760CC00][0000015C1820D8C0 49] Android_Mali_G76_Vulkan, [0000015C17816B00][0000015C182EDA40 49] Android_Mali_G77, [0000015C1760D600][0000015C182F1BC0 49] Android_Mali_G77_Vulkan, [0000015C17816100][0000015C182F41C0 49] Android_Mali_G78, [0000015C1760F600][0000015C182F8340 49] Android_Mali_G78_Vulkan, [0000015C17815600][0000015C182FC4C0 49] Android_Mali_G710, [0000015C1760CF00][0000015C18300640 49] Android_Mali_G710_Vulkan, [0000015C17815700][0000015C189587C0 49] Android_Vulkan_SM5, [0000015C1760E600][0000015C14F64940 49] Android_PowerVR_G6xxx, [0000015C17814600][0000015C18788AC0 49] Android_PowerVR_GT7xxx, [0000015C1760E500][0000015C187C4C40 49] Android_PowerVR_GE8xxx, [0000015C17816C00][0000015C187C0DC0 49] Android_PowerVR_GM9xxx, [0000015C175D3300][0000015C187B8F40 49] Android_PowerVR_GM9xxx_Vulkan, [0000015C17815C00][0000015C18221080 49] Android_TegraK1, [0000015C175D0800][0000015C187B51C0 49] Android_Unknown_Vulkan, [0000015C17814900][0000015C187B1300 49] Lumin, [0000015C175D1000][0000015C0FB9F480 49] Lumin_Desktop, [0000015C17817200][0000015C14F55600 49] HoloLens, 
[2022.02.25-00.48.47:696][  0]LogMeshReduction: Using QuadricMeshReduction for automatic static mesh reduction
[2022.02.25-00.48.47:696][  0]LogMeshReduction: Using SimplygonMeshReduction for automatic skeletal mesh reduction
[2022.02.25-00.48.47:696][  0]LogMeshReduction: Using ProxyLODMeshReduction for automatic mesh merging
[2022.02.25-00.48.47:696][  0]LogMeshReduction: No distributed automatic mesh merging module available
[2022.02.25-00.48.47:696][  0]LogMeshMerging: No distributed automatic mesh merging module available
[2022.02.25-00.48.47:708][  0]LogNetVersion: The_Elementalists 1.0.0, NetCL: 17155196, EngineNetVer: 17, GameNetVer: 0 (Checksum: 2215583078)
[2022.02.25-00.48.48:081][  0]LogTexture: Default maximum texture size for cubemaps generated from long-lat sources has been changed from 512 to unlimited. In order to preserve old behaiour for '/Engine/MapTemplates/Sky/DaylightAmbientCubemap.DaylightAmbientCubemap', its maximum texture size has been explicitly set to 512.
[2022.02.25-00.48.48:134][  0]LogHMD: PokeAHoleMaterial loaded successfully
[2022.02.25-00.48.48:140][  0]LogUObjectArray: 17178 objects as part of root set at end of initial load.
[2022.02.25-00.48.48:140][  0]LogUObjectAllocator: 4301856 out of 0 bytes used by permanent object pool.
[2022.02.25-00.48.48:140][  0]LogUObjectArray: CloseDisregardForGC: 0/0 objects in disregard for GC pool
[2022.02.25-00.48.48:299][  0]LogNiagaraDebuggerClient: Niagara Debugger Client Initialized | Session: 36CB59844FC7FAD5701AE19116446D95 | Instance: AD05058F467C40990B61269F45CDDC1E (DESKTOP-7U3OGSV-95824).
[2022.02.25-00.48.48:342][  0]LogImageWrapper: Warning: PNG Warning: Duplicate iCCP chunk
[2022.02.25-00.48.48:342][  0]LogImageWrapper: Warning: PNG Warning: Duplicate iCCP chunk
[2022.02.25-00.48.48:342][  0]LogPython: Using Python 3.7.7
[2022.02.25-00.48.48:844][  0]LogTcpMessaging: Initializing TcpMessaging bridge
[2022.02.25-00.48.48:846][  0]LogUdpMessaging: Initializing bridge on interface 0.0.0.0:0 to multicast group 230.0.0.1:6666.
[2022.02.25-00.48.48:977][  0]SourceControl: Source control is disabled
[2022.02.25-00.48.48:977][  0]SourceControl: Source control is disabled
[2022.02.25-00.48.48:978][  0]SourceControl: Source control is disabled
[2022.02.25-00.48.48:979][  0]SourceControl: Source control is disabled
[2022.02.25-00.48.48:982][  0]SourceControl: Source control is disabled
[2022.02.25-00.48.48:984][  0]LogUProjectInfo: Found projects:
[2022.02.25-00.48.49:097][  0]LogOpenImageDenoise: OIDN starting up
[2022.02.25-00.48.49:114][  0]LogAudioCaptureCore: Display: No Audio Capture implementations found. Audio input will be silent.
[2022.02.25-00.48.49:114][  0]LogAudioCaptureCore: Display: No Audio Capture implementations found. Audio input will be silent.
[2022.02.25-00.48.49:212][  0]LogAndroidPermission: UAndroidPermissionCallbackProxy::GetInstance
[2022.02.25-00.48.49:215][  0]LogCollectionManager: Loaded 0 collections in 0.001285 seconds
[2022.02.25-00.48.49:235][  0]LogFileCache: Scanning file cache for directory 'D:/rt/Logipaignion/The_Elementalists/Saved/Collections/' took 0.00s
[2022.02.25-00.48.49:235][  0]LogFileCache: Scanning file cache for directory 'D:/rt/Logipaignion/The_Elementalists/Content/Developers/hbnm/Collections/' took 0.00s
[2022.02.25-00.48.49:235][  0]LogFileCache: Scanning file cache for directory 'D:/rt/Logipaignion/The_Elementalists/Content/Collections/' took 0.00s
[2022.02.25-00.48.49:236][  0]LogOcInput: OculusInput pre-init called
[2022.02.25-00.48.49:416][  0]LogImageWrapper: Warning: PNG Warning: Duplicate iCCP chunk
[2022.02.25-00.48.49:416][  0]LogImageWrapper: Warning: PNG Warning: Duplicate iCCP chunk
[2022.02.25-00.48.49:458][  0]LogEngine: Initializing Engine...
[2022.02.25-00.48.49:460][  0]LogHMD: Failed to enumerate extensions. Please check that you have a valid OpenXR runtime installed.
[2022.02.25-00.48.49:460][  0]LogHMD: Failed to initialize OpenVR with code 110
[2022.02.25-00.48.49:460][  0]LogMagicLeap: Warning: VR disabled because ZI is not enabled.  To enable, in the editor, Edit -> Project Settings -> Plugins -> Magic Leap Plugin -> Enable Zero Iteration
[2022.02.25-00.48.49:461][  0]LogStats: UGameplayTagsManager::InitializeManager -  0.000 s
[2022.02.25-00.48.49:595][  0]LogInit: Initializing FReadOnlyCVARCache
[2022.02.25-00.48.49:602][  0]LogAIModule: Creating AISystem for world Untitled
[2022.02.25-00.48.49:612][  0]LogAudio: Display: Initializing Audio Device Manager...
[2022.02.25-00.48.49:613][  0]LogAudio: Display: Loading Default Audio Settings Objects...
[2022.02.25-00.48.49:614][  0]LogAudio: Display: No default SoundConcurrencyObject specified (or failed to load).
[2022.02.25-00.48.49:614][  0]LogAudio: Display: Audio Device Manager Initialized
[2022.02.25-00.48.49:614][  0]LogAudio: Display: Creating Audio Device:                 Id: 1, Scope: Shared, Realtime: True
[2022.02.25-00.48.49:614][  0]LogAudioMixer: Display: Audio Mixer Platform Settings:
[2022.02.25-00.48.49:614][  0]LogAudioMixer: Display: 	Sample Rate:						  48000
[2022.02.25-00.48.49:614][  0]LogAudioMixer: Display: 	Callback Buffer Frame Size Requested: 1024
[2022.02.25-00.48.49:614][  0]LogAudioMixer: Display: 	Callback Buffer Frame Size To Use:	  1024
[2022.02.25-00.48.49:614][  0]LogAudioMixer: Display: 	Number of buffers to queue:			  2
[2022.02.25-00.48.49:614][  0]LogAudioMixer: Display: 	Max Channels (voices):				  32
[2022.02.25-00.48.49:614][  0]LogAudioMixer: Display: 	Number of Async Source Workers:		  0
[2022.02.25-00.48.49:614][  0]LogAudio: Display: AudioDevice MaxSources: 32
[2022.02.25-00.48.49:615][  0]LogAudio: Display: Audio Spatialization Plugin: None (built-in).
[2022.02.25-00.48.49:615][  0]LogAudio: Display: Audio Reverb Plugin: None (built-in).
[2022.02.25-00.48.49:615][  0]LogAudio: Display: Audio Occlusion Plugin: None (built-in).
[2022.02.25-00.48.49:615][  0]LogAudioMixer: Display: Initializing audio mixer.
[2022.02.25-00.48.49:624][  0]LogAudioMixer: Display: 0: FrontLeft
[2022.02.25-00.48.49:625][  0]LogAudioMixer: Display: 1: FrontRight
[2022.02.25-00.48.49:634][  0]LogAudioMixer: Display: Using Audio Device Speakers (2- USB Audio Device)
[2022.02.25-00.48.49:637][  0]LogAudioMixer: Display: Initializing Sound Submixes...
[2022.02.25-00.48.49:640][  0]LogAudioMixer: Display: Creating Master Submix 'MasterSubmixDefault'
[2022.02.25-00.48.49:640][  0]LogAudioMixer: Display: Creating Master Submix 'MasterReverbSubmixDefault'
[2022.02.25-00.48.49:640][  0]LogAudioMixer: Display: Creating Master Submix 'MasterEQSubmixDefault'
[2022.02.25-00.48.49:640][  0]LogAudioMixer: FMixerPlatformXAudio2::StartAudioStream() called
[2022.02.25-00.48.49:640][  0]LogAudioMixer: Display: Output buffers initialized: Frames=1024, Channels=2, Samples=2048
[2022.02.25-00.48.49:641][  0]LogAudioMixer: Display: Starting AudioMixerPlatformInterface::RunInternal()
[2022.02.25-00.48.49:641][  0]LogAudioMixer: Display: FMixerPlatformXAudio2::SubmitBuffer() called for the first time
[2022.02.25-00.48.49:641][  0]LogInit: FAudioDevice initialized.
[2022.02.25-00.48.49:642][  0]LogAudio: Display: Audio Device (ID: 1) registered with world 'Untitled'.
[2022.02.25-00.48.49:642][  0]LogNetVersion: Set ProjectVersion to 1.0.0.0. Version Checksum will be recalculated on next use.
[2022.02.25-00.48.49:718][  0]LogDerivedDataCache: Saved boot cache 0.08s 94MB C:/Users/hbnm/AppData/Local/UnrealEngine/4.27/DerivedDataCache/Boot.ddc.
[2022.02.25-00.48.49:722][  0]LogInit: Texture streaming: Enabled
[2022.02.25-00.48.49:728][  0]LogAnalytics: Display: [UEEditor.Rocket.Release] APIServer = https://datarouter.ol.epicgames.com/. AppVersion = 4.27.1-17735300+++UE4+Release-4.27
[2022.02.25-00.48.49:730][  0]LogEngineSessionManager: EngineSessionManager initialized
[2022.02.25-00.48.49:730][  0]LogEditorSessionSummary: Verbose: Initializing EditorSessionSummaryWriter for editor session tracking
[2022.02.25-00.48.49:732][  0]LogEditorSessionSummary: EditorSessionSummaryWriter initialized
[2022.02.25-00.48.49:770][  0]LogInit: Transaction tracking system initialized
[2022.02.25-00.48.49:779][  0]BlueprintLog: New page: Editor Load
[2022.02.25-00.48.49:813][  0]LocalizationService: Localization service is disabled
[2022.02.25-00.48.49:824][  0]TimingProfiler: Initialize
[2022.02.25-00.48.49:824][  0]TimingProfiler: OnSessionChanged
[2022.02.25-00.48.49:824][  0]LoadingProfiler: Initialize
[2022.02.25-00.48.49:824][  0]LoadingProfiler: OnSessionChanged
[2022.02.25-00.48.49:824][  0]NetworkingProfiler: Initialize
[2022.02.25-00.48.49:825][  0]NetworkingProfiler: OnSessionChanged
[2022.02.25-00.48.49:825][  0]MemoryProfiler: Initialize
[2022.02.25-00.48.49:825][  0]MemoryProfiler: OnSessionChanged
[2022.02.25-00.48.49:931][  0]LogCook: Display: CookSettings for Memory: MemoryMaxUsedVirtual 0MiB, MemoryMaxUsedPhysical 16384MiB, MemoryMinFreeVirtual 0MiB, MemoryMinFreePhysical 1024MiB
[2022.02.25-00.48.49:931][  0]LogCook: Display: Mobile HDR setting 1
[2022.02.25-00.48.50:030][  0]LogFileCache: Scanning file cache for directory 'D:/rt/Logipaignion/The_Elementalists/Content/' took 0.02s
[2022.02.25-00.48.50:206][  0]LogImageWrapper: Warning: PNG Warning: Duplicate iCCP chunk
[2022.02.25-00.48.50:206][  0]LogImageWrapper: Warning: PNG Warning: Duplicate iCCP chunk
[2022.02.25-00.48.50:206][  0]LogInit: Display: Engine is initialized. Leaving FEngineLoop::Init()
[2022.02.25-00.48.50:208][  0]SourceControl: Source control is disabled
[2022.02.25-00.48.50:208][  0]LogUnrealEdMisc: Loading editor; pre map load, took 6.013
[2022.02.25-00.48.50:208][  0]Cmd: MAP LOAD FILE="../../../Engine/Content/Maps/Templates/Template_Default.umap" TEMPLATE=1 SHOWPROGRESS=1 FEATURELEVEL=3
[2022.02.25-00.48.50:209][  0]LightingResults: New page: Lighting Build
[2022.02.25-00.48.50:210][  0]LogWorld: UWorld::CleanupWorld for Untitled, bSessionEnded=true, bCleanupResources=true
[2022.02.25-00.48.50:210][  0]LogSlate: InvalidateAllWidgets triggered.  All widgets were invalidated
[2022.02.25-00.48.50:210][  0]MapCheck: New page: Map Check
[2022.02.25-00.48.50:210][  0]LightingResults: New page: Lighting Build
[2022.02.25-00.48.50:214][  0]LogAudio: Display: Audio Device unregistered from world 'None'.
[2022.02.25-00.48.50:216][  0]LogUObjectHash: Compacting FUObjectHashTables data took   0.72ms
[2022.02.25-00.48.50:271][  0]LogAudio: Display: Audio Device (ID: 1) registered with world 'Untitled_1'.
[2022.02.25-00.48.50:272][  0]LogAIModule: Creating AISystem for world Untitled_1
[2022.02.25-00.48.50:275][  0]LogEditorServer: Finished looking for orphan Actors (0.000 secs)
[2022.02.25-00.48.50:283][  0]LogUObjectHash: Compacting FUObjectHashTables data took   1.21ms
[2022.02.25-00.48.50:283][  0]Cmd: MAP CHECKDEP NOCLEARLOG
[2022.02.25-00.48.50:284][  0]MapCheck: Map check complete: 0 Error(s), 0 Warning(s), took 0.113ms to complete.
[2022.02.25-00.48.50:284][  0]LogFileHelpers: Loading map 'Template_Default' took 0.075
[2022.02.25-00.48.50:286][  0]LogUnrealEdMisc: Total Editor Startup Time, took 6.091
[2022.02.25-00.48.50:394][  0]LogSlate: Updating window title bar state: overlay mode, drag disabled, window buttons hidden, title bar hidden
[2022.02.25-00.48.50:401][  0]LogSlate: Updating window title bar state: overlay mode, drag disabled, window buttons hidden, title bar hidden
[2022.02.25-00.48.50:408][  0]LogSlate: Updating window title bar state: overlay mode, drag disabled, window buttons hidden, title bar hidden
[2022.02.25-00.48.50:414][  0]LogSlate: Updating window title bar state: overlay mode, drag disabled, window buttons hidden, title bar hidden
[2022.02.25-00.48.50:427][  0]LogNativeClassHierarchy: Verbose: Native class hierarchy populated in 0.0097 seconds. Added 3860 classes and 931 folders.
[2022.02.25-00.48.50:429][  0]LogNativeClassHierarchy: Verbose: Native class hierarchy updated for 'WidgetCarousel' in 0.0002 seconds. Added 0 classes and 0 folders.
[2022.02.25-00.48.50:435][  0]LogPakFile: PakFile PrimaryIndexSize=187
[2022.02.25-00.48.50:435][  0]LogPakFile: PakFile PathHashIndexSize=101
[2022.02.25-00.48.50:435][  0]LogPakFile: PakFile FullDirectoryIndexSize=148
[2022.02.25-00.48.50:435][  0]LogShaderLibrary: Display: ShaderCodeLibraryPakFileMountedCallback: PakFile 'C:/Program Files/Epic Games/UE_4.27/FeaturePacks/FP_FirstPerson.upack' (chunk index -1, root 'root:/') mounted
[2022.02.25-00.48.50:435][  0]LogShaderLibrary: Display: ShaderCodeLibraryPakFileMountedCallback: pending pak file info (ChunkID:-1 Root:root:/ File:C:/Program Files/Epic Games/UE_4.27/FeaturePacks/FP_FirstPerson.upack)
[2022.02.25-00.48.50:436][  0]LogPakFile: OnPakFileMounted2Time == 0.000058
[2022.02.25-00.48.50:445][  0]LogPakFile: PakFile PrimaryIndexSize=189
[2022.02.25-00.48.50:445][  0]LogPakFile: PakFile PathHashIndexSize=101
[2022.02.25-00.48.50:445][  0]LogPakFile: PakFile FullDirectoryIndexSize=152
[2022.02.25-00.48.50:445][  0]LogShaderLibrary: Display: ShaderCodeLibraryPakFileMountedCallback: PakFile 'C:/Program Files/Epic Games/UE_4.27/FeaturePacks/FP_FirstPersonBP.upack' (chunk index -1, root 'root:/') mounted
[2022.02.25-00.48.50:445][  0]LogShaderLibrary: Display: ShaderCodeLibraryPakFileMountedCallback: pending pak file info (ChunkID:-1 Root:root:/ File:C:/Program Files/Epic Games/UE_4.27/FeaturePacks/FP_FirstPersonBP.upack)
[2022.02.25-00.48.50:445][  0]LogPakFile: OnPakFileMounted2Time == 0.000039
[2022.02.25-00.48.50:451][  0]LogPakFile: PakFile PrimaryIndexSize=191
[2022.02.25-00.48.50:451][  0]LogPakFile: PakFile PathHashIndexSize=101
[2022.02.25-00.48.50:451][  0]LogPakFile: PakFile FullDirectoryIndexSize=160
[2022.02.25-00.48.50:451][  0]LogShaderLibrary: Display: ShaderCodeLibraryPakFileMountedCallback: PakFile 'C:/Program Files/Epic Games/UE_4.27/FeaturePacks/MobileStarterContent.upack' (chunk index -1, root 'root:/') mounted
[2022.02.25-00.48.50:451][  0]LogShaderLibrary: Display: ShaderCodeLibraryPakFileMountedCallback: pending pak file info (ChunkID:-1 Root:root:/ File:C:/Program Files/Epic Games/UE_4.27/FeaturePacks/MobileStarterContent.upack)
[2022.02.25-00.48.50:451][  0]LogPakFile: OnPakFileMounted2Time == 0.000048
[2022.02.25-00.48.50:457][  0]LogPakFile: PakFile PrimaryIndexSize=185
[2022.02.25-00.48.50:457][  0]LogPakFile: PakFile PathHashIndexSize=101
[2022.02.25-00.48.50:457][  0]LogPakFile: PakFile FullDirectoryIndexSize=148
[2022.02.25-00.48.50:457][  0]LogShaderLibrary: Display: ShaderCodeLibraryPakFileMountedCallback: PakFile 'C:/Program Files/Epic Games/UE_4.27/FeaturePacks/StarterContent.upack' (chunk index -1, root 'root:/') mounted
[2022.02.25-00.48.50:457][  0]LogShaderLibrary: Display: ShaderCodeLibraryPakFileMountedCallback: pending pak file info (ChunkID:-1 Root:root:/ File:C:/Program Files/Epic Games/UE_4.27/FeaturePacks/StarterContent.upack)
[2022.02.25-00.48.50:457][  0]LogPakFile: OnPakFileMounted2Time == 0.000037
[2022.02.25-00.48.50:464][  0]LogPakFile: PakFile PrimaryIndexSize=190
[2022.02.25-00.48.50:464][  0]LogPakFile: PakFile PathHashIndexSize=101
[2022.02.25-00.48.50:464][  0]LogPakFile: PakFile FullDirectoryIndexSize=154
[2022.02.25-00.48.50:464][  0]LogShaderLibrary: Display: ShaderCodeLibraryPakFileMountedCallback: PakFile 'C:/Program Files/Epic Games/UE_4.27/FeaturePacks/TP_2DSideScroller.upack' (chunk index -1, root 'root:/') mounted
[2022.02.25-00.48.50:464][  0]LogShaderLibrary: Display: ShaderCodeLibraryPakFileMountedCallback: pending pak file info (ChunkID:-1 Root:root:/ File:C:/Program Files/Epic Games/UE_4.27/FeaturePacks/TP_2DSideScroller.upack)
[2022.02.25-00.48.50:464][  0]LogPakFile: OnPakFileMounted2Time == 0.000040
[2022.02.25-00.48.50:469][  0]LogPakFile: PakFile PrimaryIndexSize=192
[2022.02.25-00.48.50:469][  0]LogPakFile: PakFile PathHashIndexSize=101
[2022.02.25-00.48.50:469][  0]LogPakFile: PakFile FullDirectoryIndexSize=158
[2022.02.25-00.48.50:469][  0]LogShaderLibrary: Display: ShaderCodeLibraryPakFileMountedCallback: PakFile 'C:/Program Files/Epic Games/UE_4.27/FeaturePacks/TP_2DSideScrollerBP.upack' (chunk index -1, root 'root:/') mounted
[2022.02.25-00.48.50:469][  0]LogShaderLibrary: Display: ShaderCodeLibraryPakFileMountedCallback: pending pak file info (ChunkID:-1 Root:root:/ File:C:/Program Files/Epic Games/UE_4.27/FeaturePacks/TP_2DSideScrollerBP.upack)
[2022.02.25-00.48.50:469][  0]LogPakFile: OnPakFileMounted2Time == 0.000032
[2022.02.25-00.48.50:476][  0]LogPakFile: PakFile PrimaryIndexSize=182
[2022.02.25-00.48.50:476][  0]LogPakFile: PakFile PathHashIndexSize=101
[2022.02.25-00.48.50:476][  0]LogPakFile: PakFile FullDirectoryIndexSize=138
[2022.02.25-00.48.50:476][  0]LogShaderLibrary: Display: ShaderCodeLibraryPakFileMountedCallback: PakFile 'C:/Program Files/Epic Games/UE_4.27/FeaturePacks/TP_Flying.upack' (chunk index -1, root 'root:/') mounted
[2022.02.25-00.48.50:476][  0]LogShaderLibrary: Display: ShaderCodeLibraryPakFileMountedCallback: pending pak file info (ChunkID:-1 Root:root:/ File:C:/Program Files/Epic Games/UE_4.27/FeaturePacks/TP_Flying.upack)
[2022.02.25-00.48.50:476][  0]LogPakFile: OnPakFileMounted2Time == 0.000034
[2022.02.25-00.48.50:483][  0]LogPakFile: PakFile PrimaryIndexSize=184
[2022.02.25-00.48.50:483][  0]LogPakFile: PakFile PathHashIndexSize=101
[2022.02.25-00.48.50:483][  0]LogPakFile: PakFile FullDirectoryIndexSize=142
[2022.02.25-00.48.50:483][  0]LogShaderLibrary: Display: ShaderCodeLibraryPakFileMountedCallback: PakFile 'C:/Program Files/Epic Games/UE_4.27/FeaturePacks/TP_FlyingBP.upack' (chunk index -1, root 'root:/') mounted
[2022.02.25-00.48.50:483][  0]LogShaderLibrary: Display: ShaderCodeLibraryPakFileMountedCallback: pending pak file info (ChunkID:-1 Root:root:/ File:C:/Program Files/Epic Games/UE_4.27/FeaturePacks/TP_FlyingBP.upack)
[2022.02.25-00.48.50:483][  0]LogPakFile: OnPakFileMounted2Time == 0.000034
[2022.02.25-00.48.50:490][  0]LogPakFile: PakFile PrimaryIndexSize=188
[2022.02.25-00.48.50:490][  0]LogPakFile: PakFile PathHashIndexSize=101
[2022.02.25-00.48.50:490][  0]LogPakFile: PakFile FullDirectoryIndexSize=150
[2022.02.25-00.48.50:490][  0]LogShaderLibrary: Display: ShaderCodeLibraryPakFileMountedCallback: PakFile 'C:/Program Files/Epic Games/UE_4.27/FeaturePacks/TP_HandheldARBP.upack' (chunk index -1, root 'root:/') mounted
[2022.02.25-00.48.50:490][  0]LogShaderLibrary: Display: ShaderCodeLibraryPakFileMountedCallback: pending pak file info (ChunkID:-1 Root:root:/ File:C:/Program Files/Epic Games/UE_4.27/FeaturePacks/TP_HandheldARBP.upack)
[2022.02.25-00.48.50:490][  0]LogPakFile: OnPakFileMounted2Time == 0.000047
[2022.02.25-00.48.50:499][  0]LogPakFile: PakFile PrimaryIndexSize=182
[2022.02.25-00.48.50:499][  0]LogPakFile: PakFile PathHashIndexSize=101
[2022.02.25-00.48.50:499][  0]LogPakFile: PakFile FullDirectoryIndexSize=138
[2022.02.25-00.48.50:499][  0]LogShaderLibrary: Display: ShaderCodeLibraryPakFileMountedCallback: PakFile 'C:/Program Files/Epic Games/UE_4.27/FeaturePacks/TP_Puzzle.upack' (chunk index -1, root 'root:/') mounted
[2022.02.25-00.48.50:499][  0]LogShaderLibrary: Display: ShaderCodeLibraryPakFileMountedCallback: pending pak file info (ChunkID:-1 Root:root:/ File:C:/Program Files/Epic Games/UE_4.27/FeaturePacks/TP_Puzzle.upack)
[2022.02.25-00.48.50:499][  0]LogPakFile: OnPakFileMounted2Time == 0.000033
[2022.02.25-00.48.50:504][  0]LogPakFile: PakFile PrimaryIndexSize=184
[2022.02.25-00.48.50:504][  0]LogPakFile: PakFile PathHashIndexSize=101
[2022.02.25-00.48.50:505][  0]LogPakFile: PakFile FullDirectoryIndexSize=142
[2022.02.25-00.48.50:505][  0]LogShaderLibrary: Display: ShaderCodeLibraryPakFileMountedCallback: PakFile 'C:/Program Files/Epic Games/UE_4.27/FeaturePacks/TP_PuzzleBP.upack' (chunk index -1, root 'root:/') mounted
[2022.02.25-00.48.50:505][  0]LogShaderLibrary: Display: ShaderCodeLibraryPakFileMountedCallback: pending pak file info (ChunkID:-1 Root:root:/ File:C:/Program Files/Epic Games/UE_4.27/FeaturePacks/TP_PuzzleBP.upack)
[2022.02.25-00.48.50:505][  0]LogPakFile: OnPakFileMounted2Time == 0.000042
[2022.02.25-00.48.50:511][  0]LogPakFile: PakFile PrimaryIndexSize=183
[2022.02.25-00.48.50:511][  0]LogPakFile: PakFile PathHashIndexSize=101
[2022.02.25-00.48.50:511][  0]LogPakFile: PakFile FullDirectoryIndexSize=140
[2022.02.25-00.48.50:511][  0]LogShaderLibrary: Display: ShaderCodeLibraryPakFileMountedCallback: PakFile 'C:/Program Files/Epic Games/UE_4.27/FeaturePacks/TP_Rolling.upack' (chunk index -1, root 'root:/') mounted
[2022.02.25-00.48.50:511][  0]LogShaderLibrary: Display: ShaderCodeLibraryPakFileMountedCallback: pending pak file info (ChunkID:-1 Root:root:/ File:C:/Program Files/Epic Games/UE_4.27/FeaturePacks/TP_Rolling.upack)
[2022.02.25-00.48.50:511][  0]LogPakFile: OnPakFileMounted2Time == 0.000033
[2022.02.25-00.48.50:517][  0]LogPakFile: PakFile PrimaryIndexSize=185
[2022.02.25-00.48.50:517][  0]LogPakFile: PakFile PathHashIndexSize=101
[2022.02.25-00.48.50:517][  0]LogPakFile: PakFile FullDirectoryIndexSize=144
[2022.02.25-00.48.50:517][  0]LogShaderLibrary: Display: ShaderCodeLibraryPakFileMountedCallback: PakFile 'C:/Program Files/Epic Games/UE_4.27/FeaturePacks/TP_RollingBP.upack' (chunk index -1, root 'root:/') mounted
[2022.02.25-00.48.50:517][  0]LogShaderLibrary: Display: ShaderCodeLibraryPakFileMountedCallback: pending pak file info (ChunkID:-1 Root:root:/ File:C:/Program Files/Epic Games/UE_4.27/FeaturePacks/TP_RollingBP.upack)
[2022.02.25-00.48.50:517][  0]LogPakFile: OnPakFileMounted2Time == 0.000036
[2022.02.25-00.48.50:523][  0]LogPakFile: PakFile PrimaryIndexSize=188
[2022.02.25-00.48.50:523][  0]LogPakFile: PakFile PathHashIndexSize=101
[2022.02.25-00.48.50:523][  0]LogPakFile: PakFile FullDirectoryIndexSize=150
[2022.02.25-00.48.50:523][  0]LogShaderLibrary: Display: ShaderCodeLibraryPakFileMountedCallback: PakFile 'C:/Program Files/Epic Games/UE_4.27/FeaturePacks/TP_SideScroller.upack' (chunk index -1, root 'root:/') mounted
[2022.02.25-00.48.50:523][  0]LogShaderLibrary: Display: ShaderCodeLibraryPakFileMountedCallback: pending pak file info (ChunkID:-1 Root:root:/ File:C:/Program Files/Epic Games/UE_4.27/FeaturePacks/TP_SideScroller.upack)
[2022.02.25-00.48.50:523][  0]LogPakFile: OnPakFileMounted2Time == 0.000035
[2022.02.25-00.48.50:529][  0]LogPakFile: PakFile PrimaryIndexSize=190
[2022.02.25-00.48.50:529][  0]LogPakFile: PakFile PathHashIndexSize=101
[2022.02.25-00.48.50:529][  0]LogPakFile: PakFile FullDirectoryIndexSize=154
[2022.02.25-00.48.50:529][  0]LogShaderLibrary: Display: ShaderCodeLibraryPakFileMountedCallback: PakFile 'C:/Program Files/Epic Games/UE_4.27/FeaturePacks/TP_SideScrollerBP.upack' (chunk index -1, root 'root:/') mounted
[2022.02.25-00.48.50:529][  0]LogShaderLibrary: Display: ShaderCodeLibraryPakFileMountedCallback: pending pak file info (ChunkID:-1 Root:root:/ File:C:/Program Files/Epic Games/UE_4.27/FeaturePacks/TP_SideScrollerBP.upack)
[2022.02.25-00.48.50:529][  0]LogPakFile: OnPakFileMounted2Time == 0.000033
[2022.02.25-00.48.50:535][  0]LogPakFile: PakFile PrimaryIndexSize=187
[2022.02.25-00.48.50:535][  0]LogPakFile: PakFile PathHashIndexSize=101
[2022.02.25-00.48.50:535][  0]LogPakFile: PakFile FullDirectoryIndexSize=148
[2022.02.25-00.48.50:535][  0]LogShaderLibrary: Display: ShaderCodeLibraryPakFileMountedCallback: PakFile 'C:/Program Files/Epic Games/UE_4.27/FeaturePacks/TP_ThirdPerson.upack' (chunk index -1, root 'root:/') mounted
[2022.02.25-00.48.50:535][  0]LogShaderLibrary: Display: ShaderCodeLibraryPakFileMountedCallback: pending pak file info (ChunkID:-1 Root:root:/ File:C:/Program Files/Epic Games/UE_4.27/FeaturePacks/TP_ThirdPerson.upack)
[2022.02.25-00.48.50:535][  0]LogPakFile: OnPakFileMounted2Time == 0.000035
[2022.02.25-00.48.50:542][  0]LogPakFile: PakFile PrimaryIndexSize=189
[2022.02.25-00.48.50:542][  0]LogPakFile: PakFile PathHashIndexSize=101
[2022.02.25-00.48.50:542][  0]LogPakFile: PakFile FullDirectoryIndexSize=152
[2022.02.25-00.48.50:542][  0]LogShaderLibrary: Display: ShaderCodeLibraryPakFileMountedCallback: PakFile 'C:/Program Files/Epic Games/UE_4.27/FeaturePacks/TP_ThirdPersonBP.upack' (chunk index -1, root 'root:/') mounted
[2022.02.25-00.48.50:542][  0]LogShaderLibrary: Display: ShaderCodeLibraryPakFileMountedCallback: pending pak file info (ChunkID:-1 Root:root:/ File:C:/Program Files/Epic Games/UE_4.27/FeaturePacks/TP_ThirdPersonBP.upack)
[2022.02.25-00.48.50:542][  0]LogPakFile: OnPakFileMounted2Time == 0.000036
[2022.02.25-00.48.50:548][  0]LogPakFile: PakFile PrimaryIndexSize=183
[2022.02.25-00.48.50:548][  0]LogPakFile: PakFile PathHashIndexSize=101
[2022.02.25-00.48.50:548][  0]LogPakFile: PakFile FullDirectoryIndexSize=140
[2022.02.25-00.48.50:548][  0]LogShaderLibrary: Display: ShaderCodeLibraryPakFileMountedCallback: PakFile 'C:/Program Files/Epic Games/UE_4.27/FeaturePacks/TP_TopDown.upack' (chunk index -1, root 'root:/') mounted
[2022.02.25-00.48.50:548][  0]LogShaderLibrary: Display: ShaderCodeLibraryPakFileMountedCallback: pending pak file info (ChunkID:-1 Root:root:/ File:C:/Program Files/Epic Games/UE_4.27/FeaturePacks/TP_TopDown.upack)
[2022.02.25-00.48.50:548][  0]LogPakFile: OnPakFileMounted2Time == 0.000041
[2022.02.25-00.48.50:554][  0]LogPakFile: PakFile PrimaryIndexSize=185
[2022.02.25-00.48.50:554][  0]LogPakFile: PakFile PathHashIndexSize=101
[2022.02.25-00.48.50:554][  0]LogPakFile: PakFile FullDirectoryIndexSize=144
[2022.02.25-00.48.50:554][  0]LogShaderLibrary: Display: ShaderCodeLibraryPakFileMountedCallback: PakFile 'C:/Program Files/Epic Games/UE_4.27/FeaturePacks/TP_TopDownBP.upack' (chunk index -1, root 'root:/') mounted
[2022.02.25-00.48.50:554][  0]LogShaderLibrary: Display: ShaderCodeLibraryPakFileMountedCallback: pending pak file info (ChunkID:-1 Root:root:/ File:C:/Program Files/Epic Games/UE_4.27/FeaturePacks/TP_TopDownBP.upack)
[2022.02.25-00.48.50:554][  0]LogPakFile: OnPakFileMounted2Time == 0.000038
[2022.02.25-00.48.50:563][  0]LogPakFile: PakFile PrimaryIndexSize=185
[2022.02.25-00.48.50:563][  0]LogPakFile: PakFile PathHashIndexSize=101
[2022.02.25-00.48.50:563][  0]LogPakFile: PakFile FullDirectoryIndexSize=144
[2022.02.25-00.48.50:563][  0]LogShaderLibrary: Display: ShaderCodeLibraryPakFileMountedCallback: PakFile 'C:/Program Files/Epic Games/UE_4.27/FeaturePacks/TP_TwinStick.upack' (chunk index -1, root 'root:/') mounted
[2022.02.25-00.48.50:563][  0]LogShaderLibrary: Display: ShaderCodeLibraryPakFileMountedCallback: pending pak file info (ChunkID:-1 Root:root:/ File:C:/Program Files/Epic Games/UE_4.27/FeaturePacks/TP_TwinStick.upack)
[2022.02.25-00.48.50:563][  0]LogPakFile: OnPakFileMounted2Time == 0.000033
[2022.02.25-00.48.50:569][  0]LogPakFile: PakFile PrimaryIndexSize=187
[2022.02.25-00.48.50:569][  0]LogPakFile: PakFile PathHashIndexSize=101
[2022.02.25-00.48.50:569][  0]LogPakFile: PakFile FullDirectoryIndexSize=148
[2022.02.25-00.48.50:569][  0]LogShaderLibrary: Display: ShaderCodeLibraryPakFileMountedCallback: PakFile 'C:/Program Files/Epic Games/UE_4.27/FeaturePacks/TP_TwinStickBP.upack' (chunk index -1, root 'root:/') mounted
[2022.02.25-00.48.50:569][  0]LogShaderLibrary: Display: ShaderCodeLibraryPakFileMountedCallback: pending pak file info (ChunkID:-1 Root:root:/ File:C:/Program Files/Epic Games/UE_4.27/FeaturePacks/TP_TwinStickBP.upack)
[2022.02.25-00.48.50:569][  0]LogPakFile: OnPakFileMounted2Time == 0.000033
[2022.02.25-00.48.50:575][  0]LogPakFile: PakFile PrimaryIndexSize=183
[2022.02.25-00.48.50:575][  0]LogPakFile: PakFile PathHashIndexSize=101
[2022.02.25-00.48.50:575][  0]LogPakFile: PakFile FullDirectoryIndexSize=140
[2022.02.25-00.48.50:575][  0]LogShaderLibrary: Display: ShaderCodeLibraryPakFileMountedCallback: PakFile 'C:/Program Files/Epic Games/UE_4.27/FeaturePacks/TP_Vehicle.upack' (chunk index -1, root 'root:/') mounted
[2022.02.25-00.48.50:575][  0]LogShaderLibrary: Display: ShaderCodeLibraryPakFileMountedCallback: pending pak file info (ChunkID:-1 Root:root:/ File:C:/Program Files/Epic Games/UE_4.27/FeaturePacks/TP_Vehicle.upack)
[2022.02.25-00.48.50:575][  0]LogPakFile: OnPakFileMounted2Time == 0.000034
[2022.02.25-00.48.50:581][  0]LogPakFile: PakFile PrimaryIndexSize=186
[2022.02.25-00.48.50:581][  0]LogPakFile: PakFile PathHashIndexSize=101
[2022.02.25-00.48.50:581][  0]LogPakFile: PakFile FullDirectoryIndexSize=146
[2022.02.25-00.48.50:581][  0]LogShaderLibrary: Display: ShaderCodeLibraryPakFileMountedCallback: PakFile 'C:/Program Files/Epic Games/UE_4.27/FeaturePacks/TP_VehicleAdv.upack' (chunk index -1, root 'root:/') mounted
[2022.02.25-00.48.50:581][  0]LogShaderLibrary: Display: ShaderCodeLibraryPakFileMountedCallback: pending pak file info (ChunkID:-1 Root:root:/ File:C:/Program Files/Epic Games/UE_4.27/FeaturePacks/TP_VehicleAdv.upack)
[2022.02.25-00.48.50:581][  0]LogPakFile: OnPakFileMounted2Time == 0.000035
[2022.02.25-00.48.50:588][  0]LogPakFile: PakFile PrimaryIndexSize=188
[2022.02.25-00.48.50:588][  0]LogPakFile: PakFile PathHashIndexSize=101
[2022.02.25-00.48.50:588][  0]LogPakFile: PakFile FullDirectoryIndexSize=150
[2022.02.25-00.48.50:588][  0]LogShaderLibrary: Display: ShaderCodeLibraryPakFileMountedCallback: PakFile 'C:/Program Files/Epic Games/UE_4.27/FeaturePacks/TP_VehicleAdvBP.upack' (chunk index -1, root 'root:/') mounted
[2022.02.25-00.48.50:588][  0]LogShaderLibrary: Display: ShaderCodeLibraryPakFileMountedCallback: pending pak file info (ChunkID:-1 Root:root:/ File:C:/Program Files/Epic Games/UE_4.27/FeaturePacks/TP_VehicleAdvBP.upack)
[2022.02.25-00.48.50:588][  0]LogPakFile: OnPakFileMounted2Time == 0.000032
[2022.02.25-00.48.50:594][  0]LogPakFile: PakFile PrimaryIndexSize=185
[2022.02.25-00.48.50:594][  0]LogPakFile: PakFile PathHashIndexSize=101
[2022.02.25-00.48.50:594][  0]LogPakFile: PakFile FullDirectoryIndexSize=144
[2022.02.25-00.48.50:594][  0]LogShaderLibrary: Display: ShaderCodeLibraryPakFileMountedCallback: PakFile 'C:/Program Files/Epic Games/UE_4.27/FeaturePacks/TP_VehicleBP.upack' (chunk index -1, root 'root:/') mounted
[2022.02.25-00.48.50:594][  0]LogShaderLibrary: Display: ShaderCodeLibraryPakFileMountedCallback: pending pak file info (ChunkID:-1 Root:root:/ File:C:/Program Files/Epic Games/UE_4.27/FeaturePacks/TP_VehicleBP.upack)
[2022.02.25-00.48.50:594][  0]LogPakFile: OnPakFileMounted2Time == 0.000037
[2022.02.25-00.48.50:600][  0]LogPakFile: PakFile PrimaryIndexSize=192
[2022.02.25-00.48.50:600][  0]LogPakFile: PakFile PathHashIndexSize=101
[2022.02.25-00.48.50:600][  0]LogPakFile: PakFile FullDirectoryIndexSize=158
[2022.02.25-00.48.50:600][  0]LogShaderLibrary: Display: ShaderCodeLibraryPakFileMountedCallback: PakFile 'C:/Program Files/Epic Games/UE_4.27/FeaturePacks/TP_VirtualRealityBP.upack' (chunk index -1, root 'root:/') mounted
[2022.02.25-00.48.50:600][  0]LogShaderLibrary: Display: ShaderCodeLibraryPakFileMountedCallback: pending pak file info (ChunkID:-1 Root:root:/ File:C:/Program Files/Epic Games/UE_4.27/FeaturePacks/TP_VirtualRealityBP.upack)
[2022.02.25-00.48.50:600][  0]LogPakFile: OnPakFileMounted2Time == 0.000035
[2022.02.25-00.48.50:877][  0]LogNativeClassHierarchy: Verbose: Native class hierarchy updated for 'AddContentDialog' in 0.0003 seconds. Added 0 classes and 0 folders.
[2022.02.25-00.48.50:882][  0]LogNativeClassHierarchy: Verbose: Native class hierarchy updated for 'SceneOutliner' in 0.0004 seconds. Added 2 classes and 0 folders.
[2022.02.25-00.48.51:000][  0]LogSlate: Took 0.000275 seconds to synchronously load lazily loaded font '../../../Engine/Content/Slate/Fonts/Roboto-Regular.ttf' (155K)
[2022.02.25-00.48.51:010][  0]LogSlate: Took 0.008518 seconds to synchronously load lazily loaded font '../../../Engine/Content/Editor/Slate/Fonts/FontAwesome.ttf' (139K)
[2022.02.25-00.48.51:011][  0]LogSlate: Took 0.000188 seconds to synchronously load lazily loaded font '../../../Engine/Content/Slate/Fonts/Roboto-Bold.ttf' (160K)
[2022.02.25-00.48.51:142][  0]LogRenderer: Reallocating scene render targets to support 1012x568 Format 10 NumSamples 1 (Frame:1).
[2022.02.25-00.48.51:197][  0]LogSlate: Took 0.007289 seconds to synchronously load lazily loaded font '../../../Engine/Content/Slate/Fonts/Roboto-Light.ttf' (167K)
[2022.02.25-00.48.51:409][  0]LogNativeClassHierarchy: Verbose: Native class hierarchy updated for 'HierarchicalLODOutliner' in 0.0002 seconds. Added 0 classes and 0 folders.
[2022.02.25-00.48.51:409][  0]LogLoad: (Engine Initialization) Total time: 7.21 seconds
[2022.02.25-00.48.51:409][  0]LogLoad: (Engine Initialization) Total Blueprint compile time: 0.00 seconds
[2022.02.25-00.48.51:467][  0]LogContentStreaming: Texture pool size now 1000 MB
[2022.02.25-00.48.51:492][  1]LogRenderer: Reallocating scene render targets to support 1012x588 Format 10 NumSamples 1 (Frame:2).
[2022.02.25-00.48.51:494][  1]LogFileCache: Retrieving MD5 hashes for directory 'D:/rt/Logipaignion/The_Elementalists/Content/' took 0.07s
[2022.02.25-00.48.51:503][  1]LogAssetRegistry: Asset discovery search completed in 4.1665 seconds
[2022.02.25-00.48.51:508][  1]LogCollectionManager: Fixed up redirectors for 0 collections in 0.000003 seconds (updated 0 objects)
[2022.02.25-00.49.00:607][342]LogSlate: Window 'Message Log' being destroyed
[2022.02.25-00.49.00:610][342]LogSlate: Window 'Message Log' being destroyed
[2022.02.25-00.49.04:478][776]LogUObjectHash: Compacting FUObjectHashTables data took   0.65ms
[2022.02.25-00.49.04:482][776]LogSlate: Took 0.000110 seconds to synchronously load lazily loaded font '../../../Engine/Content/Slate/Fonts/Roboto-Light.ttf' (167K)
[2022.02.25-00.49.08:917][776]LogAssetEditorSubsystem: Opening Asset editor for World /Game/_Game/Maps/Chapter_3_Flashback.Chapter_3_Flashback
[2022.02.25-00.49.08:917][776]Cmd: MAP LOAD FILE="D:/rt/Logipaignion/The_Elementalists/Content/_Game/Maps/Chapter_3_Flashback.umap" TEMPLATE=0 SHOWPROGRESS=1 FEATURELEVEL=3
[2022.02.25-00.49.08:917][776]LightingResults: New page: Lighting Build
[2022.02.25-00.49.08:917][776]LoadErrors: New page: Loading map: Chapter_3_Flashback.umap
[2022.02.25-00.49.08:948][776]LogWorld: UWorld::CleanupWorld for Untitled_1, bSessionEnded=true, bCleanupResources=true
[2022.02.25-00.49.08:948][776]LogSlate: InvalidateAllWidgets triggered.  All widgets were invalidated
[2022.02.25-00.49.08:948][776]MapCheck: New page: Map Check
[2022.02.25-00.49.08:948][776]LightingResults: New page: Lighting Build
[2022.02.25-00.49.08:961][776]LogAudio: Display: Audio Device unregistered from world 'None'.
[2022.02.25-00.49.08:965][776]LogUObjectHash: Compacting FUObjectHashTables data took   1.32ms
[2022.02.25-00.49.08:966][776]LogAudio: Display: Audio Device (ID: 1) registered with world 'Chapter_3_Flashback'.
[2022.02.25-00.49.09:811][776]LogEditorServer: Finished looking for orphan Actors (0.000 secs)
[2022.02.25-00.49.09:811][776]LogAIModule: Creating AISystem for world Chapter_3_Flashback
[2022.02.25-00.49.09:854][776]LogUObjectHash: Compacting FUObjectHashTables data took   0.71ms
[2022.02.25-00.49.09:867][776]Cmd: MAP CHECKDEP NOCLEARLOG
[2022.02.25-00.49.09:867][776]MapCheck: Map check complete: 0 Error(s), 0 Warning(s), took 0.16ms to complete.
[2022.02.25-00.49.09:867][776]LogFileHelpers: Loading map 'Chapter_3_Flashback' took 0.950
[2022.02.25-00.49.09:984][777]LogRenderer: Reallocating scene render targets to support 1012x800 Format 10 NumSamples 1 (Frame:1).
[2022.02.25-00.49.11:677][928]LogEditorViewport: Clicking on Actor (LMB): BP_Boat_C (BP_Boat)
[2022.02.25-00.49.13:766][ 76]LogSlate: Took 0.000137 seconds to synchronously load lazily loaded font '../../../Engine/Content/Slate/Fonts/Roboto-Italic.ttf' (157K)
[2022.02.25-00.49.17:697][388]LogAssetEditorSubsystem: Opening Asset editor for Blueprint /Game/_Game/Flashback3/Blueprints/BP_Boat.BP_Boat
[2022.02.25-00.49.17:926][388]LogNativeClassHierarchy: Verbose: Native class hierarchy updated for 'BlueprintGraph' in 0.0004 seconds. Added 126 classes and 0 folders.
[2022.02.25-00.49.20:139][532]LogWorld: UWorld::CleanupWorld for World_3, bSessionEnded=true, bCleanupResources=true
[2022.02.25-00.49.20:139][532]LogSlate: InvalidateAllWidgets triggered.  All widgets were invalidated
[2022.02.25-00.49.20:187][532]LogAssetEditorSubsystem: Opening Asset editor for Blueprint /Game/_Game/Flashback3/Blueprints/BP_Boat.BP_Boat
[2022.02.25-00.49.20:596][532]LogSlate: Took 0.000141 seconds to synchronously load lazily loaded font '../../../Engine/Content/Slate/Fonts/Roboto-BoldCondensed.ttf' (158K)
[2022.02.25-00.49.57:534][723]BlueprintLog: New page: Compile BP_Boat
[2022.02.25-00.49.57:535][723]LogBlueprint: Warning: [AssetLog] D:\rt\Logipaignion\The_Elementalists\Content\_Game\Flashback3\Blueprints\BP_Boat.uasset: [Compiler] Boat.BoatMesh is not blueprint visible (BlueprintReadOnly or BlueprintReadWrite). Please fix mark up or cease accessing as this will be made an error in a future release.  Get BoatMesh
[2022.02.25-00.49.57:535][723]LogBlueprint: Warning: [AssetLog] D:\rt\Logipaignion\The_Elementalists\Content\_Game\Flashback3\Blueprints\BP_Boat.uasset: [Compiler] Boat.Minimap is not blueprint visible (BlueprintReadOnly or BlueprintReadWrite). Please fix mark up or cease accessing as this will be made an error in a future release.  Get Minimap
[2022.02.25-00.49.57:948][723]LogUObjectHash: Compacting FUObjectHashTables data took   2.59ms
[2022.02.25-00.49.58:016][723]LogSlate: Took 0.000111 seconds to synchronously load lazily loaded font '../../../Engine/Content/Slate/Fonts/DroidSansMono.ttf' (77K)
[2022.02.25-00.49.58:439][769]Cmd: OBJ SAVEPACKAGE PACKAGE="/Game/_Game/Flashback3/Blueprints/BP_Boat" FILE="D:/rt/Logipaignion/The_Elementalists/Content/_Game/Flashback3/Blueprints/BP_Boat.uasset" SILENT=true
[2022.02.25-00.49.58:451][769]LogSavePackage: Moving 'D:/rt/Logipaignion/The_Elementalists/Saved/BP_BoatC75F82FC4722087D8CE5C7B1A87778EA.tmp' to 'D:/rt/Logipaignion/The_Elementalists/Content/_Game/Flashback3/Blueprints/BP_Boat.uasset'
[2022.02.25-00.49.58:451][769]LogFileManager: Warning: DeleteFile was unable to delete 'D:/rt/Logipaignion/The_Elementalists/Content/_Game/Flashback3/Blueprints/BP_Boat.uasset', retrying in .5s...
[2022.02.25-00.49.58:952][769]LogFileManager: Error: Error deleting file 'D:/rt/Logipaignion/The_Elementalists/Content/_Game/Flashback3/Blueprints/BP_Boat.uasset'.
[2022.02.25-00.49.58:952][769]LogSavePackage: Error: Error saving 'D:/rt/Logipaignion/The_Elementalists/Content/_Game/Flashback3/Blueprints/BP_Boat.uasset'
[2022.02.25-00.50.00:436][769]LogSlate: Window 'Message' being destroyed
[2022.02.25-00.50.00:439][769]Message dialog closed, result: Continue, title: Message, text: The asset '/Game/_Game/Flashback3/Blueprints/BP_Boat' (BP_Boat.uasset) failed to save.

Cancel: Stop saving all assets and return to the editor.
Retry: Attempt to save the asset again.
Continue: Skip saving this asset only.
[2022.02.25-00.50.00:454][769]EditorErrors: New page: Save Output
[2022.02.25-00.50.00:454][769]EditorErrors: Warning: Error saving 'D:/rt/Logipaignion/The_Elementalists/Content/_Game/Flashback3/Blueprints/BP_Boat.uasset'
[2022.02.25-00.50.01:720][769]LogSlate: Window 'Packages Failed To Save' being destroyed
[2022.02.25-00.50.01:724][769]Message dialog closed, result: Ok, title: Packages Failed To Save, text: The following assets failed to save correctly:
/Game/_Game/Flashback3/Blueprints/BP_Boat
[2022.02.25-00.50.02:593][872]LogSlate: Window 'Message Log' being destroyed
[2022.02.25-00.50.02:596][872]LogSlate: Window 'Message Log' being destroyed
[2022.02.25-00.51.04:866][670]Candidate modules for hot reload:
[2022.02.25-00.51.04:866][670]  The_Elementalists
[2022.02.25-00.51.04:866][670]Launching UnrealBuildTool... [C:/Program Files/Epic Games/UE_4.27/Engine/Binaries/DotNET/UnrealBuildTool.exe  -ModuleWithSuffix=The_Elementalists,7428 The_ElementalistsEditor Win64 Development -Project="D:/rt/Logipaignion/The_Elementalists/The_Elementalists.uproject" "D:/rt/Logipaignion/The_Elementalists/The_Elementalists.uproject"  -IgnoreJunk]
[2022.02.25-00.51.04:867][670]Warning: Starting HotReload took  0.0s.
[2022.02.25-00.51.10:367][ 58]CompilerResultsLog: New page: Compilation - 25 Feb 2022, 4:51:10 am
[2022.02.25-00.51.10:367][ 58]CompilerResultsLog: Using 'git status' to determine working set for adaptive non-unity build (D:\rt\Logipaignion).
[2022.02.25-00.51.10:367][ 58]CompilerResultsLog: Parsing headers for The_ElementalistsEditor
[2022.02.25-00.51.10:367][ 58]CompilerResultsLog:   Running UnrealHeaderTool "D:\rt\Logipaignion\The_Elementalists\The_Elementalists.uproject" "D:\rt\Logipaignion\The_Elementalists\Intermediate\Build\Win64\The_ElementalistsEditor\Development\The_ElementalistsEditor.uhtmanifest" -LogCmds="loginit warning, logexit warning, logdatabase error" -Unattended -WarningsAsErrors -abslog="C:\Users\hbnm\AppData\Local\UnrealBuildTool\Log_UHT.txt" -installed
[2022.02.25-00.51.10:367][ 58]CompilerResultsLog: LogInit: Display: Loading text-based GConfig....
[2022.02.25-00.51.10:367][ 58]CompilerResultsLog: Error: D:/rt/Logipaignion/The_Elementalists/Source/The_Elementalists/Public/Boat.h(47)  : LogCompile: Error: BlueprintReadWrite should not be used on private members
[2022.02.25-00.51.10:367][ 58]CompilerResultsLog: Error: D:/rt/Logipaignion/The_Elementalists/Source/The_Elementalists/Public/Boat.h(68)  : LogCompile: Error: BlueprintReadWrite should not be used on private members
[2022.02.25-00.51.10:367][ 58]LogMainFrame: MainFrame: Module compiling took 5.509 seconds
[2022.02.25-00.51.10:373][ 58]Warning: HotReload failed, recompile failed
[2022.02.25-00.51.16:680][577]LogSlate: Window 'Message Log' being destroyed
[2022.02.25-00.51.16:684][577]LogSlate: Window 'Message Log' being destroyed
[2022.02.25-00.54.21:416][545]LogEditorViewport: Clicking on Actor (LMB): BP_Boat_C (BP_Boat5)
[2022.02.25-00.54.27:822][ 51]LogEditorViewport: Clicking on Actor (LMB): BP_Boat_C (BP_Boat7)
[2022.02.25-00.54.29:071][138]LogEditorViewport: Clicking on Actor (LMB): BP_Boat_C (BP_Boat)
