Log file open, 04/11/22 21:37:56
LogWindows: Failed to load 'aqProf.dll' (GetLastError=126)
LogWindows: File 'aqProf.dll' does not exist
LogWindows: Failed to load 'VtuneApi.dll' (GetLastError=126)
LogWindows: File 'VtuneApi.dll' does not exist
LogWindows: Failed to load 'VtuneApi32e.dll' (GetLastError=126)
LogWindows: File 'VtuneApi32e.dll' does not exist
LogConsoleResponse: Display: Failed to find resolution value strings in scalability ini. Falling back to default.
LogConsoleResponse: Display: Failed to find resolution value strings in scalability ini. Falling back to default.
LogInit: Display: Running engine for game: The_Elementalists
LogPlatformFile: Not using cached read wrapper
LogTaskGraph: Started task graph with 5 named threads and 47 total threads with 3 sets of task threads.
LogStats: Stats thread started at 0.365403
LogICUInternationalization: ICU TimeZone Detection - Raw Offset: +2:00, Platform Override: ''
LogInit: Display: Loading text-based GConfig....
LogPluginManager: Mounting plugin MeshPainting
LogPluginManager: Mounting plugin XGEController
LogPluginManager: Mounting plugin Paper2D
LogPluginManager: Mounting plugin AISupport
LogPluginManager: Mounting plugin EnvironmentQueryEditor
LogPluginManager: Mounting plugin LightPropagationVolume
LogPluginManager: Mounting plugin LiveLink
LogPluginManager: Mounting plugin CameraShakePreviewer
LogPluginManager: Mounting plugin OodleData
LogPluginManager: Mounting plugin GameplayCameras
LogPluginManager: Mounting plugin OodleNetwork
LogPluginManager: Mounting plugin AnimationSharing
LogPluginManager: Mounting plugin Niagara
LogPluginManager: Mounting plugin CLionSourceCodeAccess
LogPluginManager: Mounting plugin AssetManagerEditor
LogPluginManager: Mounting plugin CryptoKeys
LogPluginManager: Mounting plugin CurveEditorTools
LogPluginManager: Mounting plugin GitSourceControl
LogPluginManager: Mounting plugin KDevelopSourceCodeAccess
LogPluginManager: Mounting plugin CodeLiteSourceCodeAccess
LogPluginManager: Mounting plugin DataValidation
LogPluginManager: Mounting plugin NullSourceCodeAccess
LogPluginManager: Mounting plugin GameplayTagsEditor
LogPluginManager: Mounting plugin GeometryMode
LogPluginManager: Mounting plugin PerforceSourceControl
LogPluginManager: Mounting plugin PixWinPlugin
LogPluginManager: Mounting plugin MacGraphicsSwitching
LogPluginManager: Mounting plugin MaterialAnalyzer
LogPluginManager: Mounting plugin PlasticSourceControl
LogPluginManager: Mounting plugin PluginBrowser
LogPluginManager: Mounting plugin FacialAnimation
LogPluginManager: Mounting plugin MobileLauncherProfileWizard
LogPluginManager: Mounting plugin SpeedTreeImporter
LogPluginManager: Mounting plugin DatasmithContent
LogPluginManager: Mounting plugin PluginUtils
LogPluginManager: Mounting plugin RiderSourceCodeAccess
LogPluginManager: Mounting plugin PropertyAccessNode
LogPluginManager: Mounting plugin TextureFormatOodle
LogPluginManager: Mounting plugin SubversionSourceControl
LogPluginManager: Mounting plugin UObjectPlugin
LogPluginManager: Mounting plugin VariantManagerContent
LogPluginManager: Mounting plugin VisualStudioCodeSourceCodeAccess
LogPluginManager: Mounting plugin VisualStudioSourceCodeAccess
LogPluginManager: Mounting plugin XCodeSourceCodeAccess
LogPluginManager: Mounting plugin BackChannel
LogPluginManager: Mounting plugin ChaosCloth
LogPluginManager: Mounting plugin ChaosClothEditor
LogPluginManager: Mounting plugin ChaosEditor
LogPluginManager: Mounting plugin AutomationUtils
LogPluginManager: Mounting plugin ChaosSolverPlugin
LogPluginManager: Mounting plugin CharacterAI
LogPluginManager: Mounting plugin AlembicImporter
LogPluginManager: Mounting plugin ChaosNiagara
LogPluginManager: Mounting plugin GeometryCache
LogPluginManager: Mounting plugin GeometryCollectionPlugin
LogPluginManager: Mounting plugin GeometryProcessing
LogPluginManager: Mounting plugin MotoSynth
LogPluginManager: Mounting plugin OpenImageDenoise
LogPluginManager: Mounting plugin PlanarCut
LogPluginManager: Mounting plugin PlatformCrypto
LogPluginManager: Mounting plugin ProxyLODPlugin
LogPluginManager: Mounting plugin PythonScriptPlugin
LogPluginManager: Mounting plugin SkeletalReduction
LogPluginManager: Mounting plugin LuminPlatformFeatures
LogPluginManager: Mounting plugin MagicLeap
LogPluginManager: Mounting plugin MagicLeapLightEstimation
LogPluginManager: Mounting plugin MagicLeapMedia
LogPluginManager: Mounting plugin MagicLeapPassableWorld
LogPluginManager: Mounting plugin MLSDK
LogPluginManager: Mounting plugin AndroidMedia
LogPluginManager: Mounting plugin AvfMedia
LogPluginManager: Mounting plugin ImgMedia
LogPluginManager: Mounting plugin MediaCompositing
LogPluginManager: Mounting plugin MediaPlayerEditor
LogPluginManager: Mounting plugin WebMMedia
LogPluginManager: Mounting plugin UdpMessaging
LogPluginManager: Mounting plugin TcpMessaging
LogPluginManager: Mounting plugin OnlineSubsystem
LogPluginManager: Mounting plugin WmfMedia
LogPluginManager: Mounting plugin ActorSequence
LogPluginManager: Mounting plugin OnlineSubsystemUtils
LogPluginManager: Mounting plugin OnlineSubsystemNull
LogPluginManager: Mounting plugin MatineeToLevelSequence
LogPluginManager: Mounting plugin LevelSequenceEditor
LogPluginManager: Mounting plugin LauncherChunkInstaller
LogPluginManager: Mounting plugin TemplateSequence
LogPluginManager: Mounting plugin ActorLayerUtilities
LogPluginManager: Mounting plugin AndroidMoviePlayer
LogPluginManager: Mounting plugin AndroidDeviceProfileSelector
LogPluginManager: Mounting plugin AndroidPermission
LogPluginManager: Mounting plugin AppleImageUtils
LogPluginManager: Mounting plugin AppleMoviePlayer
LogPluginManager: Mounting plugin ArchVisCharacter
LogPluginManager: Mounting plugin AudioCapture
LogPluginManager: Mounting plugin CableComponent
LogPluginManager: Mounting plugin AudioSynesthesia
LogPluginManager: Mounting plugin AssetTags
LogPluginManager: Mounting plugin CustomMeshComponent
LogPluginManager: Mounting plugin ChunkDownloader
LogPluginManager: Mounting plugin EditableMesh
LogPluginManager: Mounting plugin ExampleDeviceProfileSelector
LogPluginManager: Mounting plugin GoogleCloudMessaging
LogPluginManager: Mounting plugin GooglePAD
LogPluginManager: Mounting plugin IOSDeviceProfileSelector
LogPluginManager: Mounting plugin LinuxDeviceProfileSelector
LogPluginManager: Mounting plugin LocationServicesBPLibrary
LogPluginManager: Mounting plugin MobilePatchingUtils
LogPluginManager: Mounting plugin OpenXR
LogPluginManager: Mounting plugin OpenXREyeTracker
LogPluginManager: Mounting plugin OpenXRHandTracking
LogPluginManager: Mounting plugin PhysXVehicles
LogPluginManager: Mounting plugin PostSplashScreen
LogPluginManager: Mounting plugin ProceduralMeshComponent
LogPluginManager: Mounting plugin PropertyAccessEditor
LogPluginManager: Mounting plugin RuntimePhysXCooking
LogPluginManager: Mounting plugin SoundFields
LogPluginManager: Mounting plugin SignificanceManager
LogPluginManager: Mounting plugin Synthesis
LogPluginManager: Mounting plugin WebMMoviePlayer
LogPluginManager: Mounting plugin WindowsMoviePlayer
LogPluginManager: Mounting plugin ScreenshotTools
LogPluginManager: Mounting plugin Takes
LogPluginManager: Mounting plugin ContentBrowserClassDataSource
LogPluginManager: Mounting plugin ContentBrowserFileDataSource
LogPluginManager: Mounting plugin ContentBrowserAssetDataSource
LogPluginManager: Mounting plugin OnlineSubsystemGooglePlay
LogPluginManager: Mounting plugin OnlineSubsystemIOS
LogPluginManager: Mounting plugin OculusVR
LogPluginManager: Mounting plugin SteamVR
PixWinPlugin: PIX capture plugin failed to initialize! Check that the process is launched from PIX.
LogInit: Using libcurl 7.55.1-DEV
LogInit:  - built for x86_64-pc-win32
LogInit:  - supports SSL with OpenSSL/1.1.1
LogInit:  - supports HTTP deflate (compression) using libz 1.2.8
LogInit:  - other features:
LogInit:      CURL_VERSION_SSL
LogInit:      CURL_VERSION_LIBZ
LogInit:      CURL_VERSION_IPV6
LogInit:      CURL_VERSION_ASYNCHDNS
LogInit:      CURL_VERSION_LARGEFILE
LogInit:      CURL_VERSION_IDN
LogInit:  CurlRequestOptions (configurable via config and command line):
LogInit:  - bVerifyPeer = true  - Libcurl will verify peer certificate
LogInit:  - bUseHttpProxy = false  - Libcurl will NOT use HTTP proxy
LogInit:  - bDontReuseConnections = false  - Libcurl will reuse connections
LogInit:  - MaxHostConnections = 16  - Libcurl will limit the number of connections to a host
LogInit:  - LocalHostAddr = Default
LogInit:  - BufferSize = 65536
LogOnline: OSS: Creating online subsystem instance for: NULL
LogInit: WinSock: version 1.1 (2.2), MaxSocks=32767, MaxUdp=65467
LogOnline: OSS: TryLoadSubsystemAndSetDefault: Loaded subsystem for module [NULL]
LogOculusPluginWrapper: OculusPlugin initialized successfully
LogHMD: Failed initializing OVRPlugin 1.59.0
LogInit: Build: ++UE4+Release-4.27-CL-18319896
LogInit: Engine Version: 4.27.2-18319896+++UE4+Release-4.27
LogInit: Compatible Engine Version: 4.27.0-17155196+++UE4+Release-4.27
LogInit: Net CL: 17155196
LogInit: OS: Windows 10 (Release 2009) (), CPU: AMD Ryzen 7 5800H with Radeon Graphics         , GPU: AMD Radeon(TM) Graphics
LogInit: Compiled (64-bit): Nov 30 2021 07:12:08
LogInit: Compiled with Visual C++: 19.24.28315.00
LogInit: Build Configuration: Development
LogInit: Branch Name: ++UE4+Release-4.27
LogInit: Command Line:  /Game/_Game/Maps/Main_Menu -game -PIEVIACONSOLE -Multiprocess GameUserSettingsINI=C:/Users/wwwcn/OneDrive/Desktop/GDC/Logipaignion/The_Elementalists/Saved/Config/Windows/PIEGameUserSettings0.ini -MultiprocessSaveConfig -forcepassthrough -messaging -SessionName="Play in Standalone Game" -windowed -WinX=0 -WinY=30 SAVEWINPOS=1 -ResX=1390 -ResY=830
LogInit: Base Directory: C:/Program Files/Epic Games/UE_4.27/Engine/Binaries/Win64/
LogInit: Allocator: TBB
LogInit: Installed Engine Build: 1
LogDevObjectVersion: Number of dev versions registered: 29
LogDevObjectVersion:   Dev-Blueprints (B0D832E4-1F89-4F0D-ACCF-7EB736FD4AA2): 10
LogDevObjectVersion:   Dev-Build (E1C64328-A22C-4D53-A36C-8E866417BD8C): 0
LogDevObjectVersion:   Dev-Core (375EC13C-06E4-48FB-B500-84F0262A717E): 4
LogDevObjectVersion:   Dev-Editor (E4B068ED-F494-42E9-A231-DA0B2E46BB41): 40
LogDevObjectVersion:   Dev-Framework (CFFC743F-43B0-4480-9391-14DF171D2073): 37
LogDevObjectVersion:   Dev-Mobile (B02B49B5-BB20-44E9-A304-32B752E40360): 3
LogDevObjectVersion:   Dev-Networking (A4E4105C-59A1-49B5-A7C5-40C4547EDFEE): 0
LogDevObjectVersion:   Dev-Online (39C831C9-5AE6-47DC-9A44-9C173E1C8E7C): 0
LogDevObjectVersion:   Dev-Physics (78F01B33-EBEA-4F98-B9B4-84EACCB95AA2): 14
LogDevObjectVersion:   Dev-Platform (6631380F-2D4D-43E0-8009-CF276956A95A): 0
LogDevObjectVersion:   Dev-Rendering (12F88B9F-8875-4AFC-A67C-D90C383ABD29): 45
LogDevObjectVersion:   Dev-Sequencer (7B5AE74C-D270-4C10-A958-57980B212A5A): 13
LogDevObjectVersion:   Dev-VR (D7296918-1DD6-4BDD-9DE2-64A83CC13884): 3
LogDevObjectVersion:   Dev-LoadTimes (C2A15278-BFE7-4AFE-6C17-90FF531DF755): 1
LogDevObjectVersion:   Private-Geometry (6EACA3D4-40EC-4CC1-B786-8BED09428FC5): 3
LogDevObjectVersion:   Dev-AnimPhys (29E575DD-E0A3-4627-9D10-D276232CDCEA): 17
LogDevObjectVersion:   Dev-Anim (AF43A65D-7FD3-4947-9873-3E8ED9C1BB05): 15
LogDevObjectVersion:   Dev-ReflectionCapture (6B266CEC-1EC7-4B8F-A30B-E4D90942FC07): 1
LogDevObjectVersion:   Dev-Automation (0DF73D61-A23F-47EA-B727-89E90C41499A): 1
LogDevObjectVersion:   FortniteMain (601D1886-AC64-4F84-AA16-D3DE0DEAC7D6): 47
LogDevObjectVersion:   FortniteRelease (E7086368-6B23-4C58-8439-1B7016265E91): 1
LogDevObjectVersion:   Dev-Enterprise (9DFFBCD6-494F-0158-E221-12823C92A888): 10
LogDevObjectVersion:   Dev-Niagara (F2AED0AC-9AFE-416F-8664-AA7FFA26D6FC): 1
LogDevObjectVersion:   Dev-Destruction (174F1F0B-B4C6-45A5-B13F-2EE8D0FB917D): 10
LogDevObjectVersion:   Dev-Physics-Ext (35F94A83-E258-406C-A318-09F59610247C): 41
LogDevObjectVersion:   Dev-PhysicsMaterial-Chaos (B68FC16E-8B1B-42E2-B453-215C058844FE): 1
LogDevObjectVersion:   Dev-CineCamera (B2E18506-4273-CFC2-A54E-F4BB758BBA07): 1
LogDevObjectVersion:   Dev-VirtualProduction (64F58936-FD1B-42BA-BA96-7289D5D0FA4E): 1
LogDevObjectVersion:   Dev-MediaFramework (6F0ED827-A609-4895-9C91-998D90180EA4): 2
LogInit: Presizing for max 25165824 objects, including 0 objects not considered by GC, pre-allocating 0 bytes for permanent pool.
LogConfig: Applying CVar settings from Section [/Script/Engine.StreamingSettings] File [C:/Users/wwwcn/OneDrive/Desktop/GDC/Logipaignion/The_Elementalists/Saved/Config/Windows/Engine.ini]
LogConfig: Setting CVar [[s.MinBulkDataSizeForAsyncLoading:131072]]
LogConfig: Setting CVar [[s.AsyncLoadingThreadEnabled:0]]
LogConfig: Setting CVar [[s.EventDrivenLoaderEnabled:1]]
LogConfig: Setting CVar [[s.WarnIfTimeLimitExceeded:0]]
LogConfig: Setting CVar [[s.TimeLimitExceededMultiplier:1.5]]
LogConfig: Setting CVar [[s.TimeLimitExceededMinTime:0.005]]
LogConfig: Setting CVar [[s.UseBackgroundLevelStreaming:1]]
LogConfig: Setting CVar [[s.PriorityAsyncLoadingExtraTime:15.0]]
LogConfig: Setting CVar [[s.LevelStreamingActorsUpdateTimeLimit:5.0]]
LogConfig: Setting CVar [[s.PriorityLevelStreamingActorsUpdateExtraTime:5.0]]
LogConfig: Setting CVar [[s.LevelStreamingComponentsRegistrationGranularity:10]]
LogConfig: Setting CVar [[s.UnregisterComponentsTimeLimit:1.0]]
LogConfig: Setting CVar [[s.LevelStreamingComponentsUnregistrationGranularity:5]]
LogConfig: Setting CVar [[s.FlushStreamingOnExit:1]]
LogInit: Object subsystem initialized
LogConfig: Setting CVar [[con.DebugEarlyDefault:1]]
LogConfig: Setting CVar [[r.setres:1280x720]]
[2022.04.11-18.37.57:521][  0]LogConfig: Setting CVar [[con.DebugEarlyDefault:1]]
[2022.04.11-18.37.57:521][  0]LogConfig: Setting CVar [[r.setres:1280x720]]
[2022.04.11-18.37.57:521][  0]LogConfig: Applying CVar settings from Section [/Script/Engine.RendererSettings] File [C:/Users/wwwcn/OneDrive/Desktop/GDC/Logipaignion/The_Elementalists/Saved/Config/Windows/Engine.ini]
[2022.04.11-18.37.57:522][  0]LogConfig: Setting CVar [[r.GPUCrashDebugging:0]]
[2022.04.11-18.37.57:522][  0]LogConfig: Setting CVar [[r.CustomDepth:3]]
[2022.04.11-18.37.57:522][  0]LogConfig: Applying CVar settings from Section [/Script/Engine.RendererOverrideSettings] File [C:/Users/wwwcn/OneDrive/Desktop/GDC/Logipaignion/The_Elementalists/Saved/Config/Windows/Engine.ini]
[2022.04.11-18.37.57:522][  0]LogConfig: Applying CVar settings from Section [/Script/Engine.StreamingSettings] File [C:/Users/wwwcn/OneDrive/Desktop/GDC/Logipaignion/The_Elementalists/Saved/Config/Windows/Engine.ini]
[2022.04.11-18.37.57:522][  0]LogConfig: Setting CVar [[s.MinBulkDataSizeForAsyncLoading:131072]]
[2022.04.11-18.37.57:522][  0]LogConfig: Setting CVar [[s.AsyncLoadingThreadEnabled:0]]
[2022.04.11-18.37.57:522][  0]LogConfig: Setting CVar [[s.EventDrivenLoaderEnabled:1]]
[2022.04.11-18.37.57:522][  0]LogConfig: Setting CVar [[s.WarnIfTimeLimitExceeded:0]]
[2022.04.11-18.37.57:522][  0]LogConfig: Setting CVar [[s.TimeLimitExceededMultiplier:1.5]]
[2022.04.11-18.37.57:522][  0]LogConfig: Setting CVar [[s.TimeLimitExceededMinTime:0.005]]
[2022.04.11-18.37.57:522][  0]LogConfig: Setting CVar [[s.UseBackgroundLevelStreaming:1]]
[2022.04.11-18.37.57:522][  0]LogConfig: Setting CVar [[s.PriorityAsyncLoadingExtraTime:15.0]]
[2022.04.11-18.37.57:522][  0]LogConfig: Setting CVar [[s.LevelStreamingActorsUpdateTimeLimit:5.0]]
[2022.04.11-18.37.57:522][  0]LogConfig: Setting CVar [[s.PriorityLevelStreamingActorsUpdateExtraTime:5.0]]
[2022.04.11-18.37.57:522][  0]LogConfig: Setting CVar [[s.LevelStreamingComponentsRegistrationGranularity:10]]
[2022.04.11-18.37.57:522][  0]LogConfig: Setting CVar [[s.UnregisterComponentsTimeLimit:1.0]]
[2022.04.11-18.37.57:522][  0]LogConfig: Setting CVar [[s.LevelStreamingComponentsUnregistrationGranularity:5]]
[2022.04.11-18.37.57:522][  0]LogConfig: Setting CVar [[s.FlushStreamingOnExit:1]]
[2022.04.11-18.37.57:522][  0]LogConfig: Applying CVar settings from Section [/Script/Engine.GarbageCollectionSettings] File [C:/Users/wwwcn/OneDrive/Desktop/GDC/Logipaignion/The_Elementalists/Saved/Config/Windows/Engine.ini]
[2022.04.11-18.37.57:522][  0]LogConfig: Setting CVar [[gc.MaxObjectsNotConsideredByGC:1]]
[2022.04.11-18.37.57:522][  0]LogConfig: Setting CVar [[gc.SizeOfPermanentObjectPool:0]]
[2022.04.11-18.37.57:522][  0]LogConfig: Setting CVar [[gc.FlushStreamingOnGC:0]]
[2022.04.11-18.37.57:522][  0]LogConfig: Setting CVar [[gc.NumRetriesBeforeForcingGC:10]]
[2022.04.11-18.37.57:522][  0]LogConfig: Setting CVar [[gc.AllowParallelGC:1]]
[2022.04.11-18.37.57:522][  0]LogConfig: Setting CVar [[gc.TimeBetweenPurgingPendingKillObjects:61.1]]
[2022.04.11-18.37.57:522][  0]LogConfig: Setting CVar [[gc.MaxObjectsInEditor:25165824]]
[2022.04.11-18.37.57:522][  0]LogConfig: Setting CVar [[gc.IncrementalBeginDestroyEnabled:1]]
[2022.04.11-18.37.57:522][  0]LogConfig: Setting CVar [[gc.CreateGCClusters:1]]
[2022.04.11-18.37.57:522][  0]LogConfig: Setting CVar [[gc.MinGCClusterSize:5]]
[2022.04.11-18.37.57:522][  0]LogConfig: Setting CVar [[gc.ActorClusteringEnabled:0]]
[2022.04.11-18.37.57:522][  0]LogConfig: Setting CVar [[gc.BlueprintClusteringEnabled:0]]
[2022.04.11-18.37.57:522][  0]LogConfig: Setting CVar [[gc.UseDisregardForGCOnDedicatedServers:0]]
[2022.04.11-18.37.57:522][  0]LogConfig: Setting CVar [[gc.MultithreadedDestructionEnabled:1]]
[2022.04.11-18.37.57:522][  0]LogConfig: Applying CVar settings from Section [/Script/Engine.NetworkSettings] File [C:/Users/wwwcn/OneDrive/Desktop/GDC/Logipaignion/The_Elementalists/Saved/Config/Windows/Engine.ini]
[2022.04.11-18.37.57:522][  0]LogConfig: Applying CVar settings from Section [/Script/UnrealEd.CookerSettings] File [C:/Users/wwwcn/OneDrive/Desktop/GDC/Logipaignion/The_Elementalists/Saved/Config/Windows/Engine.ini]
[2022.04.11-18.37.57:528][  0]LogConfig: Applying CVar settings from Section [ViewDistanceQuality@3] File [C:/Users/wwwcn/OneDrive/Desktop/GDC/Logipaignion/The_Elementalists/Saved/Config/Windows/Scalability.ini]
[2022.04.11-18.37.57:529][  0]LogConfig: Setting CVar [[r.SkeletalMeshLODBias:0]]
[2022.04.11-18.37.57:529][  0]LogConfig: Setting CVar [[r.ViewDistanceScale:1.0]]
[2022.04.11-18.37.57:529][  0]LogConfig: Applying CVar settings from Section [AntiAliasingQuality@3] File [C:/Users/wwwcn/OneDrive/Desktop/GDC/Logipaignion/The_Elementalists/Saved/Config/Windows/Scalability.ini]
[2022.04.11-18.37.57:529][  0]LogConfig: Setting CVar [[r.PostProcessAAQuality:4]]
[2022.04.11-18.37.57:529][  0]LogConfig: Applying CVar settings from Section [ShadowQuality@3] File [C:/Users/wwwcn/OneDrive/Desktop/GDC/Logipaignion/The_Elementalists/Saved/Config/Windows/Scalability.ini]
[2022.04.11-18.37.57:529][  0]LogConfig: Setting CVar [[r.LightFunctionQuality:1]]
[2022.04.11-18.37.57:529][  0]LogConfig: Setting CVar [[r.ShadowQuality:5]]
[2022.04.11-18.37.57:529][  0]LogConfig: Setting CVar [[r.Shadow.CSM.MaxCascades:10]]
[2022.04.11-18.37.57:529][  0]LogConfig: Setting CVar [[r.Shadow.MaxResolution:2048]]
[2022.04.11-18.37.57:529][  0]LogConfig: Setting CVar [[r.Shadow.MaxCSMResolution:2048]]
[2022.04.11-18.37.57:529][  0]LogConfig: Setting CVar [[r.Shadow.RadiusThreshold:0.01]]
[2022.04.11-18.37.57:529][  0]LogConfig: Setting CVar [[r.Shadow.DistanceScale:1.0]]
[2022.04.11-18.37.57:529][  0]LogConfig: Setting CVar [[r.Shadow.CSM.TransitionScale:1.0]]
[2022.04.11-18.37.57:529][  0]LogConfig: Setting CVar [[r.Shadow.PreShadowResolutionFactor:1.0]]
[2022.04.11-18.37.57:529][  0]LogConfig: Setting CVar [[r.DistanceFieldShadowing:1]]
[2022.04.11-18.37.57:529][  0]LogConfig: Setting CVar [[r.DistanceFieldAO:1]]
[2022.04.11-18.37.57:529][  0]LogConfig: Setting CVar [[r.AOQuality:2]]
[2022.04.11-18.37.57:529][  0]LogConfig: Setting CVar [[r.VolumetricFog:1]]
[2022.04.11-18.37.57:529][  0]LogConfig: Setting CVar [[r.VolumetricFog.GridPixelSize:8]]
[2022.04.11-18.37.57:529][  0]LogConfig: Setting CVar [[r.VolumetricFog.GridSizeZ:128]]
[2022.04.11-18.37.57:529][  0]LogConfig: Setting CVar [[r.VolumetricFog.HistoryMissSupersampleCount:4]]
[2022.04.11-18.37.57:529][  0]LogConfig: Setting CVar [[r.LightMaxDrawDistanceScale:1]]
[2022.04.11-18.37.57:529][  0]LogConfig: Setting CVar [[r.CapsuleShadows:1]]
[2022.04.11-18.37.57:529][  0]LogConfig: Applying CVar settings from Section [PostProcessQuality@3] File [C:/Users/wwwcn/OneDrive/Desktop/GDC/Logipaignion/The_Elementalists/Saved/Config/Windows/Scalability.ini]
[2022.04.11-18.37.57:529][  0]LogConfig: Setting CVar [[r.MotionBlurQuality:4]]
[2022.04.11-18.37.57:529][  0]LogConfig: Setting CVar [[r.AmbientOcclusionMipLevelFactor:0.4]]
[2022.04.11-18.37.57:529][  0]LogConfig: Setting CVar [[r.AmbientOcclusionMaxQuality:100]]
[2022.04.11-18.37.57:529][  0]LogConfig: Setting CVar [[r.AmbientOcclusionLevels:-1]]
[2022.04.11-18.37.57:529][  0]LogConfig: Setting CVar [[r.AmbientOcclusionRadiusScale:1.0]]
[2022.04.11-18.37.57:529][  0]LogConfig: Setting CVar [[r.DepthOfFieldQuality:2]]
[2022.04.11-18.37.57:529][  0]LogConfig: Setting CVar [[r.RenderTargetPoolMin:400]]
[2022.04.11-18.37.57:529][  0]LogConfig: Setting CVar [[r.LensFlareQuality:2]]
[2022.04.11-18.37.57:529][  0]LogConfig: Setting CVar [[r.SceneColorFringeQuality:1]]
[2022.04.11-18.37.57:529][  0]LogConfig: Setting CVar [[r.EyeAdaptationQuality:2]]
[2022.04.11-18.37.57:529][  0]LogConfig: Setting CVar [[r.BloomQuality:5]]
[2022.04.11-18.37.57:529][  0]LogConfig: Setting CVar [[r.FastBlurThreshold:100]]
[2022.04.11-18.37.57:529][  0]LogConfig: Setting CVar [[r.Upscale.Quality:3]]
[2022.04.11-18.37.57:529][  0]LogConfig: Setting CVar [[r.Tonemapper.GrainQuantization:1]]
[2022.04.11-18.37.57:529][  0]LogConfig: Setting CVar [[r.LightShaftQuality:1]]
[2022.04.11-18.37.57:529][  0]LogConfig: Setting CVar [[r.Filter.SizeScale:1]]
[2022.04.11-18.37.57:529][  0]LogConfig: Setting CVar [[r.Tonemapper.Quality:5]]
[2022.04.11-18.37.57:529][  0]LogConfig: Setting CVar [[r.DOF.Gather.AccumulatorQuality:1        ; higher gathering accumulator quality]]
[2022.04.11-18.37.57:529][  0]LogConfig: Setting CVar [[r.DOF.Gather.PostfilterMethod:1          ; Median3x3 postfilering method]]
[2022.04.11-18.37.57:529][  0]LogConfig: Setting CVar [[r.DOF.Gather.EnableBokehSettings:0       ; no bokeh simulation when gathering]]
[2022.04.11-18.37.57:529][  0]LogConfig: Setting CVar [[r.DOF.Gather.RingCount:4                 ; medium number of samples when gathering]]
[2022.04.11-18.37.57:529][  0]LogConfig: Setting CVar [[r.DOF.Scatter.ForegroundCompositing:1    ; additive foreground scattering]]
[2022.04.11-18.37.57:529][  0]LogConfig: Setting CVar [[r.DOF.Scatter.BackgroundCompositing:2    ; additive background scattering]]
[2022.04.11-18.37.57:529][  0]LogConfig: Setting CVar [[r.DOF.Scatter.EnableBokehSettings:1      ; bokeh simulation when scattering]]
[2022.04.11-18.37.57:529][  0]LogConfig: Setting CVar [[r.DOF.Scatter.MaxSpriteRatio:0.1         ; only a maximum of 10% of scattered bokeh]]
[2022.04.11-18.37.57:529][  0]LogConfig: Setting CVar [[r.DOF.Recombine.Quality:1                ; cheap slight out of focus]]
[2022.04.11-18.37.57:529][  0]LogConfig: Setting CVar [[r.DOF.Recombine.EnableBokehSettings:0    ; no bokeh simulation on slight out of focus]]
[2022.04.11-18.37.57:529][  0]LogConfig: Setting CVar [[r.DOF.TemporalAAQuality:1                ; more stable temporal accumulation]]
[2022.04.11-18.37.57:529][  0]LogConfig: Setting CVar [[r.DOF.Kernel.MaxForegroundRadius:0.025]]
[2022.04.11-18.37.57:529][  0]LogConfig: Setting CVar [[r.DOF.Kernel.MaxBackgroundRadius:0.025]]
[2022.04.11-18.37.57:529][  0]LogConfig: Applying CVar settings from Section [TextureQuality@3] File [C:/Users/wwwcn/OneDrive/Desktop/GDC/Logipaignion/The_Elementalists/Saved/Config/Windows/Scalability.ini]
[2022.04.11-18.37.57:529][  0]LogConfig: Setting CVar [[r.Streaming.MipBias:0]]
[2022.04.11-18.37.57:529][  0]LogConfig: Setting CVar [[r.Streaming.AmortizeCPUToGPUCopy:0]]
[2022.04.11-18.37.57:529][  0]LogConfig: Setting CVar [[r.Streaming.MaxNumTexturesToStreamPerFrame:0]]
[2022.04.11-18.37.57:529][  0]LogConfig: Setting CVar [[r.Streaming.Boost:1]]
[2022.04.11-18.37.57:529][  0]LogConfig: Setting CVar [[r.MaxAnisotropy:8]]
[2022.04.11-18.37.57:529][  0]LogConfig: Setting CVar [[r.VT.MaxAnisotropy:8]]
[2022.04.11-18.37.57:529][  0]LogConfig: Setting CVar [[r.Streaming.LimitPoolSizeToVRAM:0]]
[2022.04.11-18.37.57:529][  0]LogConfig: Setting CVar [[r.Streaming.PoolSize:1000]]
[2022.04.11-18.37.57:529][  0]LogConfig: Setting CVar [[r.Streaming.MaxEffectiveScreenSize:0]]
[2022.04.11-18.37.57:529][  0]LogConfig: Applying CVar settings from Section [EffectsQuality@3] File [C:/Users/wwwcn/OneDrive/Desktop/GDC/Logipaignion/The_Elementalists/Saved/Config/Windows/Scalability.ini]
[2022.04.11-18.37.57:529][  0]LogConfig: Setting CVar [[r.TranslucencyLightingVolumeDim:64]]
[2022.04.11-18.37.57:529][  0]LogConfig: Setting CVar [[r.RefractionQuality:2]]
[2022.04.11-18.37.57:529][  0]LogConfig: Setting CVar [[r.SSR.Quality:3]]
[2022.04.11-18.37.57:529][  0]LogConfig: Setting CVar [[r.SSR.HalfResSceneColor:0]]
[2022.04.11-18.37.57:529][  0]LogConfig: Setting CVar [[r.SceneColorFormat:4]]
[2022.04.11-18.37.57:529][  0]LogConfig: Setting CVar [[r.DetailMode:2]]
[2022.04.11-18.37.57:529][  0]LogConfig: Setting CVar [[r.TranslucencyVolumeBlur:1]]
[2022.04.11-18.37.57:529][  0]LogConfig: Setting CVar [[r.MaterialQualityLevel:1 ; High quality]]
[2022.04.11-18.37.57:529][  0]LogConfig: Setting CVar [[r.AnisotropicMaterials:1]]
[2022.04.11-18.37.57:530][  0]LogConfig: Setting CVar [[r.SSS.Scale:1]]
[2022.04.11-18.37.57:530][  0]LogConfig: Setting CVar [[r.SSS.SampleSet:2]]
[2022.04.11-18.37.57:530][  0]LogConfig: Setting CVar [[r.SSS.Quality:1]]
[2022.04.11-18.37.57:530][  0]LogConfig: Setting CVar [[r.SSS.HalfRes:0]]
[2022.04.11-18.37.57:530][  0]LogConfig: Setting CVar [[r.SSGI.Quality:3]]
[2022.04.11-18.37.57:530][  0]LogConfig: Setting CVar [[r.EmitterSpawnRateScale:1.0]]
[2022.04.11-18.37.57:530][  0]LogConfig: Setting CVar [[r.ParticleLightQuality:2]]
[2022.04.11-18.37.57:530][  0]LogConfig: Setting CVar [[r.SkyAtmosphere.AerialPerspectiveLUT.FastApplyOnOpaque:1 ; Always have FastSkyLUT 1 in this case to avoid wrong sky]]
[2022.04.11-18.37.57:530][  0]LogConfig: Setting CVar [[r.SkyAtmosphere.AerialPerspectiveLUT.SampleCountMaxPerSlice:4]]
[2022.04.11-18.37.57:530][  0]LogConfig: Setting CVar [[r.SkyAtmosphere.AerialPerspectiveLUT.DepthResolution:16.0]]
[2022.04.11-18.37.57:530][  0]LogConfig: Setting CVar [[r.SkyAtmosphere.FastSkyLUT:1]]
[2022.04.11-18.37.57:530][  0]LogConfig: Setting CVar [[r.SkyAtmosphere.FastSkyLUT.SampleCountMin:4.0]]
[2022.04.11-18.37.57:530][  0]LogConfig: Setting CVar [[r.SkyAtmosphere.FastSkyLUT.SampleCountMax:128.0]]
[2022.04.11-18.37.57:530][  0]LogConfig: Setting CVar [[r.SkyAtmosphere.SampleCountMin:4.0]]
[2022.04.11-18.37.57:530][  0]LogConfig: Setting CVar [[r.SkyAtmosphere.SampleCountMax:128.0]]
[2022.04.11-18.37.57:530][  0]LogConfig: Setting CVar [[r.SkyAtmosphere.TransmittanceLUT.UseSmallFormat:0]]
[2022.04.11-18.37.57:530][  0]LogConfig: Setting CVar [[r.SkyAtmosphere.TransmittanceLUT.SampleCount:10.0]]
[2022.04.11-18.37.57:530][  0]LogConfig: Setting CVar [[r.SkyAtmosphere.MultiScatteringLUT.SampleCount:15.0]]
[2022.04.11-18.37.57:530][  0]LogConfig: Setting CVar [[r.SkyLight.RealTimeReflectionCapture:1]]
[2022.04.11-18.37.57:530][  0]LogConfig: Applying CVar settings from Section [FoliageQuality@3] File [C:/Users/wwwcn/OneDrive/Desktop/GDC/Logipaignion/The_Elementalists/Saved/Config/Windows/Scalability.ini]
[2022.04.11-18.37.57:530][  0]LogConfig: Setting CVar [[foliage.DensityScale:1.0]]
[2022.04.11-18.37.57:530][  0]LogConfig: Setting CVar [[grass.DensityScale:1.0]]
[2022.04.11-18.37.57:530][  0]LogConfig: Applying CVar settings from Section [ShadingQuality@3] File [C:/Users/wwwcn/OneDrive/Desktop/GDC/Logipaignion/The_Elementalists/Saved/Config/Windows/Scalability.ini]
[2022.04.11-18.37.57:530][  0]LogConfig: Setting CVar [[r.HairStrands.SkyLighting.IntegrationType:2]]
[2022.04.11-18.37.57:530][  0]LogConfig: Setting CVar [[r.HairStrands.SkyAO.SampleCount:4]]
[2022.04.11-18.37.57:530][  0]LogConfig: Setting CVar [[r.HairStrands.Visibility.MSAA.SamplePerPixel:4]]
[2022.04.11-18.37.57:530][  0]LogInit: Selected Device Profile: [Windows]
[2022.04.11-18.37.57:530][  0]LogInit: Applying CVar settings loaded from the selected device profile: [Windows]
[2022.04.11-18.37.57:530][  0]LogHAL: Display: Platform has ~ 16 GB [16542527488 / 17179869184 / 16], which maps to Larger [LargestMinGB=32, LargerMinGB=12, DefaultMinGB=8, SmallerMinGB=6, SmallestMinGB=0)
[2022.04.11-18.37.57:530][  0]LogInit: Going up to parent DeviceProfile []
[2022.04.11-18.37.57:530][  0]LogConfig: Applying CVar settings from Section [ViewDistanceQuality@3] File [C:/Users/wwwcn/OneDrive/Desktop/GDC/Logipaignion/The_Elementalists/Saved/Config/Windows/Scalability.ini]
[2022.04.11-18.37.57:530][  0]LogConfig: Setting CVar [[r.SkeletalMeshLODBias:0]]
[2022.04.11-18.37.57:530][  0]LogConfig: Setting CVar [[r.ViewDistanceScale:1.0]]
[2022.04.11-18.37.57:530][  0]LogConfig: Applying CVar settings from Section [AntiAliasingQuality@3] File [C:/Users/wwwcn/OneDrive/Desktop/GDC/Logipaignion/The_Elementalists/Saved/Config/Windows/Scalability.ini]
[2022.04.11-18.37.57:530][  0]LogConfig: Setting CVar [[r.PostProcessAAQuality:4]]
[2022.04.11-18.37.57:530][  0]LogConfig: Applying CVar settings from Section [ShadowQuality@3] File [C:/Users/wwwcn/OneDrive/Desktop/GDC/Logipaignion/The_Elementalists/Saved/Config/Windows/Scalability.ini]
[2022.04.11-18.37.57:530][  0]LogConfig: Setting CVar [[r.LightFunctionQuality:1]]
[2022.04.11-18.37.57:530][  0]LogConfig: Setting CVar [[r.ShadowQuality:5]]
[2022.04.11-18.37.57:530][  0]LogConfig: Setting CVar [[r.Shadow.CSM.MaxCascades:10]]
[2022.04.11-18.37.57:530][  0]LogConfig: Setting CVar [[r.Shadow.MaxResolution:2048]]
[2022.04.11-18.37.57:530][  0]LogConfig: Setting CVar [[r.Shadow.MaxCSMResolution:2048]]
[2022.04.11-18.37.57:530][  0]LogConfig: Setting CVar [[r.Shadow.RadiusThreshold:0.01]]
[2022.04.11-18.37.57:530][  0]LogConfig: Setting CVar [[r.Shadow.DistanceScale:1.0]]
[2022.04.11-18.37.57:530][  0]LogConfig: Setting CVar [[r.Shadow.CSM.TransitionScale:1.0]]
[2022.04.11-18.37.57:530][  0]LogConfig: Setting CVar [[r.Shadow.PreShadowResolutionFactor:1.0]]
[2022.04.11-18.37.57:530][  0]LogConfig: Setting CVar [[r.DistanceFieldShadowing:1]]
[2022.04.11-18.37.57:530][  0]LogConfig: Setting CVar [[r.DistanceFieldAO:1]]
[2022.04.11-18.37.57:530][  0]LogConfig: Setting CVar [[r.AOQuality:2]]
[2022.04.11-18.37.57:530][  0]LogConfig: Setting CVar [[r.VolumetricFog:1]]
[2022.04.11-18.37.57:530][  0]LogConfig: Setting CVar [[r.VolumetricFog.GridPixelSize:8]]
[2022.04.11-18.37.57:530][  0]LogConfig: Setting CVar [[r.VolumetricFog.GridSizeZ:128]]
[2022.04.11-18.37.57:530][  0]LogConfig: Setting CVar [[r.VolumetricFog.HistoryMissSupersampleCount:4]]
[2022.04.11-18.37.57:530][  0]LogConfig: Setting CVar [[r.LightMaxDrawDistanceScale:1]]
[2022.04.11-18.37.57:530][  0]LogConfig: Setting CVar [[r.CapsuleShadows:1]]
[2022.04.11-18.37.57:530][  0]LogConfig: Applying CVar settings from Section [PostProcessQuality@3] File [C:/Users/wwwcn/OneDrive/Desktop/GDC/Logipaignion/The_Elementalists/Saved/Config/Windows/Scalability.ini]
[2022.04.11-18.37.57:530][  0]LogConfig: Setting CVar [[r.MotionBlurQuality:4]]
[2022.04.11-18.37.57:530][  0]LogConfig: Setting CVar [[r.AmbientOcclusionMipLevelFactor:0.4]]
[2022.04.11-18.37.57:530][  0]LogConfig: Setting CVar [[r.AmbientOcclusionMaxQuality:100]]
[2022.04.11-18.37.57:530][  0]LogConfig: Setting CVar [[r.AmbientOcclusionLevels:-1]]
[2022.04.11-18.37.57:530][  0]LogConfig: Setting CVar [[r.AmbientOcclusionRadiusScale:1.0]]
[2022.04.11-18.37.57:530][  0]LogConfig: Setting CVar [[r.DepthOfFieldQuality:2]]
[2022.04.11-18.37.57:530][  0]LogConfig: Setting CVar [[r.RenderTargetPoolMin:400]]
[2022.04.11-18.37.57:530][  0]LogConfig: Setting CVar [[r.LensFlareQuality:2]]
[2022.04.11-18.37.57:530][  0]LogConfig: Setting CVar [[r.SceneColorFringeQuality:1]]
[2022.04.11-18.37.57:530][  0]LogConfig: Setting CVar [[r.EyeAdaptationQuality:2]]
[2022.04.11-18.37.57:530][  0]LogConfig: Setting CVar [[r.BloomQuality:5]]
[2022.04.11-18.37.57:530][  0]LogConfig: Setting CVar [[r.FastBlurThreshold:100]]
[2022.04.11-18.37.57:530][  0]LogConfig: Setting CVar [[r.Upscale.Quality:3]]
[2022.04.11-18.37.57:531][  0]LogConfig: Setting CVar [[r.Tonemapper.GrainQuantization:1]]
[2022.04.11-18.37.57:531][  0]LogConfig: Setting CVar [[r.LightShaftQuality:1]]
[2022.04.11-18.37.57:531][  0]LogConfig: Setting CVar [[r.Filter.SizeScale:1]]
[2022.04.11-18.37.57:531][  0]LogConfig: Setting CVar [[r.Tonemapper.Quality:5]]
[2022.04.11-18.37.57:531][  0]LogConfig: Setting CVar [[r.DOF.Gather.AccumulatorQuality:1        ; higher gathering accumulator quality]]
[2022.04.11-18.37.57:531][  0]LogConfig: Setting CVar [[r.DOF.Gather.PostfilterMethod:1          ; Median3x3 postfilering method]]
[2022.04.11-18.37.57:531][  0]LogConfig: Setting CVar [[r.DOF.Gather.EnableBokehSettings:0       ; no bokeh simulation when gathering]]
[2022.04.11-18.37.57:531][  0]LogConfig: Setting CVar [[r.DOF.Gather.RingCount:4                 ; medium number of samples when gathering]]
[2022.04.11-18.37.57:531][  0]LogConfig: Setting CVar [[r.DOF.Scatter.ForegroundCompositing:1    ; additive foreground scattering]]
[2022.04.11-18.37.57:531][  0]LogConfig: Setting CVar [[r.DOF.Scatter.BackgroundCompositing:2    ; additive background scattering]]
[2022.04.11-18.37.57:531][  0]LogConfig: Setting CVar [[r.DOF.Scatter.EnableBokehSettings:1      ; bokeh simulation when scattering]]
[2022.04.11-18.37.57:531][  0]LogConfig: Setting CVar [[r.DOF.Scatter.MaxSpriteRatio:0.1         ; only a maximum of 10% of scattered bokeh]]
[2022.04.11-18.37.57:531][  0]LogConfig: Setting CVar [[r.DOF.Recombine.Quality:1                ; cheap slight out of focus]]
[2022.04.11-18.37.57:531][  0]LogConfig: Setting CVar [[r.DOF.Recombine.EnableBokehSettings:0    ; no bokeh simulation on slight out of focus]]
[2022.04.11-18.37.57:531][  0]LogConfig: Setting CVar [[r.DOF.TemporalAAQuality:1                ; more stable temporal accumulation]]
[2022.04.11-18.37.57:531][  0]LogConfig: Setting CVar [[r.DOF.Kernel.MaxForegroundRadius:0.025]]
[2022.04.11-18.37.57:531][  0]LogConfig: Setting CVar [[r.DOF.Kernel.MaxBackgroundRadius:0.025]]
[2022.04.11-18.37.57:531][  0]LogConfig: Applying CVar settings from Section [TextureQuality@3] File [C:/Users/wwwcn/OneDrive/Desktop/GDC/Logipaignion/The_Elementalists/Saved/Config/Windows/Scalability.ini]
[2022.04.11-18.37.57:531][  0]LogConfig: Setting CVar [[r.Streaming.MipBias:0]]
[2022.04.11-18.37.57:531][  0]LogConfig: Setting CVar [[r.Streaming.AmortizeCPUToGPUCopy:0]]
[2022.04.11-18.37.57:531][  0]LogConfig: Setting CVar [[r.Streaming.MaxNumTexturesToStreamPerFrame:0]]
[2022.04.11-18.37.57:531][  0]LogConfig: Setting CVar [[r.Streaming.Boost:1]]
[2022.04.11-18.37.57:531][  0]LogConfig: Setting CVar [[r.MaxAnisotropy:8]]
[2022.04.11-18.37.57:531][  0]LogConfig: Setting CVar [[r.VT.MaxAnisotropy:8]]
[2022.04.11-18.37.57:531][  0]LogConfig: Setting CVar [[r.Streaming.LimitPoolSizeToVRAM:0]]
[2022.04.11-18.37.57:531][  0]LogConfig: Setting CVar [[r.Streaming.PoolSize:1000]]
[2022.04.11-18.37.57:531][  0]LogConfig: Setting CVar [[r.Streaming.MaxEffectiveScreenSize:0]]
[2022.04.11-18.37.57:531][  0]LogConfig: Applying CVar settings from Section [EffectsQuality@3] File [C:/Users/wwwcn/OneDrive/Desktop/GDC/Logipaignion/The_Elementalists/Saved/Config/Windows/Scalability.ini]
[2022.04.11-18.37.57:531][  0]LogConfig: Setting CVar [[r.TranslucencyLightingVolumeDim:64]]
[2022.04.11-18.37.57:531][  0]LogConfig: Setting CVar [[r.RefractionQuality:2]]
[2022.04.11-18.37.57:531][  0]LogConfig: Setting CVar [[r.SSR.Quality:3]]
[2022.04.11-18.37.57:531][  0]LogConfig: Setting CVar [[r.SSR.HalfResSceneColor:0]]
[2022.04.11-18.37.57:531][  0]LogConfig: Setting CVar [[r.SceneColorFormat:4]]
[2022.04.11-18.37.57:531][  0]LogConfig: Setting CVar [[r.DetailMode:2]]
[2022.04.11-18.37.57:531][  0]LogConfig: Setting CVar [[r.TranslucencyVolumeBlur:1]]
[2022.04.11-18.37.57:531][  0]LogConfig: Setting CVar [[r.MaterialQualityLevel:1 ; High quality]]
[2022.04.11-18.37.57:531][  0]LogConfig: Setting CVar [[r.AnisotropicMaterials:1]]
[2022.04.11-18.37.57:531][  0]LogConfig: Setting CVar [[r.SSS.Scale:1]]
[2022.04.11-18.37.57:531][  0]LogConfig: Setting CVar [[r.SSS.SampleSet:2]]
[2022.04.11-18.37.57:531][  0]LogConfig: Setting CVar [[r.SSS.Quality:1]]
[2022.04.11-18.37.57:531][  0]LogConfig: Setting CVar [[r.SSS.HalfRes:0]]
[2022.04.11-18.37.57:531][  0]LogConfig: Setting CVar [[r.SSGI.Quality:3]]
[2022.04.11-18.37.57:531][  0]LogConfig: Setting CVar [[r.EmitterSpawnRateScale:1.0]]
[2022.04.11-18.37.57:531][  0]LogConfig: Setting CVar [[r.ParticleLightQuality:2]]
[2022.04.11-18.37.57:531][  0]LogConfig: Setting CVar [[r.SkyAtmosphere.AerialPerspectiveLUT.FastApplyOnOpaque:1 ; Always have FastSkyLUT 1 in this case to avoid wrong sky]]
[2022.04.11-18.37.57:531][  0]LogConfig: Setting CVar [[r.SkyAtmosphere.AerialPerspectiveLUT.SampleCountMaxPerSlice:4]]
[2022.04.11-18.37.57:531][  0]LogConfig: Setting CVar [[r.SkyAtmosphere.AerialPerspectiveLUT.DepthResolution:16.0]]
[2022.04.11-18.37.57:531][  0]LogConfig: Setting CVar [[r.SkyAtmosphere.FastSkyLUT:1]]
[2022.04.11-18.37.57:531][  0]LogConfig: Setting CVar [[r.SkyAtmosphere.FastSkyLUT.SampleCountMin:4.0]]
[2022.04.11-18.37.57:531][  0]LogConfig: Setting CVar [[r.SkyAtmosphere.FastSkyLUT.SampleCountMax:128.0]]
[2022.04.11-18.37.57:531][  0]LogConfig: Setting CVar [[r.SkyAtmosphere.SampleCountMin:4.0]]
[2022.04.11-18.37.57:531][  0]LogConfig: Setting CVar [[r.SkyAtmosphere.SampleCountMax:128.0]]
[2022.04.11-18.37.57:531][  0]LogConfig: Setting CVar [[r.SkyAtmosphere.TransmittanceLUT.UseSmallFormat:0]]
[2022.04.11-18.37.57:531][  0]LogConfig: Setting CVar [[r.SkyAtmosphere.TransmittanceLUT.SampleCount:10.0]]
[2022.04.11-18.37.57:531][  0]LogConfig: Setting CVar [[r.SkyAtmosphere.MultiScatteringLUT.SampleCount:15.0]]
[2022.04.11-18.37.57:531][  0]LogConfig: Setting CVar [[r.SkyLight.RealTimeReflectionCapture:1]]
[2022.04.11-18.37.57:531][  0]LogConfig: Applying CVar settings from Section [FoliageQuality@3] File [C:/Users/wwwcn/OneDrive/Desktop/GDC/Logipaignion/The_Elementalists/Saved/Config/Windows/Scalability.ini]
[2022.04.11-18.37.57:531][  0]LogConfig: Setting CVar [[foliage.DensityScale:1.0]]
[2022.04.11-18.37.57:531][  0]LogConfig: Setting CVar [[grass.DensityScale:1.0]]
[2022.04.11-18.37.57:531][  0]LogConfig: Applying CVar settings from Section [ShadingQuality@3] File [C:/Users/wwwcn/OneDrive/Desktop/GDC/Logipaignion/The_Elementalists/Saved/Config/Windows/Scalability.ini]
[2022.04.11-18.37.57:531][  0]LogConfig: Setting CVar [[r.HairStrands.SkyLighting.IntegrationType:2]]
[2022.04.11-18.37.57:531][  0]LogConfig: Setting CVar [[r.HairStrands.SkyAO.SampleCount:4]]
[2022.04.11-18.37.57:531][  0]LogConfig: Setting CVar [[r.HairStrands.Visibility.MSAA.SamplePerPixel:4]]
[2022.04.11-18.37.57:531][  0]LogConfig: Applying CVar settings from Section [Startup] File [../../../Engine/Config/ConsoleVariables.ini]
[2022.04.11-18.37.57:532][  0]LogConfig: Setting CVar [[net.UseAdaptiveNetUpdateFrequency:0]]
[2022.04.11-18.37.57:532][  0]LogConfig: Setting CVar [[p.chaos.AllowCreatePhysxBodies:1]]
[2022.04.11-18.37.57:532][  0]LogConfig: Setting CVar [[fx.SkipVectorVMBackendOptimizations:1]]
[2022.04.11-18.37.57:532][  0]LogConfig: Applying CVar settings from Section [ConsoleVariables] File [C:/Users/wwwcn/OneDrive/Desktop/GDC/Logipaignion/The_Elementalists/Saved/Config/Windows/Engine.ini]
[2022.04.11-18.37.57:532][  0]LogConfig: Applying CVar settings from Section [ConsoleVariables] File [C:/Users/wwwcn/OneDrive/Desktop/GDC/Logipaignion/The_Elementalists/Saved/Config/Windows/Editor.ini]
[2022.04.11-18.37.57:533][  0]LogInit: Computer: LAPTOP-S0COUGRA
[2022.04.11-18.37.57:533][  0]LogInit: User: wwwcn
[2022.04.11-18.37.57:533][  0]LogInit: CPU Page size=4096, Cores=8
[2022.04.11-18.37.57:533][  0]LogInit: High frequency timer resolution =10.000000 MHz
[2022.04.11-18.37.57:533][  0]LogMemory: Memory total: Physical=15.4GB (16GB approx)
[2022.04.11-18.37.57:533][  0]LogMemory: Platform Memory Stats for Windows
[2022.04.11-18.37.57:533][  0]LogMemory: Process Physical Memory: 146.66 MB used, 146.66 MB peak
[2022.04.11-18.37.57:533][  0]LogMemory: Process Virtual Memory: 133.30 MB used, 133.30 MB peak
[2022.04.11-18.37.57:533][  0]LogMemory: Physical Memory: 7995.18 MB used,  7781.00 MB free, 15776.18 MB total
[2022.04.11-18.37.57:533][  0]LogMemory: Virtual Memory: 134202768.00 MB used,  14957.73 MB free, 134217728.00 MB total
[2022.04.11-18.37.57:540][  0]LogWindows: WindowsPlatformFeatures enabled
[2022.04.11-18.37.57:604][  0]LogInit: Physics initialised using underlying interface: PhysX
[2022.04.11-18.37.57:604][  0]LogInit: Using OS detected language (en-US).
[2022.04.11-18.37.57:604][  0]LogInit: Using OS detected locale (en-CY).
[2022.04.11-18.37.57:611][  0]LogTextLocalizationManager: No specific localization for 'en-US' exists, so the 'en' localization will be used.
[2022.04.11-18.37.57:868][  0]LogWindowsTextInputMethodSystem: Display: IME system deactivated.
[2022.04.11-18.37.57:890][  0]LogSlate: New Slate User Created.  User Index 0, Is Virtual User: 0
[2022.04.11-18.37.57:890][  0]LogSlate: Slate User Registered.  User Index 0, Is Virtual User: 0
[2022.04.11-18.37.57:909][  0]LogD3D11RHI: Loaded GFSDK_Aftermath_Lib.x64.dll
[2022.04.11-18.37.57:933][  0]LogHMD: Failed to initialize OpenVR with code 110
[2022.04.11-18.37.57:933][  0]LogD3D11RHI: D3D11 min allowed feature level: 11_0
[2022.04.11-18.37.57:933][  0]LogD3D11RHI: D3D11 max allowed feature level: 11_0
[2022.04.11-18.37.57:933][  0]LogD3D11RHI: D3D11 adapters:
[2022.04.11-18.37.58:089][  0]LogD3D11RHI:    0. 'NVIDIA GeForce RTX 3050 Ti Laptop GPU' (Feature Level 11_0)
[2022.04.11-18.37.58:089][  0]LogD3D11RHI:       3990/0/7888 MB DedicatedVideo/DedicatedSystem/SharedSystem, Outputs:1, VendorId:0x10de
[2022.04.11-18.37.58:121][  0]LogD3D11RHI:    1. 'AMD Radeon(TM) Graphics' (Feature Level 11_0)
[2022.04.11-18.37.58:121][  0]LogD3D11RHI:       496/0/7888 MB DedicatedVideo/DedicatedSystem/SharedSystem, Outputs:0, VendorId:0x1002
[2022.04.11-18.37.58:124][  0]LogD3D11RHI:    2. 'Microsoft Basic Render Driver' (Feature Level 11_0)
[2022.04.11-18.37.58:124][  0]LogD3D11RHI:       0/0/7888 MB DedicatedVideo/DedicatedSystem/SharedSystem, Outputs:0, VendorId:0x1414
[2022.04.11-18.37.58:124][  0]LogD3D11RHI: Chosen D3D11 Adapter:
[2022.04.11-18.37.58:124][  0]LogD3D11RHI:     Description : NVIDIA GeForce RTX 3050 Ti Laptop GPU
[2022.04.11-18.37.58:124][  0]LogD3D11RHI:     VendorId    : 10de
[2022.04.11-18.37.58:124][  0]LogD3D11RHI:     DeviceId    : 25a0
[2022.04.11-18.37.58:124][  0]LogD3D11RHI:     SubSysId    : 10dc1043
[2022.04.11-18.37.58:124][  0]LogD3D11RHI:     Revision    : 00a1
[2022.04.11-18.37.58:124][  0]LogD3D11RHI:     DedicatedVideoMemory : 4183818240 bytes
[2022.04.11-18.37.58:124][  0]LogD3D11RHI:     DedicatedSystemMemory : 0 bytes
[2022.04.11-18.37.58:124][  0]LogD3D11RHI:     SharedSystemMemory : 8271263744 bytes
[2022.04.11-18.37.58:124][  0]LogD3D11RHI:     AdapterLuid : 0 55301
[2022.04.11-18.37.58:137][  0]LogD3D11RHI: Creating new Direct3DDevice
[2022.04.11-18.37.58:137][  0]LogD3D11RHI:     GPU DeviceId: 0x25a0 (for the marketing name, search the web for "GPU Device Id")
[2022.04.11-18.37.58:137][  0]LogWindows: EnumDisplayDevices:
[2022.04.11-18.37.58:137][  0]LogWindows:    0. 'AMD Radeon(TM) Graphics' (P:1 D:1)
[2022.04.11-18.37.58:137][  0]LogWindows:    1. 'AMD Radeon(TM) Graphics' (P:0 D:0)
[2022.04.11-18.37.58:138][  0]LogWindows:    2. 'AMD Radeon(TM) Graphics' (P:0 D:0)
[2022.04.11-18.37.58:138][  0]LogWindows:    3. 'AMD Radeon(TM) Graphics' (P:0 D:0)
[2022.04.11-18.37.58:138][  0]LogWindows:    4. 'NVIDIA GeForce RTX 3050 Ti Laptop GPU' (P:0 D:0)
[2022.04.11-18.37.58:139][  0]LogWindows:    5. 'NVIDIA GeForce RTX 3050 Ti Laptop GPU' (P:0 D:0)
[2022.04.11-18.37.58:139][  0]LogWindows:    6. 'NVIDIA GeForce RTX 3050 Ti Laptop GPU' (P:0 D:0)
[2022.04.11-18.37.58:139][  0]LogWindows:    7. 'NVIDIA GeForce RTX 3050 Ti Laptop GPU' (P:0 D:0)
[2022.04.11-18.37.58:139][  0]LogWindows: DebugString: PrimaryIsNotTheChoosenAdapter PrimaryIsNotTheChoosenAdapter PrimaryIsNotTheChoosenAdapter PrimaryIsNotTheChoosenAdapter FoundDriverCount:4 
[2022.04.11-18.37.58:139][  0]LogD3D11RHI:     Adapter Name: NVIDIA GeForce RTX 3050 Ti Laptop GPU
[2022.04.11-18.37.58:139][  0]LogD3D11RHI:   Driver Version: 496.49 (internal:30.0.14.9649, unified:496.49)
[2022.04.11-18.37.58:139][  0]LogD3D11RHI:      Driver Date: 10-20-2021
[2022.04.11-18.37.58:139][  0]LogRHI: Texture pool is 2793 MB (70% of 3990 MB)
[2022.04.11-18.37.58:139][  0]LogD3D11RHI: Creating D3DDevice using adapter:
[2022.04.11-18.37.58:139][  0]LogD3D11RHI:     Description : NVIDIA GeForce RTX 3050 Ti Laptop GPU
[2022.04.11-18.37.58:139][  0]LogD3D11RHI:     VendorId    : 10de
[2022.04.11-18.37.58:139][  0]LogD3D11RHI:     DeviceId    : 25a0
[2022.04.11-18.37.58:139][  0]LogD3D11RHI:     SubSysId    : 10dc1043
[2022.04.11-18.37.58:139][  0]LogD3D11RHI:     Revision    : 00a1
[2022.04.11-18.37.58:139][  0]LogD3D11RHI:     DedicatedVideoMemory : 4183818240 bytes
[2022.04.11-18.37.58:139][  0]LogD3D11RHI:     DedicatedSystemMemory : 0 bytes
[2022.04.11-18.37.58:139][  0]LogD3D11RHI:     SharedSystemMemory : 8271263744 bytes
[2022.04.11-18.37.58:139][  0]LogD3D11RHI:     AdapterLuid : 0 55301
[2022.04.11-18.37.58:217][  0]LogD3D11RHI: RHI has support for 64 bit atomics
[2022.04.11-18.37.58:217][  0]LogD3D11RHI: Async texture creation enabled
[2022.04.11-18.37.58:217][  0]LogD3D11RHI: Array index from any shader is supported
[2022.04.11-18.37.58:244][  0]LogD3D11RHI: GPU Timing Frequency: 1000.000000 (Debug: 2 2)
[2022.04.11-18.37.58:298][  0]LogRHI: GeForceNow SDK initialized: 1
[2022.04.11-18.37.58:679][  0]LogTargetPlatformManager: Display: Loaded TargetPlatform 'WindowsNoEditor'
[2022.04.11-18.37.58:686][  0]LogTargetPlatformManager: Display: Loaded TargetPlatform 'Windows'
[2022.04.11-18.37.58:692][  0]LogTargetPlatformManager: Display: Loaded TargetPlatform 'WindowsClient'
[2022.04.11-18.37.58:698][  0]LogTargetPlatformManager: Display: Loaded TargetPlatform 'WindowsServer'
[2022.04.11-18.37.58:698][  0]LogTargetPlatformManager: Display: Building Assets For Windows
[2022.04.11-18.37.58:708][  0]LogAudioDebug: Display: Lib vorbis DLL was dynamically loaded.
[2022.04.11-18.37.58:755][  0]LogTextureFormatOodle: Display: Oodle Texture 2.9.0 init RDO Off
[2022.04.11-18.37.58:798][  0]LogRendererCore: Ray tracing is disabled. Reason: r.RayTracing=0.
[2022.04.11-18.37.58:798][  0]LogShaderCompilers: Guid format shader working directory is -36 characters bigger than the processId version (../../../../../../Users/wwwcn/OneDrive/Desktop/GDC/Logipaignion/The_Elementalists/Intermediate/Shaders/WorkingDirectory/33472/).
[2022.04.11-18.37.58:798][  0]LogShaderCompilers: Cleaned the shader compiler working directory 'C:/Users/wwwcn/AppData/Local/Temp/UnrealShaderWorkingDir/0314DD6B4ACF6587C51A62B01DA45D01/'.
[2022.04.11-18.37.58:798][  0]LogXGEController: Cannot use XGE Controller as Incredibuild is not installed on this machine.
[2022.04.11-18.37.58:798][  0]LogShaderCompilers: Cannot use XGE Shader Compiler as Incredibuild is not installed on this machine.
[2022.04.11-18.37.58:799][  0]LogShaderCompilers: Display: Using Local Shader Compiler.
[2022.04.11-18.37.59:713][  0]LogDerivedDataCache: Display: Max Cache Size: 512 MB
[2022.04.11-18.37.59:768][  0]LogDerivedDataCache: Loaded boot cache 0.05s 94MB C:/Users/wwwcn/AppData/Local/UnrealEngine/4.27/DerivedDataCache/Boot.ddc.
[2022.04.11-18.37.59:768][  0]LogDerivedDataCache: Display: Loaded Boot cache: C:/Users/wwwcn/AppData/Local/UnrealEngine/4.27/DerivedDataCache/Boot.ddc
[2022.04.11-18.37.59:768][  0]LogDerivedDataCache: FDerivedDataBackendGraph:  Pak pak cache file ../../../../../../Users/wwwcn/OneDrive/Desktop/GDC/Logipaignion/The_Elementalists/DerivedDataCache/DDC.ddp not found, will not use a pak cache.
[2022.04.11-18.37.59:769][  0]LogDerivedDataCache: Unable to find inner node Pak for hierarchical cache Hierarchy.
[2022.04.11-18.37.59:769][  0]LogDerivedDataCache: FDerivedDataBackendGraph:  CompressedPak pak cache file ../../../../../../Users/wwwcn/OneDrive/Desktop/GDC/Logipaignion/The_Elementalists/DerivedDataCache/Compressed.ddp not found, will not use a pak cache.
[2022.04.11-18.37.59:769][  0]LogDerivedDataCache: Unable to find inner node CompressedPak for hierarchical cache Hierarchy.
[2022.04.11-18.37.59:788][  0]LogDerivedDataCache: Display: Pak cache opened for reading ../../../Engine/DerivedDataCache/Compressed.ddp.
[2022.04.11-18.37.59:788][  0]LogDerivedDataCache: FDerivedDataBackendGraph:  EnterprisePak pak cache file ../../../Enterprise/DerivedDataCache/Compressed.ddp not found, will not use a pak cache.
[2022.04.11-18.37.59:788][  0]LogDerivedDataCache: Unable to find inner node EnterprisePak for hierarchical cache Hierarchy.
[2022.04.11-18.37.59:804][  0]LogDerivedDataCache: Speed tests for C:/Users/wwwcn/AppData/Local/UnrealEngine/Common/DerivedDataCache took 0.02 seconds
[2022.04.11-18.37.59:805][  0]LogDerivedDataCache: Display: Performance to C:/Users/wwwcn/AppData/Local/UnrealEngine/Common/DerivedDataCache: Latency=0.05ms. RandomReadSpeed=176.78MBs, RandomWriteSpeed=91.01MBs. Assigned SpeedClass 'Local'
[2022.04.11-18.37.59:805][  0]LogDerivedDataCache: Using Local data cache path C:/Users/wwwcn/AppData/Local/UnrealEngine/Common/DerivedDataCache: Writable
[2022.04.11-18.37.59:805][  0]LogDerivedDataCache: Shared data cache path not found in *engine.ini, will not use an Shared cache.
[2022.04.11-18.37.59:805][  0]LogDerivedDataCache: Unable to find inner node Shared for hierarchical cache Hierarchy.
[2022.04.11-18.37.59:839][  0]LogSlate: Using FreeType 2.10.0
[2022.04.11-18.37.59:840][  0]LogSlate: SlateFontServices - WITH_FREETYPE: 1, WITH_HARFBUZZ: 1
[2022.04.11-18.37.59:960][  0]LogInit: Using OS detected language (en-US).
[2022.04.11-18.37.59:960][  0]LogInit: Using OS detected locale (en-CY).
[2022.04.11-18.37.59:960][  0]LogTextLocalizationManager: No localization for 'en-US' exists, so 'en' will be used for the language.
[2022.04.11-18.37.59:960][  0]LogTextLocalizationManager: No localization for 'en-CY' exists, so 'en' will be used for the locale.
[2022.04.11-18.37.59:960][  0]LogSlate: FontCache flush requested. Reason: Culture for localization was changed
[2022.04.11-18.37.59:960][  0]LogSlate: FontCache flush requested. Reason: Culture for localization was changed
[2022.04.11-18.37.59:964][  0]LogTextLocalizationManager: Compacting localization data took   0.01ms
[2022.04.11-18.37.59:964][  0]LogAssetRegistry: FAssetRegistry took 0.0024 seconds to start up
[2022.04.11-18.38.00:145][  0]LogPackageLocalizationCache: Processed 27 localized package path(s) for 1 prioritized culture(s) in 0.001893 seconds
[2022.04.11-18.38.00:224][  0]LogInit: Selected Device Profile: [Windows]
[2022.04.11-18.38.00:224][  0]LogInit: Active device profile: [000001339821FC00][000001338BD35A40 49] Windows
[2022.04.11-18.38.00:224][  0]LogInit: Profiles: [000001339821FC00][000001338BD35A40 49] Windows, [00000133981E0500][000001338BD39B80 49] WindowsNoEditor, [000001339821C500][000001338BD3C140 49] WindowsServer, [00000133981E3600][000001338BFEA2C0 49] WindowsClient, [000001339821F500][000001338BFEE440 49] IOS, [00000133981E0E00][000001338BFF25C0 49] iPadAir, [000001339821CD00][000001338BFF6740 49] iPadAir2, [00000133981A0600][000001338BFFEA00 49] IPadPro, [00000133981A0700][000001338BFFAA40 49] iPadAir3, [000001339821EF00][000001338C002BC0 49] iPadAir4, [00000133981A3A00][000001338C006D40 49] iPadMini2, [000001339821D100][000001338C00AEC0 49] iPadMini3, [00000133981A1600][000001338C00F040 49] iPadMini4, [000001339821E800][000001338C0131C0 49] iPadMini5, [000001339818FE00][000001338C01B480 49] iPhone6, [000001339818FF00][000001338C0174C0 49] iPodTouch6, [00000133981E3400][000001338C023780 49] iPhone7, [00000133981A3400][000001338C01F7C0 49] iPodTouch7, [000001339818C800][000001338C027940 49] iPhone5S, [00000133981A2A00][000001338C02BAC0 49] iPhone6Plus, [000001339818F100][000001338BD41C00 49] iPhone6S, [00000133981A0C00][000001338C02E1C0 49] iPhone6SPlus, [000001339818D000][000001338C032300 49] iPhone7Plus, [00000133981A0400][000001338C568480 49] iPhoneSE, [000001339818EA00][000001338C56C600 49] iPhone8, [00000133981A1700][000001338C570780 49] iPhone8Plus, [000001339818D700][000001338C574900 49] iPhoneX, [00000133981A1500][000001338C578A80 49] iPhoneXS, [000001339818E300][000001338C57CC00 49] iPhoneXSMax, [00000133981A1E00][000001338C580D80 49] iPhoneXR, [000001339818C700][000001338C584F00 49] iPhone11, [00000133981A2E00][000001338C589080 49] iPhone11Pro, [000001339818F400][000001338C58D200 49] iPhone11ProMax, [00000133981A0800][000001338C591380 49] iPhoneSE2, [000001339818CD00][000001338C595500 49] iPhone12Mini, [00000133981A2D00][000001338C599680 49] iPhone12, [000001339818D300][000001338C59D800 49] iPhone12Pro, [00000133981A0F00][000001338C5A1980 49] iPhone12ProMax, [000001339818E900][000001338C5A5B00 49] iPadPro105, [00000133981A1900][000001338C5A8100 49] iPadPro129, [000001339818F300][000001338C564240 49] iPadPro97, [00000133981A3100][000001338C5AC380 49] iPadPro2_129, [000001339818D100][000001338C5B04C0 49] iPad5, [00000133981A1000][000001338C5B8640 49] iPad6, [000001339818F200][000001338C5BC7C0 49] iPad7, [00000133981A2700][000001338C5C0940 49] iPad8, [000001339818FC00][000001338C5C4AC0 49] iPadPro11, [00000133981A3300][000001338C5C8C40 49] iPadPro2_11, [000001339818E800][000001338C5CCDC0 49] iPadPro3_129, [00000133981A3200][000001338C5D0F40 49] iPadPro4_129, [000001339818D900][000001338C5D50C0 49] AppleTV, [00000133981A2F00][000001338C5D9240 49] AppleTV4K, [000001339818C200][000001338C5DD3C0 49] TVOS, [00000133981A1400][0000013390F43540 49] Mac, [000001339818DD00][0000013390F476C0 49] MacClient, [00000133981A0E00][0000013390F4B840 49] MacNoEditor, [000001339818DF00][0000013390F4F9C0 49] MacServer, [00000133981A2300][0000013390F53B40 49] Linux, [000001339818E500][0000013390F56140 49] LinuxAArch64, [00000133981A2800][0000013390F5A2C0 49] LinuxNoEditor, [000001339818E200][000001338C5B4400 49] LinuxAArch64NoEditor, [00000133981A3C00][0000013390F5E540 49] LinuxClient, [000001339818E400][0000013390F62680 49] LinuxAArch64Client, [00000133981A3900][0000013390F667C0 49] LinuxServer, [000001339818E700][000001338BB3E940 49] LinuxAArch64Server, [00000133981A0A00][000001338BB42AC0 49] Android, [000001339818DA00][000001338BB46C40 49] Android_Low, [00000133981A1300][000001338BB4ADC0 49] Android_Mid, [0000013398256200][000001338BB4EF40 49] Android_High, [00000133981E0400][000001338BB530C0 49] Android_Default, [0000013398254B00][000001338BB57240 49] Android_Adreno4xx, [00000133981E0A00][000001338BB5B3C0 49] Android_Adreno5xx_Low, [0000013398254700][000001338BB5F540 49] Android_Adreno5xx, [00000133981E1700][000001338BB636C0 49] Android_Adreno6xx, [0000013398254500][000001338BB67840 49] Android_Adreno6xx_Vulkan, [00000133981E2000][000001338BB6B9C0 49] Android_Mali_T6xx, [0000013398255200][000001338BB6FB40 49] Android_Mali_T7xx, [00000133981E3E00][000001338BB72140 49] Android_Mali_T8xx, [0000013398255E00][000001338BB762C0 49] Android_Mali_G71, [00000133981E3000][000001338BB7A440 49] Android_Mali_G72, [0000013398254800][0000013390F6A580 49] Android_Mali_G72_Vulkan, [00000133981E3900][000001338BB7E6C0 49] Android_Mali_G76, [0000013398254200][000001338BB82800 49] Android_Mali_G76_Vulkan, [00000133981E2F00][000001338BB86940 49] Android_Mali_G77, [0000013398254100][000001338BB8EAC0 49] Android_Mali_G77_Vulkan, [00000133981E0100][000001338BB92C40 49] Android_Mali_G78, [0000013398254D00][000001338BB96DC0 49] Android_Mali_G78_Vulkan, [00000133981E3F00][000001338BB9AF40 49] Android_Mali_G710, [0000013398255D00][000001338BB9F0C0 49] Android_Mali_G710_Vulkan, [00000133981E1600][000001338BBA3240 49] Android_Vulkan_SM5, [0000013398255700][000001338BBA73C0 49] Android_PowerVR_G6xxx, [00000133981E1100][000001338BBAB540 49] Android_PowerVR_GT7xxx, [0000013398254900][000001338BBAF6C0 49] Android_PowerVR_GE8xxx, [00000133981E1000][000001338BBB3840 49] Android_PowerVR_GM9xxx, [000001339818D800][000001338BBB79C0 49] Android_PowerVR_GM9xxx_Vulkan, [00000133981E1500][000001338BBBBB40 49] Android_TegraK1, [000001339818F800][000001338BBBE140 49] Android_Unknown_Vulkan, [00000133981E2900][000001338BBC22C0 49] Lumin, [000001339818F700][000001338BBC6440 49] Lumin_Desktop, [00000133981E0B00][000001338BBCA5C0 49] HoloLens, 
[2022.04.11-18.38.00:278][  0]LogMeshReduction: Using QuadricMeshReduction for automatic static mesh reduction
[2022.04.11-18.38.00:278][  0]LogMeshReduction: Using SimplygonMeshReduction for automatic skeletal mesh reduction
[2022.04.11-18.38.00:278][  0]LogMeshReduction: Using ProxyLODMeshReduction for automatic mesh merging
[2022.04.11-18.38.00:278][  0]LogMeshReduction: No distributed automatic mesh merging module available
[2022.04.11-18.38.00:278][  0]LogMeshMerging: No distributed automatic mesh merging module available
[2022.04.11-18.38.00:380][  0]LogNetVersion: The_Elementalists 1.0.0, NetCL: 17155196, EngineNetVer: 17, GameNetVer: 0 (Checksum: 2215583078)
[2022.04.11-18.38.00:641][  0]LogTexture: Default maximum texture size for cubemaps generated from long-lat sources has been changed from 512 to unlimited. In order to preserve old behaiour for '/Engine/MapTemplates/Sky/DaylightAmbientCubemap.DaylightAmbientCubemap', its maximum texture size has been explicitly set to 512.
[2022.04.11-18.38.00:695][  0]LogHMD: PokeAHoleMaterial loaded successfully
[2022.04.11-18.38.00:824][  0]LogMoviePlayer: Initializing movie player
[2022.04.11-18.38.00:933][  0]LogNiagaraDebuggerClient: Niagara Debugger Client Initialized | Session: 855A1C8E45820805DC20AC8207DD0A89 | Instance: 708118124EF31EBCDA08349680947E7B (LAPTOP-S0COUGRA-33472).
[2022.04.11-18.38.00:957][  0]LogCollectionManager: Loaded 0 collections in 0.001672 seconds
[2022.04.11-18.38.00:960][  0]LogFileCache: Scanning file cache for directory 'C:/Users/wwwcn/OneDrive/Desktop/GDC/Logipaignion/The_Elementalists/Saved/Collections/' took 0.00s
[2022.04.11-18.38.00:960][  0]LogFileCache: Scanning file cache for directory 'C:/Users/wwwcn/OneDrive/Desktop/GDC/Logipaignion/The_Elementalists/Content/Developers/wwwcn/Collections/' took 0.00s
[2022.04.11-18.38.00:960][  0]LogCollectionManager: Fixed up redirectors for 0 collections in 0.000002 seconds (updated 0 objects)
[2022.04.11-18.38.01:001][  0]LogFileCache: Scanning file cache for directory 'C:/Users/wwwcn/OneDrive/Desktop/GDC/Logipaignion/The_Elementalists/Content/Collections/' took 0.00s
[2022.04.11-18.38.01:001][  0]LogPython: Using Python 3.7.7
[2022.04.11-18.38.01:545][  0]LogUdpMessaging: Initializing bridge on interface 0.0.0.0:0 to multicast group 230.0.0.1:6666.
[2022.04.11-18.38.01:552][  0]LogTcpMessaging: Initializing TcpMessaging bridge
[2022.04.11-18.38.01:680][  0]SourceControl: Source control is disabled
[2022.04.11-18.38.01:681][  0]SourceControl: Source control is disabled
[2022.04.11-18.38.01:685][  0]SourceControl: Source control is disabled
[2022.04.11-18.38.01:691][  0]LogUProjectInfo: Found projects:
[2022.04.11-18.38.01:786][  0]LogOpenImageDenoise: OIDN starting up
[2022.04.11-18.38.01:831][  0]LogAndroidPermission: UAndroidPermissionCallbackProxy::GetInstance
[2022.04.11-18.38.01:850][  0]LogAudioCaptureCore: Display: No Audio Capture implementations found. Audio input will be silent.
[2022.04.11-18.38.01:850][  0]LogAudioCaptureCore: Display: No Audio Capture implementations found. Audio input will be silent.
[2022.04.11-18.38.01:929][  0]LogOcInput: OculusInput pre-init called
[2022.04.11-18.38.01:937][  0]LogUObjectArray: 22428 objects as part of root set at end of initial load.
[2022.04.11-18.38.01:937][  0]LogUObjectAllocator: 6287376 out of 0 bytes used by permanent object pool.
[2022.04.11-18.38.01:937][  0]LogUObjectArray: CloseDisregardForGC: 0/0 objects in disregard for GC pool
[2022.04.11-18.38.01:989][  0]LogEngine: Initializing Engine...
[2022.04.11-18.38.01:992][  0]LogHMD: Failed to enumerate extensions. Please check that you have a valid OpenXR runtime installed.
[2022.04.11-18.38.01:993][  0]LogHMD: Failed to initialize OpenVR with code 110
[2022.04.11-18.38.01:993][  0]LogMagicLeap: Warning: VR disabled because ZI is not enabled.  To enable, in the editor, Edit -> Project Settings -> Plugins -> Magic Leap Plugin -> Enable Zero Iteration
[2022.04.11-18.38.01:994][  0]LogStats: UGameplayTagsManager::InitializeManager -  0.000 s
[2022.04.11-18.38.02:085][  0]LogInit: Initializing FReadOnlyCVARCache
[2022.04.11-18.38.02:085][  0]LogAudio: Display: Initializing Audio Device Manager...
[2022.04.11-18.38.02:089][  0]LogAudio: Display: Loading Default Audio Settings Objects...
[2022.04.11-18.38.02:090][  0]LogAudio: Display: No default SoundConcurrencyObject specified (or failed to load).
[2022.04.11-18.38.02:090][  0]LogAudio: Display: Audio Device Manager Initialized
[2022.04.11-18.38.02:090][  0]LogAudio: Display: Creating Audio Device:                 Id: 1, Scope: Shared, Realtime: True
[2022.04.11-18.38.02:090][  0]LogAudioMixer: Display: Audio Mixer Platform Settings:
[2022.04.11-18.38.02:090][  0]LogAudioMixer: Display: 	Sample Rate:						  48000
[2022.04.11-18.38.02:090][  0]LogAudioMixer: Display: 	Callback Buffer Frame Size Requested: 1024
[2022.04.11-18.38.02:090][  0]LogAudioMixer: Display: 	Callback Buffer Frame Size To Use:	  1024
[2022.04.11-18.38.02:090][  0]LogAudioMixer: Display: 	Number of buffers to queue:			  2
[2022.04.11-18.38.02:090][  0]LogAudioMixer: Display: 	Max Channels (voices):				  32
[2022.04.11-18.38.02:090][  0]LogAudioMixer: Display: 	Number of Async Source Workers:		  0
[2022.04.11-18.38.02:090][  0]LogAudio: Display: AudioDevice MaxSources: 32
[2022.04.11-18.38.02:091][  0]LogAudio: Display: Audio Spatialization Plugin: None (built-in).
[2022.04.11-18.38.02:091][  0]LogAudio: Display: Audio Reverb Plugin: None (built-in).
[2022.04.11-18.38.02:091][  0]LogAudio: Display: Audio Occlusion Plugin: None (built-in).
[2022.04.11-18.38.02:091][  0]LogAudioMixer: Display: Initializing audio mixer.
[2022.04.11-18.38.02:105][  0]LogAudioMixer: Display: 0: FrontLeft
[2022.04.11-18.38.02:105][  0]LogAudioMixer: Display: 1: FrontRight
[2022.04.11-18.38.02:127][  0]LogAudioMixer: Display: Using Audio Device Speakers (Realtek(R) Audio)
[2022.04.11-18.38.02:133][  0]LogAudioMixer: Display: Initializing Sound Submixes...
[2022.04.11-18.38.02:136][  0]LogAudioMixer: Display: Creating Master Submix 'MasterSubmixDefault'
[2022.04.11-18.38.02:136][  0]LogAudioMixer: Display: Creating Master Submix 'MasterReverbSubmixDefault'
[2022.04.11-18.38.02:137][  0]LogAudioMixer: Display: Creating Master Submix 'MasterEQSubmixDefault'
[2022.04.11-18.38.02:137][  0]LogAudioMixer: FMixerPlatformXAudio2::StartAudioStream() called
[2022.04.11-18.38.02:137][  0]LogAudioMixer: Display: Output buffers initialized: Frames=1024, Channels=2, Samples=2048
[2022.04.11-18.38.02:138][  0]LogAudioMixer: Display: Starting AudioMixerPlatformInterface::RunInternal()
[2022.04.11-18.38.02:138][  0]LogAudioMixer: Display: FMixerPlatformXAudio2::SubmitBuffer() called for the first time
[2022.04.11-18.38.02:138][  0]LogInit: FAudioDevice initialized.
[2022.04.11-18.38.02:139][  0]LogNetVersion: Set ProjectVersion to 1.0.0.0. Version Checksum will be recalculated on next use.
[2022.04.11-18.38.02:140][  0]LogInit: Texture streaming: Enabled
[2022.04.11-18.38.02:229][  0]LogAudio: Display: Audio Device (ID: 1) registered with world 'Untitled'.
[2022.04.11-18.38.02:230][  0]LogSlate: Updating window title bar state: overlay mode, drag disabled, window buttons hidden, title bar hidden
[2022.04.11-18.38.02:231][  0]LogInit: Display: Game Engine Initialized.
[2022.04.11-18.38.02:231][  0]LogNiagaraEditor: GEditor isn't valid! Particle reset commands will not work for Niagara components!
[2022.04.11-18.38.02:374][  0]LogInit: Display: Starting Game.
[2022.04.11-18.38.02:374][  0]LogNet: Browse: /Game/_Game/Maps/Main_Menu?Name=Player
[2022.04.11-18.38.02:375][  0]LogLoad: LoadMap: /Game/_Game/Maps/Main_Menu?Name=Player
[2022.04.11-18.38.02:375][  0]LogWorld: BeginTearingDown for /Temp/Untitled_0
[2022.04.11-18.38.02:376][  0]LogWorld: UWorld::CleanupWorld for Untitled, bSessionEnded=true, bCleanupResources=true
[2022.04.11-18.38.02:376][  0]LogSlate: InvalidateAllWidgets triggered.  All widgets were invalidated
[2022.04.11-18.38.02:379][  0]LogAudio: Display: Audio Device unregistered from world 'None'.
[2022.04.11-18.38.02:382][  0]LogUObjectHash: Compacting FUObjectHashTables data took   1.04ms
[2022.04.11-18.38.02:543][  0]LogAudio: Display: Audio Device (ID: 1) registered with world 'Main_Menu'.
[2022.04.11-18.38.02:552][  0]LogAIModule: Creating AISystem for world Main_Menu
[2022.04.11-18.38.02:552][  0]LogLoad: Game class is 'BP_MainMenuGameMode_C'
[2022.04.11-18.38.02:555][  0]LogWorld: Bringing World /Game/_Game/Maps/Main_Menu.Main_Menu up for play (max tick rate 0) at 2022.04.11-21.38.02
[2022.04.11-18.38.02:556][  0]LogWorld: Bringing up level for play took: 0.002580
[2022.04.11-18.38.02:565][  0]LogLoad: Took 0.190415 seconds to LoadMap(/Game/_Game/Maps/Main_Menu)
[2022.04.11-18.38.02:637][  0]LogSlate: Took 0.000349 seconds to synchronously load lazily loaded font '../../../Engine/Content/Slate/Fonts/Roboto-Regular.ttf' (155K)
[2022.04.11-18.38.02:660][  0]LogRenderer: Reallocating scene render targets to support 1392x832 Format 10 NumSamples 1 (Frame:1).
[2022.04.11-18.38.02:660][  0]LogInit: Display: Engine is initialized. Leaving FEngineLoop::Init()
[2022.04.11-18.38.02:660][  0]LogLoad: (Engine Initialization) Total time: 6.81 seconds
[2022.04.11-18.38.02:660][  0]LogLoad: (Engine Initialization) Total Blueprint compile time: 0.00 seconds
[2022.04.11-18.38.02:686][  0]LogContentStreaming: Texture pool size now 1000 MB
[2022.04.11-18.38.02:695][  0]LogSlate: InvalidateAllWidgets triggered.  All widgets were invalidated
[2022.04.11-18.38.02:839][  0]LogRenderer: Reallocating scene render targets to support 128x128 Format 10 NumSamples 1 (Frame:1).
[2022.04.11-18.38.02:879][  0]LogRenderer: Reallocating scene render targets to support 1392x832 Format 10 NumSamples 1 (Frame:2).
[2022.04.11-18.38.02:911][  1]LogSlate: Took 0.000354 seconds to synchronously load lazily loaded font '../../../Engine/Content/Slate/Fonts/Roboto-Regular.ttf' (155K)
[2022.04.11-18.38.07:689][626]Closing by request
[2022.04.11-18.38.07:689][626]LogWindows: FPlatformMisc::RequestExit(0)
[2022.04.11-18.38.07:689][626]LogWindows: FPlatformMisc::RequestExitWithStatus(0, 0)
[2022.04.11-18.38.07:689][626]LogCore: Engine exit requested (reason: Win RequestExit)
[2022.04.11-18.38.07:697][627]LogCore: Engine exit requested (reason: EngineExit() was called; note: exit was already requested)
[2022.04.11-18.38.07:697][627]LogInit: Display: PreExit Game.
[2022.04.11-18.38.07:699][627]LogWorld: BeginTearingDown for /Game/_Game/Maps/Main_Menu
[2022.04.11-18.38.07:699][627]LogWorld: UWorld::CleanupWorld for Main_Menu, bSessionEnded=true, bCleanupResources=true
[2022.04.11-18.38.07:700][627]LogSlate: InvalidateAllWidgets triggered.  All widgets were invalidated
[2022.04.11-18.38.07:998][627]LogAudio: Display: Beginning Audio Device Manager Shutdown (Module: AudioMixerXAudio2)...
[2022.04.11-18.38.07:998][627]LogAudio: Display: Destroying 1 Remaining Audio Device(s)...
[2022.04.11-18.38.07:998][627]LogAudio: Display: Audio Device unregistered from world 'Main_Menu'.
[2022.04.11-18.38.08:028][627]LogAudioMixer: FMixerPlatformXAudio2::StopAudioStream() called
[2022.04.11-18.38.08:029][627]LogAudioMixer: FMixerPlatformXAudio2::StopAudioStream() called
[2022.04.11-18.38.08:035][627]LogAudio: Display: Audio Device Manager Shutdown
[2022.04.11-18.38.08:042][627]LogSlate: Window 'The_Elementalists (64-bit Development PCD3D_SM5) ' being destroyed
[2022.04.11-18.38.08:043][627]LogWindowsTextInputMethodSystem: Display: IME system deactivated.
[2022.04.11-18.38.08:062][627]LogExit: Preparing to exit.
[2022.04.11-18.38.08:563][627]LogUObjectHash: Compacting FUObjectHashTables data took   1.36ms
[2022.04.11-18.38.08:596][627]LogMoviePlayer: Shutting down movie player
[2022.04.11-18.38.08:761][627]LogSlate: Updating window title bar state: overlay mode, drag disabled, window buttons hidden, title bar hidden
[2022.04.11-18.38.08:780][627]LogDemo: Cleaned up 0 splitscreen connections with owner deletion
[2022.04.11-18.38.08:782][627]LogExit: Game engine shut down
[2022.04.11-18.38.08:835][627]LogExit: Object subsystem successfully closed.
[2022.04.11-18.38.08:856][627]LogShaderCompilers: Display: === FShaderJobCache stats ===
[2022.04.11-18.38.08:856][627]LogShaderCompilers: Display: Total job queries 0, among them cache hits 0 (0.00%)
[2022.04.11-18.38.08:856][627]LogShaderCompilers: Display: Tracking 0 distinct input hashes that result in 0 distinct outputs (0.00%)
[2022.04.11-18.38.08:856][627]LogShaderCompilers: Display: RAM used: 0.00 MB (0.00 GB) of 819.20 MB (0.80 GB) budget. Usage: 0.00%
[2022.04.11-18.38.08:857][627]LogShaderCompilers: Display: ================================================
[2022.04.11-18.38.08:870][627]LogShaderCompilers: Display: Shaders left to compile 0
[2022.04.11-18.38.08:907][627]LogModuleManager: Shutting down and abandoning module SequenceRecorderSections (560)
[2022.04.11-18.38.08:907][627]LogModuleManager: Shutting down and abandoning module SequenceRecorder (558)
[2022.04.11-18.38.08:907][627]LogModuleManager: Shutting down and abandoning module AutomationController (556)
[2022.04.11-18.38.08:907][627]LogModuleManager: Shutting down and abandoning module AutomationWorker (554)
[2022.04.11-18.38.08:907][627]LogModuleManager: Shutting down and abandoning module Voice (552)
[2022.04.11-18.38.08:907][627]LogModuleManager: Shutting down and abandoning module AIModule (550)
[2022.04.11-18.38.08:908][627]LogModuleManager: Shutting down and abandoning module GameplayDebugger (549)
[2022.04.11-18.38.08:908][627]LogModuleManager: Shutting down and abandoning module AITestSuite (547)
[2022.04.11-18.38.08:908][627]LogModuleManager: Shutting down and abandoning module NavigationSystem (545)
[2022.04.11-18.38.08:908][627]LogModuleManager: Shutting down and abandoning module SteamVREditor (542)
[2022.04.11-18.38.08:908][627]LogModuleManager: Shutting down and abandoning module ToolMenus (541)
[2022.04.11-18.38.08:908][627]LogModuleManager: Shutting down and abandoning module OculusMR (538)
[2022.04.11-18.38.08:908][627]LogModuleManager: Shutting down and abandoning module TakeRecorderSources (536)
[2022.04.11-18.38.08:908][627]LogModuleManager: Shutting down and abandoning module TakeRecorder (535)
[2022.04.11-18.38.08:908][627]LogModuleManager: Shutting down and abandoning module TakeTrackRecorders (532)
[2022.04.11-18.38.08:908][627]LogModuleManager: Shutting down and abandoning module TakesCore (530)
[2022.04.11-18.38.08:908][627]LogModuleManager: Shutting down and abandoning module OpenXRInput (528)
[2022.04.11-18.38.08:908][627]LogModuleManager: Shutting down and abandoning module WmfMediaFactory (526)
[2022.04.11-18.38.08:908][627]LogModuleManager: Shutting down and abandoning module WebMMediaFactory (524)
[2022.04.11-18.38.08:908][627]LogModuleManager: Shutting down and abandoning module WebMMedia (522)
[2022.04.11-18.38.08:908][627]LogModuleManager: Shutting down and abandoning module OpenExrWrapper (520)
[2022.04.11-18.38.08:908][627]LogModuleManager: Shutting down and abandoning module ImgMediaFactory (518)
[2022.04.11-18.38.08:908][627]LogModuleManager: Shutting down and abandoning module AvfMediaFactory (516)
[2022.04.11-18.38.08:908][627]LogModuleManager: Shutting down and abandoning module MagicLeapMediaCodecFactory (514)
[2022.04.11-18.38.08:908][627]LogModuleManager: Shutting down and abandoning module MagicLeapMediaFactory (512)
[2022.04.11-18.38.08:908][627]LogModuleManager: Shutting down and abandoning module PlanarCut (510)
[2022.04.11-18.38.08:908][627]LogModuleManager: Shutting down and abandoning module CharacterAI (508)
[2022.04.11-18.38.08:908][627]LogModuleManager: Shutting down and abandoning module SessionServices (506)
[2022.04.11-18.38.08:908][627]LogModuleManager: Shutting down and abandoning module MovieSceneCapture (504)
[2022.04.11-18.38.08:908][627]LogModuleManager: Shutting down and abandoning module LiveCoding (502)
[2022.04.11-18.38.08:908][627]LogModuleManager: Shutting down and abandoning module LevelSequence (500)
[2022.04.11-18.38.08:908][627]LogModuleManager: Shutting down and abandoning module MovieSceneTracks (498)
[2022.04.11-18.38.08:908][627]LogModuleManager: Shutting down and abandoning module MovieScene (496)
[2022.04.11-18.38.08:908][627]LogModuleManager: Shutting down and abandoning module StreamingPauseRendering (494)
[2022.04.11-18.38.08:908][627]LogModuleManager: Shutting down and abandoning module PortalServices (492)
[2022.04.11-18.38.08:908][627]LogModuleManager: Shutting down and abandoning module PortalRpc (490)
[2022.04.11-18.38.08:908][627]LogModuleManager: Shutting down and abandoning module MessagingRpc (488)
[2022.04.11-18.38.08:908][627]LogModuleManager: Shutting down and abandoning module AudioMixerXAudio2 (486)
[2022.04.11-18.38.08:908][627]LogModuleManager: Shutting down and abandoning module AudioMixerCore (485)
[2022.04.11-18.38.08:908][627]LogModuleManager: Shutting down and abandoning module ImageWriteQueue (482)
[2022.04.11-18.38.08:914][627]LogModuleManager: Shutting down and abandoning module ProfilerService (480)
[2022.04.11-18.38.08:956][627]LogModuleManager: Shutting down and abandoning module TaskGraph (478)
[2022.04.11-18.38.08:956][627]LogModuleManager: Shutting down and abandoning module OculusInput (476)
[2022.04.11-18.38.08:956][627]LogModuleManager: Shutting down and abandoning module TakeMovieScene (474)
[2022.04.11-18.38.08:956][627]LogModuleManager: Shutting down and abandoning module Synthesis (472)
[2022.04.11-18.38.08:956][627]LogModuleManager: Shutting down and abandoning module ProceduralMeshComponent (470)
[2022.04.11-18.38.08:956][627]LogModuleManager: Shutting down and abandoning module MobilePatchingUtils (468)
[2022.04.11-18.38.08:956][627]LogModuleManager: Shutting down and abandoning module GooglePAD (466)
[2022.04.11-18.38.08:956][627]LogModuleManager: Shutting down and abandoning module EditableMesh (464)
[2022.04.11-18.38.08:956][627]LogModuleManager: Shutting down and abandoning module CustomMeshComponent (462)
[2022.04.11-18.38.08:956][627]LogModuleManager: Shutting down and abandoning module AssetTags (460)
[2022.04.11-18.38.08:956][627]LogModuleManager: Shutting down and abandoning module CableComponent (458)
[2022.04.11-18.38.08:956][627]LogModuleManager: Shutting down and abandoning module AudioCapture (456)
[2022.04.11-18.38.08:956][627]LogModuleManager: Shutting down and abandoning module AudioCaptureRtAudio (455)
[2022.04.11-18.38.08:956][627]LogModuleManager: Shutting down and abandoning module ArchVisCharacter (452)
[2022.04.11-18.38.08:956][627]LogModuleManager: Shutting down and abandoning module AppleImageUtilsBlueprintSupport (450)
[2022.04.11-18.38.08:956][627]LogModuleManager: Shutting down and abandoning module AppleImageUtils (448)
[2022.04.11-18.38.08:956][627]LogModuleManager: Shutting down and abandoning module AndroidPermission (446)
[2022.04.11-18.38.08:956][627]LogModuleManager: Shutting down and abandoning module ActorLayerUtilities (444)
[2022.04.11-18.38.08:956][627]LogModuleManager: Shutting down and abandoning module TemplateSequence (442)
[2022.04.11-18.38.08:956][627]LogModuleManager: Shutting down and abandoning module MediaCompositing (440)
[2022.04.11-18.38.08:956][627]LogModuleManager: Shutting down and abandoning module ImgMedia (438)
[2022.04.11-18.38.08:956][627]LogModuleManager: Shutting down and abandoning module MagicLeapSharedWorld (436)
[2022.04.11-18.38.08:956][627]LogModuleManager: Shutting down and abandoning module MagicLeapLightEstimation (434)
[2022.04.11-18.38.08:956][627]LogModuleManager: Shutting down and abandoning module MagicLeapHelperVulkan (432)
[2022.04.11-18.38.08:956][627]LogModuleManager: Shutting down and abandoning module MagicLeapHelperOpenGL (430)
[2022.04.11-18.38.08:956][627]LogModuleManager: Shutting down and abandoning module MagicLeapAudio (428)
[2022.04.11-18.38.08:956][627]LogModuleManager: Shutting down and abandoning module OpenImageDenoise (426)
[2022.04.11-18.38.08:956][627]LogOpenImageDenoise: OIDN shutting down
[2022.04.11-18.38.08:956][627]LogModuleManager: Shutting down and abandoning module MotoSynth (424)
[2022.04.11-18.38.08:956][627]LogModuleManager: Shutting down and abandoning module MeshConversion (422)
[2022.04.11-18.38.08:957][627]LogModuleManager: Shutting down and abandoning module DynamicMesh (420)
[2022.04.11-18.38.08:957][627]LogModuleManager: Shutting down and abandoning module GeometryAlgorithms (418)
[2022.04.11-18.38.08:957][627]LogModuleManager: Shutting down and abandoning module GeometricObjects (416)
[2022.04.11-18.38.08:957][627]LogModuleManager: Shutting down and abandoning module GeometryCollectionTracks (414)
[2022.04.11-18.38.08:957][627]LogModuleManager: Shutting down and abandoning module GeometryCollectionSequencer (413)
[2022.04.11-18.38.08:957][627]LogModuleManager: Shutting down and abandoning module GeometryCacheTracks (410)
[2022.04.11-18.38.08:957][627]LogModuleManager: Shutting down and abandoning module GeometryCacheSequencer (409)
[2022.04.11-18.38.08:957][627]LogModuleManager: Shutting down and abandoning module GeometryCache (406)
[2022.04.11-18.38.08:957][627]LogModuleManager: Shutting down and abandoning module GeometryCacheEd (405)
[2022.04.11-18.38.08:957][627]LogModuleManager: Shutting down and abandoning module ChaosNiagara (402)
[2022.04.11-18.38.08:957][627]LogModuleManager: Shutting down and abandoning module FieldSystemEngine (401)
[2022.04.11-18.38.08:957][627]LogModuleManager: Shutting down and abandoning module AutomationUtils (398)
[2022.04.11-18.38.08:957][627]LogModuleManager: Shutting down and abandoning module BackChannel (396)
[2022.04.11-18.38.08:957][627]LogModuleManager: Shutting down and abandoning module VisualStudioSourceCodeAccess (394)
[2022.04.11-18.38.08:957][627]LogModuleManager: Shutting down and abandoning module HotReload (393)
[2022.04.11-18.38.08:957][627]LogModuleManager: Shutting down and abandoning module VisualStudioCodeSourceCodeAccess (390)
[2022.04.11-18.38.08:957][627]LogModuleManager: Shutting down and abandoning module UObjectPlugin (388)
[2022.04.11-18.38.08:957][627]LogModuleManager: Shutting down and abandoning module SubversionSourceControl (386)
[2022.04.11-18.38.08:957][627]LogModuleManager: Shutting down and abandoning module PerforceSourceControl (384)
[2022.04.11-18.38.08:957][627]LogModuleManager: Shutting down and abandoning module SourceControl (383)
[2022.04.11-18.38.08:957][627]LogModuleManager: Shutting down and abandoning module CLionSourceCodeAccess (380)
[2022.04.11-18.38.08:957][627]LogModuleManager: Shutting down and abandoning module OodleNetworkHandlerComponent (378)
[2022.04.11-18.38.08:957][627]LogModuleManager: Shutting down and abandoning module LiveLinkSequencer (376)
[2022.04.11-18.38.08:957][627]LogModuleManager: Shutting down and abandoning module LiveLinkMovieScene (374)
[2022.04.11-18.38.08:957][627]LogModuleManager: Shutting down and abandoning module LiveLinkGraphNode (372)
[2022.04.11-18.38.08:957][627]LogModuleManager: Shutting down and abandoning module LiveLinkComponents (370)
[2022.04.11-18.38.08:957][627]LogModuleManager: Shutting down and abandoning module LiveLink (368)
[2022.04.11-18.38.09:619][627]LogModuleManager: Shutting down and abandoning module The_Elementalists (366)
[2022.04.11-18.38.09:619][627]LogModuleManager: Shutting down and abandoning module SignificanceManager (364)
[2022.04.11-18.38.09:619][627]LogModuleManager: Shutting down and abandoning module SoundFields (362)
[2022.04.11-18.38.09:619][627]LogModuleManager: Shutting down and abandoning module RuntimePhysXCooking (360)
[2022.04.11-18.38.09:619][627]LogModuleManager: Shutting down and abandoning module PropertyAccessEditor (358)
[2022.04.11-18.38.09:619][627]LogModuleManager: Shutting down and abandoning module PhysXVehiclesEditor (356)
[2022.04.11-18.38.09:619][627]LogModuleManager: Shutting down and abandoning module LocationServicesBPLibrary (352)
[2022.04.11-18.38.09:619][627]LogModuleManager: Shutting down and abandoning module AudioSynesthesia (350)
[2022.04.11-18.38.09:619][627]LogModuleManager: Shutting down and abandoning module AudioSynesthesiaCore (348)
[2022.04.11-18.38.09:619][627]LogModuleManager: Shutting down and abandoning module ActorSequence (346)
[2022.04.11-18.38.09:619][627]LogModuleManager: Shutting down and abandoning module TcpMessaging (344)
[2022.04.11-18.38.09:720][627]LogModuleManager: Shutting down and abandoning module UdpMessaging (342)
[2022.04.11-18.38.09:821][627]LogModuleManager: Shutting down and abandoning module ImgMediaEngine (340)
[2022.04.11-18.38.09:821][627]LogModuleManager: Shutting down and abandoning module MagicLeapARPin (338)
[2022.04.11-18.38.09:821][627]LogModuleManager: Shutting down and abandoning module MagicLeapHandMeshing (336)
[2022.04.11-18.38.09:821][627]LogModuleManager: Shutting down and abandoning module MagicLeapSecureStorage (334)
[2022.04.11-18.38.09:821][627]LogModuleManager: Shutting down and abandoning module MagicLeapPrivileges (332)
[2022.04.11-18.38.09:821][627]LogModuleManager: Shutting down and abandoning module MagicLeapPlanes (330)
[2022.04.11-18.38.09:821][627]LogMagicLeapPlanes: Planes tracker already destroyed.
[2022.04.11-18.38.09:821][627]LogModuleManager: Shutting down and abandoning module MagicLeapImageTracker (328)
[2022.04.11-18.38.09:821][627]LogModuleManager: Shutting down and abandoning module MagicLeapIdentity (326)
[2022.04.11-18.38.09:821][627]LogModuleManager: Shutting down and abandoning module MagicLeapHandTracking (324)
[2022.04.11-18.38.09:821][627]LogModuleManager: Shutting down and abandoning module MagicLeapEyeTracker (322)
[2022.04.11-18.38.09:821][627]LogModuleManager: Shutting down and abandoning module MagicLeapController (320)
[2022.04.11-18.38.09:821][627]LogModuleManager: Shutting down and abandoning module MagicLeapARPinImpl (318)
[2022.04.11-18.38.09:821][627]LogModuleManager: Shutting down and abandoning module MagicLeapAR (316)
[2022.04.11-18.38.09:821][627]LogModuleManager: Shutting down and abandoning module PythonScriptPlugin (314)
[2022.04.11-18.38.09:821][627]LogModuleManager: Shutting down and abandoning module PropertyAccessNode (312)
[2022.04.11-18.38.09:821][627]LogModuleManager: Shutting down and abandoning module FacialAnimation (310)
[2022.04.11-18.38.09:821][627]LogModuleManager: Shutting down and abandoning module GameplayTagsEditor (308)
[2022.04.11-18.38.09:821][627]LogModuleManager: Shutting down and abandoning module AssetManagerEditor (306)
[2022.04.11-18.38.09:821][627]LogModuleManager: Shutting down and abandoning module TreeMap (305)
[2022.04.11-18.38.09:821][627]LogModuleManager: Shutting down and abandoning module NiagaraAnimNotifies (302)
[2022.04.11-18.38.09:821][627]LogModuleManager: Shutting down and abandoning module Niagara (300)
[2022.04.11-18.38.09:821][627]LogModuleManager: Shutting down and abandoning module SignalProcessing (299)
[2022.04.11-18.38.09:821][627]LogModuleManager: Shutting down and abandoning module NiagaraEditor (297)
[2022.04.11-18.38.09:822][627]LogModuleManager: Shutting down and abandoning module ContentBrowser (296)
[2022.04.11-18.38.09:822][627]LogModuleManager: Shutting down and abandoning module CollectionManager (295)
[2022.04.11-18.38.09:822][627]LogModuleManager: Shutting down and abandoning module DirectoryWatcher (294)
[2022.04.11-18.38.09:822][627]LogModuleManager: Shutting down and abandoning module ContentBrowserData (291)
[2022.04.11-18.38.09:823][627]LogModuleManager: Shutting down and abandoning module NiagaraCore (286)
[2022.04.11-18.38.09:823][627]LogModuleManager: Shutting down and abandoning module AnimationSharing (284)
[2022.04.11-18.38.09:823][627]LogModuleManager: Shutting down and abandoning module GameplayCameras (282)
[2022.04.11-18.38.09:823][627]LogModuleManager: Shutting down and abandoning module LightPropagationVolumeRuntime (280)
[2022.04.11-18.38.09:823][627]LogModuleManager: Shutting down and abandoning module EnvironmentQueryEditor (278)
[2022.04.11-18.38.09:823][627]LogModuleManager: Shutting down and abandoning module Paper2D (276)
[2022.04.11-18.38.09:823][627]LogModuleManager: Shutting down and abandoning module WindowsMoviePlayer (274)
[2022.04.11-18.38.09:823][627]LogModuleManager: Shutting down and abandoning module WebMMoviePlayer (272)
[2022.04.11-18.38.09:823][627]LogModuleManager: Shutting down and abandoning module NetworkReplayStreaming (270)
[2022.04.11-18.38.09:823][627]LogModuleManager: Shutting down and abandoning module PacketHandler (268)
[2022.04.11-18.38.09:823][627]LogModuleManager: Shutting down and abandoning module ClothingSystemEditor (266)
[2022.04.11-18.38.09:823][627]LogModuleManager: Shutting down and abandoning module ClothingSystemRuntimeNv (264)
[2022.04.11-18.38.09:824][627]LogModuleManager: Shutting down and abandoning module MediaAssets (262)
[2022.04.11-18.38.09:824][627]LogModuleManager: Shutting down and abandoning module Overlay (260)
[2022.04.11-18.38.09:824][627]LogModuleManager: Shutting down and abandoning module OverlayEditor (259)
[2022.04.11-18.38.09:824][627]LogModuleManager: Shutting down and abandoning module VREditor (256)
[2022.04.11-18.38.09:824][627]LogModuleManager: Shutting down and abandoning module StringTableEditor (254)
[2022.04.11-18.38.09:824][627]LogModuleManager: Shutting down and abandoning module GameplayTasksEditor (252)
[2022.04.11-18.38.09:824][627]LogModuleManager: Shutting down and abandoning module BehaviorTreeEditor (250)
[2022.04.11-18.38.09:824][627]LogModuleManager: Shutting down and abandoning module FunctionalTesting (248)
[2022.04.11-18.38.09:824][627]LogModuleManager: Shutting down and abandoning module CollisionAnalyzer (246)
[2022.04.11-18.38.09:824][627]LogModuleManager: Shutting down and abandoning module WorkspaceMenuStructure (245)
[2022.04.11-18.38.09:824][627]LogModuleManager: Shutting down and abandoning module UMG (242)
[2022.04.11-18.38.09:824][627]LogModuleManager: Shutting down and abandoning module UMGEditor (241)
[2022.04.11-18.38.09:824][627]LogModuleManager: Shutting down and abandoning module Sequencer (240)
[2022.04.11-18.38.09:824][627]LogModuleManager: Shutting down and abandoning module MessageLog (237)
[2022.04.11-18.38.09:824][627]LogModuleManager: Shutting down and abandoning module SlateReflector (232)
[2022.04.11-18.38.09:824][627]LogModuleManager: Shutting down and abandoning module Slate (230)
[2022.04.11-18.38.09:824][627]LogModuleManager: Shutting down and abandoning module SlateCore (228)
[2022.04.11-18.38.09:825][627]LogModuleManager: Shutting down and abandoning module LandscapeEditorUtilities (226)
[2022.04.11-18.38.09:825][627]LogModuleManager: Shutting down and abandoning module UnrealEd (224)
[2022.04.11-18.38.09:825][627]LogModuleManager: Shutting down and abandoning module MRMesh (222)
[2022.04.11-18.38.09:825][627]LogModuleManager: Shutting down and abandoning module Messaging (220)
[2022.04.11-18.38.09:825][627]LogModuleManager: Shutting down and abandoning module SourceCodeAccess (218)
[2022.04.11-18.38.09:825][627]LogModuleManager: Shutting down and abandoning module HeadMountedDisplay (216)
[2022.04.11-18.38.09:825][627]LogModuleManager: Shutting down and abandoning module XAudio2 (214)
[2022.04.11-18.38.09:825][627]LogModuleManager: Shutting down and abandoning module Networking (212)
[2022.04.11-18.38.09:825][627]LogModuleManager: Shutting down and abandoning module Core (210)
[2022.04.11-18.38.09:825][627]LogModuleManager: Shutting down and abandoning module MaterialEditor (208)
[2022.04.11-18.38.09:825][627]LogModuleManager: Shutting down and abandoning module MovieSceneTools (206)
[2022.04.11-18.38.09:825][627]LogModuleManager: Shutting down and abandoning module EditorStyle (205)
[2022.04.11-18.38.09:827][627]LogModuleManager: Shutting down and abandoning module KismetCompiler (202)
[2022.04.11-18.38.09:827][627]LogModuleManager: Shutting down and abandoning module MeshBuilder (200)
[2022.04.11-18.38.09:827][627]LogModuleManager: Shutting down and abandoning module MeshUtilities (198)
[2022.04.11-18.38.09:827][627]LogModuleManager: Shutting down and abandoning module MeshMergeUtilities (197)
[2022.04.11-18.38.09:827][627]LogModuleManager: Shutting down and abandoning module MeshReductionInterface (196)
[2022.04.11-18.38.09:827][627]LogModuleManager: Shutting down and abandoning module MeshBoneReduction (195)
[2022.04.11-18.38.09:827][627]LogModuleManager: Shutting down and abandoning module SkeletalMeshReduction (193)
[2022.04.11-18.38.09:827][627]LogModuleManager: Shutting down and abandoning module ProxyLODMeshReduction (191)
[2022.04.11-18.38.09:827][627]LogModuleManager: Shutting down and abandoning module QuadricMeshReduction (189)
[2022.04.11-18.38.09:827][627]LogModuleManager: Shutting down and abandoning module MaterialBaking (185)
[2022.04.11-18.38.09:827][627]LogModuleManager: Shutting down and abandoning module NullInstallBundleManager (180)
[2022.04.11-18.38.09:827][627]LogModuleManager: Shutting down and abandoning module PIEPreviewDeviceProfileSelector (178)
[2022.04.11-18.38.09:827][627]LogModuleManager: Shutting down and abandoning module DerivedDataCache (176)
[2022.04.11-18.38.09:827][627]LogModuleManager: Shutting down and abandoning module TargetPlatform (174)
[2022.04.11-18.38.09:827][627]LogModuleManager: Shutting down and abandoning module VulkanShaderFormat (173)
[2022.04.11-18.38.09:828][627]LogModuleManager: Shutting down and abandoning module ShaderFormatVectorVM (171)
[2022.04.11-18.38.09:828][627]LogModuleManager: Shutting down and abandoning module ShaderFormatOpenGL (169)
[2022.04.11-18.38.09:828][627]LogModuleManager: Shutting down and abandoning module ShaderFormatD3D (167)
[2022.04.11-18.38.09:828][627]LogModuleManager: Shutting down and abandoning module MetalShaderFormat (165)
[2022.04.11-18.38.09:828][627]LogModuleManager: Shutting down and abandoning module TextureFormatOodle (163)
[2022.04.11-18.38.09:828][627]LogModuleManager: Shutting down and abandoning module TextureFormatUncompressed (161)
[2022.04.11-18.38.09:828][627]LogModuleManager: Shutting down and abandoning module TextureFormatPVR (159)
[2022.04.11-18.38.09:828][627]LogModuleManager: Shutting down and abandoning module TextureFormatETC2 (157)
[2022.04.11-18.38.09:828][627]LogModuleManager: Shutting down and abandoning module TextureFormatDXT (155)
[2022.04.11-18.38.09:828][627]LogModuleManager: Shutting down and abandoning module TextureFormatIntelISPCTexComp (153)
[2022.04.11-18.38.09:828][627]LogModuleManager: Shutting down and abandoning module TextureFormatASTC (151)
[2022.04.11-18.38.09:828][627]LogModuleManager: Shutting down and abandoning module ImageWrapper (150)
[2022.04.11-18.38.09:828][627]LogModuleManager: Shutting down and abandoning module AudioFormatOpus (147)
[2022.04.11-18.38.09:828][627]LogModuleManager: Shutting down and abandoning module AudioFormatOgg (145)
[2022.04.11-18.38.09:828][627]LogModuleManager: Shutting down and abandoning module AudioFormatADPCM (143)
[2022.04.11-18.38.09:828][627]LogModuleManager: Shutting down and abandoning module WindowsServerTargetPlatform (141)
[2022.04.11-18.38.09:828][627]LogModuleManager: Shutting down and abandoning module WindowsClientTargetPlatform (139)
[2022.04.11-18.38.09:828][627]LogModuleManager: Shutting down and abandoning module WindowsTargetPlatform (137)
[2022.04.11-18.38.09:828][627]LogModuleManager: Shutting down and abandoning module WindowsNoEditorTargetPlatform (135)
[2022.04.11-18.38.09:828][627]LogModuleManager: Shutting down and abandoning module D3D11RHI (132)
[2022.04.11-18.38.09:828][627]LogModuleManager: Shutting down and abandoning module InputCore (130)
[2022.04.11-18.38.09:828][627]LogModuleManager: Shutting down and abandoning module Settings (128)
[2022.04.11-18.38.09:828][627]LogModuleManager: Shutting down and abandoning module PhysXCooking (126)
[2022.04.11-18.38.09:828][627]LogModuleManager: Shutting down and abandoning module Chaos (124)
[2022.04.11-18.38.09:828][627]LogModuleManager: Shutting down and abandoning module WindowsPlatformFeatures (122)
[2022.04.11-18.38.09:828][627]LogModuleManager: Shutting down and abandoning module GameplayMediaEncoder (121)
[2022.04.11-18.38.09:828][627]LogModuleManager: Shutting down and abandoning module AVEncoder (120)
[2022.04.11-18.38.09:828][627]LogModuleManager: Shutting down and abandoning module SteamVRInputDevice (116)
[2022.04.11-18.38.09:828][627]LogModuleManager: Shutting down and abandoning module SteamVRInput (114)
[2022.04.11-18.38.09:828][627]LogModuleManager: Shutting down and abandoning module SteamVR (112)
[2022.04.11-18.38.09:828][627]LogHMD: Freeing OpenVRDLLHandle.
[2022.04.11-18.38.09:828][627]LogModuleManager: Shutting down and abandoning module OculusHMD (110)
[2022.04.11-18.38.09:828][627]LogModuleManager: Shutting down and abandoning module OpenXRHandTracking (108)
[2022.04.11-18.38.09:828][627]LogSlate: Slate User Destroyed.  User Index 0, Is Virtual User: 0
[2022.04.11-18.38.09:828][627]LogModuleManager: Shutting down and abandoning module OpenXREyeTracker (106)
[2022.04.11-18.38.09:828][627]LogModuleManager: Shutting down and abandoning module OpenXRAR (104)
[2022.04.11-18.38.09:828][627]LogModuleManager: Shutting down and abandoning module AugmentedReality (103)
[2022.04.11-18.38.09:828][627]LogModuleManager: Shutting down and abandoning module OpenXRHMD (100)
[2022.04.11-18.38.09:828][627]LogModuleManager: Shutting down and abandoning module ExampleDeviceProfileSelector (98)
[2022.04.11-18.38.09:828][627]LogModuleManager: Shutting down and abandoning module ChunkDownloader (96)
[2022.04.11-18.38.09:828][627]LogModuleManager: Shutting down and abandoning module LauncherChunkInstaller (94)
[2022.04.11-18.38.09:829][627]LogModuleManager: Shutting down and abandoning module OnlineBlueprintSupport (92)
[2022.04.11-18.38.09:829][627]LogModuleManager: Shutting down and abandoning module WmfMedia (88)
[2022.04.11-18.38.09:830][627]LogModuleManager: Shutting down and abandoning module Media (87)
[2022.04.11-18.38.09:831][627]LogModuleManager: Shutting down and abandoning module MediaInfo (86)
[2022.04.11-18.38.09:831][627]LogModuleManager: Shutting down and abandoning module OnlineSubsystem (82)
[2022.04.11-18.38.09:832][627]LogModuleManager: Shutting down and abandoning module XMPP (77)
[2022.04.11-18.38.09:832][627]LogModuleManager: Shutting down and abandoning module WebSockets (76)
[2022.04.11-18.38.09:848][627]LogModuleManager: Shutting down and abandoning module HTTP (73)
[2022.04.11-18.38.09:848][627]LogHttp: Display: cleaning up 0 outstanding Http requests.
[2022.04.11-18.38.09:868][627]LogModuleManager: Shutting down and abandoning module SSL (72)
[2022.04.11-18.38.09:870][627]LogModuleManager: Shutting down and abandoning module ExrReaderGpu (68)
[2022.04.11-18.38.09:870][627]LogModuleManager: Shutting down and abandoning module MLSDK (66)
[2022.04.11-18.38.09:870][627]LogModuleManager: Shutting down and abandoning module MagicLeap (64)
[2022.04.11-18.38.09:870][627]LogModuleManager: Shutting down and abandoning module ChaosCloth (62)
[2022.04.11-18.38.09:870][627]LogModuleManager: Shutting down and abandoning module VariantManagerContent (60)
[2022.04.11-18.38.09:870][627]LogModuleManager: Shutting down and abandoning module DatasmithContent (58)
[2022.04.11-18.38.09:871][627]LogModuleManager: Shutting down and abandoning module PixWinPlugin (56)
[2022.04.11-18.38.09:871][627]LogModuleManager: Shutting down and abandoning module NiagaraVertexFactories (54)
[2022.04.11-18.38.09:871][627]LogModuleManager: Shutting down and abandoning module NiagaraShader (52)
[2022.04.11-18.38.09:871][627]LogModuleManager: Shutting down and abandoning module AISupportModule (50)
[2022.04.11-18.38.09:871][627]LogModuleManager: Shutting down and abandoning module DesktopPlatform (48)
[2022.04.11-18.38.09:871][627]LogModuleManager: Shutting down and abandoning module PythonScriptPluginPreload (46)
[2022.04.11-18.38.09:871][627]LogModuleManager: Shutting down and abandoning module PlatformCryptoOpenSSL (44)
[2022.04.11-18.38.09:871][627]LogModuleManager: Shutting down and abandoning module PlatformCryptoTypes (42)
[2022.04.11-18.38.09:871][627]LogModuleManager: Shutting down and abandoning module PlatformCrypto (40)
[2022.04.11-18.38.09:871][627]LogModuleManager: Shutting down and abandoning module OodleDataCompressionFormat (38)
[2022.04.11-18.38.09:871][627]LogModuleManager: Shutting down and abandoning module XGEController (36)
[2022.04.11-18.38.09:871][627]LogModuleManager: Shutting down and abandoning module AnimationModifiers (34)
[2022.04.11-18.38.09:871][627]LogModuleManager: Shutting down and abandoning module AudioEditor (32)
[2022.04.11-18.38.09:871][627]LogModuleManager: Shutting down and abandoning module PropertyEditor (31)
[2022.04.11-18.38.09:871][627]LogModuleManager: Shutting down and abandoning module TextureCompressor (28)
[2022.04.11-18.38.09:871][627]LogModuleManager: Shutting down and abandoning module RenderCore (26)
[2022.04.11-18.38.09:871][627]LogModuleManager: Shutting down and abandoning module Landscape (24)
[2022.04.11-18.38.09:871][627]LogModuleManager: Shutting down and abandoning module SlateRHIRenderer (22)
[2022.04.11-18.38.09:872][627]LogModuleManager: Shutting down and abandoning module AnimGraphRuntime (20)
[2022.04.11-18.38.09:872][627]LogModuleManager: Shutting down and abandoning module Renderer (18)
[2022.04.11-18.38.09:872][627]LogModuleManager: Shutting down and abandoning module Engine (16)
[2022.04.11-18.38.09:872][627]LogModuleManager: Shutting down and abandoning module CoreUObject (14)
[2022.04.11-18.38.09:872][627]LogModuleManager: Shutting down and abandoning module NetworkFile (12)
[2022.04.11-18.38.09:872][627]LogModuleManager: Shutting down and abandoning module CookedIterativeFile (10)
[2022.04.11-18.38.09:872][627]LogModuleManager: Shutting down and abandoning module StreamingFile (8)
[2022.04.11-18.38.09:872][627]LogModuleManager: Shutting down and abandoning module SandboxFile (6)
[2022.04.11-18.38.09:872][627]LogModuleManager: Shutting down and abandoning module PakFile (4)
[2022.04.11-18.38.09:872][627]LogModuleManager: Shutting down and abandoning module RSA (3)
[2022.04.11-18.38.10:239][627]LogContentStreaming: Display: There are 1 unreleased StreamingManagers
[2022.04.11-18.38.10:261][627]LogD3D11RHI: Shutdown
[2022.04.11-18.38.10:261][627]LogD3D11RHI: CleanupD3DDevice
[2022.04.11-18.38.10:266][627]LogExit: Exiting.
[2022.04.11-18.38.10:277][627]Log file closed, 04/11/22 21:38:10
