Log file open, 04/14/22 19:51:02
LogWindows: Failed to load 'aqProf.dll' (GetLastError=126)
LogWindows: File 'aqProf.dll' does not exist
LogWindows: Failed to load 'VtuneApi.dll' (GetLastError=126)
LogWindows: File 'VtuneApi.dll' does not exist
LogWindows: Failed to load 'VtuneApi32e.dll' (GetLastError=126)
LogWindows: File 'VtuneApi32e.dll' does not exist
LogConsoleResponse: Display: Failed to find resolution value strings in scalability ini. Falling back to default.
LogConsoleResponse: Display: Failed to find resolution value strings in scalability ini. Falling back to default.
LogInit: Display: Running engine for game: The_Elementalists
LogPlatformFile: Not using cached read wrapper
LogTaskGraph: Started task graph with 5 named threads and 47 total threads with 3 sets of task threads.
LogStats: Stats thread started at 0.232577
LogICUInternationalization: ICU TimeZone Detection - Raw Offset: +2:00, Platform Override: ''
LogInit: Display: Loading text-based GConfig....
LogPluginManager: Mounting plugin MeshPainting
LogPluginManager: Mounting plugin XGEController
LogPluginManager: Mounting plugin LightPropagationVolume
LogPluginManager: Mounting plugin Paper2D
LogPluginManager: Mounting plugin LiveLink
LogPluginManager: Mounting plugin DatasmithContent
LogPluginManager: Mounting plugin VariantManagerContent
LogPluginManager: Mounting plugin CryptoKeys
LogPluginManager: Mounting plugin AssetManagerEditor
LogPluginManager: Mounting plugin DataValidation
LogPluginManager: Mounting plugin MacGraphicsSwitching
LogPluginManager: Mounting plugin FacialAnimation
LogPluginManager: Mounting plugin GeometryMode
LogPluginManager: Mounting plugin CurveEditorTools
LogPluginManager: Mounting plugin GameplayTagsEditor
LogPluginManager: Mounting plugin MaterialAnalyzer
LogPluginManager: Mounting plugin MobileLauncherProfileWizard
LogPluginManager: Mounting plugin PluginBrowser
LogPluginManager: Mounting plugin SpeedTreeImporter
LogPluginManager: Mounting plugin AnimationSharing
LogPluginManager: Mounting plugin CLionSourceCodeAccess
LogPluginManager: Mounting plugin Niagara
LogPluginManager: Mounting plugin GitSourceControl
LogPluginManager: Mounting plugin CodeLiteSourceCodeAccess
LogPluginManager: Mounting plugin NullSourceCodeAccess
LogPluginManager: Mounting plugin KDevelopSourceCodeAccess
LogPluginManager: Mounting plugin PerforceSourceControl
LogPluginManager: Mounting plugin PixWinPlugin
LogPluginManager: Mounting plugin PlasticSourceControl
LogPluginManager: Mounting plugin PluginUtils
LogPluginManager: Mounting plugin RiderSourceCodeAccess
LogPluginManager: Mounting plugin TextureFormatOodle
LogPluginManager: Mounting plugin PropertyAccessNode
LogPluginManager: Mounting plugin UObjectPlugin
LogPluginManager: Mounting plugin AlembicImporter
LogPluginManager: Mounting plugin SubversionSourceControl
LogPluginManager: Mounting plugin BackChannel
LogPluginManager: Mounting plugin AutomationUtils
LogPluginManager: Mounting plugin ChaosClothEditor
LogPluginManager: Mounting plugin ChaosNiagara
LogPluginManager: Mounting plugin ChaosSolverPlugin
LogPluginManager: Mounting plugin ChaosCloth
LogPluginManager: Mounting plugin ChaosEditor
LogPluginManager: Mounting plugin VisualStudioSourceCodeAccess
LogPluginManager: Mounting plugin VisualStudioCodeSourceCodeAccess
LogPluginManager: Mounting plugin XCodeSourceCodeAccess
LogPluginManager: Mounting plugin CharacterAI
LogPluginManager: Mounting plugin GeometryCollectionPlugin
LogPluginManager: Mounting plugin GeometryCache
LogPluginManager: Mounting plugin AndroidMedia
LogPluginManager: Mounting plugin AvfMedia
LogPluginManager: Mounting plugin ImgMedia
LogPluginManager: Mounting plugin MediaCompositing
LogPluginManager: Mounting plugin MediaPlayerEditor
LogPluginManager: Mounting plugin WebMMedia
LogPluginManager: Mounting plugin MagicLeap
LogPluginManager: Mounting plugin LuminPlatformFeatures
LogPluginManager: Mounting plugin WmfMedia
LogPluginManager: Mounting plugin GeometryProcessing
LogPluginManager: Mounting plugin MotoSynth
LogPluginManager: Mounting plugin MagicLeapLightEstimation
LogPluginManager: Mounting plugin OpenImageDenoise
LogPluginManager: Mounting plugin MagicLeapMedia
LogPluginManager: Mounting plugin PlanarCut
LogPluginManager: Mounting plugin PlatformCrypto
LogPluginManager: Mounting plugin ProxyLODPlugin
LogPluginManager: Mounting plugin MagicLeapPassableWorld
LogPluginManager: Mounting plugin PythonScriptPlugin
LogPluginManager: Mounting plugin MLSDK
LogPluginManager: Mounting plugin SkeletalReduction
LogPluginManager: Mounting plugin LevelSequenceEditor
LogPluginManager: Mounting plugin ActorSequence
LogPluginManager: Mounting plugin MatineeToLevelSequence
LogPluginManager: Mounting plugin TemplateSequence
LogPluginManager: Mounting plugin OnlineSubsystem
LogPluginManager: Mounting plugin OnlineSubsystemNull
LogPluginManager: Mounting plugin OnlineSubsystemUtils
LogPluginManager: Mounting plugin UdpMessaging
LogPluginManager: Mounting plugin TcpMessaging
LogPluginManager: Mounting plugin LauncherChunkInstaller
LogPluginManager: Mounting plugin ActorLayerUtilities
LogPluginManager: Mounting plugin ScreenshotTools
LogPluginManager: Mounting plugin AndroidDeviceProfileSelector
LogPluginManager: Mounting plugin AndroidMoviePlayer
LogPluginManager: Mounting plugin AndroidPermission
LogPluginManager: Mounting plugin AppleMoviePlayer
LogPluginManager: Mounting plugin AppleImageUtils
LogPluginManager: Mounting plugin AssetTags
LogPluginManager: Mounting plugin AudioCapture
LogPluginManager: Mounting plugin ArchVisCharacter
LogPluginManager: Mounting plugin CableComponent
LogPluginManager: Mounting plugin AudioSynesthesia
LogPluginManager: Mounting plugin ChunkDownloader
LogPluginManager: Mounting plugin CustomMeshComponent
LogPluginManager: Mounting plugin EditableMesh
LogPluginManager: Mounting plugin ExampleDeviceProfileSelector
LogPluginManager: Mounting plugin Takes
LogPluginManager: Mounting plugin GoogleCloudMessaging
LogPluginManager: Mounting plugin GooglePAD
LogPluginManager: Mounting plugin LinuxDeviceProfileSelector
LogPluginManager: Mounting plugin IOSDeviceProfileSelector
LogPluginManager: Mounting plugin LocationServicesBPLibrary
LogPluginManager: Mounting plugin MobilePatchingUtils
LogPluginManager: Mounting plugin OpenXR
LogPluginManager: Mounting plugin OpenXRHandTracking
LogPluginManager: Mounting plugin OpenXREyeTracker
LogPluginManager: Mounting plugin PostSplashScreen
LogPluginManager: Mounting plugin PhysXVehicles
LogPluginManager: Mounting plugin ProceduralMeshComponent
LogPluginManager: Mounting plugin PropertyAccessEditor
LogPluginManager: Mounting plugin SoundFields
LogPluginManager: Mounting plugin SignificanceManager
LogPluginManager: Mounting plugin RuntimePhysXCooking
LogPluginManager: Mounting plugin Synthesis
LogPluginManager: Mounting plugin WebMMoviePlayer
LogPluginManager: Mounting plugin WindowsMoviePlayer
LogPluginManager: Mounting plugin AISupport
LogPluginManager: Mounting plugin EnvironmentQueryEditor
LogPluginManager: Mounting plugin CameraShakePreviewer
LogPluginManager: Mounting plugin OodleData
LogPluginManager: Mounting plugin OodleNetwork
LogPluginManager: Mounting plugin GameplayCameras
LogPluginManager: Mounting plugin ContentBrowserAssetDataSource
LogPluginManager: Mounting plugin ContentBrowserClassDataSource
LogPluginManager: Mounting plugin ContentBrowserFileDataSource
LogPluginManager: Mounting plugin OnlineSubsystemIOS
LogPluginManager: Mounting plugin OnlineSubsystemGooglePlay
LogPluginManager: Mounting plugin OculusVR
LogPluginManager: Mounting plugin SteamVR
PixWinPlugin: PIX capture plugin failed to initialize! Check that the process is launched from PIX.
LogInit: Using libcurl 7.55.1-DEV
LogInit:  - built for x86_64-pc-win32
LogInit:  - supports SSL with OpenSSL/1.1.1
LogInit:  - supports HTTP deflate (compression) using libz 1.2.8
LogInit:  - other features:
LogInit:      CURL_VERSION_SSL
LogInit:      CURL_VERSION_LIBZ
LogInit:      CURL_VERSION_IPV6
LogInit:      CURL_VERSION_ASYNCHDNS
LogInit:      CURL_VERSION_LARGEFILE
LogInit:      CURL_VERSION_IDN
LogInit:  CurlRequestOptions (configurable via config and command line):
LogInit:  - bVerifyPeer = true  - Libcurl will verify peer certificate
LogInit:  - bUseHttpProxy = false  - Libcurl will NOT use HTTP proxy
LogInit:  - bDontReuseConnections = false  - Libcurl will reuse connections
LogInit:  - MaxHostConnections = 16  - Libcurl will limit the number of connections to a host
LogInit:  - LocalHostAddr = Default
LogInit:  - BufferSize = 65536
LogOnline: OSS: Creating online subsystem instance for: NULL
LogInit: WinSock: version 1.1 (2.2), MaxSocks=32767, MaxUdp=65467
LogOnline: OSS: TryLoadSubsystemAndSetDefault: Loaded subsystem for module [NULL]
LogOculusPluginWrapper: OculusPlugin initialized successfully
LogHMD: Failed initializing OVRPlugin 1.59.0
LogInit: Build: ++UE4+Release-4.27-CL-18319896
LogInit: Engine Version: 4.27.2-18319896+++UE4+Release-4.27
LogInit: Compatible Engine Version: 4.27.0-17155196+++UE4+Release-4.27
LogInit: Net CL: 17155196
LogInit: OS: Windows 10 (Release 2009) (), CPU: AMD Ryzen 7 5800H with Radeon Graphics         , GPU: AMD Radeon(TM) Graphics
LogInit: Compiled (64-bit): Nov 30 2021 07:12:08
LogInit: Compiled with Visual C++: 19.24.28315.00
LogInit: Build Configuration: Development
LogInit: Branch Name: ++UE4+Release-4.27
LogInit: Command Line:  /Game/_Game/Maps/Main_Menu -game -PIEVIACONSOLE -Multiprocess GameUserSettingsINI=C:/Users/wwwcn/OneDrive/Desktop/GDC/Logipaignion/The_Elementalists/Saved/Config/Windows/PIEGameUserSettings0.ini -MultiprocessSaveConfig -forcepassthrough -messaging -SessionName="Play in Standalone Game" -windowed -WinX=0 -WinY=30 SAVEWINPOS=1 -ResX=1910 -ResY=996
LogInit: Base Directory: C:/Program Files/Epic Games/UE_4.27/Engine/Binaries/Win64/
LogInit: Allocator: TBB
LogInit: Installed Engine Build: 1
LogDevObjectVersion: Number of dev versions registered: 29
LogDevObjectVersion:   Dev-Blueprints (B0D832E4-1F89-4F0D-ACCF-7EB736FD4AA2): 10
LogDevObjectVersion:   Dev-Build (E1C64328-A22C-4D53-A36C-8E866417BD8C): 0
LogDevObjectVersion:   Dev-Core (375EC13C-06E4-48FB-B500-84F0262A717E): 4
LogDevObjectVersion:   Dev-Editor (E4B068ED-F494-42E9-A231-DA0B2E46BB41): 40
LogDevObjectVersion:   Dev-Framework (CFFC743F-43B0-4480-9391-14DF171D2073): 37
LogDevObjectVersion:   Dev-Mobile (B02B49B5-BB20-44E9-A304-32B752E40360): 3
LogDevObjectVersion:   Dev-Networking (A4E4105C-59A1-49B5-A7C5-40C4547EDFEE): 0
LogDevObjectVersion:   Dev-Online (39C831C9-5AE6-47DC-9A44-9C173E1C8E7C): 0
LogDevObjectVersion:   Dev-Physics (78F01B33-EBEA-4F98-B9B4-84EACCB95AA2): 14
LogDevObjectVersion:   Dev-Platform (6631380F-2D4D-43E0-8009-CF276956A95A): 0
LogDevObjectVersion:   Dev-Rendering (12F88B9F-8875-4AFC-A67C-D90C383ABD29): 45
LogDevObjectVersion:   Dev-Sequencer (7B5AE74C-D270-4C10-A958-57980B212A5A): 13
LogDevObjectVersion:   Dev-VR (D7296918-1DD6-4BDD-9DE2-64A83CC13884): 3
LogDevObjectVersion:   Dev-LoadTimes (C2A15278-BFE7-4AFE-6C17-90FF531DF755): 1
LogDevObjectVersion:   Private-Geometry (6EACA3D4-40EC-4CC1-B786-8BED09428FC5): 3
LogDevObjectVersion:   Dev-AnimPhys (29E575DD-E0A3-4627-9D10-D276232CDCEA): 17
LogDevObjectVersion:   Dev-Anim (AF43A65D-7FD3-4947-9873-3E8ED9C1BB05): 15
LogDevObjectVersion:   Dev-ReflectionCapture (6B266CEC-1EC7-4B8F-A30B-E4D90942FC07): 1
LogDevObjectVersion:   Dev-Automation (0DF73D61-A23F-47EA-B727-89E90C41499A): 1
LogDevObjectVersion:   FortniteMain (601D1886-AC64-4F84-AA16-D3DE0DEAC7D6): 47
LogDevObjectVersion:   FortniteRelease (E7086368-6B23-4C58-8439-1B7016265E91): 1
LogDevObjectVersion:   Dev-Enterprise (9DFFBCD6-494F-0158-E221-12823C92A888): 10
LogDevObjectVersion:   Dev-Niagara (F2AED0AC-9AFE-416F-8664-AA7FFA26D6FC): 1
LogDevObjectVersion:   Dev-Destruction (174F1F0B-B4C6-45A5-B13F-2EE8D0FB917D): 10
LogDevObjectVersion:   Dev-Physics-Ext (35F94A83-E258-406C-A318-09F59610247C): 41
LogDevObjectVersion:   Dev-PhysicsMaterial-Chaos (B68FC16E-8B1B-42E2-B453-215C058844FE): 1
LogDevObjectVersion:   Dev-CineCamera (B2E18506-4273-CFC2-A54E-F4BB758BBA07): 1
LogDevObjectVersion:   Dev-VirtualProduction (64F58936-FD1B-42BA-BA96-7289D5D0FA4E): 1
LogDevObjectVersion:   Dev-MediaFramework (6F0ED827-A609-4895-9C91-998D90180EA4): 2
LogInit: Presizing for max 25165824 objects, including 0 objects not considered by GC, pre-allocating 0 bytes for permanent pool.
LogConfig: Applying CVar settings from Section [/Script/Engine.StreamingSettings] File [C:/Users/wwwcn/OneDrive/Desktop/GDC/Logipaignion/The_Elementalists/Saved/Config/Windows/Engine.ini]
LogConfig: Setting CVar [[s.MinBulkDataSizeForAsyncLoading:131072]]
LogConfig: Setting CVar [[s.AsyncLoadingThreadEnabled:0]]
LogConfig: Setting CVar [[s.EventDrivenLoaderEnabled:1]]
LogConfig: Setting CVar [[s.WarnIfTimeLimitExceeded:0]]
LogConfig: Setting CVar [[s.TimeLimitExceededMultiplier:1.5]]
LogConfig: Setting CVar [[s.TimeLimitExceededMinTime:0.005]]
LogConfig: Setting CVar [[s.UseBackgroundLevelStreaming:1]]
LogConfig: Setting CVar [[s.PriorityAsyncLoadingExtraTime:15.0]]
LogConfig: Setting CVar [[s.LevelStreamingActorsUpdateTimeLimit:5.0]]
LogConfig: Setting CVar [[s.PriorityLevelStreamingActorsUpdateExtraTime:5.0]]
LogConfig: Setting CVar [[s.LevelStreamingComponentsRegistrationGranularity:10]]
LogConfig: Setting CVar [[s.UnregisterComponentsTimeLimit:1.0]]
LogConfig: Setting CVar [[s.LevelStreamingComponentsUnregistrationGranularity:5]]
LogConfig: Setting CVar [[s.FlushStreamingOnExit:1]]
LogInit: Object subsystem initialized
LogConfig: Setting CVar [[con.DebugEarlyDefault:1]]
LogConfig: Setting CVar [[r.setres:1280x720]]
[2022.04.14-16.51.03:385][  0]LogConfig: Setting CVar [[con.DebugEarlyDefault:1]]
[2022.04.14-16.51.03:385][  0]LogConfig: Setting CVar [[r.setres:1280x720]]
[2022.04.14-16.51.03:385][  0]LogConfig: Applying CVar settings from Section [/Script/Engine.RendererSettings] File [C:/Users/wwwcn/OneDrive/Desktop/GDC/Logipaignion/The_Elementalists/Saved/Config/Windows/Engine.ini]
[2022.04.14-16.51.03:385][  0]LogConfig: Setting CVar [[r.GPUCrashDebugging:0]]
[2022.04.14-16.51.03:385][  0]LogConfig: Setting CVar [[r.CustomDepth:3]]
[2022.04.14-16.51.03:385][  0]LogConfig: Applying CVar settings from Section [/Script/Engine.RendererOverrideSettings] File [C:/Users/wwwcn/OneDrive/Desktop/GDC/Logipaignion/The_Elementalists/Saved/Config/Windows/Engine.ini]
[2022.04.14-16.51.03:385][  0]LogConfig: Applying CVar settings from Section [/Script/Engine.StreamingSettings] File [C:/Users/wwwcn/OneDrive/Desktop/GDC/Logipaignion/The_Elementalists/Saved/Config/Windows/Engine.ini]
[2022.04.14-16.51.03:385][  0]LogConfig: Setting CVar [[s.MinBulkDataSizeForAsyncLoading:131072]]
[2022.04.14-16.51.03:385][  0]LogConfig: Setting CVar [[s.AsyncLoadingThreadEnabled:0]]
[2022.04.14-16.51.03:385][  0]LogConfig: Setting CVar [[s.EventDrivenLoaderEnabled:1]]
[2022.04.14-16.51.03:385][  0]LogConfig: Setting CVar [[s.WarnIfTimeLimitExceeded:0]]
[2022.04.14-16.51.03:385][  0]LogConfig: Setting CVar [[s.TimeLimitExceededMultiplier:1.5]]
[2022.04.14-16.51.03:385][  0]LogConfig: Setting CVar [[s.TimeLimitExceededMinTime:0.005]]
[2022.04.14-16.51.03:385][  0]LogConfig: Setting CVar [[s.UseBackgroundLevelStreaming:1]]
[2022.04.14-16.51.03:385][  0]LogConfig: Setting CVar [[s.PriorityAsyncLoadingExtraTime:15.0]]
[2022.04.14-16.51.03:385][  0]LogConfig: Setting CVar [[s.LevelStreamingActorsUpdateTimeLimit:5.0]]
[2022.04.14-16.51.03:385][  0]LogConfig: Setting CVar [[s.PriorityLevelStreamingActorsUpdateExtraTime:5.0]]
[2022.04.14-16.51.03:385][  0]LogConfig: Setting CVar [[s.LevelStreamingComponentsRegistrationGranularity:10]]
[2022.04.14-16.51.03:385][  0]LogConfig: Setting CVar [[s.UnregisterComponentsTimeLimit:1.0]]
[2022.04.14-16.51.03:385][  0]LogConfig: Setting CVar [[s.LevelStreamingComponentsUnregistrationGranularity:5]]
[2022.04.14-16.51.03:385][  0]LogConfig: Setting CVar [[s.FlushStreamingOnExit:1]]
[2022.04.14-16.51.03:385][  0]LogConfig: Applying CVar settings from Section [/Script/Engine.GarbageCollectionSettings] File [C:/Users/wwwcn/OneDrive/Desktop/GDC/Logipaignion/The_Elementalists/Saved/Config/Windows/Engine.ini]
[2022.04.14-16.51.03:385][  0]LogConfig: Setting CVar [[gc.MaxObjectsNotConsideredByGC:1]]
[2022.04.14-16.51.03:385][  0]LogConfig: Setting CVar [[gc.SizeOfPermanentObjectPool:0]]
[2022.04.14-16.51.03:385][  0]LogConfig: Setting CVar [[gc.FlushStreamingOnGC:0]]
[2022.04.14-16.51.03:385][  0]LogConfig: Setting CVar [[gc.NumRetriesBeforeForcingGC:10]]
[2022.04.14-16.51.03:385][  0]LogConfig: Setting CVar [[gc.AllowParallelGC:1]]
[2022.04.14-16.51.03:385][  0]LogConfig: Setting CVar [[gc.TimeBetweenPurgingPendingKillObjects:61.1]]
[2022.04.14-16.51.03:385][  0]LogConfig: Setting CVar [[gc.MaxObjectsInEditor:25165824]]
[2022.04.14-16.51.03:385][  0]LogConfig: Setting CVar [[gc.IncrementalBeginDestroyEnabled:1]]
[2022.04.14-16.51.03:385][  0]LogConfig: Setting CVar [[gc.CreateGCClusters:1]]
[2022.04.14-16.51.03:385][  0]LogConfig: Setting CVar [[gc.MinGCClusterSize:5]]
[2022.04.14-16.51.03:385][  0]LogConfig: Setting CVar [[gc.ActorClusteringEnabled:0]]
[2022.04.14-16.51.03:385][  0]LogConfig: Setting CVar [[gc.BlueprintClusteringEnabled:0]]
[2022.04.14-16.51.03:385][  0]LogConfig: Setting CVar [[gc.UseDisregardForGCOnDedicatedServers:0]]
[2022.04.14-16.51.03:385][  0]LogConfig: Setting CVar [[gc.MultithreadedDestructionEnabled:1]]
[2022.04.14-16.51.03:385][  0]LogConfig: Applying CVar settings from Section [/Script/Engine.NetworkSettings] File [C:/Users/wwwcn/OneDrive/Desktop/GDC/Logipaignion/The_Elementalists/Saved/Config/Windows/Engine.ini]
[2022.04.14-16.51.03:385][  0]LogConfig: Applying CVar settings from Section [/Script/UnrealEd.CookerSettings] File [C:/Users/wwwcn/OneDrive/Desktop/GDC/Logipaignion/The_Elementalists/Saved/Config/Windows/Engine.ini]
[2022.04.14-16.51.03:389][  0]LogConfig: Applying CVar settings from Section [ViewDistanceQuality@3] File [C:/Users/wwwcn/OneDrive/Desktop/GDC/Logipaignion/The_Elementalists/Saved/Config/Windows/Scalability.ini]
[2022.04.14-16.51.03:389][  0]LogConfig: Setting CVar [[r.SkeletalMeshLODBias:0]]
[2022.04.14-16.51.03:389][  0]LogConfig: Setting CVar [[r.ViewDistanceScale:1.0]]
[2022.04.14-16.51.03:389][  0]LogConfig: Applying CVar settings from Section [AntiAliasingQuality@3] File [C:/Users/wwwcn/OneDrive/Desktop/GDC/Logipaignion/The_Elementalists/Saved/Config/Windows/Scalability.ini]
[2022.04.14-16.51.03:389][  0]LogConfig: Setting CVar [[r.PostProcessAAQuality:4]]
[2022.04.14-16.51.03:389][  0]LogConfig: Applying CVar settings from Section [ShadowQuality@3] File [C:/Users/wwwcn/OneDrive/Desktop/GDC/Logipaignion/The_Elementalists/Saved/Config/Windows/Scalability.ini]
[2022.04.14-16.51.03:389][  0]LogConfig: Setting CVar [[r.LightFunctionQuality:1]]
[2022.04.14-16.51.03:390][  0]LogConfig: Setting CVar [[r.ShadowQuality:5]]
[2022.04.14-16.51.03:390][  0]LogConfig: Setting CVar [[r.Shadow.CSM.MaxCascades:10]]
[2022.04.14-16.51.03:390][  0]LogConfig: Setting CVar [[r.Shadow.MaxResolution:2048]]
[2022.04.14-16.51.03:390][  0]LogConfig: Setting CVar [[r.Shadow.MaxCSMResolution:2048]]
[2022.04.14-16.51.03:390][  0]LogConfig: Setting CVar [[r.Shadow.RadiusThreshold:0.01]]
[2022.04.14-16.51.03:390][  0]LogConfig: Setting CVar [[r.Shadow.DistanceScale:1.0]]
[2022.04.14-16.51.03:390][  0]LogConfig: Setting CVar [[r.Shadow.CSM.TransitionScale:1.0]]
[2022.04.14-16.51.03:390][  0]LogConfig: Setting CVar [[r.Shadow.PreShadowResolutionFactor:1.0]]
[2022.04.14-16.51.03:390][  0]LogConfig: Setting CVar [[r.DistanceFieldShadowing:1]]
[2022.04.14-16.51.03:390][  0]LogConfig: Setting CVar [[r.DistanceFieldAO:1]]
[2022.04.14-16.51.03:390][  0]LogConfig: Setting CVar [[r.AOQuality:2]]
[2022.04.14-16.51.03:390][  0]LogConfig: Setting CVar [[r.VolumetricFog:1]]
[2022.04.14-16.51.03:390][  0]LogConfig: Setting CVar [[r.VolumetricFog.GridPixelSize:8]]
[2022.04.14-16.51.03:390][  0]LogConfig: Setting CVar [[r.VolumetricFog.GridSizeZ:128]]
[2022.04.14-16.51.03:390][  0]LogConfig: Setting CVar [[r.VolumetricFog.HistoryMissSupersampleCount:4]]
[2022.04.14-16.51.03:390][  0]LogConfig: Setting CVar [[r.LightMaxDrawDistanceScale:1]]
[2022.04.14-16.51.03:390][  0]LogConfig: Setting CVar [[r.CapsuleShadows:1]]
[2022.04.14-16.51.03:390][  0]LogConfig: Applying CVar settings from Section [PostProcessQuality@3] File [C:/Users/wwwcn/OneDrive/Desktop/GDC/Logipaignion/The_Elementalists/Saved/Config/Windows/Scalability.ini]
[2022.04.14-16.51.03:390][  0]LogConfig: Setting CVar [[r.MotionBlurQuality:4]]
[2022.04.14-16.51.03:390][  0]LogConfig: Setting CVar [[r.AmbientOcclusionMipLevelFactor:0.4]]
[2022.04.14-16.51.03:390][  0]LogConfig: Setting CVar [[r.AmbientOcclusionMaxQuality:100]]
[2022.04.14-16.51.03:390][  0]LogConfig: Setting CVar [[r.AmbientOcclusionLevels:-1]]
[2022.04.14-16.51.03:390][  0]LogConfig: Setting CVar [[r.AmbientOcclusionRadiusScale:1.0]]
[2022.04.14-16.51.03:390][  0]LogConfig: Setting CVar [[r.DepthOfFieldQuality:2]]
[2022.04.14-16.51.03:390][  0]LogConfig: Setting CVar [[r.RenderTargetPoolMin:400]]
[2022.04.14-16.51.03:390][  0]LogConfig: Setting CVar [[r.LensFlareQuality:2]]
[2022.04.14-16.51.03:390][  0]LogConfig: Setting CVar [[r.SceneColorFringeQuality:1]]
[2022.04.14-16.51.03:390][  0]LogConfig: Setting CVar [[r.EyeAdaptationQuality:2]]
[2022.04.14-16.51.03:390][  0]LogConfig: Setting CVar [[r.BloomQuality:5]]
[2022.04.14-16.51.03:390][  0]LogConfig: Setting CVar [[r.FastBlurThreshold:100]]
[2022.04.14-16.51.03:390][  0]LogConfig: Setting CVar [[r.Upscale.Quality:3]]
[2022.04.14-16.51.03:390][  0]LogConfig: Setting CVar [[r.Tonemapper.GrainQuantization:1]]
[2022.04.14-16.51.03:390][  0]LogConfig: Setting CVar [[r.LightShaftQuality:1]]
[2022.04.14-16.51.03:390][  0]LogConfig: Setting CVar [[r.Filter.SizeScale:1]]
[2022.04.14-16.51.03:390][  0]LogConfig: Setting CVar [[r.Tonemapper.Quality:5]]
[2022.04.14-16.51.03:390][  0]LogConfig: Setting CVar [[r.DOF.Gather.AccumulatorQuality:1        ; higher gathering accumulator quality]]
[2022.04.14-16.51.03:390][  0]LogConfig: Setting CVar [[r.DOF.Gather.PostfilterMethod:1          ; Median3x3 postfilering method]]
[2022.04.14-16.51.03:390][  0]LogConfig: Setting CVar [[r.DOF.Gather.EnableBokehSettings:0       ; no bokeh simulation when gathering]]
[2022.04.14-16.51.03:390][  0]LogConfig: Setting CVar [[r.DOF.Gather.RingCount:4                 ; medium number of samples when gathering]]
[2022.04.14-16.51.03:390][  0]LogConfig: Setting CVar [[r.DOF.Scatter.ForegroundCompositing:1    ; additive foreground scattering]]
[2022.04.14-16.51.03:390][  0]LogConfig: Setting CVar [[r.DOF.Scatter.BackgroundCompositing:2    ; additive background scattering]]
[2022.04.14-16.51.03:390][  0]LogConfig: Setting CVar [[r.DOF.Scatter.EnableBokehSettings:1      ; bokeh simulation when scattering]]
[2022.04.14-16.51.03:390][  0]LogConfig: Setting CVar [[r.DOF.Scatter.MaxSpriteRatio:0.1         ; only a maximum of 10% of scattered bokeh]]
[2022.04.14-16.51.03:390][  0]LogConfig: Setting CVar [[r.DOF.Recombine.Quality:1                ; cheap slight out of focus]]
[2022.04.14-16.51.03:390][  0]LogConfig: Setting CVar [[r.DOF.Recombine.EnableBokehSettings:0    ; no bokeh simulation on slight out of focus]]
[2022.04.14-16.51.03:390][  0]LogConfig: Setting CVar [[r.DOF.TemporalAAQuality:1                ; more stable temporal accumulation]]
[2022.04.14-16.51.03:390][  0]LogConfig: Setting CVar [[r.DOF.Kernel.MaxForegroundRadius:0.025]]
[2022.04.14-16.51.03:390][  0]LogConfig: Setting CVar [[r.DOF.Kernel.MaxBackgroundRadius:0.025]]
[2022.04.14-16.51.03:390][  0]LogConfig: Applying CVar settings from Section [TextureQuality@3] File [C:/Users/wwwcn/OneDrive/Desktop/GDC/Logipaignion/The_Elementalists/Saved/Config/Windows/Scalability.ini]
[2022.04.14-16.51.03:390][  0]LogConfig: Setting CVar [[r.Streaming.MipBias:0]]
[2022.04.14-16.51.03:390][  0]LogConfig: Setting CVar [[r.Streaming.AmortizeCPUToGPUCopy:0]]
[2022.04.14-16.51.03:390][  0]LogConfig: Setting CVar [[r.Streaming.MaxNumTexturesToStreamPerFrame:0]]
[2022.04.14-16.51.03:390][  0]LogConfig: Setting CVar [[r.Streaming.Boost:1]]
[2022.04.14-16.51.03:390][  0]LogConfig: Setting CVar [[r.MaxAnisotropy:8]]
[2022.04.14-16.51.03:390][  0]LogConfig: Setting CVar [[r.VT.MaxAnisotropy:8]]
[2022.04.14-16.51.03:390][  0]LogConfig: Setting CVar [[r.Streaming.LimitPoolSizeToVRAM:0]]
[2022.04.14-16.51.03:390][  0]LogConfig: Setting CVar [[r.Streaming.PoolSize:1000]]
[2022.04.14-16.51.03:390][  0]LogConfig: Setting CVar [[r.Streaming.MaxEffectiveScreenSize:0]]
[2022.04.14-16.51.03:390][  0]LogConfig: Applying CVar settings from Section [EffectsQuality@3] File [C:/Users/wwwcn/OneDrive/Desktop/GDC/Logipaignion/The_Elementalists/Saved/Config/Windows/Scalability.ini]
[2022.04.14-16.51.03:390][  0]LogConfig: Setting CVar [[r.TranslucencyLightingVolumeDim:64]]
[2022.04.14-16.51.03:390][  0]LogConfig: Setting CVar [[r.RefractionQuality:2]]
[2022.04.14-16.51.03:390][  0]LogConfig: Setting CVar [[r.SSR.Quality:3]]
[2022.04.14-16.51.03:390][  0]LogConfig: Setting CVar [[r.SSR.HalfResSceneColor:0]]
[2022.04.14-16.51.03:390][  0]LogConfig: Setting CVar [[r.SceneColorFormat:4]]
[2022.04.14-16.51.03:390][  0]LogConfig: Setting CVar [[r.DetailMode:2]]
[2022.04.14-16.51.03:390][  0]LogConfig: Setting CVar [[r.TranslucencyVolumeBlur:1]]
[2022.04.14-16.51.03:390][  0]LogConfig: Setting CVar [[r.MaterialQualityLevel:1 ; High quality]]
[2022.04.14-16.51.03:390][  0]LogConfig: Setting CVar [[r.AnisotropicMaterials:1]]
[2022.04.14-16.51.03:390][  0]LogConfig: Setting CVar [[r.SSS.Scale:1]]
[2022.04.14-16.51.03:390][  0]LogConfig: Setting CVar [[r.SSS.SampleSet:2]]
[2022.04.14-16.51.03:390][  0]LogConfig: Setting CVar [[r.SSS.Quality:1]]
[2022.04.14-16.51.03:390][  0]LogConfig: Setting CVar [[r.SSS.HalfRes:0]]
[2022.04.14-16.51.03:390][  0]LogConfig: Setting CVar [[r.SSGI.Quality:3]]
[2022.04.14-16.51.03:390][  0]LogConfig: Setting CVar [[r.EmitterSpawnRateScale:1.0]]
[2022.04.14-16.51.03:390][  0]LogConfig: Setting CVar [[r.ParticleLightQuality:2]]
[2022.04.14-16.51.03:390][  0]LogConfig: Setting CVar [[r.SkyAtmosphere.AerialPerspectiveLUT.FastApplyOnOpaque:1 ; Always have FastSkyLUT 1 in this case to avoid wrong sky]]
[2022.04.14-16.51.03:390][  0]LogConfig: Setting CVar [[r.SkyAtmosphere.AerialPerspectiveLUT.SampleCountMaxPerSlice:4]]
[2022.04.14-16.51.03:390][  0]LogConfig: Setting CVar [[r.SkyAtmosphere.AerialPerspectiveLUT.DepthResolution:16.0]]
[2022.04.14-16.51.03:390][  0]LogConfig: Setting CVar [[r.SkyAtmosphere.FastSkyLUT:1]]
[2022.04.14-16.51.03:390][  0]LogConfig: Setting CVar [[r.SkyAtmosphere.FastSkyLUT.SampleCountMin:4.0]]
[2022.04.14-16.51.03:390][  0]LogConfig: Setting CVar [[r.SkyAtmosphere.FastSkyLUT.SampleCountMax:128.0]]
[2022.04.14-16.51.03:390][  0]LogConfig: Setting CVar [[r.SkyAtmosphere.SampleCountMin:4.0]]
[2022.04.14-16.51.03:390][  0]LogConfig: Setting CVar [[r.SkyAtmosphere.SampleCountMax:128.0]]
[2022.04.14-16.51.03:390][  0]LogConfig: Setting CVar [[r.SkyAtmosphere.TransmittanceLUT.UseSmallFormat:0]]
[2022.04.14-16.51.03:390][  0]LogConfig: Setting CVar [[r.SkyAtmosphere.TransmittanceLUT.SampleCount:10.0]]
[2022.04.14-16.51.03:390][  0]LogConfig: Setting CVar [[r.SkyAtmosphere.MultiScatteringLUT.SampleCount:15.0]]
[2022.04.14-16.51.03:390][  0]LogConfig: Setting CVar [[r.SkyLight.RealTimeReflectionCapture:1]]
[2022.04.14-16.51.03:390][  0]LogConfig: Applying CVar settings from Section [FoliageQuality@3] File [C:/Users/wwwcn/OneDrive/Desktop/GDC/Logipaignion/The_Elementalists/Saved/Config/Windows/Scalability.ini]
[2022.04.14-16.51.03:390][  0]LogConfig: Setting CVar [[foliage.DensityScale:1.0]]
[2022.04.14-16.51.03:390][  0]LogConfig: Setting CVar [[grass.DensityScale:1.0]]
[2022.04.14-16.51.03:390][  0]LogConfig: Applying CVar settings from Section [ShadingQuality@3] File [C:/Users/wwwcn/OneDrive/Desktop/GDC/Logipaignion/The_Elementalists/Saved/Config/Windows/Scalability.ini]
[2022.04.14-16.51.03:390][  0]LogConfig: Setting CVar [[r.HairStrands.SkyLighting.IntegrationType:2]]
[2022.04.14-16.51.03:390][  0]LogConfig: Setting CVar [[r.HairStrands.SkyAO.SampleCount:4]]
[2022.04.14-16.51.03:390][  0]LogConfig: Setting CVar [[r.HairStrands.Visibility.MSAA.SamplePerPixel:4]]
[2022.04.14-16.51.03:390][  0]LogInit: Selected Device Profile: [Windows]
[2022.04.14-16.51.03:390][  0]LogInit: Applying CVar settings loaded from the selected device profile: [Windows]
[2022.04.14-16.51.03:390][  0]LogHAL: Display: Platform has ~ 16 GB [16542527488 / 17179869184 / 16], which maps to Larger [LargestMinGB=32, LargerMinGB=12, DefaultMinGB=8, SmallerMinGB=6, SmallestMinGB=0)
[2022.04.14-16.51.03:390][  0]LogInit: Going up to parent DeviceProfile []
[2022.04.14-16.51.03:390][  0]LogConfig: Applying CVar settings from Section [ViewDistanceQuality@3] File [C:/Users/wwwcn/OneDrive/Desktop/GDC/Logipaignion/The_Elementalists/Saved/Config/Windows/Scalability.ini]
[2022.04.14-16.51.03:390][  0]LogConfig: Setting CVar [[r.SkeletalMeshLODBias:0]]
[2022.04.14-16.51.03:390][  0]LogConfig: Setting CVar [[r.ViewDistanceScale:1.0]]
[2022.04.14-16.51.03:390][  0]LogConfig: Applying CVar settings from Section [AntiAliasingQuality@3] File [C:/Users/wwwcn/OneDrive/Desktop/GDC/Logipaignion/The_Elementalists/Saved/Config/Windows/Scalability.ini]
[2022.04.14-16.51.03:391][  0]LogConfig: Setting CVar [[r.PostProcessAAQuality:4]]
[2022.04.14-16.51.03:391][  0]LogConfig: Applying CVar settings from Section [ShadowQuality@3] File [C:/Users/wwwcn/OneDrive/Desktop/GDC/Logipaignion/The_Elementalists/Saved/Config/Windows/Scalability.ini]
[2022.04.14-16.51.03:391][  0]LogConfig: Setting CVar [[r.LightFunctionQuality:1]]
[2022.04.14-16.51.03:391][  0]LogConfig: Setting CVar [[r.ShadowQuality:5]]
[2022.04.14-16.51.03:391][  0]LogConfig: Setting CVar [[r.Shadow.CSM.MaxCascades:10]]
[2022.04.14-16.51.03:391][  0]LogConfig: Setting CVar [[r.Shadow.MaxResolution:2048]]
[2022.04.14-16.51.03:391][  0]LogConfig: Setting CVar [[r.Shadow.MaxCSMResolution:2048]]
[2022.04.14-16.51.03:391][  0]LogConfig: Setting CVar [[r.Shadow.RadiusThreshold:0.01]]
[2022.04.14-16.51.03:391][  0]LogConfig: Setting CVar [[r.Shadow.DistanceScale:1.0]]
[2022.04.14-16.51.03:391][  0]LogConfig: Setting CVar [[r.Shadow.CSM.TransitionScale:1.0]]
[2022.04.14-16.51.03:391][  0]LogConfig: Setting CVar [[r.Shadow.PreShadowResolutionFactor:1.0]]
[2022.04.14-16.51.03:391][  0]LogConfig: Setting CVar [[r.DistanceFieldShadowing:1]]
[2022.04.14-16.51.03:391][  0]LogConfig: Setting CVar [[r.DistanceFieldAO:1]]
[2022.04.14-16.51.03:391][  0]LogConfig: Setting CVar [[r.AOQuality:2]]
[2022.04.14-16.51.03:391][  0]LogConfig: Setting CVar [[r.VolumetricFog:1]]
[2022.04.14-16.51.03:391][  0]LogConfig: Setting CVar [[r.VolumetricFog.GridPixelSize:8]]
[2022.04.14-16.51.03:391][  0]LogConfig: Setting CVar [[r.VolumetricFog.GridSizeZ:128]]
[2022.04.14-16.51.03:391][  0]LogConfig: Setting CVar [[r.VolumetricFog.HistoryMissSupersampleCount:4]]
[2022.04.14-16.51.03:391][  0]LogConfig: Setting CVar [[r.LightMaxDrawDistanceScale:1]]
[2022.04.14-16.51.03:391][  0]LogConfig: Setting CVar [[r.CapsuleShadows:1]]
[2022.04.14-16.51.03:391][  0]LogConfig: Applying CVar settings from Section [PostProcessQuality@3] File [C:/Users/wwwcn/OneDrive/Desktop/GDC/Logipaignion/The_Elementalists/Saved/Config/Windows/Scalability.ini]
[2022.04.14-16.51.03:391][  0]LogConfig: Setting CVar [[r.MotionBlurQuality:4]]
[2022.04.14-16.51.03:391][  0]LogConfig: Setting CVar [[r.AmbientOcclusionMipLevelFactor:0.4]]
[2022.04.14-16.51.03:391][  0]LogConfig: Setting CVar [[r.AmbientOcclusionMaxQuality:100]]
[2022.04.14-16.51.03:391][  0]LogConfig: Setting CVar [[r.AmbientOcclusionLevels:-1]]
[2022.04.14-16.51.03:391][  0]LogConfig: Setting CVar [[r.AmbientOcclusionRadiusScale:1.0]]
[2022.04.14-16.51.03:391][  0]LogConfig: Setting CVar [[r.DepthOfFieldQuality:2]]
[2022.04.14-16.51.03:391][  0]LogConfig: Setting CVar [[r.RenderTargetPoolMin:400]]
[2022.04.14-16.51.03:391][  0]LogConfig: Setting CVar [[r.LensFlareQuality:2]]
[2022.04.14-16.51.03:391][  0]LogConfig: Setting CVar [[r.SceneColorFringeQuality:1]]
[2022.04.14-16.51.03:391][  0]LogConfig: Setting CVar [[r.EyeAdaptationQuality:2]]
[2022.04.14-16.51.03:391][  0]LogConfig: Setting CVar [[r.BloomQuality:5]]
[2022.04.14-16.51.03:391][  0]LogConfig: Setting CVar [[r.FastBlurThreshold:100]]
[2022.04.14-16.51.03:391][  0]LogConfig: Setting CVar [[r.Upscale.Quality:3]]
[2022.04.14-16.51.03:391][  0]LogConfig: Setting CVar [[r.Tonemapper.GrainQuantization:1]]
[2022.04.14-16.51.03:391][  0]LogConfig: Setting CVar [[r.LightShaftQuality:1]]
[2022.04.14-16.51.03:391][  0]LogConfig: Setting CVar [[r.Filter.SizeScale:1]]
[2022.04.14-16.51.03:391][  0]LogConfig: Setting CVar [[r.Tonemapper.Quality:5]]
[2022.04.14-16.51.03:391][  0]LogConfig: Setting CVar [[r.DOF.Gather.AccumulatorQuality:1        ; higher gathering accumulator quality]]
[2022.04.14-16.51.03:391][  0]LogConfig: Setting CVar [[r.DOF.Gather.PostfilterMethod:1          ; Median3x3 postfilering method]]
[2022.04.14-16.51.03:391][  0]LogConfig: Setting CVar [[r.DOF.Gather.EnableBokehSettings:0       ; no bokeh simulation when gathering]]
[2022.04.14-16.51.03:391][  0]LogConfig: Setting CVar [[r.DOF.Gather.RingCount:4                 ; medium number of samples when gathering]]
[2022.04.14-16.51.03:391][  0]LogConfig: Setting CVar [[r.DOF.Scatter.ForegroundCompositing:1    ; additive foreground scattering]]
[2022.04.14-16.51.03:391][  0]LogConfig: Setting CVar [[r.DOF.Scatter.BackgroundCompositing:2    ; additive background scattering]]
[2022.04.14-16.51.03:391][  0]LogConfig: Setting CVar [[r.DOF.Scatter.EnableBokehSettings:1      ; bokeh simulation when scattering]]
[2022.04.14-16.51.03:391][  0]LogConfig: Setting CVar [[r.DOF.Scatter.MaxSpriteRatio:0.1         ; only a maximum of 10% of scattered bokeh]]
[2022.04.14-16.51.03:391][  0]LogConfig: Setting CVar [[r.DOF.Recombine.Quality:1                ; cheap slight out of focus]]
[2022.04.14-16.51.03:391][  0]LogConfig: Setting CVar [[r.DOF.Recombine.EnableBokehSettings:0    ; no bokeh simulation on slight out of focus]]
[2022.04.14-16.51.03:391][  0]LogConfig: Setting CVar [[r.DOF.TemporalAAQuality:1                ; more stable temporal accumulation]]
[2022.04.14-16.51.03:391][  0]LogConfig: Setting CVar [[r.DOF.Kernel.MaxForegroundRadius:0.025]]
[2022.04.14-16.51.03:391][  0]LogConfig: Setting CVar [[r.DOF.Kernel.MaxBackgroundRadius:0.025]]
[2022.04.14-16.51.03:391][  0]LogConfig: Applying CVar settings from Section [TextureQuality@3] File [C:/Users/wwwcn/OneDrive/Desktop/GDC/Logipaignion/The_Elementalists/Saved/Config/Windows/Scalability.ini]
[2022.04.14-16.51.03:391][  0]LogConfig: Setting CVar [[r.Streaming.MipBias:0]]
[2022.04.14-16.51.03:391][  0]LogConfig: Setting CVar [[r.Streaming.AmortizeCPUToGPUCopy:0]]
[2022.04.14-16.51.03:391][  0]LogConfig: Setting CVar [[r.Streaming.MaxNumTexturesToStreamPerFrame:0]]
[2022.04.14-16.51.03:391][  0]LogConfig: Setting CVar [[r.Streaming.Boost:1]]
[2022.04.14-16.51.03:391][  0]LogConfig: Setting CVar [[r.MaxAnisotropy:8]]
[2022.04.14-16.51.03:391][  0]LogConfig: Setting CVar [[r.VT.MaxAnisotropy:8]]
[2022.04.14-16.51.03:391][  0]LogConfig: Setting CVar [[r.Streaming.LimitPoolSizeToVRAM:0]]
[2022.04.14-16.51.03:391][  0]LogConfig: Setting CVar [[r.Streaming.PoolSize:1000]]
[2022.04.14-16.51.03:391][  0]LogConfig: Setting CVar [[r.Streaming.MaxEffectiveScreenSize:0]]
[2022.04.14-16.51.03:391][  0]LogConfig: Applying CVar settings from Section [EffectsQuality@3] File [C:/Users/wwwcn/OneDrive/Desktop/GDC/Logipaignion/The_Elementalists/Saved/Config/Windows/Scalability.ini]
[2022.04.14-16.51.03:391][  0]LogConfig: Setting CVar [[r.TranslucencyLightingVolumeDim:64]]
[2022.04.14-16.51.03:391][  0]LogConfig: Setting CVar [[r.RefractionQuality:2]]
[2022.04.14-16.51.03:391][  0]LogConfig: Setting CVar [[r.SSR.Quality:3]]
[2022.04.14-16.51.03:391][  0]LogConfig: Setting CVar [[r.SSR.HalfResSceneColor:0]]
[2022.04.14-16.51.03:391][  0]LogConfig: Setting CVar [[r.SceneColorFormat:4]]
[2022.04.14-16.51.03:391][  0]LogConfig: Setting CVar [[r.DetailMode:2]]
[2022.04.14-16.51.03:391][  0]LogConfig: Setting CVar [[r.TranslucencyVolumeBlur:1]]
[2022.04.14-16.51.03:391][  0]LogConfig: Setting CVar [[r.MaterialQualityLevel:1 ; High quality]]
[2022.04.14-16.51.03:391][  0]LogConfig: Setting CVar [[r.AnisotropicMaterials:1]]
[2022.04.14-16.51.03:391][  0]LogConfig: Setting CVar [[r.SSS.Scale:1]]
[2022.04.14-16.51.03:391][  0]LogConfig: Setting CVar [[r.SSS.SampleSet:2]]
[2022.04.14-16.51.03:391][  0]LogConfig: Setting CVar [[r.SSS.Quality:1]]
[2022.04.14-16.51.03:391][  0]LogConfig: Setting CVar [[r.SSS.HalfRes:0]]
[2022.04.14-16.51.03:391][  0]LogConfig: Setting CVar [[r.SSGI.Quality:3]]
[2022.04.14-16.51.03:391][  0]LogConfig: Setting CVar [[r.EmitterSpawnRateScale:1.0]]
[2022.04.14-16.51.03:391][  0]LogConfig: Setting CVar [[r.ParticleLightQuality:2]]
[2022.04.14-16.51.03:391][  0]LogConfig: Setting CVar [[r.SkyAtmosphere.AerialPerspectiveLUT.FastApplyOnOpaque:1 ; Always have FastSkyLUT 1 in this case to avoid wrong sky]]
[2022.04.14-16.51.03:391][  0]LogConfig: Setting CVar [[r.SkyAtmosphere.AerialPerspectiveLUT.SampleCountMaxPerSlice:4]]
[2022.04.14-16.51.03:391][  0]LogConfig: Setting CVar [[r.SkyAtmosphere.AerialPerspectiveLUT.DepthResolution:16.0]]
[2022.04.14-16.51.03:391][  0]LogConfig: Setting CVar [[r.SkyAtmosphere.FastSkyLUT:1]]
[2022.04.14-16.51.03:391][  0]LogConfig: Setting CVar [[r.SkyAtmosphere.FastSkyLUT.SampleCountMin:4.0]]
[2022.04.14-16.51.03:391][  0]LogConfig: Setting CVar [[r.SkyAtmosphere.FastSkyLUT.SampleCountMax:128.0]]
[2022.04.14-16.51.03:391][  0]LogConfig: Setting CVar [[r.SkyAtmosphere.SampleCountMin:4.0]]
[2022.04.14-16.51.03:391][  0]LogConfig: Setting CVar [[r.SkyAtmosphere.SampleCountMax:128.0]]
[2022.04.14-16.51.03:391][  0]LogConfig: Setting CVar [[r.SkyAtmosphere.TransmittanceLUT.UseSmallFormat:0]]
[2022.04.14-16.51.03:391][  0]LogConfig: Setting CVar [[r.SkyAtmosphere.TransmittanceLUT.SampleCount:10.0]]
[2022.04.14-16.51.03:391][  0]LogConfig: Setting CVar [[r.SkyAtmosphere.MultiScatteringLUT.SampleCount:15.0]]
[2022.04.14-16.51.03:391][  0]LogConfig: Setting CVar [[r.SkyLight.RealTimeReflectionCapture:1]]
[2022.04.14-16.51.03:391][  0]LogConfig: Applying CVar settings from Section [FoliageQuality@3] File [C:/Users/wwwcn/OneDrive/Desktop/GDC/Logipaignion/The_Elementalists/Saved/Config/Windows/Scalability.ini]
[2022.04.14-16.51.03:391][  0]LogConfig: Setting CVar [[foliage.DensityScale:1.0]]
[2022.04.14-16.51.03:391][  0]LogConfig: Setting CVar [[grass.DensityScale:1.0]]
[2022.04.14-16.51.03:391][  0]LogConfig: Applying CVar settings from Section [ShadingQuality@3] File [C:/Users/wwwcn/OneDrive/Desktop/GDC/Logipaignion/The_Elementalists/Saved/Config/Windows/Scalability.ini]
[2022.04.14-16.51.03:391][  0]LogConfig: Setting CVar [[r.HairStrands.SkyLighting.IntegrationType:2]]
[2022.04.14-16.51.03:391][  0]LogConfig: Setting CVar [[r.HairStrands.SkyAO.SampleCount:4]]
[2022.04.14-16.51.03:391][  0]LogConfig: Setting CVar [[r.HairStrands.Visibility.MSAA.SamplePerPixel:4]]
[2022.04.14-16.51.03:391][  0]LogConfig: Applying CVar settings from Section [Startup] File [../../../Engine/Config/ConsoleVariables.ini]
[2022.04.14-16.51.03:392][  0]LogConfig: Setting CVar [[net.UseAdaptiveNetUpdateFrequency:0]]
[2022.04.14-16.51.03:392][  0]LogConfig: Setting CVar [[p.chaos.AllowCreatePhysxBodies:1]]
[2022.04.14-16.51.03:392][  0]LogConfig: Setting CVar [[fx.SkipVectorVMBackendOptimizations:1]]
[2022.04.14-16.51.03:392][  0]LogConfig: Applying CVar settings from Section [ConsoleVariables] File [C:/Users/wwwcn/OneDrive/Desktop/GDC/Logipaignion/The_Elementalists/Saved/Config/Windows/Engine.ini]
[2022.04.14-16.51.03:392][  0]LogConfig: Applying CVar settings from Section [ConsoleVariables] File [C:/Users/wwwcn/OneDrive/Desktop/GDC/Logipaignion/The_Elementalists/Saved/Config/Windows/Editor.ini]
[2022.04.14-16.51.03:392][  0]LogInit: Computer: LAPTOP-S0COUGRA
[2022.04.14-16.51.03:392][  0]LogInit: User: wwwcn
[2022.04.14-16.51.03:392][  0]LogInit: CPU Page size=4096, Cores=8
[2022.04.14-16.51.03:392][  0]LogInit: High frequency timer resolution =10.000000 MHz
[2022.04.14-16.51.03:393][  0]LogMemory: Memory total: Physical=15.4GB (16GB approx)
[2022.04.14-16.51.03:393][  0]LogMemory: Platform Memory Stats for Windows
[2022.04.14-16.51.03:393][  0]LogMemory: Process Physical Memory: 146.62 MB used, 146.63 MB peak
[2022.04.14-16.51.03:393][  0]LogMemory: Process Virtual Memory: 131.07 MB used, 131.07 MB peak
[2022.04.14-16.51.03:393][  0]LogMemory: Physical Memory: 10394.31 MB used,  5381.88 MB free, 15776.18 MB total
[2022.04.14-16.51.03:393][  0]LogMemory: Virtual Memory: 134214400.00 MB used,  3331.41 MB free, 134217728.00 MB total
[2022.04.14-16.51.03:398][  0]LogWindows: WindowsPlatformFeatures enabled
[2022.04.14-16.51.03:443][  0]LogInit: Physics initialised using underlying interface: PhysX
[2022.04.14-16.51.03:443][  0]LogInit: Using OS detected language (en-US).
[2022.04.14-16.51.03:443][  0]LogInit: Using OS detected locale (en-CY).
[2022.04.14-16.51.03:451][  0]LogTextLocalizationManager: No specific localization for 'en-US' exists, so the 'en' localization will be used.
[2022.04.14-16.51.03:658][  0]LogWindowsTextInputMethodSystem: Display: IME system deactivated.
[2022.04.14-16.51.03:675][  0]LogSlate: New Slate User Created.  User Index 0, Is Virtual User: 0
[2022.04.14-16.51.03:675][  0]LogSlate: Slate User Registered.  User Index 0, Is Virtual User: 0
[2022.04.14-16.51.03:692][  0]LogD3D11RHI: Loaded GFSDK_Aftermath_Lib.x64.dll
[2022.04.14-16.51.03:705][  0]LogHMD: Failed to initialize OpenVR with code 110
[2022.04.14-16.51.03:705][  0]LogD3D11RHI: D3D11 min allowed feature level: 11_0
[2022.04.14-16.51.03:705][  0]LogD3D11RHI: D3D11 max allowed feature level: 11_0
[2022.04.14-16.51.03:705][  0]LogD3D11RHI: D3D11 adapters:
[2022.04.14-16.51.03:782][  0]LogD3D11RHI:    0. 'NVIDIA GeForce RTX 3050 Ti Laptop GPU' (Feature Level 11_0)
[2022.04.14-16.51.03:782][  0]LogD3D11RHI:       3990/0/7888 MB DedicatedVideo/DedicatedSystem/SharedSystem, Outputs:1, VendorId:0x10de
[2022.04.14-16.51.03:808][  0]LogD3D11RHI:    1. 'AMD Radeon(TM) Graphics' (Feature Level 11_0)
[2022.04.14-16.51.03:808][  0]LogD3D11RHI:       496/0/7888 MB DedicatedVideo/DedicatedSystem/SharedSystem, Outputs:0, VendorId:0x1002
[2022.04.14-16.51.03:810][  0]LogD3D11RHI:    2. 'Microsoft Basic Render Driver' (Feature Level 11_0)
[2022.04.14-16.51.03:810][  0]LogD3D11RHI:       0/0/7888 MB DedicatedVideo/DedicatedSystem/SharedSystem, Outputs:0, VendorId:0x1414
[2022.04.14-16.51.03:810][  0]LogD3D11RHI: Chosen D3D11 Adapter:
[2022.04.14-16.51.03:810][  0]LogD3D11RHI:     Description : NVIDIA GeForce RTX 3050 Ti Laptop GPU
[2022.04.14-16.51.03:810][  0]LogD3D11RHI:     VendorId    : 10de
[2022.04.14-16.51.03:810][  0]LogD3D11RHI:     DeviceId    : 25a0
[2022.04.14-16.51.03:810][  0]LogD3D11RHI:     SubSysId    : 10dc1043
[2022.04.14-16.51.03:810][  0]LogD3D11RHI:     Revision    : 00a1
[2022.04.14-16.51.03:810][  0]LogD3D11RHI:     DedicatedVideoMemory : 4183818240 bytes
[2022.04.14-16.51.03:810][  0]LogD3D11RHI:     DedicatedSystemMemory : 0 bytes
[2022.04.14-16.51.03:810][  0]LogD3D11RHI:     SharedSystemMemory : 8271263744 bytes
[2022.04.14-16.51.03:810][  0]LogD3D11RHI:     AdapterLuid : 0 55301
[2022.04.14-16.51.03:821][  0]LogD3D11RHI: Creating new Direct3DDevice
[2022.04.14-16.51.03:821][  0]LogD3D11RHI:     GPU DeviceId: 0x25a0 (for the marketing name, search the web for "GPU Device Id")
[2022.04.14-16.51.03:821][  0]LogWindows: EnumDisplayDevices:
[2022.04.14-16.51.03:821][  0]LogWindows:    0. 'AMD Radeon(TM) Graphics' (P:1 D:1)
[2022.04.14-16.51.03:822][  0]LogWindows:    1. 'AMD Radeon(TM) Graphics' (P:0 D:0)
[2022.04.14-16.51.03:822][  0]LogWindows:    2. 'AMD Radeon(TM) Graphics' (P:0 D:0)
[2022.04.14-16.51.03:822][  0]LogWindows:    3. 'AMD Radeon(TM) Graphics' (P:0 D:0)
[2022.04.14-16.51.03:822][  0]LogWindows:    4. 'NVIDIA GeForce RTX 3050 Ti Laptop GPU' (P:0 D:0)
[2022.04.14-16.51.03:822][  0]LogWindows:    5. 'NVIDIA GeForce RTX 3050 Ti Laptop GPU' (P:0 D:0)
[2022.04.14-16.51.03:823][  0]LogWindows:    6. 'NVIDIA GeForce RTX 3050 Ti Laptop GPU' (P:0 D:0)
[2022.04.14-16.51.03:823][  0]LogWindows:    7. 'NVIDIA GeForce RTX 3050 Ti Laptop GPU' (P:0 D:0)
[2022.04.14-16.51.03:823][  0]LogWindows: DebugString: PrimaryIsNotTheChoosenAdapter PrimaryIsNotTheChoosenAdapter PrimaryIsNotTheChoosenAdapter PrimaryIsNotTheChoosenAdapter FoundDriverCount:4 
[2022.04.14-16.51.03:823][  0]LogD3D11RHI:     Adapter Name: NVIDIA GeForce RTX 3050 Ti Laptop GPU
[2022.04.14-16.51.03:823][  0]LogD3D11RHI:   Driver Version: 496.49 (internal:30.0.14.9649, unified:496.49)
[2022.04.14-16.51.03:823][  0]LogD3D11RHI:      Driver Date: 10-20-2021
[2022.04.14-16.51.03:823][  0]LogRHI: Texture pool is 2793 MB (70% of 3990 MB)
[2022.04.14-16.51.03:823][  0]LogD3D11RHI: Creating D3DDevice using adapter:
[2022.04.14-16.51.03:823][  0]LogD3D11RHI:     Description : NVIDIA GeForce RTX 3050 Ti Laptop GPU
[2022.04.14-16.51.03:823][  0]LogD3D11RHI:     VendorId    : 10de
[2022.04.14-16.51.03:823][  0]LogD3D11RHI:     DeviceId    : 25a0
[2022.04.14-16.51.03:823][  0]LogD3D11RHI:     SubSysId    : 10dc1043
[2022.04.14-16.51.03:823][  0]LogD3D11RHI:     Revision    : 00a1
[2022.04.14-16.51.03:823][  0]LogD3D11RHI:     DedicatedVideoMemory : 4183818240 bytes
[2022.04.14-16.51.03:823][  0]LogD3D11RHI:     DedicatedSystemMemory : 0 bytes
[2022.04.14-16.51.03:823][  0]LogD3D11RHI:     SharedSystemMemory : 8271263744 bytes
[2022.04.14-16.51.03:823][  0]LogD3D11RHI:     AdapterLuid : 0 55301
[2022.04.14-16.51.03:873][  0]LogD3D11RHI: RHI has support for 64 bit atomics
[2022.04.14-16.51.03:873][  0]LogD3D11RHI: Async texture creation enabled
[2022.04.14-16.51.03:873][  0]LogD3D11RHI: Array index from any shader is supported
[2022.04.14-16.51.03:887][  0]LogD3D11RHI: GPU Timing Frequency: 1000.000000 (Debug: 2 1)
[2022.04.14-16.51.03:923][  0]LogRHI: GeForceNow SDK initialized: 1
[2022.04.14-16.51.04:189][  0]LogTargetPlatformManager: Display: Loaded TargetPlatform 'WindowsNoEditor'
[2022.04.14-16.51.04:193][  0]LogTargetPlatformManager: Display: Loaded TargetPlatform 'Windows'
[2022.04.14-16.51.04:198][  0]LogTargetPlatformManager: Display: Loaded TargetPlatform 'WindowsClient'
[2022.04.14-16.51.04:203][  0]LogTargetPlatformManager: Display: Loaded TargetPlatform 'WindowsServer'
[2022.04.14-16.51.04:203][  0]LogTargetPlatformManager: Display: Building Assets For Windows
[2022.04.14-16.51.04:211][  0]LogAudioDebug: Display: Lib vorbis DLL was dynamically loaded.
[2022.04.14-16.51.04:245][  0]LogTextureFormatOodle: Display: Oodle Texture 2.9.0 init RDO Off
[2022.04.14-16.51.04:276][  0]LogRendererCore: Ray tracing is disabled. Reason: r.RayTracing=0.
[2022.04.14-16.51.04:276][  0]LogShaderCompilers: Guid format shader working directory is -36 characters bigger than the processId version (../../../../../../Users/wwwcn/OneDrive/Desktop/GDC/Logipaignion/The_Elementalists/Intermediate/Shaders/WorkingDirectory/35856/).
[2022.04.14-16.51.04:276][  0]LogShaderCompilers: Cleaned the shader compiler working directory 'C:/Users/wwwcn/AppData/Local/Temp/UnrealShaderWorkingDir/485512DE43D3F794427690B8ABC5F92B/'.
[2022.04.14-16.51.04:277][  0]LogXGEController: Cannot use XGE Controller as Incredibuild is not installed on this machine.
[2022.04.14-16.51.04:277][  0]LogShaderCompilers: Cannot use XGE Shader Compiler as Incredibuild is not installed on this machine.
[2022.04.14-16.51.04:277][  0]LogShaderCompilers: Display: Using Local Shader Compiler.
[2022.04.14-16.51.04:888][  0]LogDerivedDataCache: Display: Max Cache Size: 512 MB
[2022.04.14-16.51.04:937][  0]LogDerivedDataCache: Loaded boot cache 0.05s 94MB C:/Users/wwwcn/AppData/Local/UnrealEngine/4.27/DerivedDataCache/Boot.ddc.
[2022.04.14-16.51.04:938][  0]LogDerivedDataCache: Display: Loaded Boot cache: C:/Users/wwwcn/AppData/Local/UnrealEngine/4.27/DerivedDataCache/Boot.ddc
[2022.04.14-16.51.04:938][  0]LogDerivedDataCache: FDerivedDataBackendGraph:  Pak pak cache file ../../../../../../Users/wwwcn/OneDrive/Desktop/GDC/Logipaignion/The_Elementalists/DerivedDataCache/DDC.ddp not found, will not use a pak cache.
[2022.04.14-16.51.04:938][  0]LogDerivedDataCache: Unable to find inner node Pak for hierarchical cache Hierarchy.
[2022.04.14-16.51.04:938][  0]LogDerivedDataCache: FDerivedDataBackendGraph:  CompressedPak pak cache file ../../../../../../Users/wwwcn/OneDrive/Desktop/GDC/Logipaignion/The_Elementalists/DerivedDataCache/Compressed.ddp not found, will not use a pak cache.
[2022.04.14-16.51.04:938][  0]LogDerivedDataCache: Unable to find inner node CompressedPak for hierarchical cache Hierarchy.
[2022.04.14-16.51.04:953][  0]LogDerivedDataCache: Display: Pak cache opened for reading ../../../Engine/DerivedDataCache/Compressed.ddp.
[2022.04.14-16.51.04:953][  0]LogDerivedDataCache: FDerivedDataBackendGraph:  EnterprisePak pak cache file ../../../Enterprise/DerivedDataCache/Compressed.ddp not found, will not use a pak cache.
[2022.04.14-16.51.04:953][  0]LogDerivedDataCache: Unable to find inner node EnterprisePak for hierarchical cache Hierarchy.
[2022.04.14-16.51.04:965][  0]LogDerivedDataCache: Speed tests for C:/Users/wwwcn/AppData/Local/UnrealEngine/Common/DerivedDataCache took 0.01 seconds
[2022.04.14-16.51.04:965][  0]LogDerivedDataCache: Display: Performance to C:/Users/wwwcn/AppData/Local/UnrealEngine/Common/DerivedDataCache: Latency=0.03ms. RandomReadSpeed=275.72MBs, RandomWriteSpeed=116.16MBs. Assigned SpeedClass 'Local'
[2022.04.14-16.51.04:965][  0]LogDerivedDataCache: Using Local data cache path C:/Users/wwwcn/AppData/Local/UnrealEngine/Common/DerivedDataCache: Writable
[2022.04.14-16.51.04:965][  0]LogDerivedDataCache: Shared data cache path not found in *engine.ini, will not use an Shared cache.
[2022.04.14-16.51.04:965][  0]LogDerivedDataCache: Unable to find inner node Shared for hierarchical cache Hierarchy.
[2022.04.14-16.51.04:992][  0]LogSlate: Using FreeType 2.10.0
[2022.04.14-16.51.04:993][  0]LogSlate: SlateFontServices - WITH_FREETYPE: 1, WITH_HARFBUZZ: 1
[2022.04.14-16.51.05:083][  0]LogInit: Using OS detected language (en-US).
[2022.04.14-16.51.05:083][  0]LogInit: Using OS detected locale (en-CY).
[2022.04.14-16.51.05:083][  0]LogTextLocalizationManager: No localization for 'en-US' exists, so 'en' will be used for the language.
[2022.04.14-16.51.05:083][  0]LogTextLocalizationManager: No localization for 'en-CY' exists, so 'en' will be used for the locale.
[2022.04.14-16.51.05:083][  0]LogSlate: FontCache flush requested. Reason: Culture for localization was changed
[2022.04.14-16.51.05:083][  0]LogSlate: FontCache flush requested. Reason: Culture for localization was changed
[2022.04.14-16.51.05:087][  0]LogTextLocalizationManager: Compacting localization data took   0.00ms
[2022.04.14-16.51.05:087][  0]LogAssetRegistry: FAssetRegistry took 0.0024 seconds to start up
[2022.04.14-16.51.05:232][  0]LogPackageLocalizationCache: Processed 27 localized package path(s) for 1 prioritized culture(s) in 0.001917 seconds
[2022.04.14-16.51.05:292][  0]LogInit: Selected Device Profile: [Windows]
[2022.04.14-16.51.05:292][  0]LogInit: Active device profile: [000001801CEC3C00][0000018014C541C0 49] Windows
[2022.04.14-16.51.05:292][  0]LogInit: Profiles: [000001801CEC3C00][0000018014C541C0 49] Windows, [000001801CEC8500][0000018014C5C340 49] WindowsNoEditor, [000001801CEC0500][00000180114FE4C0 49] WindowsServer, [000001801CECB600][0000018011502640 49] WindowsClient, [000001801CEC3500][00000180115067C0 49] IOS, [000001801CEC8E00][000001801150A940 49] iPadAir, [000001801CEC0D00][000001801150EAC0 49] iPadAir2, [000001801CE80600][0000018011516D80 49] IPadPro, [000001801CE80700][0000018011512DC0 49] iPadAir3, [000001801CEC2F00][000001801151AF40 49] iPadAir4, [000001801CE83A00][000001801151F0C0 49] iPadMini2, [000001801CEC1100][0000018011523240 49] iPadMini3, [000001801CE81600][00000180115273C0 49] iPadMini4, [000001801CEC2800][000001801152B540 49] iPadMini5, [000001801CE73E00][0000018011533800 49] iPhone6, [000001801CE73F00][000001801152F840 49] iPodTouch6, [000001801CECB400][0000018014C59AC0 49] iPhone7, [000001801CE83400][0000018011537B00 49] iPodTouch7, [000001801CE70800][000001801153A0C0 49] iPhone5S, [000001801CE82A00][00000180147B0200 49] iPhone6Plus, [000001801CE73100][00000180147B4340 49] iPhone6S, [000001801CE80C00][00000180147BC4C0 49] iPhone6SPlus, [000001801CE71000][00000180147C0640 49] iPhone7Plus, [000001801CE80400][00000180147C47C0 49] iPhoneSE, [000001801CE72A00][00000180147C8940 49] iPhone8, [000001801CE81700][00000180147CCAC0 49] iPhone8Plus, [000001801CE71700][00000180147D0C40 49] iPhoneX, [000001801CE81500][00000180147D4DC0 49] iPhoneXS, [000001801CE72300][00000180147D8F40 49] iPhoneXSMax, [000001801CE81E00][00000180147DD0C0 49] iPhoneXR, [000001801CE70700][00000180147E1240 49] iPhone11, [000001801CE82E00][00000180147E53C0 49] iPhone11Pro, [000001801CE73400][00000180147E9540 49] iPhone11ProMax, [000001801CE80800][00000180147ED6C0 49] iPhoneSE2, [000001801CE70D00][00000180147F1840 49] iPhone12Mini, [000001801CE82D00][00000180147F59C0 49] iPhone12, [000001801CE71300][00000180147F9B40 49] iPhone12Pro, [000001801CE80F00][000001801BEBC140 49] iPhone12ProMax, [000001801CE72900][00000180147B8280 49] iPadPro105, [000001801CE81900][000001801BEC03C0 49] iPadPro129, [000001801CE73300][000001801BEC4500 49] iPadPro97, [000001801CE83100][000001801BECC680 49] iPadPro2_129, [000001801CE71100][000001801BED0800 49] iPad5, [000001801CE81000][000001801BED4980 49] iPad6, [000001801CE73200][000001801BED8B00 49] iPad7, [000001801CE82700][000001801BEDCC80 49] iPad8, [000001801CE73C00][000001801BEE0E00 49] iPadPro11, [000001801CE83300][000001801BEE4F80 49] iPadPro2_11, [000001801CE72800][000001801BEE9100 49] iPadPro3_129, [000001801CE83200][000001801BEED280 49] iPadPro4_129, [000001801CE71900][000001801BEF1400 49] AppleTV, [000001801CE82F00][000001801BEF5580 49] AppleTV4K, [000001801CE70200][000001801BEF9700 49] TVOS, [000001801CE81400][000001801BEFD880 49] Mac, [000001801CE71D00][000001801BF01A00 49] MacClient, [000001801CE80E00][000001801BF05B80 49] MacNoEditor, [000001801CE71F00][000001801BF08180 49] MacServer, [000001801CE82300][000001801BF0C300 49] Linux, [000001801CE72500][000001801BEC8440 49] LinuxAArch64, [000001801CE82800][000001801BF10580 49] LinuxNoEditor, [000001801CE72200][000001801BF146C0 49] LinuxAArch64NoEditor, [000001801CE83C00][000001801BF1C840 49] LinuxClient, [000001801CE72400][000001801BF209C0 49] LinuxAArch64Client, [000001801CE83900][000001801BF24B40 49] LinuxServer, [000001801CE72700][000001801BF28CC0 49] LinuxAArch64Server, [000001801CE80A00][000001801BF2CE40 49] Android, [000001801CE71A00][000001801BF30FC0 49] Android_Low, [000001801CE81300][000001801BF35140 49] Android_Mid, [000001801CF46200][000001801BF392C0 49] Android_High, [000001801CEC8400][000001801BF3D440 49] Android_Default, [000001801CF44B00][000001801BF415C0 49] Android_Adreno4xx, [000001801CEC8A00][000001801BF45740 49] Android_Adreno5xx_Low, [000001801CF44700][000001801BF498C0 49] Android_Adreno5xx, [000001801CEC9700][000001801BF4DA40 49] Android_Adreno6xx, [000001801CF44500][000001801BF51BC0 49] Android_Adreno6xx_Vulkan, [000001801CECA000][000001801BF541C0 49] Android_Mali_T6xx, [000001801CF45200][000001801BF58340 49] Android_Mali_T7xx, [000001801CECBE00][000001801BF5C4C0 49] Android_Mali_T8xx, [000001801CF45E00][000001801BF18600 49] Android_Mali_G71, [000001801CECB000][000001801BF60740 49] Android_Mali_G72, [000001801CF44800][000001801BF64880 49] Android_Mali_G72_Vulkan, [000001801CECB900][000001801BF689C0 49] Android_Mali_G76, [000001801CF44200][000001801BF70B40 49] Android_Mali_G76_Vulkan, [000001801CECAF00][000001801BF74CC0 49] Android_Mali_G77, [000001801CF44100][000001801BF78E40 49] Android_Mali_G77_Vulkan, [000001801CEC8100][000001801BF7CFC0 49] Android_Mali_G78, [000001801CF44D00][000001801BF81140 49] Android_Mali_G78_Vulkan, [000001801CECBF00][000001801BF852C0 49] Android_Mali_G710, [000001801CF45D00][000001801BF89440 49] Android_Mali_G710_Vulkan, [000001801CEC9600][000001801BF8D5C0 49] Android_Vulkan_SM5, [000001801CF45700][000001801BF91740 49] Android_PowerVR_G6xxx, [000001801CEC9100][000001801BF958C0 49] Android_PowerVR_GT7xxx, [000001801CF44900][000001801BF99A40 49] Android_PowerVR_GE8xxx, [000001801CEC9000][000001801BF9DBC0 49] Android_PowerVR_GM9xxx, [000001801CE71800][000001801BFA01C0 49] Android_PowerVR_GM9xxx_Vulkan, [000001801CEC9500][000001801BFA4340 49] Android_TegraK1, [000001801CE73800][000001801BFA84C0 49] Android_Unknown_Vulkan, [000001801CECA900][000001801BFAC640 49] Lumin, [000001801CE73700][000001801BF6C780 49] Lumin_Desktop, [000001801CEC8B00][000001801BFB08C0 49] HoloLens, 
[2022.04.14-16.51.05:335][  0]LogMeshReduction: Using QuadricMeshReduction for automatic static mesh reduction
[2022.04.14-16.51.05:335][  0]LogMeshReduction: Using SimplygonMeshReduction for automatic skeletal mesh reduction
[2022.04.14-16.51.05:335][  0]LogMeshReduction: Using ProxyLODMeshReduction for automatic mesh merging
[2022.04.14-16.51.05:335][  0]LogMeshReduction: No distributed automatic mesh merging module available
[2022.04.14-16.51.05:335][  0]LogMeshMerging: No distributed automatic mesh merging module available
[2022.04.14-16.51.05:413][  0]LogNetVersion: The_Elementalists 1.0.0, NetCL: 17155196, EngineNetVer: 17, GameNetVer: 0 (Checksum: 2215583078)
[2022.04.14-16.51.05:613][  0]LogTexture: Default maximum texture size for cubemaps generated from long-lat sources has been changed from 512 to unlimited. In order to preserve old behaiour for '/Engine/MapTemplates/Sky/DaylightAmbientCubemap.DaylightAmbientCubemap', its maximum texture size has been explicitly set to 512.
[2022.04.14-16.51.05:658][  0]LogHMD: PokeAHoleMaterial loaded successfully
[2022.04.14-16.51.05:767][  0]LogMoviePlayer: Initializing movie player
[2022.04.14-16.51.05:871][  0]LogNiagaraDebuggerClient: Niagara Debugger Client Initialized | Session: 093950384916510AE4EB65A7AE1B0C13 | Instance: B666C14B4A47E91A2DEF23926D871F20 (LAPTOP-S0COUGRA-35856).
[2022.04.14-16.51.05:890][  0]LogCollectionManager: Loaded 0 collections in 0.001355 seconds
[2022.04.14-16.51.05:893][  0]LogFileCache: Scanning file cache for directory 'C:/Users/wwwcn/OneDrive/Desktop/GDC/Logipaignion/The_Elementalists/Saved/Collections/' took 0.00s
[2022.04.14-16.51.05:893][  0]LogFileCache: Scanning file cache for directory 'C:/Users/wwwcn/OneDrive/Desktop/GDC/Logipaignion/The_Elementalists/Content/Developers/wwwcn/Collections/' took 0.00s
[2022.04.14-16.51.05:893][  0]LogCollectionManager: Fixed up redirectors for 0 collections in 0.000002 seconds (updated 0 objects)
[2022.04.14-16.51.05:990][  0]LogFileCache: Scanning file cache for directory 'C:/Users/wwwcn/OneDrive/Desktop/GDC/Logipaignion/The_Elementalists/Content/Collections/' took 0.00s
[2022.04.14-16.51.05:990][  0]LogPython: Using Python 3.7.7
[2022.04.14-16.51.06:336][  0]LogUdpMessaging: Initializing bridge on interface 0.0.0.0:0 to multicast group 230.0.0.1:6666.
[2022.04.14-16.51.06:342][  0]LogTcpMessaging: Initializing TcpMessaging bridge
[2022.04.14-16.51.06:452][  0]SourceControl: Source control is disabled
[2022.04.14-16.51.06:452][  0]SourceControl: Source control is disabled
[2022.04.14-16.51.06:457][  0]SourceControl: Source control is disabled
[2022.04.14-16.51.06:484][  0]LogUProjectInfo: Found projects:
[2022.04.14-16.51.06:560][  0]LogOpenImageDenoise: OIDN starting up
[2022.04.14-16.51.06:571][  0]LogAndroidPermission: UAndroidPermissionCallbackProxy::GetInstance
[2022.04.14-16.51.06:586][  0]LogAudioCaptureCore: Display: No Audio Capture implementations found. Audio input will be silent.
[2022.04.14-16.51.06:586][  0]LogAudioCaptureCore: Display: No Audio Capture implementations found. Audio input will be silent.
[2022.04.14-16.51.06:655][  0]LogOcInput: OculusInput pre-init called
[2022.04.14-16.51.06:663][  0]LogUObjectArray: 22453 objects as part of root set at end of initial load.
[2022.04.14-16.51.06:663][  0]LogUObjectAllocator: 6287040 out of 0 bytes used by permanent object pool.
[2022.04.14-16.51.06:663][  0]LogUObjectArray: CloseDisregardForGC: 0/0 objects in disregard for GC pool
[2022.04.14-16.51.06:707][  0]LogEngine: Initializing Engine...
[2022.04.14-16.51.06:710][  0]LogHMD: Failed to enumerate extensions. Please check that you have a valid OpenXR runtime installed.
[2022.04.14-16.51.06:710][  0]LogHMD: Failed to initialize OpenVR with code 110
[2022.04.14-16.51.06:710][  0]LogMagicLeap: Warning: VR disabled because ZI is not enabled.  To enable, in the editor, Edit -> Project Settings -> Plugins -> Magic Leap Plugin -> Enable Zero Iteration
[2022.04.14-16.51.06:715][  0]LogStats: UGameplayTagsManager::InitializeManager -  0.001 s
[2022.04.14-16.51.06:793][  0]LogInit: Initializing FReadOnlyCVARCache
[2022.04.14-16.51.06:793][  0]LogAudio: Display: Initializing Audio Device Manager...
[2022.04.14-16.51.06:797][  0]LogAudio: Display: Loading Default Audio Settings Objects...
[2022.04.14-16.51.06:797][  0]LogAudio: Display: No default SoundConcurrencyObject specified (or failed to load).
[2022.04.14-16.51.06:798][  0]LogAudio: Display: Audio Device Manager Initialized
[2022.04.14-16.51.06:798][  0]LogAudio: Display: Creating Audio Device:                 Id: 1, Scope: Shared, Realtime: True
[2022.04.14-16.51.06:798][  0]LogAudioMixer: Display: Audio Mixer Platform Settings:
[2022.04.14-16.51.06:798][  0]LogAudioMixer: Display: 	Sample Rate:						  48000
[2022.04.14-16.51.06:798][  0]LogAudioMixer: Display: 	Callback Buffer Frame Size Requested: 1024
[2022.04.14-16.51.06:798][  0]LogAudioMixer: Display: 	Callback Buffer Frame Size To Use:	  1024
[2022.04.14-16.51.06:798][  0]LogAudioMixer: Display: 	Number of buffers to queue:			  2
[2022.04.14-16.51.06:798][  0]LogAudioMixer: Display: 	Max Channels (voices):				  32
[2022.04.14-16.51.06:798][  0]LogAudioMixer: Display: 	Number of Async Source Workers:		  0
[2022.04.14-16.51.06:798][  0]LogAudio: Display: AudioDevice MaxSources: 32
[2022.04.14-16.51.06:798][  0]LogAudio: Display: Audio Spatialization Plugin: None (built-in).
[2022.04.14-16.51.06:798][  0]LogAudio: Display: Audio Reverb Plugin: None (built-in).
[2022.04.14-16.51.06:798][  0]LogAudio: Display: Audio Occlusion Plugin: None (built-in).
[2022.04.14-16.51.06:798][  0]LogAudioMixer: Display: Initializing audio mixer.
[2022.04.14-16.51.06:809][  0]LogAudioMixer: Display: 0: FrontLeft
[2022.04.14-16.51.06:809][  0]LogAudioMixer: Display: 1: FrontRight
[2022.04.14-16.51.06:829][  0]LogAudioMixer: Display: Using Audio Device Speakers (Realtek(R) Audio)
[2022.04.14-16.51.06:834][  0]LogAudioMixer: Display: Initializing Sound Submixes...
[2022.04.14-16.51.06:836][  0]LogAudioMixer: Display: Creating Master Submix 'MasterSubmixDefault'
[2022.04.14-16.51.06:836][  0]LogAudioMixer: Display: Creating Master Submix 'MasterReverbSubmixDefault'
[2022.04.14-16.51.06:837][  0]LogAudioMixer: Display: Creating Master Submix 'MasterEQSubmixDefault'
[2022.04.14-16.51.06:837][  0]LogAudioMixer: FMixerPlatformXAudio2::StartAudioStream() called
[2022.04.14-16.51.06:837][  0]LogAudioMixer: Display: Output buffers initialized: Frames=1024, Channels=2, Samples=2048
[2022.04.14-16.51.06:838][  0]LogAudioMixer: Display: Starting AudioMixerPlatformInterface::RunInternal()
[2022.04.14-16.51.06:838][  0]LogAudioMixer: Display: FMixerPlatformXAudio2::SubmitBuffer() called for the first time
[2022.04.14-16.51.06:838][  0]LogInit: FAudioDevice initialized.
[2022.04.14-16.51.06:839][  0]LogNetVersion: Set ProjectVersion to 1.0.0.0. Version Checksum will be recalculated on next use.
[2022.04.14-16.51.06:840][  0]LogInit: Texture streaming: Enabled
[2022.04.14-16.51.06:908][  0]LogAudio: Display: Audio Device (ID: 1) registered with world 'Untitled'.
[2022.04.14-16.51.06:908][  0]LogSlate: Updating window title bar state: overlay mode, drag disabled, window buttons hidden, title bar hidden
[2022.04.14-16.51.06:909][  0]LogInit: Display: Game Engine Initialized.
[2022.04.14-16.51.06:909][  0]LogNiagaraEditor: GEditor isn't valid! Particle reset commands will not work for Niagara components!
[2022.04.14-16.51.07:008][  0]LogInit: Display: Starting Game.
[2022.04.14-16.51.07:008][  0]LogNet: Browse: /Game/_Game/Maps/Main_Menu?Name=Player
[2022.04.14-16.51.07:008][  0]LogLoad: LoadMap: /Game/_Game/Maps/Main_Menu?Name=Player
[2022.04.14-16.51.07:008][  0]LogWorld: BeginTearingDown for /Temp/Untitled_0
[2022.04.14-16.51.07:009][  0]LogWorld: UWorld::CleanupWorld for Untitled, bSessionEnded=true, bCleanupResources=true
[2022.04.14-16.51.07:009][  0]LogSlate: InvalidateAllWidgets triggered.  All widgets were invalidated
[2022.04.14-16.51.07:018][  0]LogAudio: Display: Audio Device unregistered from world 'None'.
[2022.04.14-16.51.07:020][  0]LogUObjectHash: Compacting FUObjectHashTables data took   0.69ms
[2022.04.14-16.51.08:368][  0]LogAudio: Display: Audio Device (ID: 1) registered with world 'Main_Menu'.
[2022.04.14-16.51.08:376][  0]LogAIModule: Creating AISystem for world Main_Menu
[2022.04.14-16.51.08:376][  0]LogLoad: Game class is 'BP_MainMenuGameMode_C'
[2022.04.14-16.51.08:387][  0]LogWorld: Bringing World /Game/_Game/Maps/Main_Menu.Main_Menu up for play (max tick rate 0) at 2022.04.14-19.51.08
[2022.04.14-16.51.08:388][  0]LogWorld: Bringing up level for play took: 0.010715
[2022.04.14-16.51.08:390][  0]LogLoad: Took 1.381718 seconds to LoadMap(/Game/_Game/Maps/Main_Menu)
[2022.04.14-16.51.08:417][  0]LogSlate: Took 0.000349 seconds to synchronously load lazily loaded font '../../../Engine/Content/Slate/Fonts/Roboto-Regular.ttf' (155K)
[2022.04.14-16.51.08:436][  0]LogRenderer: Reallocating scene render targets to support 1280x720 Format 10 NumSamples 1 (Frame:1).
[2022.04.14-16.51.08:436][  0]LogInit: Display: Engine is initialized. Leaving FEngineLoop::Init()
[2022.04.14-16.51.08:436][  0]LogLoad: (Engine Initialization) Total time: 6.23 seconds
[2022.04.14-16.51.08:436][  0]LogLoad: (Engine Initialization) Total Blueprint compile time: 0.00 seconds
[2022.04.14-16.51.08:454][  0]LogContentStreaming: Texture pool size now 1000 MB
[2022.04.14-16.51.08:459][  0]LogSlate: InvalidateAllWidgets triggered.  All widgets were invalidated
[2022.04.14-16.51.08:586][  0]LogRenderer: Reallocating scene render targets to support 128x128 Format 10 NumSamples 1 (Frame:1).
[2022.04.14-16.51.08:615][  0]LogRenderer: Reallocating scene render targets to support 1280x720 Format 10 NumSamples 1 (Frame:2).
[2022.04.14-16.51.08:632][  1]LogSlate: Took 0.000303 seconds to synchronously load lazily loaded font '../../../Engine/Content/Slate/Fonts/Roboto-Regular.ttf' (155K)
[2022.04.14-16.51.18:385][619]Closing by request
[2022.04.14-16.51.18:385][619]LogWindows: FPlatformMisc::RequestExit(0)
[2022.04.14-16.51.18:385][619]LogWindows: FPlatformMisc::RequestExitWithStatus(0, 0)
[2022.04.14-16.51.18:385][619]LogCore: Engine exit requested (reason: Win RequestExit)
[2022.04.14-16.51.18:391][620]LogCore: Engine exit requested (reason: EngineExit() was called; note: exit was already requested)
[2022.04.14-16.51.18:391][620]LogInit: Display: PreExit Game.
[2022.04.14-16.51.18:416][620]LogWorld: BeginTearingDown for /Game/_Game/Maps/Main_Menu
[2022.04.14-16.51.18:416][620]LogWorld: UWorld::CleanupWorld for Main_Menu, bSessionEnded=true, bCleanupResources=true
[2022.04.14-16.51.18:417][620]LogSlate: InvalidateAllWidgets triggered.  All widgets were invalidated
[2022.04.14-16.51.18:719][620]LogAudio: Display: Beginning Audio Device Manager Shutdown (Module: AudioMixerXAudio2)...
[2022.04.14-16.51.18:719][620]LogAudio: Display: Destroying 1 Remaining Audio Device(s)...
[2022.04.14-16.51.18:719][620]LogAudio: Display: Audio Device unregistered from world 'Main_Menu'.
[2022.04.14-16.51.18:750][620]LogAudioMixer: FMixerPlatformXAudio2::StopAudioStream() called
[2022.04.14-16.51.18:751][620]LogAudioMixer: FMixerPlatformXAudio2::StopAudioStream() called
[2022.04.14-16.51.18:755][620]LogAudio: Display: Audio Device Manager Shutdown
[2022.04.14-16.51.18:760][620]LogSlate: Window 'The_Elementalists (64-bit Development PCD3D_SM5) ' being destroyed
[2022.04.14-16.51.18:761][620]LogWindowsTextInputMethodSystem: Display: IME system deactivated.
[2022.04.14-16.51.18:768][620]LogExit: Preparing to exit.
[2022.04.14-16.51.19:355][620]LogUObjectHash: Compacting FUObjectHashTables data took   1.04ms
[2022.04.14-16.51.19:387][620]LogMoviePlayer: Shutting down movie player
[2022.04.14-16.51.19:490][620]LogSlate: Updating window title bar state: overlay mode, drag disabled, window buttons hidden, title bar hidden
[2022.04.14-16.51.19:521][620]LogDemo: Cleaned up 0 splitscreen connections with owner deletion
[2022.04.14-16.51.19:527][620]LogExit: Game engine shut down
[2022.04.14-16.51.19:654][620]LogExit: Object subsystem successfully closed.
[2022.04.14-16.51.19:666][620]LogShaderCompilers: Display: === FShaderJobCache stats ===
[2022.04.14-16.51.19:666][620]LogShaderCompilers: Display: Total job queries 0, among them cache hits 0 (0.00%)
[2022.04.14-16.51.19:666][620]LogShaderCompilers: Display: Tracking 0 distinct input hashes that result in 0 distinct outputs (0.00%)
[2022.04.14-16.51.19:666][620]LogShaderCompilers: Display: RAM used: 0.00 MB (0.00 GB) of 819.20 MB (0.80 GB) budget. Usage: 0.00%
[2022.04.14-16.51.19:666][620]LogShaderCompilers: Display: ================================================
[2022.04.14-16.51.19:707][620]LogShaderCompilers: Display: Shaders left to compile 0
[2022.04.14-16.51.19:765][620]LogModuleManager: Shutting down and abandoning module SequenceRecorderSections (562)
[2022.04.14-16.51.19:765][620]LogModuleManager: Shutting down and abandoning module SequenceRecorder (560)
[2022.04.14-16.51.19:765][620]LogModuleManager: Shutting down and abandoning module AutomationController (558)
[2022.04.14-16.51.19:766][620]LogModuleManager: Shutting down and abandoning module AutomationWorker (556)
[2022.04.14-16.51.19:766][620]LogModuleManager: Shutting down and abandoning module Voice (554)
[2022.04.14-16.51.19:766][620]LogModuleManager: Shutting down and abandoning module AIModule (552)
[2022.04.14-16.51.19:767][620]LogModuleManager: Shutting down and abandoning module GameplayDebugger (551)
[2022.04.14-16.51.19:767][620]LogModuleManager: Shutting down and abandoning module AITestSuite (549)
[2022.04.14-16.51.19:767][620]LogModuleManager: Shutting down and abandoning module NavigationSystem (547)
[2022.04.14-16.51.19:767][620]LogModuleManager: Shutting down and abandoning module AnimGraph (544)
[2022.04.14-16.51.19:767][620]LogModuleManager: Shutting down and abandoning module SteamVREditor (542)
[2022.04.14-16.51.19:767][620]LogModuleManager: Shutting down and abandoning module ToolMenus (541)
[2022.04.14-16.51.19:767][620]LogModuleManager: Shutting down and abandoning module OculusMR (538)
[2022.04.14-16.51.19:767][620]LogModuleManager: Shutting down and abandoning module OpenXRInput (536)
[2022.04.14-16.51.19:767][620]LogModuleManager: Shutting down and abandoning module TakeRecorderSources (534)
[2022.04.14-16.51.19:768][620]LogModuleManager: Shutting down and abandoning module TakeRecorder (533)
[2022.04.14-16.51.19:768][620]LogModuleManager: Shutting down and abandoning module TakeTrackRecorders (530)
[2022.04.14-16.51.19:769][620]LogModuleManager: Shutting down and abandoning module TakesCore (528)
[2022.04.14-16.51.19:769][620]LogModuleManager: Shutting down and abandoning module PlanarCut (526)
[2022.04.14-16.51.19:769][620]LogModuleManager: Shutting down and abandoning module MagicLeapMediaCodecFactory (524)
[2022.04.14-16.51.19:769][620]LogModuleManager: Shutting down and abandoning module MagicLeapMediaFactory (522)
[2022.04.14-16.51.19:769][620]LogModuleManager: Shutting down and abandoning module WmfMediaFactory (520)
[2022.04.14-16.51.19:769][620]LogModuleManager: Shutting down and abandoning module WebMMediaFactory (518)
[2022.04.14-16.51.19:769][620]LogModuleManager: Shutting down and abandoning module WebMMedia (516)
[2022.04.14-16.51.19:769][620]LogModuleManager: Shutting down and abandoning module OpenExrWrapper (514)
[2022.04.14-16.51.19:769][620]LogModuleManager: Shutting down and abandoning module ImgMediaFactory (512)
[2022.04.14-16.51.19:769][620]LogModuleManager: Shutting down and abandoning module AvfMediaFactory (510)
[2022.04.14-16.51.19:769][620]LogModuleManager: Shutting down and abandoning module CharacterAI (508)
[2022.04.14-16.51.19:769][620]LogModuleManager: Shutting down and abandoning module SessionServices (506)
[2022.04.14-16.51.19:769][620]LogModuleManager: Shutting down and abandoning module MovieSceneCapture (504)
[2022.04.14-16.51.19:769][620]LogModuleManager: Shutting down and abandoning module LiveCoding (502)
[2022.04.14-16.51.19:769][620]LogModuleManager: Shutting down and abandoning module LevelSequence (500)
[2022.04.14-16.51.19:769][620]LogModuleManager: Shutting down and abandoning module MovieSceneTracks (498)
[2022.04.14-16.51.19:769][620]LogModuleManager: Shutting down and abandoning module MovieScene (496)
[2022.04.14-16.51.19:769][620]LogModuleManager: Shutting down and abandoning module StreamingPauseRendering (494)
[2022.04.14-16.51.19:769][620]LogModuleManager: Shutting down and abandoning module PortalServices (492)
[2022.04.14-16.51.19:769][620]LogModuleManager: Shutting down and abandoning module PortalRpc (490)
[2022.04.14-16.51.19:769][620]LogModuleManager: Shutting down and abandoning module MessagingRpc (488)
[2022.04.14-16.51.19:769][620]LogModuleManager: Shutting down and abandoning module AudioMixerXAudio2 (486)
[2022.04.14-16.51.19:769][620]LogModuleManager: Shutting down and abandoning module AudioMixerCore (485)
[2022.04.14-16.51.19:769][620]LogModuleManager: Shutting down and abandoning module ImageWriteQueue (482)
[2022.04.14-16.51.19:772][620]LogModuleManager: Shutting down and abandoning module ProfilerService (480)
[2022.04.14-16.51.19:940][620]LogModuleManager: Shutting down and abandoning module TaskGraph (478)
[2022.04.14-16.51.19:940][620]LogModuleManager: Shutting down and abandoning module OculusInput (476)
[2022.04.14-16.51.19:940][620]LogModuleManager: Shutting down and abandoning module OodleNetworkHandlerComponent (474)
[2022.04.14-16.51.19:940][620]LogModuleManager: Shutting down and abandoning module Synthesis (472)
[2022.04.14-16.51.19:941][620]LogModuleManager: Shutting down and abandoning module ProceduralMeshComponent (470)
[2022.04.14-16.51.19:941][620]LogModuleManager: Shutting down and abandoning module MobilePatchingUtils (468)
[2022.04.14-16.51.19:941][620]LogModuleManager: Shutting down and abandoning module GooglePAD (466)
[2022.04.14-16.51.19:941][620]LogModuleManager: Shutting down and abandoning module TakeMovieScene (464)
[2022.04.14-16.51.19:941][620]LogModuleManager: Shutting down and abandoning module EditableMesh (462)
[2022.04.14-16.51.19:942][620]LogModuleManager: Shutting down and abandoning module CustomMeshComponent (460)
[2022.04.14-16.51.19:942][620]LogModuleManager: Shutting down and abandoning module CableComponent (458)
[2022.04.14-16.51.19:942][620]LogModuleManager: Shutting down and abandoning module ArchVisCharacter (456)
[2022.04.14-16.51.19:942][620]LogModuleManager: Shutting down and abandoning module AudioCapture (454)
[2022.04.14-16.51.19:942][620]LogModuleManager: Shutting down and abandoning module AudioCaptureRtAudio (453)
[2022.04.14-16.51.19:942][620]LogModuleManager: Shutting down and abandoning module AssetTags (450)
[2022.04.14-16.51.19:942][620]LogModuleManager: Shutting down and abandoning module AppleImageUtilsBlueprintSupport (448)
[2022.04.14-16.51.19:942][620]LogModuleManager: Shutting down and abandoning module AppleImageUtils (446)
[2022.04.14-16.51.19:942][620]LogModuleManager: Shutting down and abandoning module AndroidPermission (444)
[2022.04.14-16.51.19:942][620]LogModuleManager: Shutting down and abandoning module ActorLayerUtilities (442)
[2022.04.14-16.51.19:942][620]LogModuleManager: Shutting down and abandoning module TemplateSequence (440)
[2022.04.14-16.51.19:942][620]LogModuleManager: Shutting down and abandoning module MagicLeapSharedWorld (438)
[2022.04.14-16.51.19:942][620]LogModuleManager: Shutting down and abandoning module OpenImageDenoise (436)
[2022.04.14-16.51.19:942][620]LogOpenImageDenoise: OIDN shutting down
[2022.04.14-16.51.19:942][620]LogModuleManager: Shutting down and abandoning module MagicLeapLightEstimation (434)
[2022.04.14-16.51.19:942][620]LogModuleManager: Shutting down and abandoning module MotoSynth (432)
[2022.04.14-16.51.19:942][620]LogModuleManager: Shutting down and abandoning module MeshConversion (430)
[2022.04.14-16.51.19:942][620]LogModuleManager: Shutting down and abandoning module DynamicMesh (428)
[2022.04.14-16.51.19:944][620]LogModuleManager: Shutting down and abandoning module GeometryAlgorithms (426)
[2022.04.14-16.51.19:948][620]LogModuleManager: Shutting down and abandoning module GeometricObjects (424)
[2022.04.14-16.51.19:949][620]LogModuleManager: Shutting down and abandoning module MagicLeapHelperVulkan (422)
[2022.04.14-16.51.19:949][620]LogModuleManager: Shutting down and abandoning module MagicLeapHelperOpenGL (420)
[2022.04.14-16.51.19:949][620]LogModuleManager: Shutting down and abandoning module MagicLeapAudio (418)
[2022.04.14-16.51.19:950][620]LogModuleManager: Shutting down and abandoning module MediaCompositing (416)
[2022.04.14-16.51.19:950][620]LogModuleManager: Shutting down and abandoning module ImgMedia (414)
[2022.04.14-16.51.19:950][620]LogModuleManager: Shutting down and abandoning module GeometryCacheTracks (412)
[2022.04.14-16.51.19:950][620]LogModuleManager: Shutting down and abandoning module GeometryCacheSequencer (411)
[2022.04.14-16.51.19:951][620]LogModuleManager: Shutting down and abandoning module GeometryCache (408)
[2022.04.14-16.51.19:951][620]LogModuleManager: Shutting down and abandoning module GeometryCacheEd (407)
[2022.04.14-16.51.19:951][620]LogModuleManager: Shutting down and abandoning module GeometryCollectionTracks (404)
[2022.04.14-16.51.19:951][620]LogModuleManager: Shutting down and abandoning module GeometryCollectionSequencer (403)
[2022.04.14-16.51.19:951][620]LogModuleManager: Shutting down and abandoning module VisualStudioCodeSourceCodeAccess (400)
[2022.04.14-16.51.19:951][620]LogModuleManager: Shutting down and abandoning module VisualStudioSourceCodeAccess (398)
[2022.04.14-16.51.19:951][620]LogModuleManager: Shutting down and abandoning module HotReload (397)
[2022.04.14-16.51.19:951][620]LogModuleManager: Shutting down and abandoning module ChaosNiagara (394)
[2022.04.14-16.51.19:951][620]LogModuleManager: Shutting down and abandoning module FieldSystemEngine (393)
[2022.04.14-16.51.19:951][620]LogModuleManager: Shutting down and abandoning module AutomationUtils (390)
[2022.04.14-16.51.19:951][620]LogModuleManager: Shutting down and abandoning module BackChannel (388)
[2022.04.14-16.51.19:951][620]LogModuleManager: Shutting down and abandoning module SubversionSourceControl (386)
[2022.04.14-16.51.19:952][620]LogModuleManager: Shutting down and abandoning module UObjectPlugin (384)
[2022.04.14-16.51.19:952][620]LogModuleManager: Shutting down and abandoning module PerforceSourceControl (382)
[2022.04.14-16.51.19:953][620]LogModuleManager: Shutting down and abandoning module SourceControl (381)
[2022.04.14-16.51.19:953][620]LogModuleManager: Shutting down and abandoning module CLionSourceCodeAccess (378)
[2022.04.14-16.51.19:953][620]LogModuleManager: Shutting down and abandoning module LiveLinkSequencer (376)
[2022.04.14-16.51.19:953][620]LogModuleManager: Shutting down and abandoning module LiveLinkMovieScene (374)
[2022.04.14-16.51.19:953][620]LogModuleManager: Shutting down and abandoning module LiveLinkGraphNode (372)
[2022.04.14-16.51.19:953][620]LogModuleManager: Shutting down and abandoning module LiveLinkComponents (370)
[2022.04.14-16.51.19:953][620]LogModuleManager: Shutting down and abandoning module LiveLink (368)
[2022.04.14-16.51.20:408][620]LogModuleManager: Shutting down and abandoning module The_Elementalists (366)
[2022.04.14-16.51.20:409][620]LogModuleManager: Shutting down and abandoning module GameplayCameras (364)
[2022.04.14-16.51.20:409][620]LogModuleManager: Shutting down and abandoning module EnvironmentQueryEditor (362)
[2022.04.14-16.51.20:409][620]LogModuleManager: Shutting down and abandoning module RuntimePhysXCooking (360)
[2022.04.14-16.51.20:409][620]LogModuleManager: Shutting down and abandoning module SignificanceManager (358)
[2022.04.14-16.51.20:409][620]LogModuleManager: Shutting down and abandoning module SoundFields (356)
[2022.04.14-16.51.20:409][620]LogModuleManager: Shutting down and abandoning module PropertyAccessEditor (354)
[2022.04.14-16.51.20:410][620]LogModuleManager: Shutting down and abandoning module PhysXVehiclesEditor (352)
[2022.04.14-16.51.20:410][620]LogModuleManager: Shutting down and abandoning module LocationServicesBPLibrary (348)
[2022.04.14-16.51.20:410][620]LogModuleManager: Shutting down and abandoning module AudioSynesthesia (346)
[2022.04.14-16.51.20:410][620]LogModuleManager: Shutting down and abandoning module AudioSynesthesiaCore (344)
[2022.04.14-16.51.20:410][620]LogModuleManager: Shutting down and abandoning module TcpMessaging (342)
[2022.04.14-16.51.20:511][620]LogModuleManager: Shutting down and abandoning module UdpMessaging (340)
[2022.04.14-16.51.20:612][620]LogModuleManager: Shutting down and abandoning module ActorSequence (338)
[2022.04.14-16.51.20:612][620]LogModuleManager: Shutting down and abandoning module PythonScriptPlugin (336)
[2022.04.14-16.51.20:612][620]LogModuleManager: Shutting down and abandoning module MagicLeapARPin (334)
[2022.04.14-16.51.20:612][620]LogModuleManager: Shutting down and abandoning module MagicLeapHandMeshing (332)
[2022.04.14-16.51.20:612][620]LogModuleManager: Shutting down and abandoning module MagicLeapSecureStorage (330)
[2022.04.14-16.51.20:612][620]LogModuleManager: Shutting down and abandoning module MagicLeapPrivileges (328)
[2022.04.14-16.51.20:612][620]LogModuleManager: Shutting down and abandoning module MagicLeapPlanes (326)
[2022.04.14-16.51.20:613][620]LogMagicLeapPlanes: Planes tracker already destroyed.
[2022.04.14-16.51.20:613][620]LogModuleManager: Shutting down and abandoning module MagicLeapImageTracker (324)
[2022.04.14-16.51.20:613][620]LogModuleManager: Shutting down and abandoning module MagicLeapIdentity (322)
[2022.04.14-16.51.20:613][620]LogModuleManager: Shutting down and abandoning module MagicLeapHandTracking (320)
[2022.04.14-16.51.20:613][620]LogModuleManager: Shutting down and abandoning module MagicLeapEyeTracker (318)
[2022.04.14-16.51.20:613][620]LogModuleManager: Shutting down and abandoning module MagicLeapController (316)
[2022.04.14-16.51.20:613][620]LogModuleManager: Shutting down and abandoning module MagicLeapARPinImpl (314)
[2022.04.14-16.51.20:613][620]LogModuleManager: Shutting down and abandoning module MagicLeapAR (312)
[2022.04.14-16.51.20:613][620]LogModuleManager: Shutting down and abandoning module ImgMediaEngine (310)
[2022.04.14-16.51.20:613][620]LogModuleManager: Shutting down and abandoning module PropertyAccessNode (308)
[2022.04.14-16.51.20:613][620]LogModuleManager: Shutting down and abandoning module NiagaraAnimNotifies (306)
[2022.04.14-16.51.20:613][620]LogModuleManager: Shutting down and abandoning module Niagara (304)
[2022.04.14-16.51.20:614][620]LogModuleManager: Shutting down and abandoning module SignalProcessing (303)
[2022.04.14-16.51.20:614][620]LogModuleManager: Shutting down and abandoning module NiagaraEditor (301)
[2022.04.14-16.51.20:614][620]LogModuleManager: Shutting down and abandoning module ContentBrowser (300)
[2022.04.14-16.51.20:614][620]LogModuleManager: Shutting down and abandoning module CollectionManager (299)
[2022.04.14-16.51.20:615][620]LogModuleManager: Shutting down and abandoning module DirectoryWatcher (298)
[2022.04.14-16.51.20:615][620]LogModuleManager: Shutting down and abandoning module ContentBrowserData (295)
[2022.04.14-16.51.20:615][620]LogModuleManager: Shutting down and abandoning module NiagaraCore (290)
[2022.04.14-16.51.20:615][620]LogModuleManager: Shutting down and abandoning module AnimationSharing (288)
[2022.04.14-16.51.20:615][620]LogModuleManager: Shutting down and abandoning module GameplayTagsEditor (286)
[2022.04.14-16.51.20:619][620]LogModuleManager: Shutting down and abandoning module FacialAnimation (284)
[2022.04.14-16.51.20:619][620]LogModuleManager: Shutting down and abandoning module AssetManagerEditor (282)
[2022.04.14-16.51.20:620][620]LogModuleManager: Shutting down and abandoning module TreeMap (281)
[2022.04.14-16.51.20:620][620]LogModuleManager: Shutting down and abandoning module Paper2D (278)
[2022.04.14-16.51.20:620][620]LogModuleManager: Shutting down and abandoning module LightPropagationVolumeRuntime (276)
[2022.04.14-16.51.20:620][620]LogModuleManager: Shutting down and abandoning module WindowsMoviePlayer (274)
[2022.04.14-16.51.20:621][620]LogModuleManager: Shutting down and abandoning module WebMMoviePlayer (272)
[2022.04.14-16.51.20:621][620]LogModuleManager: Shutting down and abandoning module NetworkReplayStreaming (270)
[2022.04.14-16.51.20:621][620]LogModuleManager: Shutting down and abandoning module PacketHandler (268)
[2022.04.14-16.51.20:621][620]LogModuleManager: Shutting down and abandoning module ClothingSystemEditor (266)
[2022.04.14-16.51.20:621][620]LogModuleManager: Shutting down and abandoning module ClothingSystemRuntimeNv (264)
[2022.04.14-16.51.20:621][620]LogModuleManager: Shutting down and abandoning module MediaAssets (262)
[2022.04.14-16.51.20:621][620]LogModuleManager: Shutting down and abandoning module Overlay (260)
[2022.04.14-16.51.20:621][620]LogModuleManager: Shutting down and abandoning module OverlayEditor (259)
[2022.04.14-16.51.20:621][620]LogModuleManager: Shutting down and abandoning module VREditor (256)
[2022.04.14-16.51.20:621][620]LogModuleManager: Shutting down and abandoning module StringTableEditor (254)
[2022.04.14-16.51.20:622][620]LogModuleManager: Shutting down and abandoning module GameplayTasksEditor (252)
[2022.04.14-16.51.20:622][620]LogModuleManager: Shutting down and abandoning module BehaviorTreeEditor (250)
[2022.04.14-16.51.20:623][620]LogModuleManager: Shutting down and abandoning module FunctionalTesting (248)
[2022.04.14-16.51.20:623][620]LogModuleManager: Shutting down and abandoning module CollisionAnalyzer (246)
[2022.04.14-16.51.20:624][620]LogModuleManager: Shutting down and abandoning module WorkspaceMenuStructure (245)
[2022.04.14-16.51.20:624][620]LogModuleManager: Shutting down and abandoning module UMG (242)
[2022.04.14-16.51.20:624][620]LogModuleManager: Shutting down and abandoning module UMGEditor (241)
[2022.04.14-16.51.20:624][620]LogModuleManager: Shutting down and abandoning module Sequencer (240)
[2022.04.14-16.51.20:624][620]LogModuleManager: Shutting down and abandoning module MessageLog (237)
[2022.04.14-16.51.20:625][620]LogModuleManager: Shutting down and abandoning module SlateReflector (232)
[2022.04.14-16.51.20:626][620]LogModuleManager: Shutting down and abandoning module Slate (230)
[2022.04.14-16.51.20:627][620]LogModuleManager: Shutting down and abandoning module SlateCore (228)
[2022.04.14-16.51.20:627][620]LogModuleManager: Shutting down and abandoning module LandscapeEditorUtilities (226)
[2022.04.14-16.51.20:627][620]LogModuleManager: Shutting down and abandoning module UnrealEd (224)
[2022.04.14-16.51.20:627][620]LogModuleManager: Shutting down and abandoning module MRMesh (222)
[2022.04.14-16.51.20:627][620]LogModuleManager: Shutting down and abandoning module Messaging (220)
[2022.04.14-16.51.20:627][620]LogModuleManager: Shutting down and abandoning module SourceCodeAccess (218)
[2022.04.14-16.51.20:627][620]LogModuleManager: Shutting down and abandoning module HeadMountedDisplay (216)
[2022.04.14-16.51.20:627][620]LogModuleManager: Shutting down and abandoning module XAudio2 (214)
[2022.04.14-16.51.20:628][620]LogModuleManager: Shutting down and abandoning module Networking (212)
[2022.04.14-16.51.20:628][620]LogModuleManager: Shutting down and abandoning module Core (210)
[2022.04.14-16.51.20:628][620]LogModuleManager: Shutting down and abandoning module MaterialEditor (208)
[2022.04.14-16.51.20:628][620]LogModuleManager: Shutting down and abandoning module MovieSceneTools (206)
[2022.04.14-16.51.20:629][620]LogModuleManager: Shutting down and abandoning module EditorStyle (205)
[2022.04.14-16.51.20:629][620]LogModuleManager: Shutting down and abandoning module KismetCompiler (202)
[2022.04.14-16.51.20:629][620]LogModuleManager: Shutting down and abandoning module MeshBuilder (200)
[2022.04.14-16.51.20:630][620]LogModuleManager: Shutting down and abandoning module MeshUtilities (198)
[2022.04.14-16.51.20:630][620]LogModuleManager: Shutting down and abandoning module MeshMergeUtilities (197)
[2022.04.14-16.51.20:630][620]LogModuleManager: Shutting down and abandoning module MeshReductionInterface (196)
[2022.04.14-16.51.20:630][620]LogModuleManager: Shutting down and abandoning module MeshBoneReduction (195)
[2022.04.14-16.51.20:630][620]LogModuleManager: Shutting down and abandoning module SkeletalMeshReduction (193)
[2022.04.14-16.51.20:630][620]LogModuleManager: Shutting down and abandoning module ProxyLODMeshReduction (191)
[2022.04.14-16.51.20:631][620]LogModuleManager: Shutting down and abandoning module QuadricMeshReduction (189)
[2022.04.14-16.51.20:631][620]LogModuleManager: Shutting down and abandoning module MaterialBaking (185)
[2022.04.14-16.51.20:632][620]LogModuleManager: Shutting down and abandoning module NullInstallBundleManager (180)
[2022.04.14-16.51.20:632][620]LogModuleManager: Shutting down and abandoning module PIEPreviewDeviceProfileSelector (178)
[2022.04.14-16.51.20:632][620]LogModuleManager: Shutting down and abandoning module DerivedDataCache (176)
[2022.04.14-16.51.20:632][620]LogModuleManager: Shutting down and abandoning module TargetPlatform (174)
[2022.04.14-16.51.20:633][620]LogModuleManager: Shutting down and abandoning module VulkanShaderFormat (173)
[2022.04.14-16.51.20:633][620]LogModuleManager: Shutting down and abandoning module ShaderFormatVectorVM (171)
[2022.04.14-16.51.20:633][620]LogModuleManager: Shutting down and abandoning module ShaderFormatOpenGL (169)
[2022.04.14-16.51.20:633][620]LogModuleManager: Shutting down and abandoning module ShaderFormatD3D (167)
[2022.04.14-16.51.20:634][620]LogModuleManager: Shutting down and abandoning module MetalShaderFormat (165)
[2022.04.14-16.51.20:634][620]LogModuleManager: Shutting down and abandoning module TextureFormatOodle (163)
[2022.04.14-16.51.20:634][620]LogModuleManager: Shutting down and abandoning module TextureFormatUncompressed (161)
[2022.04.14-16.51.20:634][620]LogModuleManager: Shutting down and abandoning module TextureFormatPVR (159)
[2022.04.14-16.51.20:634][620]LogModuleManager: Shutting down and abandoning module TextureFormatETC2 (157)
[2022.04.14-16.51.20:634][620]LogModuleManager: Shutting down and abandoning module TextureFormatDXT (155)
[2022.04.14-16.51.20:634][620]LogModuleManager: Shutting down and abandoning module TextureFormatIntelISPCTexComp (153)
[2022.04.14-16.51.20:635][620]LogModuleManager: Shutting down and abandoning module TextureFormatASTC (151)
[2022.04.14-16.51.20:635][620]LogModuleManager: Shutting down and abandoning module ImageWrapper (150)
[2022.04.14-16.51.20:635][620]LogModuleManager: Shutting down and abandoning module AudioFormatOpus (147)
[2022.04.14-16.51.20:635][620]LogModuleManager: Shutting down and abandoning module AudioFormatOgg (145)
[2022.04.14-16.51.20:635][620]LogModuleManager: Shutting down and abandoning module AudioFormatADPCM (143)
[2022.04.14-16.51.20:635][620]LogModuleManager: Shutting down and abandoning module WindowsServerTargetPlatform (141)
[2022.04.14-16.51.20:635][620]LogModuleManager: Shutting down and abandoning module WindowsClientTargetPlatform (139)
[2022.04.14-16.51.20:635][620]LogModuleManager: Shutting down and abandoning module WindowsTargetPlatform (137)
[2022.04.14-16.51.20:635][620]LogModuleManager: Shutting down and abandoning module WindowsNoEditorTargetPlatform (135)
[2022.04.14-16.51.20:635][620]LogModuleManager: Shutting down and abandoning module D3D11RHI (132)
[2022.04.14-16.51.20:635][620]LogModuleManager: Shutting down and abandoning module InputCore (130)
[2022.04.14-16.51.20:635][620]LogModuleManager: Shutting down and abandoning module Settings (128)
[2022.04.14-16.51.20:635][620]LogModuleManager: Shutting down and abandoning module PhysXCooking (126)
[2022.04.14-16.51.20:635][620]LogModuleManager: Shutting down and abandoning module Chaos (124)
[2022.04.14-16.51.20:635][620]LogModuleManager: Shutting down and abandoning module WindowsPlatformFeatures (122)
[2022.04.14-16.51.20:637][620]LogModuleManager: Shutting down and abandoning module GameplayMediaEncoder (121)
[2022.04.14-16.51.20:639][620]LogModuleManager: Shutting down and abandoning module AVEncoder (120)
[2022.04.14-16.51.20:639][620]LogModuleManager: Shutting down and abandoning module SteamVRInputDevice (116)
[2022.04.14-16.51.20:639][620]LogModuleManager: Shutting down and abandoning module SteamVRInput (114)
[2022.04.14-16.51.20:639][620]LogModuleManager: Shutting down and abandoning module SteamVR (112)
[2022.04.14-16.51.20:639][620]LogHMD: Freeing OpenVRDLLHandle.
[2022.04.14-16.51.20:639][620]LogModuleManager: Shutting down and abandoning module OculusHMD (110)
[2022.04.14-16.51.20:640][620]LogModuleManager: Shutting down and abandoning module AISupportModule (108)
[2022.04.14-16.51.20:640][620]LogModuleManager: Shutting down and abandoning module OpenXREyeTracker (106)
[2022.04.14-16.51.20:640][620]LogModuleManager: Shutting down and abandoning module OpenXRHandTracking (104)
[2022.04.14-16.51.20:640][620]LogSlate: Slate User Destroyed.  User Index 0, Is Virtual User: 0
[2022.04.14-16.51.20:640][620]LogModuleManager: Shutting down and abandoning module OpenXRAR (102)
[2022.04.14-16.51.20:641][620]LogModuleManager: Shutting down and abandoning module AugmentedReality (101)
[2022.04.14-16.51.20:641][620]LogModuleManager: Shutting down and abandoning module OpenXRHMD (98)
[2022.04.14-16.51.20:642][620]LogModuleManager: Shutting down and abandoning module ExampleDeviceProfileSelector (96)
[2022.04.14-16.51.20:642][620]LogModuleManager: Shutting down and abandoning module ChunkDownloader (94)
[2022.04.14-16.51.20:642][620]LogModuleManager: Shutting down and abandoning module LauncherChunkInstaller (92)
[2022.04.14-16.51.20:642][620]LogModuleManager: Shutting down and abandoning module OnlineBlueprintSupport (90)
[2022.04.14-16.51.20:642][620]LogModuleManager: Shutting down and abandoning module OnlineSubsystem (86)
[2022.04.14-16.51.20:643][620]LogModuleManager: Shutting down and abandoning module XMPP (81)
[2022.04.14-16.51.20:644][620]LogModuleManager: Shutting down and abandoning module WebSockets (80)
[2022.04.14-16.51.20:653][620]LogModuleManager: Shutting down and abandoning module HTTP (77)
[2022.04.14-16.51.20:653][620]LogHttp: Display: cleaning up 0 outstanding Http requests.
[2022.04.14-16.51.20:682][620]LogModuleManager: Shutting down and abandoning module SSL (76)
[2022.04.14-16.51.20:683][620]LogModuleManager: Shutting down and abandoning module MLSDK (72)
[2022.04.14-16.51.20:684][620]LogModuleManager: Shutting down and abandoning module WmfMedia (70)
[2022.04.14-16.51.20:685][620]LogModuleManager: Shutting down and abandoning module Media (69)
[2022.04.14-16.51.20:685][620]LogModuleManager: Shutting down and abandoning module MediaInfo (68)
[2022.04.14-16.51.20:685][620]LogModuleManager: Shutting down and abandoning module MagicLeap (64)
[2022.04.14-16.51.20:685][620]LogModuleManager: Shutting down and abandoning module ExrReaderGpu (62)
[2022.04.14-16.51.20:686][620]LogModuleManager: Shutting down and abandoning module ChaosCloth (60)
[2022.04.14-16.51.20:686][620]LogModuleManager: Shutting down and abandoning module PixWinPlugin (58)
[2022.04.14-16.51.20:686][620]LogModuleManager: Shutting down and abandoning module NiagaraVertexFactories (56)
[2022.04.14-16.51.20:686][620]LogModuleManager: Shutting down and abandoning module NiagaraShader (54)
[2022.04.14-16.51.20:686][620]LogModuleManager: Shutting down and abandoning module VariantManagerContent (52)
[2022.04.14-16.51.20:686][620]LogModuleManager: Shutting down and abandoning module DatasmithContent (50)
[2022.04.14-16.51.20:687][620]LogModuleManager: Shutting down and abandoning module DesktopPlatform (48)
[2022.04.14-16.51.20:687][620]LogModuleManager: Shutting down and abandoning module OodleDataCompressionFormat (46)
[2022.04.14-16.51.20:689][620]LogModuleManager: Shutting down and abandoning module PythonScriptPluginPreload (44)
[2022.04.14-16.51.20:689][620]LogModuleManager: Shutting down and abandoning module PlatformCryptoOpenSSL (42)
[2022.04.14-16.51.20:689][620]LogModuleManager: Shutting down and abandoning module PlatformCryptoTypes (40)
[2022.04.14-16.51.20:689][620]LogModuleManager: Shutting down and abandoning module PlatformCrypto (38)
[2022.04.14-16.51.20:689][620]LogModuleManager: Shutting down and abandoning module XGEController (36)
[2022.04.14-16.51.20:692][620]LogModuleManager: Shutting down and abandoning module AnimationModifiers (34)
[2022.04.14-16.51.20:692][620]LogModuleManager: Shutting down and abandoning module AudioEditor (32)
[2022.04.14-16.51.20:693][620]LogModuleManager: Shutting down and abandoning module PropertyEditor (31)
[2022.04.14-16.51.20:693][620]LogModuleManager: Shutting down and abandoning module TextureCompressor (28)
[2022.04.14-16.51.20:693][620]LogModuleManager: Shutting down and abandoning module RenderCore (26)
[2022.04.14-16.51.20:693][620]LogModuleManager: Shutting down and abandoning module Landscape (24)
[2022.04.14-16.51.20:693][620]LogModuleManager: Shutting down and abandoning module SlateRHIRenderer (22)
[2022.04.14-16.51.20:693][620]LogModuleManager: Shutting down and abandoning module AnimGraphRuntime (20)
[2022.04.14-16.51.20:694][620]LogModuleManager: Shutting down and abandoning module Renderer (18)
[2022.04.14-16.51.20:695][620]LogModuleManager: Shutting down and abandoning module Engine (16)
[2022.04.14-16.51.20:695][620]LogModuleManager: Shutting down and abandoning module CoreUObject (14)
[2022.04.14-16.51.20:695][620]LogModuleManager: Shutting down and abandoning module NetworkFile (12)
[2022.04.14-16.51.20:695][620]LogModuleManager: Shutting down and abandoning module CookedIterativeFile (10)
[2022.04.14-16.51.20:695][620]LogModuleManager: Shutting down and abandoning module StreamingFile (8)
[2022.04.14-16.51.20:695][620]LogModuleManager: Shutting down and abandoning module SandboxFile (6)
[2022.04.14-16.51.20:695][620]LogModuleManager: Shutting down and abandoning module PakFile (4)
[2022.04.14-16.51.20:695][620]LogModuleManager: Shutting down and abandoning module RSA (3)
[2022.04.14-16.51.20:809][620]LogContentStreaming: Display: There are 1 unreleased StreamingManagers
[2022.04.14-16.51.20:822][620]LogD3D11RHI: Shutdown
[2022.04.14-16.51.20:822][620]LogD3D11RHI: CleanupD3DDevice
[2022.04.14-16.51.20:824][620]LogExit: Exiting.
[2022.04.14-16.51.20:832][620]Log file closed, 04/14/22 19:51:20
