Log file open, 01/24/22 23:21:51
LogWindows: Failed to load 'aqProf.dll' (GetLastError=126)
LogWindows: File 'aqProf.dll' does not exist
LogWindows: Failed to load 'VtuneApi.dll' (GetLastError=126)
LogWindows: File 'VtuneApi.dll' does not exist
LogWindows: Failed to load 'VtuneApi32e.dll' (GetLastError=126)
LogWindows: File 'VtuneApi32e.dll' does not exist
LogConsoleResponse: Display: Failed to find resolution value strings in scalability ini. Falling back to default.
LogConsoleResponse: Display: Failed to find resolution value strings in scalability ini. Falling back to default.
LogInit: Display: Running engine for game: The_Elementalists
LogPlatformFile: Not using cached read wrapper
LogTaskGraph: Started task graph with 5 named threads and 23 total threads with 3 sets of task threads.
LogStats: Stats thread started at 0.407283
LogICUInternationalization: ICU TimeZone Detection - Raw Offset: +2:00, Platform Override: ''
LogInit: Display: Loading text-based GConfig....
LogPluginManager: Mounting plugin MeshPainting
LogPluginManager: Mounting plugin XGEController
LogPluginManager: Mounting plugin AISupport
LogPluginManager: Mounting plugin Paper2D
LogPluginManager: Mounting plugin LightPropagationVolume
LogPluginManager: Mounting plugin EnvironmentQueryEditor
LogPluginManager: Mounting plugin LiveLink
LogPluginManager: Mounting plugin CameraShakePreviewer
LogPluginManager: Mounting plugin GameplayCameras
LogPluginManager: Mounting plugin OodleData
LogPluginManager: Mounting plugin AnimationSharing
LogPluginManager: Mounting plugin OodleNetwork
LogPluginManager: Mounting plugin CodeLiteSourceCodeAccess
LogPluginManager: Mounting plugin CLionSourceCodeAccess
LogPluginManager: Mounting plugin GitSourceControl
LogPluginManager: Mounting plugin KDevelopSourceCodeAccess
LogPluginManager: Mounting plugin NullSourceCodeAccess
LogPluginManager: Mounting plugin PerforceSourceControl
LogPluginManager: Mounting plugin PixWinPlugin
LogPluginManager: Mounting plugin PlasticSourceControl
LogPluginManager: Mounting plugin PropertyAccessNode
LogPluginManager: Mounting plugin PluginUtils
LogPluginManager: Mounting plugin RiderSourceCodeAccess
LogPluginManager: Mounting plugin SubversionSourceControl
LogPluginManager: Mounting plugin TextureFormatOodle
LogPluginManager: Mounting plugin UObjectPlugin
LogPluginManager: Mounting plugin VisualStudioSourceCodeAccess
LogPluginManager: Mounting plugin XCodeSourceCodeAccess
LogPluginManager: Mounting plugin AssetManagerEditor
LogPluginManager: Mounting plugin VisualStudioCodeSourceCodeAccess
LogPluginManager: Mounting plugin CurveEditorTools
LogPluginManager: Mounting plugin CryptoKeys
LogPluginManager: Mounting plugin DataValidation
LogPluginManager: Mounting plugin FacialAnimation
LogPluginManager: Mounting plugin GameplayTagsEditor
LogPluginManager: Mounting plugin GeometryMode
LogPluginManager: Mounting plugin MacGraphicsSwitching
LogPluginManager: Mounting plugin MaterialAnalyzer
LogPluginManager: Mounting plugin MobileLauncherProfileWizard
LogPluginManager: Mounting plugin PluginBrowser
LogPluginManager: Mounting plugin SpeedTreeImporter
LogPluginManager: Mounting plugin DatasmithContent
LogPluginManager: Mounting plugin VariantManagerContent
LogPluginManager: Mounting plugin Niagara
LogPluginManager: Mounting plugin AlembicImporter
LogPluginManager: Mounting plugin AutomationUtils
LogPluginManager: Mounting plugin BackChannel
LogPluginManager: Mounting plugin ChaosCloth
LogPluginManager: Mounting plugin ChaosClothEditor
LogPluginManager: Mounting plugin ChaosEditor
LogPluginManager: Mounting plugin ChaosNiagara
LogPluginManager: Mounting plugin ChaosSolverPlugin
LogPluginManager: Mounting plugin CharacterAI
LogPluginManager: Mounting plugin GeometryCache
LogPluginManager: Mounting plugin GeometryCollectionPlugin
LogPluginManager: Mounting plugin LuminPlatformFeatures
LogPluginManager: Mounting plugin MagicLeap
LogPluginManager: Mounting plugin MagicLeapLightEstimation
LogPluginManager: Mounting plugin MagicLeapMedia
LogPluginManager: Mounting plugin MagicLeapPassableWorld
LogPluginManager: Mounting plugin MLSDK
LogPluginManager: Mounting plugin GeometryProcessing
LogPluginManager: Mounting plugin OpenImageDenoise
LogPluginManager: Mounting plugin MotoSynth
LogPluginManager: Mounting plugin PlanarCut
LogPluginManager: Mounting plugin PlatformCrypto
LogPluginManager: Mounting plugin ProxyLODPlugin
LogPluginManager: Mounting plugin PythonScriptPlugin
LogPluginManager: Mounting plugin SkeletalReduction
LogPluginManager: Mounting plugin AndroidMedia
LogPluginManager: Mounting plugin AvfMedia
LogPluginManager: Mounting plugin ImgMedia
LogPluginManager: Mounting plugin MediaCompositing
LogPluginManager: Mounting plugin MediaPlayerEditor
LogPluginManager: Mounting plugin WmfMedia
LogPluginManager: Mounting plugin TcpMessaging
LogPluginManager: Mounting plugin UdpMessaging
LogPluginManager: Mounting plugin ActorSequence
LogPluginManager: Mounting plugin LevelSequenceEditor
LogPluginManager: Mounting plugin MatineeToLevelSequence
LogPluginManager: Mounting plugin TemplateSequence
LogPluginManager: Mounting plugin OnlineSubsystem
LogPluginManager: Mounting plugin OnlineSubsystemNull
LogPluginManager: Mounting plugin OnlineSubsystemUtils
LogPluginManager: Mounting plugin LauncherChunkInstaller
LogPluginManager: Mounting plugin ActorLayerUtilities
LogPluginManager: Mounting plugin AndroidDeviceProfileSelector
LogPluginManager: Mounting plugin AndroidMoviePlayer
LogPluginManager: Mounting plugin AndroidPermission
LogPluginManager: Mounting plugin AppleImageUtils
LogPluginManager: Mounting plugin AppleMoviePlayer
LogPluginManager: Mounting plugin ArchVisCharacter
LogPluginManager: Mounting plugin AssetTags
LogPluginManager: Mounting plugin AudioCapture
LogPluginManager: Mounting plugin AudioSynesthesia
LogPluginManager: Mounting plugin CableComponent
LogPluginManager: Mounting plugin ChunkDownloader
LogPluginManager: Mounting plugin CustomMeshComponent
LogPluginManager: Mounting plugin EditableMesh
LogPluginManager: Mounting plugin ExampleDeviceProfileSelector
LogPluginManager: Mounting plugin GoogleCloudMessaging
LogPluginManager: Mounting plugin GooglePAD
LogPluginManager: Mounting plugin IOSDeviceProfileSelector
LogPluginManager: Mounting plugin LinuxDeviceProfileSelector
LogPluginManager: Mounting plugin LocationServicesBPLibrary
LogPluginManager: Mounting plugin MobilePatchingUtils
LogPluginManager: Mounting plugin OpenXR
LogPluginManager: Mounting plugin OpenXREyeTracker
LogPluginManager: Mounting plugin OpenXRHandTracking
LogPluginManager: Mounting plugin PhysXVehicles
LogPluginManager: Mounting plugin ScreenshotTools
LogPluginManager: Mounting plugin PostSplashScreen
LogPluginManager: Mounting plugin ProceduralMeshComponent
LogPluginManager: Mounting plugin PropertyAccessEditor
LogPluginManager: Mounting plugin RuntimePhysXCooking
LogPluginManager: Mounting plugin SignificanceManager
LogPluginManager: Mounting plugin SoundFields
LogPluginManager: Mounting plugin Synthesis
LogPluginManager: Mounting plugin WebMMoviePlayer
LogPluginManager: Mounting plugin WindowsMoviePlayer
LogPluginManager: Mounting plugin Takes
LogPluginManager: Mounting plugin WebMMedia
LogPluginManager: Mounting plugin ContentBrowserAssetDataSource
LogPluginManager: Mounting plugin ContentBrowserClassDataSource
LogPluginManager: Mounting plugin ContentBrowserFileDataSource
LogPluginManager: Mounting plugin OnlineSubsystemIOS
LogPluginManager: Mounting plugin OnlineSubsystemGooglePlay
LogPluginManager: Mounting plugin OculusVR
LogPluginManager: Mounting plugin SteamVR
PixWinPlugin: PIX capture plugin failed to initialize! Check that the process is launched from PIX.
LogInit: Using libcurl 7.55.1-DEV
LogInit:  - built for x86_64-pc-win32
LogInit:  - supports SSL with OpenSSL/1.1.1
LogInit:  - supports HTTP deflate (compression) using libz 1.2.8
LogInit:  - other features:
LogInit:      CURL_VERSION_SSL
LogInit:      CURL_VERSION_LIBZ
LogInit:      CURL_VERSION_IPV6
LogInit:      CURL_VERSION_ASYNCHDNS
LogInit:      CURL_VERSION_LARGEFILE
LogInit:      CURL_VERSION_IDN
LogInit:  CurlRequestOptions (configurable via config and command line):
LogInit:  - bVerifyPeer = true  - Libcurl will verify peer certificate
LogInit:  - bUseHttpProxy = false  - Libcurl will NOT use HTTP proxy
LogInit:  - bDontReuseConnections = false  - Libcurl will reuse connections
LogInit:  - MaxHostConnections = 16  - Libcurl will limit the number of connections to a host
LogInit:  - LocalHostAddr = Default
LogInit:  - BufferSize = 65536
LogOnline: OSS: Creating online subsystem instance for: NULL
LogInit: WinSock: version 1.1 (2.2), MaxSocks=32767, MaxUdp=65467
LogOnline: OSS: TryLoadSubsystemAndSetDefault: Loaded subsystem for module [NULL]
LogOculusPluginWrapper: OculusPlugin initialized successfully
LogHMD: Failed initializing OVRPlugin 1.59.0
LogInit: Build: ++UE4+Release-4.27-CL-17735300
LogInit: Engine Version: 4.27.1-17735300+++UE4+Release-4.27
LogInit: Compatible Engine Version: 4.27.0-17155196+++UE4+Release-4.27
LogInit: Net CL: 17155196
LogInit: OS: Windows 10 (Release 2009) (), CPU: Intel(R) Core(TM) i3-10100 CPU @ 3.60GHz, GPU: NVIDIA GeForce GTX 1650 SUPER
LogInit: Compiled (64-bit): Oct  6 2021 14:42:51
LogInit: Compiled with Visual C++: 19.24.28315.00
LogInit: Build Configuration: Development
LogInit: Branch Name: ++UE4+Release-4.27
LogInit: Command Line:  -skipcompile
LogInit: Base Directory: C:/Program Files/Epic Games/UE_4.27/Engine/Binaries/Win64/
LogInit: Allocator: TBB
LogInit: Installed Engine Build: 1
LogDevObjectVersion: Number of dev versions registered: 29
LogDevObjectVersion:   Dev-Blueprints (B0D832E4-1F89-4F0D-ACCF-7EB736FD4AA2): 10
LogDevObjectVersion:   Dev-Build (E1C64328-A22C-4D53-A36C-8E866417BD8C): 0
LogDevObjectVersion:   Dev-Core (375EC13C-06E4-48FB-B500-84F0262A717E): 4
LogDevObjectVersion:   Dev-Editor (E4B068ED-F494-42E9-A231-DA0B2E46BB41): 40
LogDevObjectVersion:   Dev-Framework (CFFC743F-43B0-4480-9391-14DF171D2073): 37
LogDevObjectVersion:   Dev-Mobile (B02B49B5-BB20-44E9-A304-32B752E40360): 3
LogDevObjectVersion:   Dev-Networking (A4E4105C-59A1-49B5-A7C5-40C4547EDFEE): 0
LogDevObjectVersion:   Dev-Online (39C831C9-5AE6-47DC-9A44-9C173E1C8E7C): 0
LogDevObjectVersion:   Dev-Physics (78F01B33-EBEA-4F98-B9B4-84EACCB95AA2): 14
LogDevObjectVersion:   Dev-Platform (6631380F-2D4D-43E0-8009-CF276956A95A): 0
LogDevObjectVersion:   Dev-Rendering (12F88B9F-8875-4AFC-A67C-D90C383ABD29): 45
LogDevObjectVersion:   Dev-Sequencer (7B5AE74C-D270-4C10-A958-57980B212A5A): 13
LogDevObjectVersion:   Dev-VR (D7296918-1DD6-4BDD-9DE2-64A83CC13884): 3
LogDevObjectVersion:   Dev-LoadTimes (C2A15278-BFE7-4AFE-6C17-90FF531DF755): 1
LogDevObjectVersion:   Private-Geometry (6EACA3D4-40EC-4CC1-B786-8BED09428FC5): 3
LogDevObjectVersion:   Dev-AnimPhys (29E575DD-E0A3-4627-9D10-D276232CDCEA): 17
LogDevObjectVersion:   Dev-Anim (AF43A65D-7FD3-4947-9873-3E8ED9C1BB05): 15
LogDevObjectVersion:   Dev-ReflectionCapture (6B266CEC-1EC7-4B8F-A30B-E4D90942FC07): 1
LogDevObjectVersion:   Dev-Automation (0DF73D61-A23F-47EA-B727-89E90C41499A): 1
LogDevObjectVersion:   FortniteMain (601D1886-AC64-4F84-AA16-D3DE0DEAC7D6): 47
LogDevObjectVersion:   FortniteRelease (E7086368-6B23-4C58-8439-1B7016265E91): 1
LogDevObjectVersion:   Dev-Enterprise (9DFFBCD6-494F-0158-E221-12823C92A888): 10
LogDevObjectVersion:   Dev-Niagara (F2AED0AC-9AFE-416F-8664-AA7FFA26D6FC): 1
LogDevObjectVersion:   Dev-Destruction (174F1F0B-B4C6-45A5-B13F-2EE8D0FB917D): 10
LogDevObjectVersion:   Dev-Physics-Ext (35F94A83-E258-406C-A318-09F59610247C): 41
LogDevObjectVersion:   Dev-PhysicsMaterial-Chaos (B68FC16E-8B1B-42E2-B453-215C058844FE): 1
LogDevObjectVersion:   Dev-CineCamera (B2E18506-4273-CFC2-A54E-F4BB758BBA07): 1
LogDevObjectVersion:   Dev-VirtualProduction (64F58936-FD1B-42BA-BA96-7289D5D0FA4E): 1
LogDevObjectVersion:   Dev-MediaFramework (6F0ED827-A609-4895-9C91-998D90180EA4): 2
LogInit: Presizing for max 25165824 objects, including 0 objects not considered by GC, pre-allocating 0 bytes for permanent pool.
LogConfig: Applying CVar settings from Section [/Script/Engine.StreamingSettings] File [D:/rt/Logipaignion/The_Elementalists/Saved/Config/Windows/Engine.ini]
LogConfig: Setting CVar [[s.MinBulkDataSizeForAsyncLoading:131072]]
LogConfig: Setting CVar [[s.AsyncLoadingThreadEnabled:0]]
LogConfig: Setting CVar [[s.EventDrivenLoaderEnabled:1]]
LogConfig: Setting CVar [[s.WarnIfTimeLimitExceeded:0]]
LogConfig: Setting CVar [[s.TimeLimitExceededMultiplier:1.5]]
LogConfig: Setting CVar [[s.TimeLimitExceededMinTime:0.005]]
LogConfig: Setting CVar [[s.UseBackgroundLevelStreaming:1]]
LogConfig: Setting CVar [[s.PriorityAsyncLoadingExtraTime:15.0]]
LogConfig: Setting CVar [[s.LevelStreamingActorsUpdateTimeLimit:5.0]]
LogConfig: Setting CVar [[s.PriorityLevelStreamingActorsUpdateExtraTime:5.0]]
LogConfig: Setting CVar [[s.LevelStreamingComponentsRegistrationGranularity:10]]
LogConfig: Setting CVar [[s.UnregisterComponentsTimeLimit:1.0]]
LogConfig: Setting CVar [[s.LevelStreamingComponentsUnregistrationGranularity:5]]
LogConfig: Setting CVar [[s.FlushStreamingOnExit:1]]
LogInit: Object subsystem initialized
LogConfig: Setting CVar [[con.DebugEarlyDefault:1]]
LogConfig: Setting CVar [[r.setres:1280x720]]
[2022.01.24-21.21.53:154][  0]LogConfig: Setting CVar [[r.VSync:0]]
[2022.01.24-21.21.53:154][  0]LogConfig: Setting CVar [[r.RHICmdBypass:0]]
[2022.01.24-21.21.53:154][  0]LogConfig: Applying CVar settings from Section [/Script/Engine.RendererSettings] File [D:/rt/Logipaignion/The_Elementalists/Saved/Config/Windows/Engine.ini]
[2022.01.24-21.21.53:154][  0]LogConfig: Setting CVar [[r.GPUCrashDebugging:0]]
[2022.01.24-21.21.53:154][  0]LogConfig: Applying CVar settings from Section [/Script/Engine.RendererOverrideSettings] File [D:/rt/Logipaignion/The_Elementalists/Saved/Config/Windows/Engine.ini]
[2022.01.24-21.21.53:154][  0]LogConfig: Applying CVar settings from Section [/Script/Engine.StreamingSettings] File [D:/rt/Logipaignion/The_Elementalists/Saved/Config/Windows/Engine.ini]
[2022.01.24-21.21.53:154][  0]LogConfig: Setting CVar [[s.MinBulkDataSizeForAsyncLoading:131072]]
[2022.01.24-21.21.53:154][  0]LogConfig: Setting CVar [[s.AsyncLoadingThreadEnabled:0]]
[2022.01.24-21.21.53:154][  0]LogConfig: Setting CVar [[s.EventDrivenLoaderEnabled:1]]
[2022.01.24-21.21.53:154][  0]LogConfig: Setting CVar [[s.WarnIfTimeLimitExceeded:0]]
[2022.01.24-21.21.53:154][  0]LogConfig: Setting CVar [[s.TimeLimitExceededMultiplier:1.5]]
[2022.01.24-21.21.53:154][  0]LogConfig: Setting CVar [[s.TimeLimitExceededMinTime:0.005]]
[2022.01.24-21.21.53:155][  0]LogConfig: Setting CVar [[s.UseBackgroundLevelStreaming:1]]
[2022.01.24-21.21.53:155][  0]LogConfig: Setting CVar [[s.PriorityAsyncLoadingExtraTime:15.0]]
[2022.01.24-21.21.53:155][  0]LogConfig: Setting CVar [[s.LevelStreamingActorsUpdateTimeLimit:5.0]]
[2022.01.24-21.21.53:155][  0]LogConfig: Setting CVar [[s.PriorityLevelStreamingActorsUpdateExtraTime:5.0]]
[2022.01.24-21.21.53:155][  0]LogConfig: Setting CVar [[s.LevelStreamingComponentsRegistrationGranularity:10]]
[2022.01.24-21.21.53:155][  0]LogConfig: Setting CVar [[s.UnregisterComponentsTimeLimit:1.0]]
[2022.01.24-21.21.53:155][  0]LogConfig: Setting CVar [[s.LevelStreamingComponentsUnregistrationGranularity:5]]
[2022.01.24-21.21.53:155][  0]LogConfig: Setting CVar [[s.FlushStreamingOnExit:1]]
[2022.01.24-21.21.53:155][  0]LogConfig: Applying CVar settings from Section [/Script/Engine.GarbageCollectionSettings] File [D:/rt/Logipaignion/The_Elementalists/Saved/Config/Windows/Engine.ini]
[2022.01.24-21.21.53:155][  0]LogConfig: Setting CVar [[gc.MaxObjectsNotConsideredByGC:1]]
[2022.01.24-21.21.53:155][  0]LogConfig: Setting CVar [[gc.SizeOfPermanentObjectPool:0]]
[2022.01.24-21.21.53:155][  0]LogConfig: Setting CVar [[gc.FlushStreamingOnGC:0]]
[2022.01.24-21.21.53:155][  0]LogConfig: Setting CVar [[gc.NumRetriesBeforeForcingGC:10]]
[2022.01.24-21.21.53:155][  0]LogConfig: Setting CVar [[gc.AllowParallelGC:1]]
[2022.01.24-21.21.53:156][  0]LogConfig: Setting CVar [[gc.TimeBetweenPurgingPendingKillObjects:61.1]]
[2022.01.24-21.21.53:156][  0]LogConfig: Setting CVar [[gc.MaxObjectsInEditor:25165824]]
[2022.01.24-21.21.53:156][  0]LogConfig: Setting CVar [[gc.IncrementalBeginDestroyEnabled:1]]
[2022.01.24-21.21.53:156][  0]LogConfig: Setting CVar [[gc.CreateGCClusters:1]]
[2022.01.24-21.21.53:156][  0]LogConfig: Setting CVar [[gc.MinGCClusterSize:5]]
[2022.01.24-21.21.53:156][  0]LogConfig: Setting CVar [[gc.ActorClusteringEnabled:0]]
[2022.01.24-21.21.53:156][  0]LogConfig: Setting CVar [[gc.BlueprintClusteringEnabled:0]]
[2022.01.24-21.21.53:156][  0]LogConfig: Setting CVar [[gc.UseDisregardForGCOnDedicatedServers:0]]
[2022.01.24-21.21.53:156][  0]LogConfig: Setting CVar [[gc.MultithreadedDestructionEnabled:1]]
[2022.01.24-21.21.53:156][  0]LogConfig: Applying CVar settings from Section [/Script/Engine.NetworkSettings] File [D:/rt/Logipaignion/The_Elementalists/Saved/Config/Windows/Engine.ini]
[2022.01.24-21.21.53:156][  0]LogConfig: Applying CVar settings from Section [/Script/UnrealEd.CookerSettings] File [D:/rt/Logipaignion/The_Elementalists/Saved/Config/Windows/Engine.ini]
[2022.01.24-21.21.53:204][  0]LogConfig: Applying CVar settings from Section [ViewDistanceQuality@3] File [D:/rt/Logipaignion/The_Elementalists/Saved/Config/Windows/Scalability.ini]
[2022.01.24-21.21.53:204][  0]LogConfig: Setting CVar [[r.SkeletalMeshLODBias:0]]
[2022.01.24-21.21.53:204][  0]LogConfig: Setting CVar [[r.ViewDistanceScale:1.0]]
[2022.01.24-21.21.53:204][  0]LogConfig: Applying CVar settings from Section [AntiAliasingQuality@3] File [D:/rt/Logipaignion/The_Elementalists/Saved/Config/Windows/Scalability.ini]
[2022.01.24-21.21.53:204][  0]LogConfig: Setting CVar [[r.PostProcessAAQuality:4]]
[2022.01.24-21.21.53:204][  0]LogConfig: Applying CVar settings from Section [ShadowQuality@3] File [D:/rt/Logipaignion/The_Elementalists/Saved/Config/Windows/Scalability.ini]
[2022.01.24-21.21.53:204][  0]LogConfig: Setting CVar [[r.LightFunctionQuality:1]]
[2022.01.24-21.21.53:205][  0]LogConfig: Setting CVar [[r.ShadowQuality:5]]
[2022.01.24-21.21.53:205][  0]LogConfig: Setting CVar [[r.Shadow.CSM.MaxCascades:10]]
[2022.01.24-21.21.53:205][  0]LogConfig: Setting CVar [[r.Shadow.MaxResolution:2048]]
[2022.01.24-21.21.53:205][  0]LogConfig: Setting CVar [[r.Shadow.MaxCSMResolution:2048]]
[2022.01.24-21.21.53:205][  0]LogConfig: Setting CVar [[r.Shadow.RadiusThreshold:0.01]]
[2022.01.24-21.21.53:205][  0]LogConfig: Setting CVar [[r.Shadow.DistanceScale:1.0]]
[2022.01.24-21.21.53:205][  0]LogConfig: Setting CVar [[r.Shadow.CSM.TransitionScale:1.0]]
[2022.01.24-21.21.53:205][  0]LogConfig: Setting CVar [[r.Shadow.PreShadowResolutionFactor:1.0]]
[2022.01.24-21.21.53:205][  0]LogConfig: Setting CVar [[r.DistanceFieldShadowing:1]]
[2022.01.24-21.21.53:205][  0]LogConfig: Setting CVar [[r.DistanceFieldAO:1]]
[2022.01.24-21.21.53:205][  0]LogConfig: Setting CVar [[r.AOQuality:2]]
[2022.01.24-21.21.53:205][  0]LogConfig: Setting CVar [[r.VolumetricFog:1]]
[2022.01.24-21.21.53:205][  0]LogConfig: Setting CVar [[r.VolumetricFog.GridPixelSize:8]]
[2022.01.24-21.21.53:205][  0]LogConfig: Setting CVar [[r.VolumetricFog.GridSizeZ:128]]
[2022.01.24-21.21.53:205][  0]LogConfig: Setting CVar [[r.VolumetricFog.HistoryMissSupersampleCount:4]]
[2022.01.24-21.21.53:205][  0]LogConfig: Setting CVar [[r.LightMaxDrawDistanceScale:1]]
[2022.01.24-21.21.53:205][  0]LogConfig: Setting CVar [[r.CapsuleShadows:1]]
[2022.01.24-21.21.53:205][  0]LogConfig: Applying CVar settings from Section [PostProcessQuality@3] File [D:/rt/Logipaignion/The_Elementalists/Saved/Config/Windows/Scalability.ini]
[2022.01.24-21.21.53:206][  0]LogConfig: Setting CVar [[r.MotionBlurQuality:4]]
[2022.01.24-21.21.53:206][  0]LogConfig: Setting CVar [[r.AmbientOcclusionMipLevelFactor:0.4]]
[2022.01.24-21.21.53:206][  0]LogConfig: Setting CVar [[r.AmbientOcclusionMaxQuality:100]]
[2022.01.24-21.21.53:206][  0]LogConfig: Setting CVar [[r.AmbientOcclusionLevels:-1]]
[2022.01.24-21.21.53:206][  0]LogConfig: Setting CVar [[r.AmbientOcclusionRadiusScale:1.0]]
[2022.01.24-21.21.53:206][  0]LogConfig: Setting CVar [[r.DepthOfFieldQuality:2]]
[2022.01.24-21.21.53:206][  0]LogConfig: Setting CVar [[r.RenderTargetPoolMin:400]]
[2022.01.24-21.21.53:206][  0]LogConfig: Setting CVar [[r.LensFlareQuality:2]]
[2022.01.24-21.21.53:206][  0]LogConfig: Setting CVar [[r.SceneColorFringeQuality:1]]
[2022.01.24-21.21.53:206][  0]LogConfig: Setting CVar [[r.EyeAdaptationQuality:2]]
[2022.01.24-21.21.53:207][  0]LogConfig: Setting CVar [[r.BloomQuality:5]]
[2022.01.24-21.21.53:207][  0]LogConfig: Setting CVar [[r.FastBlurThreshold:100]]
[2022.01.24-21.21.53:207][  0]LogConfig: Setting CVar [[r.Upscale.Quality:3]]
[2022.01.24-21.21.53:207][  0]LogConfig: Setting CVar [[r.Tonemapper.GrainQuantization:1]]
[2022.01.24-21.21.53:207][  0]LogConfig: Setting CVar [[r.LightShaftQuality:1]]
[2022.01.24-21.21.53:207][  0]LogConfig: Setting CVar [[r.Filter.SizeScale:1]]
[2022.01.24-21.21.53:207][  0]LogConfig: Setting CVar [[r.Tonemapper.Quality:5]]
[2022.01.24-21.21.53:207][  0]LogConfig: Setting CVar [[r.DOF.Gather.AccumulatorQuality:1        ; higher gathering accumulator quality]]
[2022.01.24-21.21.53:207][  0]LogConfig: Setting CVar [[r.DOF.Gather.PostfilterMethod:1          ; Median3x3 postfilering method]]
[2022.01.24-21.21.53:208][  0]LogConfig: Setting CVar [[r.DOF.Gather.EnableBokehSettings:0       ; no bokeh simulation when gathering]]
[2022.01.24-21.21.53:209][  0]LogConfig: Setting CVar [[r.DOF.Gather.RingCount:4                 ; medium number of samples when gathering]]
[2022.01.24-21.21.53:209][  0]LogConfig: Setting CVar [[r.DOF.Scatter.ForegroundCompositing:1    ; additive foreground scattering]]
[2022.01.24-21.21.53:210][  0]LogConfig: Setting CVar [[r.DOF.Scatter.BackgroundCompositing:2    ; additive background scattering]]
[2022.01.24-21.21.53:210][  0]LogConfig: Setting CVar [[r.DOF.Scatter.EnableBokehSettings:1      ; bokeh simulation when scattering]]
[2022.01.24-21.21.53:210][  0]LogConfig: Setting CVar [[r.DOF.Scatter.MaxSpriteRatio:0.1         ; only a maximum of 10% of scattered bokeh]]
[2022.01.24-21.21.53:210][  0]LogConfig: Setting CVar [[r.DOF.Recombine.Quality:1                ; cheap slight out of focus]]
[2022.01.24-21.21.53:211][  0]LogConfig: Setting CVar [[r.DOF.Recombine.EnableBokehSettings:0    ; no bokeh simulation on slight out of focus]]
[2022.01.24-21.21.53:211][  0]LogConfig: Setting CVar [[r.DOF.TemporalAAQuality:1                ; more stable temporal accumulation]]
[2022.01.24-21.21.53:211][  0]LogConfig: Setting CVar [[r.DOF.Kernel.MaxForegroundRadius:0.025]]
[2022.01.24-21.21.53:212][  0]LogConfig: Setting CVar [[r.DOF.Kernel.MaxBackgroundRadius:0.025]]
[2022.01.24-21.21.53:212][  0]LogConfig: Applying CVar settings from Section [TextureQuality@3] File [D:/rt/Logipaignion/The_Elementalists/Saved/Config/Windows/Scalability.ini]
[2022.01.24-21.21.53:212][  0]LogConfig: Setting CVar [[r.Streaming.MipBias:0]]
[2022.01.24-21.21.53:212][  0]LogConfig: Setting CVar [[r.Streaming.AmortizeCPUToGPUCopy:0]]
[2022.01.24-21.21.53:212][  0]LogConfig: Setting CVar [[r.Streaming.MaxNumTexturesToStreamPerFrame:0]]
[2022.01.24-21.21.53:213][  0]LogConfig: Setting CVar [[r.Streaming.Boost:1]]
[2022.01.24-21.21.53:213][  0]LogConfig: Setting CVar [[r.MaxAnisotropy:8]]
[2022.01.24-21.21.53:213][  0]LogConfig: Setting CVar [[r.VT.MaxAnisotropy:8]]
[2022.01.24-21.21.53:213][  0]LogConfig: Setting CVar [[r.Streaming.LimitPoolSizeToVRAM:0]]
[2022.01.24-21.21.53:213][  0]LogConfig: Setting CVar [[r.Streaming.PoolSize:1000]]
[2022.01.24-21.21.53:213][  0]LogConfig: Setting CVar [[r.Streaming.MaxEffectiveScreenSize:0]]
[2022.01.24-21.21.53:213][  0]LogConfig: Applying CVar settings from Section [EffectsQuality@3] File [D:/rt/Logipaignion/The_Elementalists/Saved/Config/Windows/Scalability.ini]
[2022.01.24-21.21.53:213][  0]LogConfig: Setting CVar [[r.TranslucencyLightingVolumeDim:64]]
[2022.01.24-21.21.53:214][  0]LogConfig: Setting CVar [[r.RefractionQuality:2]]
[2022.01.24-21.21.53:214][  0]LogConfig: Setting CVar [[r.SSR.Quality:3]]
[2022.01.24-21.21.53:214][  0]LogConfig: Setting CVar [[r.SSR.HalfResSceneColor:0]]
[2022.01.24-21.21.53:214][  0]LogConfig: Setting CVar [[r.SceneColorFormat:4]]
[2022.01.24-21.21.53:214][  0]LogConfig: Setting CVar [[r.DetailMode:2]]
[2022.01.24-21.21.53:214][  0]LogConfig: Setting CVar [[r.TranslucencyVolumeBlur:1]]
[2022.01.24-21.21.53:214][  0]LogConfig: Setting CVar [[r.MaterialQualityLevel:1 ; High quality]]
[2022.01.24-21.21.53:214][  0]LogConfig: Setting CVar [[r.AnisotropicMaterials:1]]
[2022.01.24-21.21.53:214][  0]LogConfig: Setting CVar [[r.SSS.Scale:1]]
[2022.01.24-21.21.53:214][  0]LogConfig: Setting CVar [[r.SSS.SampleSet:2]]
[2022.01.24-21.21.53:214][  0]LogConfig: Setting CVar [[r.SSS.Quality:1]]
[2022.01.24-21.21.53:214][  0]LogConfig: Setting CVar [[r.SSS.HalfRes:0]]
[2022.01.24-21.21.53:215][  0]LogConfig: Setting CVar [[r.SSGI.Quality:3]]
[2022.01.24-21.21.53:215][  0]LogConfig: Setting CVar [[r.EmitterSpawnRateScale:1.0]]
[2022.01.24-21.21.53:215][  0]LogConfig: Setting CVar [[r.ParticleLightQuality:2]]
[2022.01.24-21.21.53:215][  0]LogConfig: Setting CVar [[r.SkyAtmosphere.AerialPerspectiveLUT.FastApplyOnOpaque:1 ; Always have FastSkyLUT 1 in this case to avoid wrong sky]]
[2022.01.24-21.21.53:215][  0]LogConfig: Setting CVar [[r.SkyAtmosphere.AerialPerspectiveLUT.SampleCountMaxPerSlice:4]]
[2022.01.24-21.21.53:215][  0]LogConfig: Setting CVar [[r.SkyAtmosphere.AerialPerspectiveLUT.DepthResolution:16.0]]
[2022.01.24-21.21.53:215][  0]LogConfig: Setting CVar [[r.SkyAtmosphere.FastSkyLUT:1]]
[2022.01.24-21.21.53:216][  0]LogConfig: Setting CVar [[r.SkyAtmosphere.FastSkyLUT.SampleCountMin:4.0]]
[2022.01.24-21.21.53:218][  0]LogConfig: Setting CVar [[r.SkyAtmosphere.FastSkyLUT.SampleCountMax:128.0]]
[2022.01.24-21.21.53:218][  0]LogConfig: Setting CVar [[r.SkyAtmosphere.SampleCountMin:4.0]]
[2022.01.24-21.21.53:219][  0]LogConfig: Setting CVar [[r.SkyAtmosphere.SampleCountMax:128.0]]
[2022.01.24-21.21.53:219][  0]LogConfig: Setting CVar [[r.SkyAtmosphere.TransmittanceLUT.UseSmallFormat:0]]
[2022.01.24-21.21.53:219][  0]LogConfig: Setting CVar [[r.SkyAtmosphere.TransmittanceLUT.SampleCount:10.0]]
[2022.01.24-21.21.53:219][  0]LogConfig: Setting CVar [[r.SkyAtmosphere.MultiScatteringLUT.SampleCount:15.0]]
[2022.01.24-21.21.53:219][  0]LogConfig: Setting CVar [[r.SkyLight.RealTimeReflectionCapture:1]]
[2022.01.24-21.21.53:220][  0]LogConfig: Applying CVar settings from Section [FoliageQuality@3] File [D:/rt/Logipaignion/The_Elementalists/Saved/Config/Windows/Scalability.ini]
[2022.01.24-21.21.53:220][  0]LogConfig: Setting CVar [[foliage.DensityScale:1.0]]
[2022.01.24-21.21.53:220][  0]LogConfig: Setting CVar [[grass.DensityScale:1.0]]
[2022.01.24-21.21.53:220][  0]LogConfig: Applying CVar settings from Section [ShadingQuality@3] File [D:/rt/Logipaignion/The_Elementalists/Saved/Config/Windows/Scalability.ini]
[2022.01.24-21.21.53:221][  0]LogConfig: Setting CVar [[r.HairStrands.SkyLighting.IntegrationType:2]]
[2022.01.24-21.21.53:221][  0]LogConfig: Setting CVar [[r.HairStrands.SkyAO.SampleCount:4]]
[2022.01.24-21.21.53:221][  0]LogConfig: Setting CVar [[r.HairStrands.Visibility.MSAA.SamplePerPixel:4]]
[2022.01.24-21.21.53:222][  0]LogInit: Selected Device Profile: [Windows]
[2022.01.24-21.21.53:222][  0]LogInit: Applying CVar settings loaded from the selected device profile: [Windows]
[2022.01.24-21.21.53:222][  0]LogHAL: Display: Platform has ~ 16 GB [17112551424 / 17179869184 / 16], which maps to Larger [LargestMinGB=32, LargerMinGB=12, DefaultMinGB=8, SmallerMinGB=6, SmallestMinGB=0)
[2022.01.24-21.21.53:223][  0]LogInit: Going up to parent DeviceProfile []
[2022.01.24-21.21.53:223][  0]LogConfig: Applying CVar settings from Section [ViewDistanceQuality@3] File [D:/rt/Logipaignion/The_Elementalists/Saved/Config/Windows/Scalability.ini]
[2022.01.24-21.21.53:223][  0]LogConfig: Setting CVar [[r.SkeletalMeshLODBias:0]]
[2022.01.24-21.21.53:223][  0]LogConfig: Setting CVar [[r.ViewDistanceScale:1.0]]
[2022.01.24-21.21.53:223][  0]LogConfig: Applying CVar settings from Section [AntiAliasingQuality@3] File [D:/rt/Logipaignion/The_Elementalists/Saved/Config/Windows/Scalability.ini]
[2022.01.24-21.21.53:223][  0]LogConfig: Setting CVar [[r.PostProcessAAQuality:4]]
[2022.01.24-21.21.53:223][  0]LogConfig: Applying CVar settings from Section [ShadowQuality@3] File [D:/rt/Logipaignion/The_Elementalists/Saved/Config/Windows/Scalability.ini]
[2022.01.24-21.21.53:223][  0]LogConfig: Setting CVar [[r.LightFunctionQuality:1]]
[2022.01.24-21.21.53:224][  0]LogConfig: Setting CVar [[r.ShadowQuality:5]]
[2022.01.24-21.21.53:224][  0]LogConfig: Setting CVar [[r.Shadow.CSM.MaxCascades:10]]
[2022.01.24-21.21.53:224][  0]LogConfig: Setting CVar [[r.Shadow.MaxResolution:2048]]
[2022.01.24-21.21.53:224][  0]LogConfig: Setting CVar [[r.Shadow.MaxCSMResolution:2048]]
[2022.01.24-21.21.53:224][  0]LogConfig: Setting CVar [[r.Shadow.RadiusThreshold:0.01]]
[2022.01.24-21.21.53:224][  0]LogConfig: Setting CVar [[r.Shadow.DistanceScale:1.0]]
[2022.01.24-21.21.53:224][  0]LogConfig: Setting CVar [[r.Shadow.CSM.TransitionScale:1.0]]
[2022.01.24-21.21.53:224][  0]LogConfig: Setting CVar [[r.Shadow.PreShadowResolutionFactor:1.0]]
[2022.01.24-21.21.53:224][  0]LogConfig: Setting CVar [[r.DistanceFieldShadowing:1]]
[2022.01.24-21.21.53:224][  0]LogConfig: Setting CVar [[r.DistanceFieldAO:1]]
[2022.01.24-21.21.53:225][  0]LogConfig: Setting CVar [[r.AOQuality:2]]
[2022.01.24-21.21.53:225][  0]LogConfig: Setting CVar [[r.VolumetricFog:1]]
[2022.01.24-21.21.53:225][  0]LogConfig: Setting CVar [[r.VolumetricFog.GridPixelSize:8]]
[2022.01.24-21.21.53:225][  0]LogConfig: Setting CVar [[r.VolumetricFog.GridSizeZ:128]]
[2022.01.24-21.21.53:225][  0]LogConfig: Setting CVar [[r.VolumetricFog.HistoryMissSupersampleCount:4]]
[2022.01.24-21.21.53:225][  0]LogConfig: Setting CVar [[r.LightMaxDrawDistanceScale:1]]
[2022.01.24-21.21.53:225][  0]LogConfig: Setting CVar [[r.CapsuleShadows:1]]
[2022.01.24-21.21.53:225][  0]LogConfig: Applying CVar settings from Section [PostProcessQuality@3] File [D:/rt/Logipaignion/The_Elementalists/Saved/Config/Windows/Scalability.ini]
[2022.01.24-21.21.53:225][  0]LogConfig: Setting CVar [[r.MotionBlurQuality:4]]
[2022.01.24-21.21.53:225][  0]LogConfig: Setting CVar [[r.AmbientOcclusionMipLevelFactor:0.4]]
[2022.01.24-21.21.53:225][  0]LogConfig: Setting CVar [[r.AmbientOcclusionMaxQuality:100]]
[2022.01.24-21.21.53:226][  0]LogConfig: Setting CVar [[r.AmbientOcclusionLevels:-1]]
[2022.01.24-21.21.53:226][  0]LogConfig: Setting CVar [[r.AmbientOcclusionRadiusScale:1.0]]
[2022.01.24-21.21.53:226][  0]LogConfig: Setting CVar [[r.DepthOfFieldQuality:2]]
[2022.01.24-21.21.53:226][  0]LogConfig: Setting CVar [[r.RenderTargetPoolMin:400]]
[2022.01.24-21.21.53:226][  0]LogConfig: Setting CVar [[r.LensFlareQuality:2]]
[2022.01.24-21.21.53:226][  0]LogConfig: Setting CVar [[r.SceneColorFringeQuality:1]]
[2022.01.24-21.21.53:226][  0]LogConfig: Setting CVar [[r.EyeAdaptationQuality:2]]
[2022.01.24-21.21.53:226][  0]LogConfig: Setting CVar [[r.BloomQuality:5]]
[2022.01.24-21.21.53:226][  0]LogConfig: Setting CVar [[r.FastBlurThreshold:100]]
[2022.01.24-21.21.53:226][  0]LogConfig: Setting CVar [[r.Upscale.Quality:3]]
[2022.01.24-21.21.53:233][  0]LogConfig: Setting CVar [[r.Tonemapper.GrainQuantization:1]]
[2022.01.24-21.21.53:233][  0]LogConfig: Setting CVar [[r.LightShaftQuality:1]]
[2022.01.24-21.21.53:233][  0]LogConfig: Setting CVar [[r.Filter.SizeScale:1]]
[2022.01.24-21.21.53:233][  0]LogConfig: Setting CVar [[r.Tonemapper.Quality:5]]
[2022.01.24-21.21.53:233][  0]LogConfig: Setting CVar [[r.DOF.Gather.AccumulatorQuality:1        ; higher gathering accumulator quality]]
[2022.01.24-21.21.53:233][  0]LogConfig: Setting CVar [[r.DOF.Gather.PostfilterMethod:1          ; Median3x3 postfilering method]]
[2022.01.24-21.21.53:233][  0]LogConfig: Setting CVar [[r.DOF.Gather.EnableBokehSettings:0       ; no bokeh simulation when gathering]]
[2022.01.24-21.21.53:233][  0]LogConfig: Setting CVar [[r.DOF.Gather.RingCount:4                 ; medium number of samples when gathering]]
[2022.01.24-21.21.53:233][  0]LogConfig: Setting CVar [[r.DOF.Scatter.ForegroundCompositing:1    ; additive foreground scattering]]
[2022.01.24-21.21.53:233][  0]LogConfig: Setting CVar [[r.DOF.Scatter.BackgroundCompositing:2    ; additive background scattering]]
[2022.01.24-21.21.53:233][  0]LogConfig: Setting CVar [[r.DOF.Scatter.EnableBokehSettings:1      ; bokeh simulation when scattering]]
[2022.01.24-21.21.53:234][  0]LogConfig: Setting CVar [[r.DOF.Scatter.MaxSpriteRatio:0.1         ; only a maximum of 10% of scattered bokeh]]
[2022.01.24-21.21.53:234][  0]LogConfig: Setting CVar [[r.DOF.Recombine.Quality:1                ; cheap slight out of focus]]
[2022.01.24-21.21.53:234][  0]LogConfig: Setting CVar [[r.DOF.Recombine.EnableBokehSettings:0    ; no bokeh simulation on slight out of focus]]
[2022.01.24-21.21.53:234][  0]LogConfig: Setting CVar [[r.DOF.TemporalAAQuality:1                ; more stable temporal accumulation]]
[2022.01.24-21.21.53:234][  0]LogConfig: Setting CVar [[r.DOF.Kernel.MaxForegroundRadius:0.025]]
[2022.01.24-21.21.53:234][  0]LogConfig: Setting CVar [[r.DOF.Kernel.MaxBackgroundRadius:0.025]]
[2022.01.24-21.21.53:234][  0]LogConfig: Applying CVar settings from Section [TextureQuality@3] File [D:/rt/Logipaignion/The_Elementalists/Saved/Config/Windows/Scalability.ini]
[2022.01.24-21.21.53:234][  0]LogConfig: Setting CVar [[r.Streaming.MipBias:0]]
[2022.01.24-21.21.53:234][  0]LogConfig: Setting CVar [[r.Streaming.AmortizeCPUToGPUCopy:0]]
[2022.01.24-21.21.53:234][  0]LogConfig: Setting CVar [[r.Streaming.MaxNumTexturesToStreamPerFrame:0]]
[2022.01.24-21.21.53:234][  0]LogConfig: Setting CVar [[r.Streaming.Boost:1]]
[2022.01.24-21.21.53:234][  0]LogConfig: Setting CVar [[r.MaxAnisotropy:8]]
[2022.01.24-21.21.53:234][  0]LogConfig: Setting CVar [[r.VT.MaxAnisotropy:8]]
[2022.01.24-21.21.53:234][  0]LogConfig: Setting CVar [[r.Streaming.LimitPoolSizeToVRAM:0]]
[2022.01.24-21.21.53:234][  0]LogConfig: Setting CVar [[r.Streaming.PoolSize:1000]]
[2022.01.24-21.21.53:234][  0]LogConfig: Setting CVar [[r.Streaming.MaxEffectiveScreenSize:0]]
[2022.01.24-21.21.53:234][  0]LogConfig: Applying CVar settings from Section [EffectsQuality@3] File [D:/rt/Logipaignion/The_Elementalists/Saved/Config/Windows/Scalability.ini]
[2022.01.24-21.21.53:234][  0]LogConfig: Setting CVar [[r.TranslucencyLightingVolumeDim:64]]
[2022.01.24-21.21.53:234][  0]LogConfig: Setting CVar [[r.RefractionQuality:2]]
[2022.01.24-21.21.53:234][  0]LogConfig: Setting CVar [[r.SSR.Quality:3]]
[2022.01.24-21.21.53:234][  0]LogConfig: Setting CVar [[r.SSR.HalfResSceneColor:0]]
[2022.01.24-21.21.53:234][  0]LogConfig: Setting CVar [[r.SceneColorFormat:4]]
[2022.01.24-21.21.53:234][  0]LogConfig: Setting CVar [[r.DetailMode:2]]
[2022.01.24-21.21.53:234][  0]LogConfig: Setting CVar [[r.TranslucencyVolumeBlur:1]]
[2022.01.24-21.21.53:234][  0]LogConfig: Setting CVar [[r.MaterialQualityLevel:1 ; High quality]]
[2022.01.24-21.21.53:234][  0]LogConfig: Setting CVar [[r.AnisotropicMaterials:1]]
[2022.01.24-21.21.53:235][  0]LogConfig: Setting CVar [[r.SSS.Scale:1]]
[2022.01.24-21.21.53:235][  0]LogConfig: Setting CVar [[r.SSS.SampleSet:2]]
[2022.01.24-21.21.53:235][  0]LogConfig: Setting CVar [[r.SSS.Quality:1]]
[2022.01.24-21.21.53:235][  0]LogConfig: Setting CVar [[r.SSS.HalfRes:0]]
[2022.01.24-21.21.53:235][  0]LogConfig: Setting CVar [[r.SSGI.Quality:3]]
[2022.01.24-21.21.53:235][  0]LogConfig: Setting CVar [[r.EmitterSpawnRateScale:1.0]]
[2022.01.24-21.21.53:235][  0]LogConfig: Setting CVar [[r.ParticleLightQuality:2]]
[2022.01.24-21.21.53:235][  0]LogConfig: Setting CVar [[r.SkyAtmosphere.AerialPerspectiveLUT.FastApplyOnOpaque:1 ; Always have FastSkyLUT 1 in this case to avoid wrong sky]]
[2022.01.24-21.21.53:235][  0]LogConfig: Setting CVar [[r.SkyAtmosphere.AerialPerspectiveLUT.SampleCountMaxPerSlice:4]]
[2022.01.24-21.21.53:235][  0]LogConfig: Setting CVar [[r.SkyAtmosphere.AerialPerspectiveLUT.DepthResolution:16.0]]
[2022.01.24-21.21.53:235][  0]LogConfig: Setting CVar [[r.SkyAtmosphere.FastSkyLUT:1]]
[2022.01.24-21.21.53:235][  0]LogConfig: Setting CVar [[r.SkyAtmosphere.FastSkyLUT.SampleCountMin:4.0]]
[2022.01.24-21.21.53:235][  0]LogConfig: Setting CVar [[r.SkyAtmosphere.FastSkyLUT.SampleCountMax:128.0]]
[2022.01.24-21.21.53:235][  0]LogConfig: Setting CVar [[r.SkyAtmosphere.SampleCountMin:4.0]]
[2022.01.24-21.21.53:235][  0]LogConfig: Setting CVar [[r.SkyAtmosphere.SampleCountMax:128.0]]
[2022.01.24-21.21.53:235][  0]LogConfig: Setting CVar [[r.SkyAtmosphere.TransmittanceLUT.UseSmallFormat:0]]
[2022.01.24-21.21.53:235][  0]LogConfig: Setting CVar [[r.SkyAtmosphere.TransmittanceLUT.SampleCount:10.0]]
[2022.01.24-21.21.53:235][  0]LogConfig: Setting CVar [[r.SkyAtmosphere.MultiScatteringLUT.SampleCount:15.0]]
[2022.01.24-21.21.53:235][  0]LogConfig: Setting CVar [[r.SkyLight.RealTimeReflectionCapture:1]]
[2022.01.24-21.21.53:235][  0]LogConfig: Applying CVar settings from Section [FoliageQuality@3] File [D:/rt/Logipaignion/The_Elementalists/Saved/Config/Windows/Scalability.ini]
[2022.01.24-21.21.53:235][  0]LogConfig: Setting CVar [[foliage.DensityScale:1.0]]
[2022.01.24-21.21.53:235][  0]LogConfig: Setting CVar [[grass.DensityScale:1.0]]
[2022.01.24-21.21.53:235][  0]LogConfig: Applying CVar settings from Section [ShadingQuality@3] File [D:/rt/Logipaignion/The_Elementalists/Saved/Config/Windows/Scalability.ini]
[2022.01.24-21.21.53:235][  0]LogConfig: Setting CVar [[r.HairStrands.SkyLighting.IntegrationType:2]]
[2022.01.24-21.21.53:235][  0]LogConfig: Setting CVar [[r.HairStrands.SkyAO.SampleCount:4]]
[2022.01.24-21.21.53:236][  0]LogConfig: Setting CVar [[r.HairStrands.Visibility.MSAA.SamplePerPixel:4]]
[2022.01.24-21.21.53:236][  0]LogConfig: Applying CVar settings from Section [Startup] File [../../../Engine/Config/ConsoleVariables.ini]
[2022.01.24-21.21.53:236][  0]LogConfig: Setting CVar [[net.UseAdaptiveNetUpdateFrequency:0]]
[2022.01.24-21.21.53:236][  0]LogConfig: Setting CVar [[p.chaos.AllowCreatePhysxBodies:1]]
[2022.01.24-21.21.53:236][  0]LogConfig: Setting CVar [[fx.SkipVectorVMBackendOptimizations:1]]
[2022.01.24-21.21.53:236][  0]LogConfig: Applying CVar settings from Section [ConsoleVariables] File [D:/rt/Logipaignion/The_Elementalists/Saved/Config/Windows/Engine.ini]
[2022.01.24-21.21.53:236][  0]LogConfig: Applying CVar settings from Section [ConsoleVariables] File [D:/rt/Logipaignion/The_Elementalists/Saved/Config/Windows/Editor.ini]
[2022.01.24-21.21.53:236][  0]LogInit: Computer: DESKTOP-7U3OGSV
[2022.01.24-21.21.53:236][  0]LogInit: User: hbnm
[2022.01.24-21.21.53:236][  0]LogInit: CPU Page size=4096, Cores=4
[2022.01.24-21.21.53:236][  0]LogInit: High frequency timer resolution =10.000000 MHz
[2022.01.24-21.21.53:236][  0]LogMemory: Memory total: Physical=15.9GB (16GB approx)
[2022.01.24-21.21.53:236][  0]LogMemory: Platform Memory Stats for Windows
[2022.01.24-21.21.53:236][  0]LogMemory: Process Physical Memory: 141.86 MB used, 141.86 MB peak
[2022.01.24-21.21.53:236][  0]LogMemory: Process Virtual Memory: 114.20 MB used, 114.20 MB peak
[2022.01.24-21.21.53:237][  0]LogMemory: Physical Memory: 8965.89 MB used,  7353.91 MB free, 16319.80 MB total
[2022.01.24-21.21.53:237][  0]LogMemory: Virtual Memory: 134205552.00 MB used,  12174.71 MB free, 134217728.00 MB total
[2022.01.24-21.21.53:245][  0]LogWindows: WindowsPlatformFeatures enabled
[2022.01.24-21.21.53:466][  0]LogInit: Physics initialised using underlying interface: PhysX
[2022.01.24-21.21.53:467][  0]LogInit: Using OS detected language (en-US).
[2022.01.24-21.21.53:468][  0]LogInit: Using OS detected locale (en-CY).
[2022.01.24-21.21.53:475][  0]LogTextLocalizationManager: No specific localization for 'en-US' exists, so the 'en' localization will be used.
[2022.01.24-21.21.53:741][  0]LogInit: Setting process to per monitor DPI aware
[2022.01.24-21.21.53:769][  0]LogWindowsTextInputMethodSystem: Display: IME system deactivated.
[2022.01.24-21.21.53:790][  0]LogSlate: New Slate User Created.  User Index 0, Is Virtual User: 0
[2022.01.24-21.21.53:790][  0]LogSlate: Slate User Registered.  User Index 0, Is Virtual User: 0
[2022.01.24-21.21.53:940][  0]LogD3D11RHI: Loaded GFSDK_Aftermath_Lib.x64.dll
[2022.01.24-21.21.53:945][  0]LogHMD: Failed to initialize OpenVR with code 110
[2022.01.24-21.21.53:945][  0]LogD3D11RHI: D3D11 min allowed feature level: 11_0
[2022.01.24-21.21.53:945][  0]LogD3D11RHI: D3D11 max allowed feature level: 11_0
[2022.01.24-21.21.53:945][  0]LogD3D11RHI: D3D11 adapters:
[2022.01.24-21.21.54:104][  0]LogD3D11RHI:    0. 'NVIDIA GeForce GTX 1650 SUPER' (Feature Level 11_0)
[2022.01.24-21.21.54:109][  0]LogD3D11RHI:       3955/0/8159 MB DedicatedVideo/DedicatedSystem/SharedSystem, Outputs:2, VendorId:0x10de
[2022.01.24-21.21.54:138][  0]LogD3D11RHI:    1. 'Microsoft Basic Render Driver' (Feature Level 11_0)
[2022.01.24-21.21.54:138][  0]LogD3D11RHI:       0/0/8159 MB DedicatedVideo/DedicatedSystem/SharedSystem, Outputs:0, VendorId:0x1414
[2022.01.24-21.21.54:138][  0]LogD3D11RHI: Chosen D3D11 Adapter:
[2022.01.24-21.21.54:138][  0]LogD3D11RHI:     Description : NVIDIA GeForce GTX 1650 SUPER
[2022.01.24-21.21.54:138][  0]LogD3D11RHI:     VendorId    : 10de
[2022.01.24-21.21.54:138][  0]LogD3D11RHI:     DeviceId    : 2187
[2022.01.24-21.21.54:138][  0]LogD3D11RHI:     SubSysId    : 401a1458
[2022.01.24-21.21.54:138][  0]LogD3D11RHI:     Revision    : 00a1
[2022.01.24-21.21.54:138][  0]LogD3D11RHI:     DedicatedVideoMemory : 4147118080 bytes
[2022.01.24-21.21.54:138][  0]LogD3D11RHI:     DedicatedSystemMemory : 0 bytes
[2022.01.24-21.21.54:138][  0]LogD3D11RHI:     SharedSystemMemory : 8556275712 bytes
[2022.01.24-21.21.54:138][  0]LogD3D11RHI:     AdapterLuid : 0 43674
[2022.01.24-21.21.54:144][  0]LogD3D11RHI: Creating new Direct3DDevice
[2022.01.24-21.21.54:144][  0]LogD3D11RHI:     GPU DeviceId: 0x2187 (for the marketing name, search the web for "GPU Device Id")
[2022.01.24-21.21.54:144][  0]LogWindows: EnumDisplayDevices:
[2022.01.24-21.21.54:145][  0]LogWindows:    0. 'NVIDIA GeForce GTX 1650 SUPER' (P:1 D:1)
[2022.01.24-21.21.54:145][  0]LogWindows:    1. 'NVIDIA GeForce GTX 1650 SUPER' (P:0 D:1)
[2022.01.24-21.21.54:145][  0]LogWindows:    2. 'NVIDIA GeForce GTX 1650 SUPER' (P:0 D:0)
[2022.01.24-21.21.54:145][  0]LogWindows:    3. 'NVIDIA GeForce GTX 1650 SUPER' (P:0 D:0)
[2022.01.24-21.21.54:146][  0]LogWindows: DebugString: FoundDriverCount:4 
[2022.01.24-21.21.54:146][  0]LogD3D11RHI:     Adapter Name: NVIDIA GeForce GTX 1650 SUPER
[2022.01.24-21.21.54:146][  0]LogD3D11RHI:   Driver Version: 472.12 (internal:30.0.14.7212, unified:472.12)
[2022.01.24-21.21.54:146][  0]LogD3D11RHI:      Driver Date: 9-13-2021
[2022.01.24-21.21.54:146][  0]LogRHI: Texture pool is 2768 MB (70% of 3955 MB)
[2022.01.24-21.21.54:146][  0]LogD3D11RHI: Creating D3DDevice using adapter:
[2022.01.24-21.21.54:146][  0]LogD3D11RHI:     Description : NVIDIA GeForce GTX 1650 SUPER
[2022.01.24-21.21.54:146][  0]LogD3D11RHI:     VendorId    : 10de
[2022.01.24-21.21.54:146][  0]LogD3D11RHI:     DeviceId    : 2187
[2022.01.24-21.21.54:146][  0]LogD3D11RHI:     SubSysId    : 401a1458
[2022.01.24-21.21.54:146][  0]LogD3D11RHI:     Revision    : 00a1
[2022.01.24-21.21.54:146][  0]LogD3D11RHI:     DedicatedVideoMemory : 4147118080 bytes
[2022.01.24-21.21.54:146][  0]LogD3D11RHI:     DedicatedSystemMemory : 0 bytes
[2022.01.24-21.21.54:146][  0]LogD3D11RHI:     SharedSystemMemory : 8556275712 bytes
[2022.01.24-21.21.54:146][  0]LogD3D11RHI:     AdapterLuid : 0 43674
[2022.01.24-21.21.54:250][  0]LogD3D11RHI: RHI has support for 64 bit atomics
[2022.01.24-21.21.54:250][  0]LogD3D11RHI: Async texture creation enabled
[2022.01.24-21.21.54:251][  0]LogD3D11RHI: Array index from any shader is supported
[2022.01.24-21.21.54:277][  0]LogD3D11RHI: GPU Timing Frequency: 1000.000000 (Debug: 2 1)
[2022.01.24-21.21.54:343][  0]LogRHI: GeForceNow SDK initialized: 1
[2022.01.24-21.21.54:654][  0]LogTargetPlatformManager: Display: Loaded TargetPlatform 'AllDesktop'
[2022.01.24-21.21.54:682][  0]LogTargetPlatformManager: Display: Loaded TargetPlatform 'Android'
[2022.01.24-21.21.54:682][  0]LogTargetPlatformManager: Display: Loaded TargetPlatform 'Android_ASTC'
[2022.01.24-21.21.54:682][  0]LogTargetPlatformManager: Display: Loaded TargetPlatform 'Android_DXT'
[2022.01.24-21.21.54:682][  0]LogTargetPlatformManager: Display: Loaded TargetPlatform 'Android_ETC2'
[2022.01.24-21.21.54:682][  0]LogTargetPlatformManager: Display: Loaded TargetPlatform 'AndroidClient'
[2022.01.24-21.21.54:683][  0]LogTargetPlatformManager: Display: Loaded TargetPlatform 'Android_ASTCClient'
[2022.01.24-21.21.54:683][  0]LogTargetPlatformManager: Display: Loaded TargetPlatform 'Android_DXTClient'
[2022.01.24-21.21.54:683][  0]LogTargetPlatformManager: Display: Loaded TargetPlatform 'Android_ETC2Client'
[2022.01.24-21.21.54:683][  0]LogTargetPlatformManager: Display: Loaded TargetPlatform 'Android_Multi'
[2022.01.24-21.21.54:683][  0]LogTargetPlatformManager: Display: Loaded TargetPlatform 'Android_MultiClient'
[2022.01.24-21.21.54:712][  0]LogTargetPlatformManager: Display: Loaded TargetPlatform 'IOSClient'
[2022.01.24-21.21.54:712][  0]LogTargetPlatformManager: Display: Loaded TargetPlatform 'IOS'
[2022.01.24-21.21.54:724][  0]LogTargetPlatformManager: Display: Loaded TargetPlatform 'Linux'
[2022.01.24-21.21.54:730][  0]LogTargetPlatformManager: Display: Loaded TargetPlatform 'LinuxNoEditor'
[2022.01.24-21.21.54:737][  0]LogTargetPlatformManager: Display: Loaded TargetPlatform 'LinuxClient'
[2022.01.24-21.21.54:744][  0]LogTargetPlatformManager: Display: Loaded TargetPlatform 'LinuxServer'
[2022.01.24-21.21.54:755][  0]LogTargetPlatformManager: Display: Loaded TargetPlatform 'LinuxAArch64NoEditor'
[2022.01.24-21.21.54:761][  0]LogTargetPlatformManager: Display: Loaded TargetPlatform 'LinuxAArch64Client'
[2022.01.24-21.21.54:768][  0]LogTargetPlatformManager: Display: Loaded TargetPlatform 'LinuxAArch64Server'
[2022.01.24-21.21.54:798][  0]LogTargetPlatformManager: Display: Loaded TargetPlatform 'Lumin'
[2022.01.24-21.21.54:798][  0]LogTargetPlatformManager: Display: Loaded TargetPlatform 'LuminClient'
[2022.01.24-21.21.54:809][  0]LogTargetPlatformManager: Display: Loaded TargetPlatform 'MacNoEditor'
[2022.01.24-21.21.54:815][  0]LogTargetPlatformManager: Display: Loaded TargetPlatform 'Mac'
[2022.01.24-21.21.54:821][  0]LogTargetPlatformManager: Display: Loaded TargetPlatform 'MacClient'
[2022.01.24-21.21.54:827][  0]LogTargetPlatformManager: Display: Loaded TargetPlatform 'MacServer'
[2022.01.24-21.21.54:839][  0]LogTargetPlatformManager: Display: Loaded TargetPlatform 'TVOSClient'
[2022.01.24-21.21.54:839][  0]LogTargetPlatformManager: Display: Loaded TargetPlatform 'TVOS'
[2022.01.24-21.21.54:850][  0]LogTargetPlatformManager: Display: Loaded TargetPlatform 'WindowsNoEditor'
[2022.01.24-21.21.54:857][  0]LogTargetPlatformManager: Display: Loaded TargetPlatform 'Windows'
[2022.01.24-21.21.54:863][  0]LogTargetPlatformManager: Display: Loaded TargetPlatform 'WindowsClient'
[2022.01.24-21.21.54:870][  0]LogTargetPlatformManager: Display: Loaded TargetPlatform 'WindowsServer'
[2022.01.24-21.21.54:870][  0]LogTargetPlatformManager: Display: Building Assets For Windows
[2022.01.24-21.21.54:891][  0]LogAudioDebug: Display: Lib vorbis DLL was dynamically loaded.
[2022.01.24-21.21.54:946][  0]LogTextureFormatOodle: Display: Oodle Texture 2.9.0 init RDO Off
[2022.01.24-21.21.55:024][  0]LogRendererCore: Ray tracing is disabled. Reason: r.RayTracing=0.
[2022.01.24-21.21.55:024][  0]LogShaderCompilers: Guid format shader working directory is 8 characters bigger than the processId version (D:/rt/Logipaignion/The_Elementalists/Intermediate/Shaders/WorkingDirectory/17516/).
[2022.01.24-21.21.55:024][  0]LogShaderCompilers: Cleaned the shader compiler working directory 'C:/Users/hbnm/AppData/Local/Temp/UnrealShaderWorkingDir/980431D949895C8BCC1A908AA09217D8/'.
[2022.01.24-21.21.55:025][  0]LogXGEController: Cannot use XGE Controller as Incredibuild is not installed on this machine.
[2022.01.24-21.21.55:025][  0]LogShaderCompilers: Cannot use XGE Shader Compiler as Incredibuild is not installed on this machine.
[2022.01.24-21.21.55:025][  0]LogShaderCompilers: Display: Using Local Shader Compiler.
[2022.01.24-21.21.55:911][  0]LogDerivedDataCache: Display: Max Cache Size: 512 MB
[2022.01.24-21.21.55:963][  0]LogDerivedDataCache: Loaded boot cache 0.05s 94MB C:/Users/hbnm/AppData/Local/UnrealEngine/4.27/DerivedDataCache/Boot.ddc.
[2022.01.24-21.21.55:964][  0]LogDerivedDataCache: Display: Loaded Boot cache: C:/Users/hbnm/AppData/Local/UnrealEngine/4.27/DerivedDataCache/Boot.ddc
[2022.01.24-21.21.55:964][  0]LogDerivedDataCache: FDerivedDataBackendGraph:  Pak pak cache file D:/rt/Logipaignion/The_Elementalists/DerivedDataCache/DDC.ddp not found, will not use a pak cache.
[2022.01.24-21.21.55:964][  0]LogDerivedDataCache: Unable to find inner node Pak for hierarchical cache Hierarchy.
[2022.01.24-21.21.55:964][  0]LogDerivedDataCache: FDerivedDataBackendGraph:  CompressedPak pak cache file D:/rt/Logipaignion/The_Elementalists/DerivedDataCache/Compressed.ddp not found, will not use a pak cache.
[2022.01.24-21.21.55:964][  0]LogDerivedDataCache: Unable to find inner node CompressedPak for hierarchical cache Hierarchy.
[2022.01.24-21.21.55:979][  0]LogDerivedDataCache: Display: Pak cache opened for reading ../../../Engine/DerivedDataCache/Compressed.ddp.
[2022.01.24-21.21.55:979][  0]LogDerivedDataCache: FDerivedDataBackendGraph:  EnterprisePak pak cache file ../../../Enterprise/DerivedDataCache/Compressed.ddp not found, will not use a pak cache.
[2022.01.24-21.21.55:979][  0]LogDerivedDataCache: Unable to find inner node EnterprisePak for hierarchical cache Hierarchy.
[2022.01.24-21.21.55:985][  0]LogDerivedDataCache: Speed tests for C:/Users/hbnm/AppData/Local/UnrealEngine/Common/DerivedDataCache took 0.01 seconds
[2022.01.24-21.21.55:987][  0]LogDerivedDataCache: Display: Performance to C:/Users/hbnm/AppData/Local/UnrealEngine/Common/DerivedDataCache: Latency=0.03ms. RandomReadSpeed=1703.97MBs, RandomWriteSpeed=198.20MBs. Assigned SpeedClass 'Local'
[2022.01.24-21.21.56:002][  0]LogDerivedDataCache: Using Local data cache path C:/Users/hbnm/AppData/Local/UnrealEngine/Common/DerivedDataCache: Writable
[2022.01.24-21.21.56:003][  0]LogDerivedDataCache: Shared data cache path not found in *engine.ini, will not use an Shared cache.
[2022.01.24-21.21.56:003][  0]LogDerivedDataCache: Unable to find inner node Shared for hierarchical cache Hierarchy.
[2022.01.24-21.21.56:057][  0]LogSlate: Using FreeType 2.10.0
[2022.01.24-21.21.56:057][  0]LogSlate: SlateFontServices - WITH_FREETYPE: 1, WITH_HARFBUZZ: 1
[2022.01.24-21.21.56:083][  0]LogAssetRegistry: FAssetRegistry took 0.0038 seconds to start up
[2022.01.24-21.21.56:347][  0]LogInit: Selected Device Profile: [Windows]
[2022.01.24-21.21.56:347][  0]LogInit: Active device profile: [00000235A7BF2D00][00000235A7640240 49] Windows
[2022.01.24-21.21.56:347][  0]LogInit: Profiles: [00000235A7BF2D00][00000235A7640240 49] Windows, [00000235A7B6E800][00000235A76483C0 49] WindowsNoEditor, [00000235A7BF1100][00000235A764C540 49] WindowsServer, [00000235A7B6E900][00000235A7644680 49] WindowsClient, [00000235A7BF2800][00000235A76507C0 49] IOS, [00000235A7BF1200][00000235A0BF6900 49] iPadAir, [00000235A7B52100][00000235A6E8CA80 49] iPadAir2, [00000235A7AECD00][00000235A6EEED40 49] IPadPro, [00000235A7AECE00][00000235A6EE4D80 49] iPadAir3, [00000235A7B50600][00000235A6EF8F00 49] iPadAir4, [00000235A7AEC200][00000235A6F03080 49] iPadMini2, [00000235A7B53800][00000235A6F07200 49] iPadMini3, [00000235A7AEEE00][00000235A6F0B380 49] iPadMini4, [00000235A7B52000][00000235A0C2F500 49] iPadMini5, [00000235A7B6FD00][00000235A0C377C0 49] iPhone6, [00000235A7B6FC00][00000235A0C33800 49] iPodTouch6, [00000235A7AEC900][00000235A0C3FAC0 49] iPhone7, [00000235A7AEF600][00000235A0C3BB00 49] iPodTouch7, [00000235A7B6D600][00000235A0C4A100 49] iPhone5S, [00000235A7AED600][00000235A756E280 49] iPhone6Plus, [00000235A7B6F400][00000235A7572400 49] iPhone6S, [00000235A7AED400][00000235A4CA4580 49] iPhone6SPlus, [00000235A7B6E300][00000235A7576700 49] iPhone7Plus, [00000235A7AEE100][00000235A6E88840 49] iPhoneSE, [00000235A7B6E500][00000235A757A980 49] iPhone8, [00000235A7AECB00][00000235A757EAC0 49] iPhone8Plus, [00000235A7B6C900][00000235A6F6CC40 49] iPhoneX, [00000235A7AEE800][00000235A6F4ADC0 49] iPhoneXS, [00000235A7B6C200][00000235A6F46F40 49] iPhoneXSMax, [00000235A7AEC100][00000235A6F270C0 49] iPhoneXR, [00000235A7B6F500][00000235A0B5B240 49] iPhone11, [00000235A7AEF100][00000235A0C793C0 49] iPhone11Pro, [00000235A7B6F900][00000235A0B57540 49] iPhone11ProMax, [00000235A7AEFD00][00000235A4CA16C0 49] iPhoneSE2, [00000235A7B6FB00][00000235A30CB840 49] iPhone12Mini, [00000235A7AEEF00][00000235A6E059C0 49] iPhone12, [00000235A7B6CD00][00000235A6E09B40 49] iPhone12Pro, [00000235A7AEE900][00000235A6E0C140 49] iPhone12ProMax, [00000235A7B6C400][00000235A6E102C0 49] iPadPro105, [00000235A7AEE500][00000235A6E14440 49] iPadPro129, [00000235A7B6C100][00000235A6E185C0 49] iPadPro97, [00000235A7AEE700][00000235A6E1C740 49] iPadPro2_129, [00000235A7B6C600][00000235A6E208C0 49] iPad5, [00000235A7AEEC00][00000235A2798A00 49] iPad6, [00000235A7B6CE00][00000235A6E24B40 49] iPad7, [00000235A7AED500][00000235A6E28C80 49] iPad8, [00000235A7B6F700][00000235A6E2CDC0 49] iPadPro11, [00000235A7AEFC00][00000235A6E34F40 49] iPadPro2_11, [00000235A7B6F200][00000235A6E390C0 49] iPadPro3_129, [00000235A7AEE200][00000235A6E3D240 49] iPadPro4_129, [00000235A7B6DF00][00000235A6E493C0 49] AppleTV, [00000235A7AEDA00][00000235A6E4D540 49] AppleTV4K, [00000235A7B6DA00][00000235A6E516C0 49] TVOS, [00000235A7AECF00][00000235A6E55840 49] Mac, [00000235A7B6E200][00000235A6E599C0 49] MacClient, [00000235A7AED700][00000235A6E5DB40 49] MacNoEditor, [00000235A7B6FE00][00000235A6E60140 49] MacServer, [00000235A7AEF400][00000235A6E642C0 49] Linux, [00000235A7B6EB00][00000235A6E68440 49] LinuxAArch64, [00000235A7AEF200][00000235A6E6C5C0 49] LinuxNoEditor, [00000235A7B6F000][00000235A6E70740 49] LinuxAArch64NoEditor, [00000235A7AEDE00][00000235A6E748C0 49] LinuxClient, [00000235A7B6F600][00000235A6E78A40 49] LinuxAArch64Client, [00000235A7AEC300][00000235A6E30B80 49] LinuxServer, [00000235A7B6D200][00000235A6E7CCC0 49] LinuxAArch64Server, [00000235A7AEE000][00000235A6E80E00 49] Android, [00000235A7B50200][00000235A6E84F40 49] Android_Low, [00000235A7BF1E00][00000235A75870C0 49] Android_Mid, [00000235A7B53000][00000235A758B240 49] Android_High, [00000235A7BF2900][00000235A758F3C0 49] Android_Default, [00000235A7B51700][00000235A7593540 49] Android_Adreno4xx, [00000235A7BF0700][00000235A75976C0 49] Android_Adreno5xx_Low, [00000235A7B50D00][00000235A759B840 49] Android_Adreno5xx, [00000235A7BF1300][00000235A759F9C0 49] Android_Adreno6xx, [00000235A7B51000][00000235A75A3B40 49] Android_Adreno6xx_Vulkan, [00000235A7BF0100][00000235A75A6140 49] Android_Mali_T6xx, [00000235A7B52E00][00000235A75AA2C0 49] Android_Mali_T7xx, [00000235A7BF2500][00000235A75AE440 49] Android_Mali_T8xx, [00000235A7B53E00][00000235A75B25C0 49] Android_Mali_G71, [00000235A7BF3000][00000235A75B6740 49] Android_Mali_G72, [00000235A7B53500][00000235A75BA8C0 49] Android_Mali_G72_Vulkan, [00000235A7BF0B00][00000235A75BEA40 49] Android_Mali_G76, [00000235A7B50C00][00000235A7504BC0 49] Android_Mali_G76_Vulkan, [00000235A7BF2B00][00000235A7508D40 49] Android_Mali_G77, [00000235A7B51600][00000235A7582E80 49] Android_Mali_G77_Vulkan, [00000235A7BF2100][00000235A750CFC0 49] Android_Mali_G78, [00000235A7B53600][00000235A7511100 49] Android_Mali_G78_Vulkan, [00000235A7BF1600][00000235A7519280 49] Android_Mali_G710, [00000235A7B50F00][00000235A751D400 49] Android_Mali_G710_Vulkan, [00000235A7BF1700][00000235A7521580 49] Android_Vulkan_SM5, [00000235A7B52600][00000235A7525700 49] Android_PowerVR_G6xxx, [00000235A7BF0600][00000235A7529880 49] Android_PowerVR_GT7xxx, [00000235A7B52500][00000235A752DA00 49] Android_PowerVR_GE8xxx, [00000235A7BF2C00][00000235A7531B80 49] Android_PowerVR_GM9xxx, [00000235A7AEF300][00000235A7534180 49] Android_PowerVR_GM9xxx_Vulkan, [00000235A7BF1C00][00000235A7538300 49] Android_TegraK1, [00000235A7AEC800][00000235A753C480 49] Android_Unknown_Vulkan, [00000235A7BF0900][00000235A7540600 49] Lumin, [00000235A7AED000][00000235A7544780 49] Lumin_Desktop, [00000235A7BF3200][00000235A7548900 49] HoloLens, 
[2022.01.24-21.21.56:527][  0]LogMeshReduction: Using QuadricMeshReduction for automatic static mesh reduction
[2022.01.24-21.21.56:527][  0]LogMeshReduction: Using SimplygonMeshReduction for automatic skeletal mesh reduction
[2022.01.24-21.21.56:527][  0]LogMeshReduction: Using ProxyLODMeshReduction for automatic mesh merging
[2022.01.24-21.21.56:527][  0]LogMeshReduction: No distributed automatic mesh merging module available
[2022.01.24-21.21.56:528][  0]LogMeshMerging: No distributed automatic mesh merging module available
[2022.01.24-21.21.56:547][  0]LogNetVersion: The_Elementalists 1.0.0, NetCL: 17155196, EngineNetVer: 17, GameNetVer: 0 (Checksum: 2215583078)
[2022.01.24-21.21.56:923][  0]LogTexture: Default maximum texture size for cubemaps generated from long-lat sources has been changed from 512 to unlimited. In order to preserve old behaiour for '/Engine/MapTemplates/Sky/DaylightAmbientCubemap.DaylightAmbientCubemap', its maximum texture size has been explicitly set to 512.
[2022.01.24-21.21.56:978][  0]LogHMD: PokeAHoleMaterial loaded successfully
[2022.01.24-21.21.56:985][  0]LogUObjectArray: 17178 objects as part of root set at end of initial load.
[2022.01.24-21.21.56:985][  0]LogUObjectAllocator: 4301856 out of 0 bytes used by permanent object pool.
[2022.01.24-21.21.56:985][  0]LogUObjectArray: CloseDisregardForGC: 0/0 objects in disregard for GC pool
[2022.01.24-21.21.57:434][  0]LogNiagaraDebuggerClient: Niagara Debugger Client Initialized | Session: 4FDE15124B96BC9E36198EBB3E137DBE | Instance: 583147D84C29177D62F8068DCCE68FE9 (DESKTOP-7U3OGSV-17516).
[2022.01.24-21.21.57:598][  0]LogImageWrapper: Warning: PNG Warning: Duplicate iCCP chunk
[2022.01.24-21.21.57:598][  0]LogImageWrapper: Warning: PNG Warning: Duplicate iCCP chunk
[2022.01.24-21.21.57:598][  0]LogPython: Using Python 3.7.7
[2022.01.24-21.21.58:181][  0]LogTcpMessaging: Initializing TcpMessaging bridge
[2022.01.24-21.21.58:188][  0]LogUdpMessaging: Initializing bridge on interface 0.0.0.0:0 to multicast group 230.0.0.1:6666.
[2022.01.24-21.21.58:433][  0]SourceControl: Source control is disabled
[2022.01.24-21.21.58:433][  0]SourceControl: Source control is disabled
[2022.01.24-21.21.58:437][  0]SourceControl: Source control is disabled
[2022.01.24-21.21.58:442][  0]SourceControl: Source control is disabled
[2022.01.24-21.21.58:456][  0]SourceControl: Source control is disabled
[2022.01.24-21.21.58:467][  0]LogUProjectInfo: Found projects:
[2022.01.24-21.21.58:749][  0]LogOpenImageDenoise: OIDN starting up
[2022.01.24-21.21.58:807][  0]LogAndroidPermission: UAndroidPermissionCallbackProxy::GetInstance
[2022.01.24-21.21.58:837][  0]LogAudioCaptureCore: Display: No Audio Capture implementations found. Audio input will be silent.
[2022.01.24-21.21.58:837][  0]LogAudioCaptureCore: Display: No Audio Capture implementations found. Audio input will be silent.
[2022.01.24-21.21.58:982][  0]LogCollectionManager: Loaded 0 collections in 0.001854 seconds
[2022.01.24-21.21.59:013][  0]LogFileCache: Scanning file cache for directory 'D:/rt/Logipaignion/The_Elementalists/Saved/Collections/' took 0.00s
[2022.01.24-21.21.59:013][  0]LogFileCache: Scanning file cache for directory 'D:/rt/Logipaignion/The_Elementalists/Content/Developers/hbnm/Collections/' took 0.00s
[2022.01.24-21.21.59:013][  0]LogFileCache: Scanning file cache for directory 'D:/rt/Logipaignion/The_Elementalists/Content/Collections/' took 0.00s
[2022.01.24-21.21.59:014][  0]LogOcInput: OculusInput pre-init called
[2022.01.24-21.21.59:248][  0]LogImageWrapper: Warning: PNG Warning: Duplicate iCCP chunk
[2022.01.24-21.21.59:248][  0]LogImageWrapper: Warning: PNG Warning: Duplicate iCCP chunk
[2022.01.24-21.21.59:248][  0]LogEngine: Initializing Engine...
[2022.01.24-21.21.59:253][  0]LogHMD: Failed to enumerate extensions. Please check that you have a valid OpenXR runtime installed.
[2022.01.24-21.21.59:253][  0]LogHMD: Failed to initialize OpenVR with code 110
[2022.01.24-21.21.59:253][  0]LogMagicLeap: Warning: VR disabled because ZI is not enabled.  To enable, in the editor, Edit -> Project Settings -> Plugins -> Magic Leap Plugin -> Enable Zero Iteration
[2022.01.24-21.21.59:254][  0]LogStats: UGameplayTagsManager::InitializeManager -  0.000 s
[2022.01.24-21.21.59:369][  0]LogInit: Initializing FReadOnlyCVARCache
[2022.01.24-21.21.59:378][  0]LogAIModule: Creating AISystem for world Untitled
[2022.01.24-21.21.59:385][  0]LogAudio: Display: Initializing Audio Device Manager...
[2022.01.24-21.21.59:390][  0]LogAudio: Display: Loading Default Audio Settings Objects...
[2022.01.24-21.21.59:390][  0]LogAudio: Display: No default SoundConcurrencyObject specified (or failed to load).
[2022.01.24-21.21.59:391][  0]LogAudio: Display: Audio Device Manager Initialized
[2022.01.24-21.21.59:391][  0]LogAudio: Display: Creating Audio Device:                 Id: 1, Scope: Shared, Realtime: True
[2022.01.24-21.21.59:392][  0]LogAudioMixer: Display: Audio Mixer Platform Settings:
[2022.01.24-21.21.59:392][  0]LogAudioMixer: Display: 	Sample Rate:						  48000
[2022.01.24-21.21.59:392][  0]LogAudioMixer: Display: 	Callback Buffer Frame Size Requested: 1024
[2022.01.24-21.21.59:392][  0]LogAudioMixer: Display: 	Callback Buffer Frame Size To Use:	  1024
[2022.01.24-21.21.59:392][  0]LogAudioMixer: Display: 	Number of buffers to queue:			  2
[2022.01.24-21.21.59:392][  0]LogAudioMixer: Display: 	Max Channels (voices):				  32
[2022.01.24-21.21.59:392][  0]LogAudioMixer: Display: 	Number of Async Source Workers:		  0
[2022.01.24-21.21.59:392][  0]LogAudio: Display: AudioDevice MaxSources: 32
[2022.01.24-21.21.59:393][  0]LogAudio: Display: Audio Spatialization Plugin: None (built-in).
[2022.01.24-21.21.59:393][  0]LogAudio: Display: Audio Reverb Plugin: None (built-in).
[2022.01.24-21.21.59:393][  0]LogAudio: Display: Audio Occlusion Plugin: None (built-in).
[2022.01.24-21.21.59:393][  0]LogAudioMixer: Display: Initializing audio mixer.
[2022.01.24-21.21.59:409][  0]LogAudioMixer: Display: 0: FrontLeft
[2022.01.24-21.21.59:409][  0]LogAudioMixer: Display: 1: FrontRight
[2022.01.24-21.21.59:434][  0]LogAudioMixer: Display: Using Audio Device Speakers (2- USB Audio Device)
[2022.01.24-21.21.59:436][  0]LogAudioMixer: Display: Initializing Sound Submixes...
[2022.01.24-21.21.59:438][  0]LogAudioMixer: Display: Creating Master Submix 'MasterSubmixDefault'
[2022.01.24-21.21.59:438][  0]LogAudioMixer: Display: Creating Master Submix 'MasterReverbSubmixDefault'
[2022.01.24-21.21.59:439][  0]LogAudioMixer: Display: Creating Master Submix 'MasterEQSubmixDefault'
[2022.01.24-21.21.59:440][  0]LogAudioMixer: FMixerPlatformXAudio2::StartAudioStream() called
[2022.01.24-21.21.59:440][  0]LogAudioMixer: Display: Output buffers initialized: Frames=1024, Channels=2, Samples=2048
[2022.01.24-21.21.59:441][  0]LogAudioMixer: Display: Starting AudioMixerPlatformInterface::RunInternal()
[2022.01.24-21.21.59:441][  0]LogAudioMixer: Display: FMixerPlatformXAudio2::SubmitBuffer() called for the first time
[2022.01.24-21.21.59:441][  0]LogInit: FAudioDevice initialized.
[2022.01.24-21.21.59:441][  0]LogAudio: Display: Audio Device (ID: 1) registered with world 'Untitled'.
[2022.01.24-21.21.59:443][  0]LogNetVersion: Set ProjectVersion to 1.0.0.0. Version Checksum will be recalculated on next use.
[2022.01.24-21.21.59:520][  0]LogDerivedDataCache: Saved boot cache 0.08s 94MB C:/Users/hbnm/AppData/Local/UnrealEngine/4.27/DerivedDataCache/Boot.ddc.
[2022.01.24-21.21.59:522][  0]LogInit: Texture streaming: Enabled
[2022.01.24-21.21.59:541][  0]LogAnalytics: Display: [UEEditor.Rocket.Release] APIServer = https://datarouter.ol.epicgames.com/. AppVersion = 4.27.1-17735300+++UE4+Release-4.27
[2022.01.24-21.21.59:545][  0]LogEngineSessionManager: EngineSessionManager initialized
[2022.01.24-21.21.59:545][  0]LogEditorSessionSummary: Verbose: Initializing EditorSessionSummaryWriter for editor session tracking
[2022.01.24-21.21.59:547][  0]LogEditorSessionSummary: EditorSessionSummaryWriter initialized
[2022.01.24-21.21.59:571][  0]LogInit: Transaction tracking system initialized
[2022.01.24-21.21.59:601][  0]BlueprintLog: New page: Editor Load
[2022.01.24-21.21.59:680][  0]LocalizationService: Localization service is disabled
[2022.01.24-21.21.59:710][  0]TimingProfiler: Initialize
[2022.01.24-21.21.59:710][  0]TimingProfiler: OnSessionChanged
[2022.01.24-21.21.59:710][  0]LoadingProfiler: Initialize
[2022.01.24-21.21.59:710][  0]LoadingProfiler: OnSessionChanged
[2022.01.24-21.21.59:710][  0]NetworkingProfiler: Initialize
[2022.01.24-21.21.59:710][  0]NetworkingProfiler: OnSessionChanged
[2022.01.24-21.21.59:710][  0]MemoryProfiler: Initialize
[2022.01.24-21.21.59:711][  0]MemoryProfiler: OnSessionChanged
[2022.01.24-21.21.59:869][  0]LogCook: Display: CookSettings for Memory: MemoryMaxUsedVirtual 0MiB, MemoryMaxUsedPhysical 16384MiB, MemoryMinFreeVirtual 0MiB, MemoryMinFreePhysical 1024MiB
[2022.01.24-21.21.59:869][  0]LogCook: Display: Mobile HDR setting 1
[2022.01.24-21.22.00:108][  0]LogFileCache: Scanning file cache for directory 'D:/rt/Logipaignion/The_Elementalists/Content/' took 0.01s
[2022.01.24-21.22.00:283][  0]LogImageWrapper: Warning: PNG Warning: Duplicate iCCP chunk
[2022.01.24-21.22.00:283][  0]LogImageWrapper: Warning: PNG Warning: Duplicate iCCP chunk
[2022.01.24-21.22.00:283][  0]LogInit: Display: Engine is initialized. Leaving FEngineLoop::Init()
[2022.01.24-21.22.00:287][  0]SourceControl: Source control is disabled
[2022.01.24-21.22.00:287][  0]LogUnrealEdMisc: Loading editor; pre map load, took 9.981
[2022.01.24-21.22.00:287][  0]Cmd: MAP LOAD FILE="../../../Engine/Content/Maps/Templates/Template_Default.umap" TEMPLATE=1 SHOWPROGRESS=1 FEATURELEVEL=3
[2022.01.24-21.22.00:287][  0]LightingResults: New page: Lighting Build
[2022.01.24-21.22.00:289][  0]LogWorld: UWorld::CleanupWorld for Untitled, bSessionEnded=true, bCleanupResources=true
[2022.01.24-21.22.00:289][  0]LogSlate: InvalidateAllWidgets triggered.  All widgets were invalidated
[2022.01.24-21.22.00:290][  0]MapCheck: New page: Map Check
[2022.01.24-21.22.00:290][  0]LightingResults: New page: Lighting Build
[2022.01.24-21.22.00:294][  0]LogAudio: Display: Audio Device unregistered from world 'None'.
[2022.01.24-21.22.00:298][  0]LogUObjectHash: Compacting FUObjectHashTables data took   1.02ms
[2022.01.24-21.22.00:355][  0]LogTexture: Display: Building textures: DeprecatedTextureEB9CBE3C423008B5E8E130901E171C89 (BGRA8, 128X128)
[2022.01.24-21.22.00:367][  0]LogAudio: Display: Audio Device (ID: 1) registered with world 'Untitled_1'.
[2022.01.24-21.22.00:370][  0]LogAIModule: Creating AISystem for world Untitled_1
[2022.01.24-21.22.00:375][  0]LogEditorServer: Finished looking for orphan Actors (0.000 secs)
[2022.01.24-21.22.00:383][  0]LogUObjectHash: Compacting FUObjectHashTables data took   1.04ms
[2022.01.24-21.22.00:383][  0]Cmd: MAP CHECKDEP NOCLEARLOG
[2022.01.24-21.22.00:383][  0]MapCheck: Map check complete: 0 Error(s), 0 Warning(s), took 0.143ms to complete.
[2022.01.24-21.22.00:383][  0]LogFileHelpers: Loading map 'Template_Default' took 0.096
[2022.01.24-21.22.00:386][  0]LogUnrealEdMisc: Total Editor Startup Time, took 10.080
[2022.01.24-21.22.00:499][  0]LogSlate: Updating window title bar state: overlay mode, drag disabled, window buttons hidden, title bar hidden
[2022.01.24-21.22.00:514][  0]LogSlate: Updating window title bar state: overlay mode, drag disabled, window buttons hidden, title bar hidden
[2022.01.24-21.22.00:525][  0]LogSlate: Updating window title bar state: overlay mode, drag disabled, window buttons hidden, title bar hidden
[2022.01.24-21.22.00:535][  0]LogSlate: Updating window title bar state: overlay mode, drag disabled, window buttons hidden, title bar hidden
[2022.01.24-21.22.00:556][  0]LogNativeClassHierarchy: Verbose: Native class hierarchy populated in 0.0129 seconds. Added 3830 classes and 931 folders.
[2022.01.24-21.22.00:559][  0]LogNativeClassHierarchy: Verbose: Native class hierarchy updated for 'WidgetCarousel' in 0.0003 seconds. Added 0 classes and 0 folders.
[2022.01.24-21.22.00:561][  0]LogPakFile: PakFile PrimaryIndexSize=187
[2022.01.24-21.22.00:562][  0]LogPakFile: PakFile PathHashIndexSize=101
[2022.01.24-21.22.00:562][  0]LogPakFile: PakFile FullDirectoryIndexSize=148
[2022.01.24-21.22.00:562][  0]LogShaderLibrary: Display: ShaderCodeLibraryPakFileMountedCallback: PakFile 'C:/Program Files/Epic Games/UE_4.27/FeaturePacks/FP_FirstPerson.upack' (chunk index -1, root 'root:/') mounted
[2022.01.24-21.22.00:562][  0]LogShaderLibrary: Display: ShaderCodeLibraryPakFileMountedCallback: pending pak file info (ChunkID:-1 Root:root:/ File:C:/Program Files/Epic Games/UE_4.27/FeaturePacks/FP_FirstPerson.upack)
[2022.01.24-21.22.00:562][  0]LogPakFile: OnPakFileMounted2Time == 0.000157
[2022.01.24-21.22.00:563][  0]LogPakFile: PakFile PrimaryIndexSize=189
[2022.01.24-21.22.00:564][  0]LogPakFile: PakFile PathHashIndexSize=101
[2022.01.24-21.22.00:565][  0]LogPakFile: PakFile FullDirectoryIndexSize=152
[2022.01.24-21.22.00:568][  0]LogShaderLibrary: Display: ShaderCodeLibraryPakFileMountedCallback: PakFile 'C:/Program Files/Epic Games/UE_4.27/FeaturePacks/FP_FirstPersonBP.upack' (chunk index -1, root 'root:/') mounted
[2022.01.24-21.22.00:568][  0]LogShaderLibrary: Display: ShaderCodeLibraryPakFileMountedCallback: pending pak file info (ChunkID:-1 Root:root:/ File:C:/Program Files/Epic Games/UE_4.27/FeaturePacks/FP_FirstPersonBP.upack)
[2022.01.24-21.22.00:569][  0]LogPakFile: OnPakFileMounted2Time == 0.000998
[2022.01.24-21.22.00:570][  0]LogPakFile: PakFile PrimaryIndexSize=191
[2022.01.24-21.22.00:570][  0]LogPakFile: PakFile PathHashIndexSize=101
[2022.01.24-21.22.00:570][  0]LogPakFile: PakFile FullDirectoryIndexSize=160
[2022.01.24-21.22.00:570][  0]LogShaderLibrary: Display: ShaderCodeLibraryPakFileMountedCallback: PakFile 'C:/Program Files/Epic Games/UE_4.27/FeaturePacks/MobileStarterContent.upack' (chunk index -1, root 'root:/') mounted
[2022.01.24-21.22.00:572][  0]LogShaderLibrary: Display: ShaderCodeLibraryPakFileMountedCallback: pending pak file info (ChunkID:-1 Root:root:/ File:C:/Program Files/Epic Games/UE_4.27/FeaturePacks/MobileStarterContent.upack)
[2022.01.24-21.22.00:572][  0]LogPakFile: OnPakFileMounted2Time == 0.001706
[2022.01.24-21.22.00:573][  0]LogPakFile: PakFile PrimaryIndexSize=185
[2022.01.24-21.22.00:573][  0]LogPakFile: PakFile PathHashIndexSize=101
[2022.01.24-21.22.00:574][  0]LogPakFile: PakFile FullDirectoryIndexSize=148
[2022.01.24-21.22.00:574][  0]LogShaderLibrary: Display: ShaderCodeLibraryPakFileMountedCallback: PakFile 'C:/Program Files/Epic Games/UE_4.27/FeaturePacks/StarterContent.upack' (chunk index -1, root 'root:/') mounted
[2022.01.24-21.22.00:575][  0]LogShaderLibrary: Display: ShaderCodeLibraryPakFileMountedCallback: pending pak file info (ChunkID:-1 Root:root:/ File:C:/Program Files/Epic Games/UE_4.27/FeaturePacks/StarterContent.upack)
[2022.01.24-21.22.00:575][  0]LogPakFile: OnPakFileMounted2Time == 0.000668
[2022.01.24-21.22.00:579][  0]LogPakFile: PakFile PrimaryIndexSize=190
[2022.01.24-21.22.00:580][  0]LogPakFile: PakFile PathHashIndexSize=101
[2022.01.24-21.22.00:580][  0]LogPakFile: PakFile FullDirectoryIndexSize=154
[2022.01.24-21.22.00:580][  0]LogShaderLibrary: Display: ShaderCodeLibraryPakFileMountedCallback: PakFile 'C:/Program Files/Epic Games/UE_4.27/FeaturePacks/TP_2DSideScroller.upack' (chunk index -1, root 'root:/') mounted
[2022.01.24-21.22.00:581][  0]LogShaderLibrary: Display: ShaderCodeLibraryPakFileMountedCallback: pending pak file info (ChunkID:-1 Root:root:/ File:C:/Program Files/Epic Games/UE_4.27/FeaturePacks/TP_2DSideScroller.upack)
[2022.01.24-21.22.00:581][  0]LogPakFile: OnPakFileMounted2Time == 0.000222
[2022.01.24-21.22.00:581][  0]LogPakFile: PakFile PrimaryIndexSize=192
[2022.01.24-21.22.00:582][  0]LogPakFile: PakFile PathHashIndexSize=101
[2022.01.24-21.22.00:582][  0]LogPakFile: PakFile FullDirectoryIndexSize=158
[2022.01.24-21.22.00:582][  0]LogShaderLibrary: Display: ShaderCodeLibraryPakFileMountedCallback: PakFile 'C:/Program Files/Epic Games/UE_4.27/FeaturePacks/TP_2DSideScrollerBP.upack' (chunk index -1, root 'root:/') mounted
[2022.01.24-21.22.00:583][  0]LogShaderLibrary: Display: ShaderCodeLibraryPakFileMountedCallback: pending pak file info (ChunkID:-1 Root:root:/ File:C:/Program Files/Epic Games/UE_4.27/FeaturePacks/TP_2DSideScrollerBP.upack)
[2022.01.24-21.22.00:583][  0]LogPakFile: OnPakFileMounted2Time == 0.000423
[2022.01.24-21.22.00:584][  0]LogPakFile: PakFile PrimaryIndexSize=182
[2022.01.24-21.22.00:584][  0]LogPakFile: PakFile PathHashIndexSize=101
[2022.01.24-21.22.00:584][  0]LogPakFile: PakFile FullDirectoryIndexSize=138
[2022.01.24-21.22.00:584][  0]LogShaderLibrary: Display: ShaderCodeLibraryPakFileMountedCallback: PakFile 'C:/Program Files/Epic Games/UE_4.27/FeaturePacks/TP_Flying.upack' (chunk index -1, root 'root:/') mounted
[2022.01.24-21.22.00:584][  0]LogShaderLibrary: Display: ShaderCodeLibraryPakFileMountedCallback: pending pak file info (ChunkID:-1 Root:root:/ File:C:/Program Files/Epic Games/UE_4.27/FeaturePacks/TP_Flying.upack)
[2022.01.24-21.22.00:584][  0]LogPakFile: OnPakFileMounted2Time == 0.000347
[2022.01.24-21.22.00:586][  0]LogPakFile: PakFile PrimaryIndexSize=184
[2022.01.24-21.22.00:587][  0]LogPakFile: PakFile PathHashIndexSize=101
[2022.01.24-21.22.00:587][  0]LogPakFile: PakFile FullDirectoryIndexSize=142
[2022.01.24-21.22.00:587][  0]LogShaderLibrary: Display: ShaderCodeLibraryPakFileMountedCallback: PakFile 'C:/Program Files/Epic Games/UE_4.27/FeaturePacks/TP_FlyingBP.upack' (chunk index -1, root 'root:/') mounted
[2022.01.24-21.22.00:587][  0]LogShaderLibrary: Display: ShaderCodeLibraryPakFileMountedCallback: pending pak file info (ChunkID:-1 Root:root:/ File:C:/Program Files/Epic Games/UE_4.27/FeaturePacks/TP_FlyingBP.upack)
[2022.01.24-21.22.00:588][  0]LogPakFile: OnPakFileMounted2Time == 0.000665
[2022.01.24-21.22.00:588][  0]LogPakFile: PakFile PrimaryIndexSize=188
[2022.01.24-21.22.00:589][  0]LogPakFile: PakFile PathHashIndexSize=101
[2022.01.24-21.22.00:589][  0]LogPakFile: PakFile FullDirectoryIndexSize=150
[2022.01.24-21.22.00:589][  0]LogShaderLibrary: Display: ShaderCodeLibraryPakFileMountedCallback: PakFile 'C:/Program Files/Epic Games/UE_4.27/FeaturePacks/TP_HandheldARBP.upack' (chunk index -1, root 'root:/') mounted
[2022.01.24-21.22.00:589][  0]LogShaderLibrary: Display: ShaderCodeLibraryPakFileMountedCallback: pending pak file info (ChunkID:-1 Root:root:/ File:C:/Program Files/Epic Games/UE_4.27/FeaturePacks/TP_HandheldARBP.upack)
[2022.01.24-21.22.00:589][  0]LogPakFile: OnPakFileMounted2Time == 0.000139
[2022.01.24-21.22.00:590][  0]LogPakFile: PakFile PrimaryIndexSize=182
[2022.01.24-21.22.00:592][  0]LogPakFile: PakFile PathHashIndexSize=101
[2022.01.24-21.22.00:594][  0]LogPakFile: PakFile FullDirectoryIndexSize=138
[2022.01.24-21.22.00:595][  0]LogShaderLibrary: Display: ShaderCodeLibraryPakFileMountedCallback: PakFile 'C:/Program Files/Epic Games/UE_4.27/FeaturePacks/TP_Puzzle.upack' (chunk index -1, root 'root:/') mounted
[2022.01.24-21.22.00:595][  0]LogShaderLibrary: Display: ShaderCodeLibraryPakFileMountedCallback: pending pak file info (ChunkID:-1 Root:root:/ File:C:/Program Files/Epic Games/UE_4.27/FeaturePacks/TP_Puzzle.upack)
[2022.01.24-21.22.00:595][  0]LogPakFile: OnPakFileMounted2Time == 0.000418
[2022.01.24-21.22.00:596][  0]LogPakFile: PakFile PrimaryIndexSize=184
[2022.01.24-21.22.00:596][  0]LogPakFile: PakFile PathHashIndexSize=101
[2022.01.24-21.22.00:596][  0]LogPakFile: PakFile FullDirectoryIndexSize=142
[2022.01.24-21.22.00:596][  0]LogShaderLibrary: Display: ShaderCodeLibraryPakFileMountedCallback: PakFile 'C:/Program Files/Epic Games/UE_4.27/FeaturePacks/TP_PuzzleBP.upack' (chunk index -1, root 'root:/') mounted
[2022.01.24-21.22.00:596][  0]LogShaderLibrary: Display: ShaderCodeLibraryPakFileMountedCallback: pending pak file info (ChunkID:-1 Root:root:/ File:C:/Program Files/Epic Games/UE_4.27/FeaturePacks/TP_PuzzleBP.upack)
[2022.01.24-21.22.00:596][  0]LogPakFile: OnPakFileMounted2Time == 0.000230
[2022.01.24-21.22.00:597][  0]LogPakFile: PakFile PrimaryIndexSize=183
[2022.01.24-21.22.00:598][  0]LogPakFile: PakFile PathHashIndexSize=101
[2022.01.24-21.22.00:598][  0]LogPakFile: PakFile FullDirectoryIndexSize=140
[2022.01.24-21.22.00:598][  0]LogShaderLibrary: Display: ShaderCodeLibraryPakFileMountedCallback: PakFile 'C:/Program Files/Epic Games/UE_4.27/FeaturePacks/TP_Rolling.upack' (chunk index -1, root 'root:/') mounted
[2022.01.24-21.22.00:598][  0]LogShaderLibrary: Display: ShaderCodeLibraryPakFileMountedCallback: pending pak file info (ChunkID:-1 Root:root:/ File:C:/Program Files/Epic Games/UE_4.27/FeaturePacks/TP_Rolling.upack)
[2022.01.24-21.22.00:599][  0]LogPakFile: OnPakFileMounted2Time == 0.000537
[2022.01.24-21.22.00:599][  0]LogPakFile: PakFile PrimaryIndexSize=185
[2022.01.24-21.22.00:599][  0]LogPakFile: PakFile PathHashIndexSize=101
[2022.01.24-21.22.00:599][  0]LogPakFile: PakFile FullDirectoryIndexSize=144
[2022.01.24-21.22.00:600][  0]LogShaderLibrary: Display: ShaderCodeLibraryPakFileMountedCallback: PakFile 'C:/Program Files/Epic Games/UE_4.27/FeaturePacks/TP_RollingBP.upack' (chunk index -1, root 'root:/') mounted
[2022.01.24-21.22.00:600][  0]LogShaderLibrary: Display: ShaderCodeLibraryPakFileMountedCallback: pending pak file info (ChunkID:-1 Root:root:/ File:C:/Program Files/Epic Games/UE_4.27/FeaturePacks/TP_RollingBP.upack)
[2022.01.24-21.22.00:600][  0]LogPakFile: OnPakFileMounted2Time == 0.000506
[2022.01.24-21.22.00:601][  0]LogPakFile: PakFile PrimaryIndexSize=188
[2022.01.24-21.22.00:601][  0]LogPakFile: PakFile PathHashIndexSize=101
[2022.01.24-21.22.00:601][  0]LogPakFile: PakFile FullDirectoryIndexSize=150
[2022.01.24-21.22.00:602][  0]LogShaderLibrary: Display: ShaderCodeLibraryPakFileMountedCallback: PakFile 'C:/Program Files/Epic Games/UE_4.27/FeaturePacks/TP_SideScroller.upack' (chunk index -1, root 'root:/') mounted
[2022.01.24-21.22.00:602][  0]LogShaderLibrary: Display: ShaderCodeLibraryPakFileMountedCallback: pending pak file info (ChunkID:-1 Root:root:/ File:C:/Program Files/Epic Games/UE_4.27/FeaturePacks/TP_SideScroller.upack)
[2022.01.24-21.22.00:602][  0]LogPakFile: OnPakFileMounted2Time == 0.000198
[2022.01.24-21.22.00:603][  0]LogPakFile: PakFile PrimaryIndexSize=190
[2022.01.24-21.22.00:603][  0]LogPakFile: PakFile PathHashIndexSize=101
[2022.01.24-21.22.00:603][  0]LogPakFile: PakFile FullDirectoryIndexSize=154
[2022.01.24-21.22.00:604][  0]LogShaderLibrary: Display: ShaderCodeLibraryPakFileMountedCallback: PakFile 'C:/Program Files/Epic Games/UE_4.27/FeaturePacks/TP_SideScrollerBP.upack' (chunk index -1, root 'root:/') mounted
[2022.01.24-21.22.00:604][  0]LogShaderLibrary: Display: ShaderCodeLibraryPakFileMountedCallback: pending pak file info (ChunkID:-1 Root:root:/ File:C:/Program Files/Epic Games/UE_4.27/FeaturePacks/TP_SideScrollerBP.upack)
[2022.01.24-21.22.00:604][  0]LogPakFile: OnPakFileMounted2Time == 0.000186
[2022.01.24-21.22.00:605][  0]LogPakFile: PakFile PrimaryIndexSize=187
[2022.01.24-21.22.00:605][  0]LogPakFile: PakFile PathHashIndexSize=101
[2022.01.24-21.22.00:606][  0]LogPakFile: PakFile FullDirectoryIndexSize=148
[2022.01.24-21.22.00:606][  0]LogShaderLibrary: Display: ShaderCodeLibraryPakFileMountedCallback: PakFile 'C:/Program Files/Epic Games/UE_4.27/FeaturePacks/TP_ThirdPerson.upack' (chunk index -1, root 'root:/') mounted
[2022.01.24-21.22.00:606][  0]LogShaderLibrary: Display: ShaderCodeLibraryPakFileMountedCallback: pending pak file info (ChunkID:-1 Root:root:/ File:C:/Program Files/Epic Games/UE_4.27/FeaturePacks/TP_ThirdPerson.upack)
[2022.01.24-21.22.00:607][  0]LogPakFile: OnPakFileMounted2Time == 0.001026
[2022.01.24-21.22.00:608][  0]LogPakFile: PakFile PrimaryIndexSize=189
[2022.01.24-21.22.00:608][  0]LogPakFile: PakFile PathHashIndexSize=101
[2022.01.24-21.22.00:608][  0]LogPakFile: PakFile FullDirectoryIndexSize=152
[2022.01.24-21.22.00:608][  0]LogShaderLibrary: Display: ShaderCodeLibraryPakFileMountedCallback: PakFile 'C:/Program Files/Epic Games/UE_4.27/FeaturePacks/TP_ThirdPersonBP.upack' (chunk index -1, root 'root:/') mounted
[2022.01.24-21.22.00:608][  0]LogShaderLibrary: Display: ShaderCodeLibraryPakFileMountedCallback: pending pak file info (ChunkID:-1 Root:root:/ File:C:/Program Files/Epic Games/UE_4.27/FeaturePacks/TP_ThirdPersonBP.upack)
[2022.01.24-21.22.00:609][  0]LogPakFile: OnPakFileMounted2Time == 0.000314
[2022.01.24-21.22.00:610][  0]LogPakFile: PakFile PrimaryIndexSize=183
[2022.01.24-21.22.00:610][  0]LogPakFile: PakFile PathHashIndexSize=101
[2022.01.24-21.22.00:610][  0]LogPakFile: PakFile FullDirectoryIndexSize=140
[2022.01.24-21.22.00:610][  0]LogShaderLibrary: Display: ShaderCodeLibraryPakFileMountedCallback: PakFile 'C:/Program Files/Epic Games/UE_4.27/FeaturePacks/TP_TopDown.upack' (chunk index -1, root 'root:/') mounted
[2022.01.24-21.22.00:611][  0]LogShaderLibrary: Display: ShaderCodeLibraryPakFileMountedCallback: pending pak file info (ChunkID:-1 Root:root:/ File:C:/Program Files/Epic Games/UE_4.27/FeaturePacks/TP_TopDown.upack)
[2022.01.24-21.22.00:611][  0]LogPakFile: OnPakFileMounted2Time == 0.000492
[2022.01.24-21.22.00:612][  0]LogPakFile: PakFile PrimaryIndexSize=185
[2022.01.24-21.22.00:613][  0]LogPakFile: PakFile PathHashIndexSize=101
[2022.01.24-21.22.00:613][  0]LogPakFile: PakFile FullDirectoryIndexSize=144
[2022.01.24-21.22.00:613][  0]LogShaderLibrary: Display: ShaderCodeLibraryPakFileMountedCallback: PakFile 'C:/Program Files/Epic Games/UE_4.27/FeaturePacks/TP_TopDownBP.upack' (chunk index -1, root 'root:/') mounted
[2022.01.24-21.22.00:614][  0]LogShaderLibrary: Display: ShaderCodeLibraryPakFileMountedCallback: pending pak file info (ChunkID:-1 Root:root:/ File:C:/Program Files/Epic Games/UE_4.27/FeaturePacks/TP_TopDownBP.upack)
[2022.01.24-21.22.00:614][  0]LogPakFile: OnPakFileMounted2Time == 0.000635
[2022.01.24-21.22.00:615][  0]LogPakFile: PakFile PrimaryIndexSize=185
[2022.01.24-21.22.00:615][  0]LogPakFile: PakFile PathHashIndexSize=101
[2022.01.24-21.22.00:615][  0]LogPakFile: PakFile FullDirectoryIndexSize=144
[2022.01.24-21.22.00:615][  0]LogShaderLibrary: Display: ShaderCodeLibraryPakFileMountedCallback: PakFile 'C:/Program Files/Epic Games/UE_4.27/FeaturePacks/TP_TwinStick.upack' (chunk index -1, root 'root:/') mounted
[2022.01.24-21.22.00:615][  0]LogShaderLibrary: Display: ShaderCodeLibraryPakFileMountedCallback: pending pak file info (ChunkID:-1 Root:root:/ File:C:/Program Files/Epic Games/UE_4.27/FeaturePacks/TP_TwinStick.upack)
[2022.01.24-21.22.00:615][  0]LogPakFile: OnPakFileMounted2Time == 0.000257
[2022.01.24-21.22.00:617][  0]LogPakFile: PakFile PrimaryIndexSize=187
[2022.01.24-21.22.00:617][  0]LogPakFile: PakFile PathHashIndexSize=101
[2022.01.24-21.22.00:617][  0]LogPakFile: PakFile FullDirectoryIndexSize=148
[2022.01.24-21.22.00:618][  0]LogShaderLibrary: Display: ShaderCodeLibraryPakFileMountedCallback: PakFile 'C:/Program Files/Epic Games/UE_4.27/FeaturePacks/TP_TwinStickBP.upack' (chunk index -1, root 'root:/') mounted
[2022.01.24-21.22.00:619][  0]LogShaderLibrary: Display: ShaderCodeLibraryPakFileMountedCallback: pending pak file info (ChunkID:-1 Root:root:/ File:C:/Program Files/Epic Games/UE_4.27/FeaturePacks/TP_TwinStickBP.upack)
[2022.01.24-21.22.00:619][  0]LogPakFile: OnPakFileMounted2Time == 0.001578
[2022.01.24-21.22.00:621][  0]LogPakFile: PakFile PrimaryIndexSize=183
[2022.01.24-21.22.00:622][  0]LogPakFile: PakFile PathHashIndexSize=101
[2022.01.24-21.22.00:623][  0]LogPakFile: PakFile FullDirectoryIndexSize=140
[2022.01.24-21.22.00:624][  0]LogShaderLibrary: Display: ShaderCodeLibraryPakFileMountedCallback: PakFile 'C:/Program Files/Epic Games/UE_4.27/FeaturePacks/TP_Vehicle.upack' (chunk index -1, root 'root:/') mounted
[2022.01.24-21.22.00:625][  0]LogShaderLibrary: Display: ShaderCodeLibraryPakFileMountedCallback: pending pak file info (ChunkID:-1 Root:root:/ File:C:/Program Files/Epic Games/UE_4.27/FeaturePacks/TP_Vehicle.upack)
[2022.01.24-21.22.00:626][  0]LogPakFile: OnPakFileMounted2Time == 0.001734
[2022.01.24-21.22.00:628][  0]LogPakFile: PakFile PrimaryIndexSize=186
[2022.01.24-21.22.00:630][  0]LogPakFile: PakFile PathHashIndexSize=101
[2022.01.24-21.22.00:630][  0]LogPakFile: PakFile FullDirectoryIndexSize=146
[2022.01.24-21.22.00:630][  0]LogShaderLibrary: Display: ShaderCodeLibraryPakFileMountedCallback: PakFile 'C:/Program Files/Epic Games/UE_4.27/FeaturePacks/TP_VehicleAdv.upack' (chunk index -1, root 'root:/') mounted
[2022.01.24-21.22.00:630][  0]LogShaderLibrary: Display: ShaderCodeLibraryPakFileMountedCallback: pending pak file info (ChunkID:-1 Root:root:/ File:C:/Program Files/Epic Games/UE_4.27/FeaturePacks/TP_VehicleAdv.upack)
[2022.01.24-21.22.00:630][  0]LogPakFile: OnPakFileMounted2Time == 0.000184
[2022.01.24-21.22.00:632][  0]LogPakFile: PakFile PrimaryIndexSize=188
[2022.01.24-21.22.00:633][  0]LogPakFile: PakFile PathHashIndexSize=101
[2022.01.24-21.22.00:633][  0]LogPakFile: PakFile FullDirectoryIndexSize=150
[2022.01.24-21.22.00:633][  0]LogShaderLibrary: Display: ShaderCodeLibraryPakFileMountedCallback: PakFile 'C:/Program Files/Epic Games/UE_4.27/FeaturePacks/TP_VehicleAdvBP.upack' (chunk index -1, root 'root:/') mounted
[2022.01.24-21.22.00:633][  0]LogShaderLibrary: Display: ShaderCodeLibraryPakFileMountedCallback: pending pak file info (ChunkID:-1 Root:root:/ File:C:/Program Files/Epic Games/UE_4.27/FeaturePacks/TP_VehicleAdvBP.upack)
[2022.01.24-21.22.00:633][  0]LogPakFile: OnPakFileMounted2Time == 0.000129
[2022.01.24-21.22.00:634][  0]LogPakFile: PakFile PrimaryIndexSize=185
[2022.01.24-21.22.00:634][  0]LogPakFile: PakFile PathHashIndexSize=101
[2022.01.24-21.22.00:635][  0]LogPakFile: PakFile FullDirectoryIndexSize=144
[2022.01.24-21.22.00:635][  0]LogShaderLibrary: Display: ShaderCodeLibraryPakFileMountedCallback: PakFile 'C:/Program Files/Epic Games/UE_4.27/FeaturePacks/TP_VehicleBP.upack' (chunk index -1, root 'root:/') mounted
[2022.01.24-21.22.00:638][  0]LogShaderLibrary: Display: ShaderCodeLibraryPakFileMountedCallback: pending pak file info (ChunkID:-1 Root:root:/ File:C:/Program Files/Epic Games/UE_4.27/FeaturePacks/TP_VehicleBP.upack)
[2022.01.24-21.22.00:638][  0]LogPakFile: OnPakFileMounted2Time == 0.003255
[2022.01.24-21.22.00:639][  0]LogPakFile: PakFile PrimaryIndexSize=192
[2022.01.24-21.22.00:639][  0]LogPakFile: PakFile PathHashIndexSize=101
[2022.01.24-21.22.00:639][  0]LogPakFile: PakFile FullDirectoryIndexSize=158
[2022.01.24-21.22.00:640][  0]LogShaderLibrary: Display: ShaderCodeLibraryPakFileMountedCallback: PakFile 'C:/Program Files/Epic Games/UE_4.27/FeaturePacks/TP_VirtualRealityBP.upack' (chunk index -1, root 'root:/') mounted
[2022.01.24-21.22.00:640][  0]LogShaderLibrary: Display: ShaderCodeLibraryPakFileMountedCallback: pending pak file info (ChunkID:-1 Root:root:/ File:C:/Program Files/Epic Games/UE_4.27/FeaturePacks/TP_VirtualRealityBP.upack)
[2022.01.24-21.22.00:640][  0]LogPakFile: OnPakFileMounted2Time == 0.000492
[2022.01.24-21.22.00:689][  0]LogNativeClassHierarchy: Verbose: Native class hierarchy updated for 'AddContentDialog' in 0.0003 seconds. Added 0 classes and 0 folders.
[2022.01.24-21.22.00:696][  0]LogNativeClassHierarchy: Verbose: Native class hierarchy updated for 'SceneOutliner' in 0.0004 seconds. Added 2 classes and 0 folders.
[2022.01.24-21.22.01:062][  0]LogSlate: Only BGRA pngs, bmps or icos are supported in by External Image Picker
[2022.01.24-21.22.01:140][  0]LogSlate: Took 0.000140 seconds to synchronously load lazily loaded font '../../../Engine/Content/Slate/Fonts/Roboto-Regular.ttf' (155K)
[2022.01.24-21.22.01:142][  0]LogSlate: Took 0.000155 seconds to synchronously load lazily loaded font '../../../Engine/Content/Editor/Slate/Fonts/FontAwesome.ttf' (139K)
[2022.01.24-21.22.01:143][  0]LogSlate: Took 0.000157 seconds to synchronously load lazily loaded font '../../../Engine/Content/Slate/Fonts/Roboto-Bold.ttf' (160K)
[2022.01.24-21.22.01:248][  0]LogRenderer: Reallocating scene render targets to support 1228x560 Format 10 NumSamples 1 (Frame:1).
[2022.01.24-21.22.01:291][  0]LogSlate: Took 0.000154 seconds to synchronously load lazily loaded font '../../../Engine/Content/Slate/Fonts/Roboto-Light.ttf' (167K)
[2022.01.24-21.22.01:347][  0]LogNativeClassHierarchy: Verbose: Native class hierarchy updated for 'HierarchicalLODOutliner' in 0.0003 seconds. Added 0 classes and 0 folders.
[2022.01.24-21.22.01:347][  0]LogLoad: (Engine Initialization) Total time: 11.04 seconds
[2022.01.24-21.22.01:347][  0]LogLoad: (Engine Initialization) Total Blueprint compile time: 0.00 seconds
[2022.01.24-21.22.01:421][  0]LogContentStreaming: Texture pool size now 1000 MB
[2022.01.24-21.22.01:457][  1]LogRenderer: Reallocating scene render targets to support 1228x576 Format 10 NumSamples 1 (Frame:2).
[2022.01.24-21.22.01:459][  1]LogFileCache: Retrieving MD5 hashes for directory 'D:/rt/Logipaignion/The_Elementalists/Content/' took 0.10s
[2022.01.24-21.22.01:466][  1]LogAssetRegistry: Asset discovery search completed in 5.3849 seconds
[2022.01.24-21.22.01:473][  1]LogCollectionManager: Fixed up redirectors for 0 collections in 0.000003 seconds (updated 0 objects)
[2022.01.24-21.22.06:092][542]LogSlate: Took 0.000141 seconds to synchronously load lazily loaded font '../../../Engine/Content/Slate/Fonts/Roboto-Light.ttf' (167K)
[2022.01.24-21.22.06:126][542]LogEditorClassViewer: Warning: Class /Engine/Tutorial/InWorldBlueprintEditing/TutorialAssets/IWBE_Blutility.IWBE_Blutility_C has parent /Script/Blutility.PlacedEditorUtilityBase, but this parent is not found. The Class will not be shown in ClassViewer.
[2022.01.24-21.22.06:160][542]LogSlate: Took 0.000167 seconds to synchronously load lazily loaded font '../../../Engine/Content/Slate/Fonts/Roboto-BoldCondensed.ttf' (158K)
[2022.01.24-21.22.21:014][739]Running C:/Program Files/Epic Games/UE_4.27/Engine/Binaries/DotNET/UnrealBuildTool.exe  -projectfiles -project="D:/rt/Logipaignion/The_Elementalists/The_Elementalists.uproject" -game -rocket -progress
[2022.01.24-21.22.21:422][739]Discovering modules, targets and source code for project...
[2022.01.24-21.22.23:252][739]Binding IntelliSense data...
[2022.01.24-21.22.25:776][739]Binding IntelliSense data... 100%
[2022.01.24-21.22.25:777][739]Writing project files...
[2022.01.24-21.22.29:702][739]Writing project files... 100%
[2022.01.24-21.22.29:981][739]Candidate modules for hot reload:
[2022.01.24-21.22.29:981][739]  The_Elementalists
[2022.01.24-21.22.29:981][739]Launching UnrealBuildTool... [C:/Program Files/Epic Games/UE_4.27/Engine/Binaries/DotNET/UnrealBuildTool.exe  -ModuleWithSuffix=The_Elementalists,8109 The_ElementalistsEditor Win64 Development -Project="D:/rt/Logipaignion/The_Elementalists/The_Elementalists.uproject" "D:/rt/Logipaignion/The_Elementalists/The_Elementalists.uproject"  -IgnoreJunk]
