Log file open, 04/13/22 19:22:15
LogWindows: Failed to load 'aqProf.dll' (GetLastError=126)
LogWindows: File 'aqProf.dll' does not exist
LogWindows: Failed to load 'VtuneApi.dll' (GetLastError=126)
LogWindows: File 'VtuneApi.dll' does not exist
LogWindows: Failed to load 'VtuneApi32e.dll' (GetLastError=126)
LogWindows: File 'VtuneApi32e.dll' does not exist
LogConsoleResponse: Display: Failed to find resolution value strings in scalability ini. Falling back to default.
LogConsoleResponse: Display: Failed to find resolution value strings in scalability ini. Falling back to default.
LogInit: Display: Running engine for game: The_Elementalists
LogPlatformFile: Not using cached read wrapper
LogTaskGraph: Started task graph with 5 named threads and 23 total threads with 3 sets of task threads.
LogStats: Stats thread started at 0.214933
LogICUInternationalization: ICU TimeZone Detection - Raw Offset: +2:00, Platform Override: ''
LogInit: Display: Loading text-based GConfig....
LogPluginManager: Mounting plugin MeshPainting
LogPluginManager: Mounting plugin XGEController
LogPluginManager: Mounting plugin LiveLink
LogPluginManager: Mounting plugin Paper2D
LogPluginManager: Mounting plugin AISupport
LogPluginManager: Mounting plugin EnvironmentQueryEditor
LogPluginManager: Mounting plugin CameraShakePreviewer
LogPluginManager: Mounting plugin GameplayCameras
LogPluginManager: Mounting plugin LightPropagationVolume
LogPluginManager: Mounting plugin AssetManagerEditor
LogPluginManager: Mounting plugin CryptoKeys
LogPluginManager: Mounting plugin DataValidation
LogPluginManager: Mounting plugin FacialAnimation
LogPluginManager: Mounting plugin GameplayTagsEditor
LogPluginManager: Mounting plugin GeometryMode
LogPluginManager: Mounting plugin MacGraphicsSwitching
LogPluginManager: Mounting plugin MaterialAnalyzer
LogPluginManager: Mounting plugin MobileLauncherProfileWizard
LogPluginManager: Mounting plugin SpeedTreeImporter
LogPluginManager: Mounting plugin DatasmithContent
LogPluginManager: Mounting plugin VariantManagerContent
LogPluginManager: Mounting plugin Niagara
LogPluginManager: Mounting plugin CLionSourceCodeAccess
LogPluginManager: Mounting plugin CodeLiteSourceCodeAccess
LogPluginManager: Mounting plugin PluginBrowser
LogPluginManager: Mounting plugin AnimationSharing
LogPluginManager: Mounting plugin GitSourceControl
LogPluginManager: Mounting plugin KDevelopSourceCodeAccess
LogPluginManager: Mounting plugin NullSourceCodeAccess
LogPluginManager: Mounting plugin LuminPlatformFeatures
LogPluginManager: Mounting plugin PerforceSourceControl
LogPluginManager: Mounting plugin PixWinPlugin
LogPluginManager: Mounting plugin PlasticSourceControl
LogPluginManager: Mounting plugin MagicLeap
LogPluginManager: Mounting plugin CurveEditorTools
LogPluginManager: Mounting plugin PropertyAccessNode
LogPluginManager: Mounting plugin RiderSourceCodeAccess
LogPluginManager: Mounting plugin SubversionSourceControl
LogPluginManager: Mounting plugin PluginUtils
LogPluginManager: Mounting plugin TextureFormatOodle
LogPluginManager: Mounting plugin UObjectPlugin
LogPluginManager: Mounting plugin VisualStudioCodeSourceCodeAccess
LogPluginManager: Mounting plugin VisualStudioSourceCodeAccess
LogPluginManager: Mounting plugin XCodeSourceCodeAccess
LogPluginManager: Mounting plugin MagicLeapLightEstimation
LogPluginManager: Mounting plugin MagicLeapMedia
LogPluginManager: Mounting plugin MLSDK
LogPluginManager: Mounting plugin MagicLeapPassableWorld
LogPluginManager: Mounting plugin AlembicImporter
LogPluginManager: Mounting plugin BackChannel
LogPluginManager: Mounting plugin AutomationUtils
LogPluginManager: Mounting plugin ChaosCloth
LogPluginManager: Mounting plugin ChaosEditor
LogPluginManager: Mounting plugin ChaosClothEditor
LogPluginManager: Mounting plugin ChaosNiagara
LogPluginManager: Mounting plugin ChaosSolverPlugin
LogPluginManager: Mounting plugin CharacterAI
LogPluginManager: Mounting plugin GeometryCache
LogPluginManager: Mounting plugin GeometryCollectionPlugin
LogPluginManager: Mounting plugin GeometryProcessing
LogPluginManager: Mounting plugin MotoSynth
LogPluginManager: Mounting plugin OpenImageDenoise
LogPluginManager: Mounting plugin PlatformCrypto
LogPluginManager: Mounting plugin ProxyLODPlugin
LogPluginManager: Mounting plugin PlanarCut
LogPluginManager: Mounting plugin PythonScriptPlugin
LogPluginManager: Mounting plugin SkeletalReduction
LogPluginManager: Mounting plugin AndroidMedia
LogPluginManager: Mounting plugin AvfMedia
LogPluginManager: Mounting plugin ImgMedia
LogPluginManager: Mounting plugin MediaCompositing
LogPluginManager: Mounting plugin MediaPlayerEditor
LogPluginManager: Mounting plugin WebMMedia
LogPluginManager: Mounting plugin WmfMedia
LogPluginManager: Mounting plugin TcpMessaging
LogPluginManager: Mounting plugin UdpMessaging
LogPluginManager: Mounting plugin ActorSequence
LogPluginManager: Mounting plugin LevelSequenceEditor
LogPluginManager: Mounting plugin MatineeToLevelSequence
LogPluginManager: Mounting plugin TemplateSequence
LogPluginManager: Mounting plugin OnlineSubsystem
LogPluginManager: Mounting plugin OnlineSubsystemNull
LogPluginManager: Mounting plugin OnlineSubsystemUtils
LogPluginManager: Mounting plugin LauncherChunkInstaller
LogPluginManager: Mounting plugin ActorLayerUtilities
LogPluginManager: Mounting plugin AndroidDeviceProfileSelector
LogPluginManager: Mounting plugin AndroidMoviePlayer
LogPluginManager: Mounting plugin AndroidPermission
LogPluginManager: Mounting plugin AppleImageUtils
LogPluginManager: Mounting plugin AppleMoviePlayer
LogPluginManager: Mounting plugin AssetTags
LogPluginManager: Mounting plugin ArchVisCharacter
LogPluginManager: Mounting plugin AudioCapture
LogPluginManager: Mounting plugin AudioSynesthesia
LogPluginManager: Mounting plugin CableComponent
LogPluginManager: Mounting plugin ChunkDownloader
LogPluginManager: Mounting plugin CustomMeshComponent
LogPluginManager: Mounting plugin EditableMesh
LogPluginManager: Mounting plugin ExampleDeviceProfileSelector
LogPluginManager: Mounting plugin GoogleCloudMessaging
LogPluginManager: Mounting plugin GooglePAD
LogPluginManager: Mounting plugin ScreenshotTools
LogPluginManager: Mounting plugin IOSDeviceProfileSelector
LogPluginManager: Mounting plugin LinuxDeviceProfileSelector
LogPluginManager: Mounting plugin LocationServicesBPLibrary
LogPluginManager: Mounting plugin MobilePatchingUtils
LogPluginManager: Mounting plugin OpenXR
LogPluginManager: Mounting plugin OpenXREyeTracker
LogPluginManager: Mounting plugin OpenXRHandTracking
LogPluginManager: Mounting plugin PhysXVehicles
LogPluginManager: Mounting plugin PostSplashScreen
LogPluginManager: Mounting plugin Takes
LogPluginManager: Mounting plugin PropertyAccessEditor
LogPluginManager: Mounting plugin ProceduralMeshComponent
LogPluginManager: Mounting plugin SignificanceManager
LogPluginManager: Mounting plugin RuntimePhysXCooking
LogPluginManager: Mounting plugin SoundFields
LogPluginManager: Mounting plugin Synthesis
LogPluginManager: Mounting plugin WebMMoviePlayer
LogPluginManager: Mounting plugin WindowsMoviePlayer
LogPluginManager: Mounting plugin OodleNetwork
LogPluginManager: Mounting plugin OodleData
LogPluginManager: Mounting plugin ContentBrowserAssetDataSource
LogPluginManager: Mounting plugin ContentBrowserClassDataSource
LogPluginManager: Mounting plugin ContentBrowserFileDataSource
LogPluginManager: Mounting plugin OnlineSubsystemGooglePlay
LogPluginManager: Mounting plugin OnlineSubsystemIOS
LogPluginManager: Mounting plugin OculusVR
LogPluginManager: Mounting plugin SteamVR
PixWinPlugin: PIX capture plugin failed to initialize! Check that the process is launched from PIX.
LogInit: Using libcurl 7.55.1-DEV
LogInit:  - built for x86_64-pc-win32
LogInit:  - supports SSL with OpenSSL/1.1.1
LogInit:  - supports HTTP deflate (compression) using libz 1.2.8
LogInit:  - other features:
LogInit:      CURL_VERSION_SSL
LogInit:      CURL_VERSION_LIBZ
LogInit:      CURL_VERSION_IPV6
LogInit:      CURL_VERSION_ASYNCHDNS
LogInit:      CURL_VERSION_LARGEFILE
LogInit:      CURL_VERSION_IDN
LogInit:  CurlRequestOptions (configurable via config and command line):
LogInit:  - bVerifyPeer = true  - Libcurl will verify peer certificate
LogInit:  - bUseHttpProxy = false  - Libcurl will NOT use HTTP proxy
LogInit:  - bDontReuseConnections = false  - Libcurl will reuse connections
LogInit:  - MaxHostConnections = 16  - Libcurl will limit the number of connections to a host
LogInit:  - LocalHostAddr = Default
LogInit:  - BufferSize = 65536
LogOnline: OSS: Creating online subsystem instance for: NULL
LogInit: WinSock: version 1.1 (2.2), MaxSocks=32767, MaxUdp=65467
LogOnline: OSS: TryLoadSubsystemAndSetDefault: Loaded subsystem for module [NULL]
LogOculusPluginWrapper: OculusPlugin initialized successfully
LogHMD: Failed initializing OVRPlugin 1.59.0
LogInit: Build: ++UE4+Release-4.27-CL-17735300
LogInit: Engine Version: 4.27.1-17735300+++UE4+Release-4.27
LogInit: Compatible Engine Version: 4.27.0-17155196+++UE4+Release-4.27
LogInit: Net CL: 17155196
LogInit: OS: Windows 10 (Release 2009) (), CPU: Intel(R) Core(TM) i3-10100 CPU @ 3.60GHz, GPU: NVIDIA GeForce GTX 1650 SUPER
LogInit: Compiled (64-bit): Oct  6 2021 14:42:51
LogInit: Compiled with Visual C++: 19.24.28315.00
LogInit: Build Configuration: Development
LogInit: Branch Name: ++UE4+Release-4.27
LogInit: Command Line: 
LogInit: Base Directory: C:/Program Files/Epic Games/UE_4.27/Engine/Binaries/Win64/
LogInit: Allocator: TBB
LogInit: Installed Engine Build: 1
LogDevObjectVersion: Number of dev versions registered: 29
LogDevObjectVersion:   Dev-Blueprints (B0D832E4-1F89-4F0D-ACCF-7EB736FD4AA2): 10
LogDevObjectVersion:   Dev-Build (E1C64328-A22C-4D53-A36C-8E866417BD8C): 0
LogDevObjectVersion:   Dev-Core (375EC13C-06E4-48FB-B500-84F0262A717E): 4
LogDevObjectVersion:   Dev-Editor (E4B068ED-F494-42E9-A231-DA0B2E46BB41): 40
LogDevObjectVersion:   Dev-Framework (CFFC743F-43B0-4480-9391-14DF171D2073): 37
LogDevObjectVersion:   Dev-Mobile (B02B49B5-BB20-44E9-A304-32B752E40360): 3
LogDevObjectVersion:   Dev-Networking (A4E4105C-59A1-49B5-A7C5-40C4547EDFEE): 0
LogDevObjectVersion:   Dev-Online (39C831C9-5AE6-47DC-9A44-9C173E1C8E7C): 0
LogDevObjectVersion:   Dev-Physics (78F01B33-EBEA-4F98-B9B4-84EACCB95AA2): 14
LogDevObjectVersion:   Dev-Platform (6631380F-2D4D-43E0-8009-CF276956A95A): 0
LogDevObjectVersion:   Dev-Rendering (12F88B9F-8875-4AFC-A67C-D90C383ABD29): 45
LogDevObjectVersion:   Dev-Sequencer (7B5AE74C-D270-4C10-A958-57980B212A5A): 13
LogDevObjectVersion:   Dev-VR (D7296918-1DD6-4BDD-9DE2-64A83CC13884): 3
LogDevObjectVersion:   Dev-LoadTimes (C2A15278-BFE7-4AFE-6C17-90FF531DF755): 1
LogDevObjectVersion:   Private-Geometry (6EACA3D4-40EC-4CC1-B786-8BED09428FC5): 3
LogDevObjectVersion:   Dev-AnimPhys (29E575DD-E0A3-4627-9D10-D276232CDCEA): 17
LogDevObjectVersion:   Dev-Anim (AF43A65D-7FD3-4947-9873-3E8ED9C1BB05): 15
LogDevObjectVersion:   Dev-ReflectionCapture (6B266CEC-1EC7-4B8F-A30B-E4D90942FC07): 1
LogDevObjectVersion:   Dev-Automation (0DF73D61-A23F-47EA-B727-89E90C41499A): 1
LogDevObjectVersion:   FortniteMain (601D1886-AC64-4F84-AA16-D3DE0DEAC7D6): 47
LogDevObjectVersion:   FortniteRelease (E7086368-6B23-4C58-8439-1B7016265E91): 1
LogDevObjectVersion:   Dev-Enterprise (9DFFBCD6-494F-0158-E221-12823C92A888): 10
LogDevObjectVersion:   Dev-Niagara (F2AED0AC-9AFE-416F-8664-AA7FFA26D6FC): 1
LogDevObjectVersion:   Dev-Destruction (174F1F0B-B4C6-45A5-B13F-2EE8D0FB917D): 10
LogDevObjectVersion:   Dev-Physics-Ext (35F94A83-E258-406C-A318-09F59610247C): 41
LogDevObjectVersion:   Dev-PhysicsMaterial-Chaos (B68FC16E-8B1B-42E2-B453-215C058844FE): 1
LogDevObjectVersion:   Dev-CineCamera (B2E18506-4273-CFC2-A54E-F4BB758BBA07): 1
LogDevObjectVersion:   Dev-VirtualProduction (64F58936-FD1B-42BA-BA96-7289D5D0FA4E): 1
LogDevObjectVersion:   Dev-MediaFramework (6F0ED827-A609-4895-9C91-998D90180EA4): 2
LogInit: Presizing for max 25165824 objects, including 0 objects not considered by GC, pre-allocating 0 bytes for permanent pool.
LogConfig: Applying CVar settings from Section [/Script/Engine.StreamingSettings] File [D:/rt/Logipaignio-New/Logipaignion/The_Elementalists/Saved/Config/Windows/Engine.ini]
LogConfig: Setting CVar [[s.MinBulkDataSizeForAsyncLoading:131072]]
LogConfig: Setting CVar [[s.AsyncLoadingThreadEnabled:0]]
LogConfig: Setting CVar [[s.EventDrivenLoaderEnabled:1]]
LogConfig: Setting CVar [[s.WarnIfTimeLimitExceeded:0]]
LogConfig: Setting CVar [[s.TimeLimitExceededMultiplier:1.5]]
LogConfig: Setting CVar [[s.TimeLimitExceededMinTime:0.005]]
LogConfig: Setting CVar [[s.UseBackgroundLevelStreaming:1]]
LogConfig: Setting CVar [[s.PriorityAsyncLoadingExtraTime:15.0]]
LogConfig: Setting CVar [[s.LevelStreamingActorsUpdateTimeLimit:5.0]]
LogConfig: Setting CVar [[s.PriorityLevelStreamingActorsUpdateExtraTime:5.0]]
LogConfig: Setting CVar [[s.LevelStreamingComponentsRegistrationGranularity:10]]
LogConfig: Setting CVar [[s.UnregisterComponentsTimeLimit:1.0]]
LogConfig: Setting CVar [[s.LevelStreamingComponentsUnregistrationGranularity:5]]
LogConfig: Setting CVar [[s.FlushStreamingOnExit:1]]
LogInit: Object subsystem initialized
LogConfig: Setting CVar [[con.DebugEarlyDefault:1]]
LogConfig: Setting CVar [[r.setres:1280x720]]
[2022.04.13-16.22.15:753][  0]LogConfig: Setting CVar [[r.VSync:0]]
[2022.04.13-16.22.15:753][  0]LogConfig: Setting CVar [[r.RHICmdBypass:0]]
[2022.04.13-16.22.15:753][  0]LogConfig: Applying CVar settings from Section [/Script/Engine.RendererSettings] File [D:/rt/Logipaignio-New/Logipaignion/The_Elementalists/Saved/Config/Windows/Engine.ini]
[2022.04.13-16.22.15:753][  0]LogConfig: Setting CVar [[r.GPUCrashDebugging:0]]
[2022.04.13-16.22.15:753][  0]LogConfig: Setting CVar [[r.CustomDepth:3]]
[2022.04.13-16.22.15:753][  0]LogConfig: Applying CVar settings from Section [/Script/Engine.RendererOverrideSettings] File [D:/rt/Logipaignio-New/Logipaignion/The_Elementalists/Saved/Config/Windows/Engine.ini]
[2022.04.13-16.22.15:753][  0]LogConfig: Applying CVar settings from Section [/Script/Engine.StreamingSettings] File [D:/rt/Logipaignio-New/Logipaignion/The_Elementalists/Saved/Config/Windows/Engine.ini]
[2022.04.13-16.22.15:753][  0]LogConfig: Setting CVar [[s.MinBulkDataSizeForAsyncLoading:131072]]
[2022.04.13-16.22.15:753][  0]LogConfig: Setting CVar [[s.AsyncLoadingThreadEnabled:0]]
[2022.04.13-16.22.15:753][  0]LogConfig: Setting CVar [[s.EventDrivenLoaderEnabled:1]]
[2022.04.13-16.22.15:753][  0]LogConfig: Setting CVar [[s.WarnIfTimeLimitExceeded:0]]
[2022.04.13-16.22.15:753][  0]LogConfig: Setting CVar [[s.TimeLimitExceededMultiplier:1.5]]
[2022.04.13-16.22.15:753][  0]LogConfig: Setting CVar [[s.TimeLimitExceededMinTime:0.005]]
[2022.04.13-16.22.15:753][  0]LogConfig: Setting CVar [[s.UseBackgroundLevelStreaming:1]]
[2022.04.13-16.22.15:753][  0]LogConfig: Setting CVar [[s.PriorityAsyncLoadingExtraTime:15.0]]
[2022.04.13-16.22.15:753][  0]LogConfig: Setting CVar [[s.LevelStreamingActorsUpdateTimeLimit:5.0]]
[2022.04.13-16.22.15:753][  0]LogConfig: Setting CVar [[s.PriorityLevelStreamingActorsUpdateExtraTime:5.0]]
[2022.04.13-16.22.15:753][  0]LogConfig: Setting CVar [[s.LevelStreamingComponentsRegistrationGranularity:10]]
[2022.04.13-16.22.15:753][  0]LogConfig: Setting CVar [[s.UnregisterComponentsTimeLimit:1.0]]
[2022.04.13-16.22.15:753][  0]LogConfig: Setting CVar [[s.LevelStreamingComponentsUnregistrationGranularity:5]]
[2022.04.13-16.22.15:753][  0]LogConfig: Setting CVar [[s.FlushStreamingOnExit:1]]
[2022.04.13-16.22.15:753][  0]LogConfig: Applying CVar settings from Section [/Script/Engine.GarbageCollectionSettings] File [D:/rt/Logipaignio-New/Logipaignion/The_Elementalists/Saved/Config/Windows/Engine.ini]
[2022.04.13-16.22.15:753][  0]LogConfig: Setting CVar [[gc.MaxObjectsNotConsideredByGC:1]]
[2022.04.13-16.22.15:753][  0]LogConfig: Setting CVar [[gc.SizeOfPermanentObjectPool:0]]
[2022.04.13-16.22.15:753][  0]LogConfig: Setting CVar [[gc.FlushStreamingOnGC:0]]
[2022.04.13-16.22.15:753][  0]LogConfig: Setting CVar [[gc.NumRetriesBeforeForcingGC:10]]
[2022.04.13-16.22.15:753][  0]LogConfig: Setting CVar [[gc.AllowParallelGC:1]]
[2022.04.13-16.22.15:753][  0]LogConfig: Setting CVar [[gc.TimeBetweenPurgingPendingKillObjects:61.1]]
[2022.04.13-16.22.15:753][  0]LogConfig: Setting CVar [[gc.MaxObjectsInEditor:25165824]]
[2022.04.13-16.22.15:753][  0]LogConfig: Setting CVar [[gc.IncrementalBeginDestroyEnabled:1]]
[2022.04.13-16.22.15:753][  0]LogConfig: Setting CVar [[gc.CreateGCClusters:1]]
[2022.04.13-16.22.15:753][  0]LogConfig: Setting CVar [[gc.MinGCClusterSize:5]]
[2022.04.13-16.22.15:753][  0]LogConfig: Setting CVar [[gc.ActorClusteringEnabled:0]]
[2022.04.13-16.22.15:753][  0]LogConfig: Setting CVar [[gc.BlueprintClusteringEnabled:0]]
[2022.04.13-16.22.15:753][  0]LogConfig: Setting CVar [[gc.UseDisregardForGCOnDedicatedServers:0]]
[2022.04.13-16.22.15:753][  0]LogConfig: Setting CVar [[gc.MultithreadedDestructionEnabled:1]]
[2022.04.13-16.22.15:753][  0]LogConfig: Applying CVar settings from Section [/Script/Engine.NetworkSettings] File [D:/rt/Logipaignio-New/Logipaignion/The_Elementalists/Saved/Config/Windows/Engine.ini]
[2022.04.13-16.22.15:753][  0]LogConfig: Applying CVar settings from Section [/Script/UnrealEd.CookerSettings] File [D:/rt/Logipaignio-New/Logipaignion/The_Elementalists/Saved/Config/Windows/Engine.ini]
[2022.04.13-16.22.15:789][  0]LogConfig: Applying CVar settings from Section [ViewDistanceQuality@3] File [D:/rt/Logipaignio-New/Logipaignion/The_Elementalists/Saved/Config/Windows/Scalability.ini]
[2022.04.13-16.22.15:789][  0]LogConfig: Setting CVar [[r.SkeletalMeshLODBias:0]]
[2022.04.13-16.22.15:789][  0]LogConfig: Setting CVar [[r.ViewDistanceScale:1.0]]
[2022.04.13-16.22.15:789][  0]LogConfig: Applying CVar settings from Section [AntiAliasingQuality@3] File [D:/rt/Logipaignio-New/Logipaignion/The_Elementalists/Saved/Config/Windows/Scalability.ini]
[2022.04.13-16.22.15:789][  0]LogConfig: Setting CVar [[r.PostProcessAAQuality:4]]
[2022.04.13-16.22.15:789][  0]LogConfig: Applying CVar settings from Section [ShadowQuality@3] File [D:/rt/Logipaignio-New/Logipaignion/The_Elementalists/Saved/Config/Windows/Scalability.ini]
[2022.04.13-16.22.15:789][  0]LogConfig: Setting CVar [[r.LightFunctionQuality:1]]
[2022.04.13-16.22.15:789][  0]LogConfig: Setting CVar [[r.ShadowQuality:5]]
[2022.04.13-16.22.15:789][  0]LogConfig: Setting CVar [[r.Shadow.CSM.MaxCascades:10]]
[2022.04.13-16.22.15:789][  0]LogConfig: Setting CVar [[r.Shadow.MaxResolution:2048]]
[2022.04.13-16.22.15:789][  0]LogConfig: Setting CVar [[r.Shadow.MaxCSMResolution:2048]]
[2022.04.13-16.22.15:789][  0]LogConfig: Setting CVar [[r.Shadow.RadiusThreshold:0.01]]
[2022.04.13-16.22.15:789][  0]LogConfig: Setting CVar [[r.Shadow.DistanceScale:1.0]]
[2022.04.13-16.22.15:789][  0]LogConfig: Setting CVar [[r.Shadow.CSM.TransitionScale:1.0]]
[2022.04.13-16.22.15:789][  0]LogConfig: Setting CVar [[r.Shadow.PreShadowResolutionFactor:1.0]]
[2022.04.13-16.22.15:789][  0]LogConfig: Setting CVar [[r.DistanceFieldShadowing:1]]
[2022.04.13-16.22.15:789][  0]LogConfig: Setting CVar [[r.DistanceFieldAO:1]]
[2022.04.13-16.22.15:789][  0]LogConfig: Setting CVar [[r.AOQuality:2]]
[2022.04.13-16.22.15:789][  0]LogConfig: Setting CVar [[r.VolumetricFog:1]]
[2022.04.13-16.22.15:789][  0]LogConfig: Setting CVar [[r.VolumetricFog.GridPixelSize:8]]
[2022.04.13-16.22.15:790][  0]LogConfig: Setting CVar [[r.VolumetricFog.GridSizeZ:128]]
[2022.04.13-16.22.15:790][  0]LogConfig: Setting CVar [[r.VolumetricFog.HistoryMissSupersampleCount:4]]
[2022.04.13-16.22.15:790][  0]LogConfig: Setting CVar [[r.LightMaxDrawDistanceScale:1]]
[2022.04.13-16.22.15:790][  0]LogConfig: Setting CVar [[r.CapsuleShadows:1]]
[2022.04.13-16.22.15:790][  0]LogConfig: Applying CVar settings from Section [PostProcessQuality@3] File [D:/rt/Logipaignio-New/Logipaignion/The_Elementalists/Saved/Config/Windows/Scalability.ini]
[2022.04.13-16.22.15:790][  0]LogConfig: Setting CVar [[r.MotionBlurQuality:4]]
[2022.04.13-16.22.15:790][  0]LogConfig: Setting CVar [[r.AmbientOcclusionMipLevelFactor:0.4]]
[2022.04.13-16.22.15:790][  0]LogConfig: Setting CVar [[r.AmbientOcclusionMaxQuality:100]]
[2022.04.13-16.22.15:790][  0]LogConfig: Setting CVar [[r.AmbientOcclusionLevels:-1]]
[2022.04.13-16.22.15:790][  0]LogConfig: Setting CVar [[r.AmbientOcclusionRadiusScale:1.0]]
[2022.04.13-16.22.15:790][  0]LogConfig: Setting CVar [[r.DepthOfFieldQuality:2]]
[2022.04.13-16.22.15:790][  0]LogConfig: Setting CVar [[r.RenderTargetPoolMin:400]]
[2022.04.13-16.22.15:790][  0]LogConfig: Setting CVar [[r.LensFlareQuality:2]]
[2022.04.13-16.22.15:790][  0]LogConfig: Setting CVar [[r.SceneColorFringeQuality:1]]
[2022.04.13-16.22.15:790][  0]LogConfig: Setting CVar [[r.EyeAdaptationQuality:2]]
[2022.04.13-16.22.15:790][  0]LogConfig: Setting CVar [[r.BloomQuality:5]]
[2022.04.13-16.22.15:790][  0]LogConfig: Setting CVar [[r.FastBlurThreshold:100]]
[2022.04.13-16.22.15:790][  0]LogConfig: Setting CVar [[r.Upscale.Quality:3]]
[2022.04.13-16.22.15:790][  0]LogConfig: Setting CVar [[r.Tonemapper.GrainQuantization:1]]
[2022.04.13-16.22.15:790][  0]LogConfig: Setting CVar [[r.LightShaftQuality:1]]
[2022.04.13-16.22.15:790][  0]LogConfig: Setting CVar [[r.Filter.SizeScale:1]]
[2022.04.13-16.22.15:790][  0]LogConfig: Setting CVar [[r.Tonemapper.Quality:5]]
[2022.04.13-16.22.15:790][  0]LogConfig: Setting CVar [[r.DOF.Gather.AccumulatorQuality:1        ; higher gathering accumulator quality]]
[2022.04.13-16.22.15:790][  0]LogConfig: Setting CVar [[r.DOF.Gather.PostfilterMethod:1          ; Median3x3 postfilering method]]
[2022.04.13-16.22.15:790][  0]LogConfig: Setting CVar [[r.DOF.Gather.EnableBokehSettings:0       ; no bokeh simulation when gathering]]
[2022.04.13-16.22.15:790][  0]LogConfig: Setting CVar [[r.DOF.Gather.RingCount:4                 ; medium number of samples when gathering]]
[2022.04.13-16.22.15:790][  0]LogConfig: Setting CVar [[r.DOF.Scatter.ForegroundCompositing:1    ; additive foreground scattering]]
[2022.04.13-16.22.15:790][  0]LogConfig: Setting CVar [[r.DOF.Scatter.BackgroundCompositing:2    ; additive background scattering]]
[2022.04.13-16.22.15:790][  0]LogConfig: Setting CVar [[r.DOF.Scatter.EnableBokehSettings:1      ; bokeh simulation when scattering]]
[2022.04.13-16.22.15:790][  0]LogConfig: Setting CVar [[r.DOF.Scatter.MaxSpriteRatio:0.1         ; only a maximum of 10% of scattered bokeh]]
[2022.04.13-16.22.15:790][  0]LogConfig: Setting CVar [[r.DOF.Recombine.Quality:1                ; cheap slight out of focus]]
[2022.04.13-16.22.15:790][  0]LogConfig: Setting CVar [[r.DOF.Recombine.EnableBokehSettings:0    ; no bokeh simulation on slight out of focus]]
[2022.04.13-16.22.15:790][  0]LogConfig: Setting CVar [[r.DOF.TemporalAAQuality:1                ; more stable temporal accumulation]]
[2022.04.13-16.22.15:790][  0]LogConfig: Setting CVar [[r.DOF.Kernel.MaxForegroundRadius:0.025]]
[2022.04.13-16.22.15:790][  0]LogConfig: Setting CVar [[r.DOF.Kernel.MaxBackgroundRadius:0.025]]
[2022.04.13-16.22.15:790][  0]LogConfig: Applying CVar settings from Section [TextureQuality@3] File [D:/rt/Logipaignio-New/Logipaignion/The_Elementalists/Saved/Config/Windows/Scalability.ini]
[2022.04.13-16.22.15:790][  0]LogConfig: Setting CVar [[r.Streaming.MipBias:0]]
[2022.04.13-16.22.15:790][  0]LogConfig: Setting CVar [[r.Streaming.AmortizeCPUToGPUCopy:0]]
[2022.04.13-16.22.15:790][  0]LogConfig: Setting CVar [[r.Streaming.MaxNumTexturesToStreamPerFrame:0]]
[2022.04.13-16.22.15:790][  0]LogConfig: Setting CVar [[r.Streaming.Boost:1]]
[2022.04.13-16.22.15:790][  0]LogConfig: Setting CVar [[r.MaxAnisotropy:8]]
[2022.04.13-16.22.15:790][  0]LogConfig: Setting CVar [[r.VT.MaxAnisotropy:8]]
[2022.04.13-16.22.15:790][  0]LogConfig: Setting CVar [[r.Streaming.LimitPoolSizeToVRAM:0]]
[2022.04.13-16.22.15:790][  0]LogConfig: Setting CVar [[r.Streaming.PoolSize:1000]]
[2022.04.13-16.22.15:790][  0]LogConfig: Setting CVar [[r.Streaming.MaxEffectiveScreenSize:0]]
[2022.04.13-16.22.15:790][  0]LogConfig: Applying CVar settings from Section [EffectsQuality@3] File [D:/rt/Logipaignio-New/Logipaignion/The_Elementalists/Saved/Config/Windows/Scalability.ini]
[2022.04.13-16.22.15:790][  0]LogConfig: Setting CVar [[r.TranslucencyLightingVolumeDim:64]]
[2022.04.13-16.22.15:790][  0]LogConfig: Setting CVar [[r.RefractionQuality:2]]
[2022.04.13-16.22.15:790][  0]LogConfig: Setting CVar [[r.SSR.Quality:3]]
[2022.04.13-16.22.15:790][  0]LogConfig: Setting CVar [[r.SSR.HalfResSceneColor:0]]
[2022.04.13-16.22.15:790][  0]LogConfig: Setting CVar [[r.SceneColorFormat:4]]
[2022.04.13-16.22.15:790][  0]LogConfig: Setting CVar [[r.DetailMode:2]]
[2022.04.13-16.22.15:790][  0]LogConfig: Setting CVar [[r.TranslucencyVolumeBlur:1]]
[2022.04.13-16.22.15:790][  0]LogConfig: Setting CVar [[r.MaterialQualityLevel:1 ; High quality]]
[2022.04.13-16.22.15:790][  0]LogConfig: Setting CVar [[r.AnisotropicMaterials:1]]
[2022.04.13-16.22.15:790][  0]LogConfig: Setting CVar [[r.SSS.Scale:1]]
[2022.04.13-16.22.15:790][  0]LogConfig: Setting CVar [[r.SSS.SampleSet:2]]
[2022.04.13-16.22.15:790][  0]LogConfig: Setting CVar [[r.SSS.Quality:1]]
[2022.04.13-16.22.15:790][  0]LogConfig: Setting CVar [[r.SSS.HalfRes:0]]
[2022.04.13-16.22.15:790][  0]LogConfig: Setting CVar [[r.SSGI.Quality:3]]
[2022.04.13-16.22.15:790][  0]LogConfig: Setting CVar [[r.EmitterSpawnRateScale:1.0]]
[2022.04.13-16.22.15:790][  0]LogConfig: Setting CVar [[r.ParticleLightQuality:2]]
[2022.04.13-16.22.15:790][  0]LogConfig: Setting CVar [[r.SkyAtmosphere.AerialPerspectiveLUT.FastApplyOnOpaque:1 ; Always have FastSkyLUT 1 in this case to avoid wrong sky]]
[2022.04.13-16.22.15:790][  0]LogConfig: Setting CVar [[r.SkyAtmosphere.AerialPerspectiveLUT.SampleCountMaxPerSlice:4]]
[2022.04.13-16.22.15:790][  0]LogConfig: Setting CVar [[r.SkyAtmosphere.AerialPerspectiveLUT.DepthResolution:16.0]]
[2022.04.13-16.22.15:790][  0]LogConfig: Setting CVar [[r.SkyAtmosphere.FastSkyLUT:1]]
[2022.04.13-16.22.15:790][  0]LogConfig: Setting CVar [[r.SkyAtmosphere.FastSkyLUT.SampleCountMin:4.0]]
[2022.04.13-16.22.15:790][  0]LogConfig: Setting CVar [[r.SkyAtmosphere.FastSkyLUT.SampleCountMax:128.0]]
[2022.04.13-16.22.15:790][  0]LogConfig: Setting CVar [[r.SkyAtmosphere.SampleCountMin:4.0]]
[2022.04.13-16.22.15:790][  0]LogConfig: Setting CVar [[r.SkyAtmosphere.SampleCountMax:128.0]]
[2022.04.13-16.22.15:790][  0]LogConfig: Setting CVar [[r.SkyAtmosphere.TransmittanceLUT.UseSmallFormat:0]]
[2022.04.13-16.22.15:790][  0]LogConfig: Setting CVar [[r.SkyAtmosphere.TransmittanceLUT.SampleCount:10.0]]
[2022.04.13-16.22.15:791][  0]LogConfig: Setting CVar [[r.SkyAtmosphere.MultiScatteringLUT.SampleCount:15.0]]
[2022.04.13-16.22.15:791][  0]LogConfig: Setting CVar [[r.SkyLight.RealTimeReflectionCapture:1]]
[2022.04.13-16.22.15:791][  0]LogConfig: Applying CVar settings from Section [FoliageQuality@3] File [D:/rt/Logipaignio-New/Logipaignion/The_Elementalists/Saved/Config/Windows/Scalability.ini]
[2022.04.13-16.22.15:791][  0]LogConfig: Setting CVar [[foliage.DensityScale:1.0]]
[2022.04.13-16.22.15:791][  0]LogConfig: Setting CVar [[grass.DensityScale:1.0]]
[2022.04.13-16.22.15:791][  0]LogConfig: Applying CVar settings from Section [ShadingQuality@3] File [D:/rt/Logipaignio-New/Logipaignion/The_Elementalists/Saved/Config/Windows/Scalability.ini]
[2022.04.13-16.22.15:791][  0]LogConfig: Setting CVar [[r.HairStrands.SkyLighting.IntegrationType:2]]
[2022.04.13-16.22.15:791][  0]LogConfig: Setting CVar [[r.HairStrands.SkyAO.SampleCount:4]]
[2022.04.13-16.22.15:791][  0]LogConfig: Setting CVar [[r.HairStrands.Visibility.MSAA.SamplePerPixel:4]]
[2022.04.13-16.22.15:791][  0]LogInit: Selected Device Profile: [Windows]
[2022.04.13-16.22.15:791][  0]LogInit: Applying CVar settings loaded from the selected device profile: [Windows]
[2022.04.13-16.22.15:791][  0]LogHAL: Display: Platform has ~ 16 GB [17112551424 / 17179869184 / 16], which maps to Larger [LargestMinGB=32, LargerMinGB=12, DefaultMinGB=8, SmallerMinGB=6, SmallestMinGB=0)
[2022.04.13-16.22.15:791][  0]LogInit: Going up to parent DeviceProfile []
[2022.04.13-16.22.15:791][  0]LogConfig: Applying CVar settings from Section [ViewDistanceQuality@3] File [D:/rt/Logipaignio-New/Logipaignion/The_Elementalists/Saved/Config/Windows/Scalability.ini]
[2022.04.13-16.22.15:791][  0]LogConfig: Setting CVar [[r.SkeletalMeshLODBias:0]]
[2022.04.13-16.22.15:791][  0]LogConfig: Setting CVar [[r.ViewDistanceScale:1.0]]
[2022.04.13-16.22.15:791][  0]LogConfig: Applying CVar settings from Section [AntiAliasingQuality@3] File [D:/rt/Logipaignio-New/Logipaignion/The_Elementalists/Saved/Config/Windows/Scalability.ini]
[2022.04.13-16.22.15:791][  0]LogConfig: Setting CVar [[r.PostProcessAAQuality:4]]
[2022.04.13-16.22.15:791][  0]LogConfig: Applying CVar settings from Section [ShadowQuality@3] File [D:/rt/Logipaignio-New/Logipaignion/The_Elementalists/Saved/Config/Windows/Scalability.ini]
[2022.04.13-16.22.15:791][  0]LogConfig: Setting CVar [[r.LightFunctionQuality:1]]
[2022.04.13-16.22.15:791][  0]LogConfig: Setting CVar [[r.ShadowQuality:5]]
[2022.04.13-16.22.15:791][  0]LogConfig: Setting CVar [[r.Shadow.CSM.MaxCascades:10]]
[2022.04.13-16.22.15:791][  0]LogConfig: Setting CVar [[r.Shadow.MaxResolution:2048]]
[2022.04.13-16.22.15:791][  0]LogConfig: Setting CVar [[r.Shadow.MaxCSMResolution:2048]]
[2022.04.13-16.22.15:791][  0]LogConfig: Setting CVar [[r.Shadow.RadiusThreshold:0.01]]
[2022.04.13-16.22.15:791][  0]LogConfig: Setting CVar [[r.Shadow.DistanceScale:1.0]]
[2022.04.13-16.22.15:791][  0]LogConfig: Setting CVar [[r.Shadow.CSM.TransitionScale:1.0]]
[2022.04.13-16.22.15:791][  0]LogConfig: Setting CVar [[r.Shadow.PreShadowResolutionFactor:1.0]]
[2022.04.13-16.22.15:791][  0]LogConfig: Setting CVar [[r.DistanceFieldShadowing:1]]
[2022.04.13-16.22.15:791][  0]LogConfig: Setting CVar [[r.DistanceFieldAO:1]]
[2022.04.13-16.22.15:791][  0]LogConfig: Setting CVar [[r.AOQuality:2]]
[2022.04.13-16.22.15:791][  0]LogConfig: Setting CVar [[r.VolumetricFog:1]]
[2022.04.13-16.22.15:791][  0]LogConfig: Setting CVar [[r.VolumetricFog.GridPixelSize:8]]
[2022.04.13-16.22.15:791][  0]LogConfig: Setting CVar [[r.VolumetricFog.GridSizeZ:128]]
[2022.04.13-16.22.15:791][  0]LogConfig: Setting CVar [[r.VolumetricFog.HistoryMissSupersampleCount:4]]
[2022.04.13-16.22.15:791][  0]LogConfig: Setting CVar [[r.LightMaxDrawDistanceScale:1]]
[2022.04.13-16.22.15:791][  0]LogConfig: Setting CVar [[r.CapsuleShadows:1]]
[2022.04.13-16.22.15:791][  0]LogConfig: Applying CVar settings from Section [PostProcessQuality@3] File [D:/rt/Logipaignio-New/Logipaignion/The_Elementalists/Saved/Config/Windows/Scalability.ini]
[2022.04.13-16.22.15:791][  0]LogConfig: Setting CVar [[r.MotionBlurQuality:4]]
[2022.04.13-16.22.15:791][  0]LogConfig: Setting CVar [[r.AmbientOcclusionMipLevelFactor:0.4]]
[2022.04.13-16.22.15:791][  0]LogConfig: Setting CVar [[r.AmbientOcclusionMaxQuality:100]]
[2022.04.13-16.22.15:791][  0]LogConfig: Setting CVar [[r.AmbientOcclusionLevels:-1]]
[2022.04.13-16.22.15:791][  0]LogConfig: Setting CVar [[r.AmbientOcclusionRadiusScale:1.0]]
[2022.04.13-16.22.15:791][  0]LogConfig: Setting CVar [[r.DepthOfFieldQuality:2]]
[2022.04.13-16.22.15:791][  0]LogConfig: Setting CVar [[r.RenderTargetPoolMin:400]]
[2022.04.13-16.22.15:791][  0]LogConfig: Setting CVar [[r.LensFlareQuality:2]]
[2022.04.13-16.22.15:791][  0]LogConfig: Setting CVar [[r.SceneColorFringeQuality:1]]
[2022.04.13-16.22.15:791][  0]LogConfig: Setting CVar [[r.EyeAdaptationQuality:2]]
[2022.04.13-16.22.15:791][  0]LogConfig: Setting CVar [[r.BloomQuality:5]]
[2022.04.13-16.22.15:791][  0]LogConfig: Setting CVar [[r.FastBlurThreshold:100]]
[2022.04.13-16.22.15:791][  0]LogConfig: Setting CVar [[r.Upscale.Quality:3]]
[2022.04.13-16.22.15:791][  0]LogConfig: Setting CVar [[r.Tonemapper.GrainQuantization:1]]
[2022.04.13-16.22.15:791][  0]LogConfig: Setting CVar [[r.LightShaftQuality:1]]
[2022.04.13-16.22.15:791][  0]LogConfig: Setting CVar [[r.Filter.SizeScale:1]]
[2022.04.13-16.22.15:791][  0]LogConfig: Setting CVar [[r.Tonemapper.Quality:5]]
[2022.04.13-16.22.15:792][  0]LogConfig: Setting CVar [[r.DOF.Gather.AccumulatorQuality:1        ; higher gathering accumulator quality]]
[2022.04.13-16.22.15:792][  0]LogConfig: Setting CVar [[r.DOF.Gather.PostfilterMethod:1          ; Median3x3 postfilering method]]
[2022.04.13-16.22.15:792][  0]LogConfig: Setting CVar [[r.DOF.Gather.EnableBokehSettings:0       ; no bokeh simulation when gathering]]
[2022.04.13-16.22.15:792][  0]LogConfig: Setting CVar [[r.DOF.Gather.RingCount:4                 ; medium number of samples when gathering]]
[2022.04.13-16.22.15:792][  0]LogConfig: Setting CVar [[r.DOF.Scatter.ForegroundCompositing:1    ; additive foreground scattering]]
[2022.04.13-16.22.15:792][  0]LogConfig: Setting CVar [[r.DOF.Scatter.BackgroundCompositing:2    ; additive background scattering]]
[2022.04.13-16.22.15:792][  0]LogConfig: Setting CVar [[r.DOF.Scatter.EnableBokehSettings:1      ; bokeh simulation when scattering]]
[2022.04.13-16.22.15:792][  0]LogConfig: Setting CVar [[r.DOF.Scatter.MaxSpriteRatio:0.1         ; only a maximum of 10% of scattered bokeh]]
[2022.04.13-16.22.15:792][  0]LogConfig: Setting CVar [[r.DOF.Recombine.Quality:1                ; cheap slight out of focus]]
[2022.04.13-16.22.15:792][  0]LogConfig: Setting CVar [[r.DOF.Recombine.EnableBokehSettings:0    ; no bokeh simulation on slight out of focus]]
[2022.04.13-16.22.15:792][  0]LogConfig: Setting CVar [[r.DOF.TemporalAAQuality:1                ; more stable temporal accumulation]]
[2022.04.13-16.22.15:792][  0]LogConfig: Setting CVar [[r.DOF.Kernel.MaxForegroundRadius:0.025]]
[2022.04.13-16.22.15:792][  0]LogConfig: Setting CVar [[r.DOF.Kernel.MaxBackgroundRadius:0.025]]
[2022.04.13-16.22.15:792][  0]LogConfig: Applying CVar settings from Section [TextureQuality@3] File [D:/rt/Logipaignio-New/Logipaignion/The_Elementalists/Saved/Config/Windows/Scalability.ini]
[2022.04.13-16.22.15:792][  0]LogConfig: Setting CVar [[r.Streaming.MipBias:0]]
[2022.04.13-16.22.15:792][  0]LogConfig: Setting CVar [[r.Streaming.AmortizeCPUToGPUCopy:0]]
[2022.04.13-16.22.15:792][  0]LogConfig: Setting CVar [[r.Streaming.MaxNumTexturesToStreamPerFrame:0]]
[2022.04.13-16.22.15:792][  0]LogConfig: Setting CVar [[r.Streaming.Boost:1]]
[2022.04.13-16.22.15:792][  0]LogConfig: Setting CVar [[r.MaxAnisotropy:8]]
[2022.04.13-16.22.15:792][  0]LogConfig: Setting CVar [[r.VT.MaxAnisotropy:8]]
[2022.04.13-16.22.15:792][  0]LogConfig: Setting CVar [[r.Streaming.LimitPoolSizeToVRAM:0]]
[2022.04.13-16.22.15:792][  0]LogConfig: Setting CVar [[r.Streaming.PoolSize:1000]]
[2022.04.13-16.22.15:792][  0]LogConfig: Setting CVar [[r.Streaming.MaxEffectiveScreenSize:0]]
[2022.04.13-16.22.15:792][  0]LogConfig: Applying CVar settings from Section [EffectsQuality@3] File [D:/rt/Logipaignio-New/Logipaignion/The_Elementalists/Saved/Config/Windows/Scalability.ini]
[2022.04.13-16.22.15:792][  0]LogConfig: Setting CVar [[r.TranslucencyLightingVolumeDim:64]]
[2022.04.13-16.22.15:792][  0]LogConfig: Setting CVar [[r.RefractionQuality:2]]
[2022.04.13-16.22.15:792][  0]LogConfig: Setting CVar [[r.SSR.Quality:3]]
[2022.04.13-16.22.15:792][  0]LogConfig: Setting CVar [[r.SSR.HalfResSceneColor:0]]
[2022.04.13-16.22.15:792][  0]LogConfig: Setting CVar [[r.SceneColorFormat:4]]
[2022.04.13-16.22.15:792][  0]LogConfig: Setting CVar [[r.DetailMode:2]]
[2022.04.13-16.22.15:792][  0]LogConfig: Setting CVar [[r.TranslucencyVolumeBlur:1]]
[2022.04.13-16.22.15:792][  0]LogConfig: Setting CVar [[r.MaterialQualityLevel:1 ; High quality]]
[2022.04.13-16.22.15:792][  0]LogConfig: Setting CVar [[r.AnisotropicMaterials:1]]
[2022.04.13-16.22.15:792][  0]LogConfig: Setting CVar [[r.SSS.Scale:1]]
[2022.04.13-16.22.15:792][  0]LogConfig: Setting CVar [[r.SSS.SampleSet:2]]
[2022.04.13-16.22.15:792][  0]LogConfig: Setting CVar [[r.SSS.Quality:1]]
[2022.04.13-16.22.15:792][  0]LogConfig: Setting CVar [[r.SSS.HalfRes:0]]
[2022.04.13-16.22.15:792][  0]LogConfig: Setting CVar [[r.SSGI.Quality:3]]
[2022.04.13-16.22.15:792][  0]LogConfig: Setting CVar [[r.EmitterSpawnRateScale:1.0]]
[2022.04.13-16.22.15:792][  0]LogConfig: Setting CVar [[r.ParticleLightQuality:2]]
[2022.04.13-16.22.15:792][  0]LogConfig: Setting CVar [[r.SkyAtmosphere.AerialPerspectiveLUT.FastApplyOnOpaque:1 ; Always have FastSkyLUT 1 in this case to avoid wrong sky]]
[2022.04.13-16.22.15:792][  0]LogConfig: Setting CVar [[r.SkyAtmosphere.AerialPerspectiveLUT.SampleCountMaxPerSlice:4]]
[2022.04.13-16.22.15:792][  0]LogConfig: Setting CVar [[r.SkyAtmosphere.AerialPerspectiveLUT.DepthResolution:16.0]]
[2022.04.13-16.22.15:792][  0]LogConfig: Setting CVar [[r.SkyAtmosphere.FastSkyLUT:1]]
[2022.04.13-16.22.15:792][  0]LogConfig: Setting CVar [[r.SkyAtmosphere.FastSkyLUT.SampleCountMin:4.0]]
[2022.04.13-16.22.15:792][  0]LogConfig: Setting CVar [[r.SkyAtmosphere.FastSkyLUT.SampleCountMax:128.0]]
[2022.04.13-16.22.15:792][  0]LogConfig: Setting CVar [[r.SkyAtmosphere.SampleCountMin:4.0]]
[2022.04.13-16.22.15:792][  0]LogConfig: Setting CVar [[r.SkyAtmosphere.SampleCountMax:128.0]]
[2022.04.13-16.22.15:792][  0]LogConfig: Setting CVar [[r.SkyAtmosphere.TransmittanceLUT.UseSmallFormat:0]]
[2022.04.13-16.22.15:792][  0]LogConfig: Setting CVar [[r.SkyAtmosphere.TransmittanceLUT.SampleCount:10.0]]
[2022.04.13-16.22.15:792][  0]LogConfig: Setting CVar [[r.SkyAtmosphere.MultiScatteringLUT.SampleCount:15.0]]
[2022.04.13-16.22.15:792][  0]LogConfig: Setting CVar [[r.SkyLight.RealTimeReflectionCapture:1]]
[2022.04.13-16.22.15:792][  0]LogConfig: Applying CVar settings from Section [FoliageQuality@3] File [D:/rt/Logipaignio-New/Logipaignion/The_Elementalists/Saved/Config/Windows/Scalability.ini]
[2022.04.13-16.22.15:792][  0]LogConfig: Setting CVar [[foliage.DensityScale:1.0]]
[2022.04.13-16.22.15:792][  0]LogConfig: Setting CVar [[grass.DensityScale:1.0]]
[2022.04.13-16.22.15:792][  0]LogConfig: Applying CVar settings from Section [ShadingQuality@3] File [D:/rt/Logipaignio-New/Logipaignion/The_Elementalists/Saved/Config/Windows/Scalability.ini]
[2022.04.13-16.22.15:792][  0]LogConfig: Setting CVar [[r.HairStrands.SkyLighting.IntegrationType:2]]
[2022.04.13-16.22.15:792][  0]LogConfig: Setting CVar [[r.HairStrands.SkyAO.SampleCount:4]]
[2022.04.13-16.22.15:792][  0]LogConfig: Setting CVar [[r.HairStrands.Visibility.MSAA.SamplePerPixel:4]]
[2022.04.13-16.22.15:792][  0]LogConfig: Applying CVar settings from Section [Startup] File [../../../Engine/Config/ConsoleVariables.ini]
[2022.04.13-16.22.15:793][  0]LogConfig: Setting CVar [[net.UseAdaptiveNetUpdateFrequency:0]]
[2022.04.13-16.22.15:793][  0]LogConfig: Setting CVar [[p.chaos.AllowCreatePhysxBodies:1]]
[2022.04.13-16.22.15:793][  0]LogConfig: Setting CVar [[fx.SkipVectorVMBackendOptimizations:1]]
[2022.04.13-16.22.15:793][  0]LogConfig: Applying CVar settings from Section [ConsoleVariables] File [D:/rt/Logipaignio-New/Logipaignion/The_Elementalists/Saved/Config/Windows/Engine.ini]
[2022.04.13-16.22.15:793][  0]LogConfig: Applying CVar settings from Section [ConsoleVariables] File [D:/rt/Logipaignio-New/Logipaignion/The_Elementalists/Saved/Config/Windows/Editor.ini]
[2022.04.13-16.22.15:793][  0]LogInit: Computer: DESKTOP-7U3OGSV
[2022.04.13-16.22.15:793][  0]LogInit: User: hbnm
[2022.04.13-16.22.15:793][  0]LogInit: CPU Page size=4096, Cores=4
[2022.04.13-16.22.15:793][  0]LogInit: High frequency timer resolution =10.000000 MHz
[2022.04.13-16.22.15:793][  0]LogMemory: Memory total: Physical=15.9GB (16GB approx)
[2022.04.13-16.22.15:793][  0]LogMemory: Platform Memory Stats for Windows
[2022.04.13-16.22.15:793][  0]LogMemory: Process Physical Memory: 145.25 MB used, 145.25 MB peak
[2022.04.13-16.22.15:793][  0]LogMemory: Process Virtual Memory: 130.44 MB used, 130.44 MB peak
[2022.04.13-16.22.15:793][  0]LogMemory: Physical Memory: 10739.93 MB used,  5579.88 MB free, 16319.80 MB total
[2022.04.13-16.22.15:793][  0]LogMemory: Virtual Memory: 134210920.00 MB used,  6810.13 MB free, 134217728.00 MB total
[2022.04.13-16.22.15:798][  0]LogWindows: WindowsPlatformFeatures enabled
[2022.04.13-16.22.15:831][  0]LogInit: Physics initialised using underlying interface: PhysX
[2022.04.13-16.22.15:831][  0]LogInit: Using OS detected language (en-US).
[2022.04.13-16.22.15:831][  0]LogInit: Using OS detected locale (en-CY).
[2022.04.13-16.22.15:833][  0]LogTextLocalizationManager: No specific localization for 'en-US' exists, so the 'en' localization will be used.
[2022.04.13-16.22.16:016][  0]LogInit: Setting process to per monitor DPI aware
[2022.04.13-16.22.16:023][  0]LogWindowsTextInputMethodSystem: Display: IME system deactivated.
[2022.04.13-16.22.16:037][  0]LogSlate: New Slate User Created.  User Index 0, Is Virtual User: 0
[2022.04.13-16.22.16:037][  0]LogSlate: Slate User Registered.  User Index 0, Is Virtual User: 0
[2022.04.13-16.22.16:146][  0]LogD3D11RHI: Loaded GFSDK_Aftermath_Lib.x64.dll
[2022.04.13-16.22.16:148][  0]LogHMD: Failed to initialize OpenVR with code 110
[2022.04.13-16.22.16:148][  0]LogD3D11RHI: D3D11 min allowed feature level: 11_0
[2022.04.13-16.22.16:148][  0]LogD3D11RHI: D3D11 max allowed feature level: 11_0
[2022.04.13-16.22.16:148][  0]LogD3D11RHI: D3D11 adapters:
[2022.04.13-16.22.16:256][  0]LogD3D11RHI:    0. 'NVIDIA GeForce GTX 1650 SUPER' (Feature Level 11_0)
[2022.04.13-16.22.16:256][  0]LogD3D11RHI:       3955/0/8159 MB DedicatedVideo/DedicatedSystem/SharedSystem, Outputs:2, VendorId:0x10de
[2022.04.13-16.22.16:258][  0]LogD3D11RHI:    1. 'Microsoft Basic Render Driver' (Feature Level 11_0)
[2022.04.13-16.22.16:258][  0]LogD3D11RHI:       0/0/8159 MB DedicatedVideo/DedicatedSystem/SharedSystem, Outputs:0, VendorId:0x1414
[2022.04.13-16.22.16:258][  0]LogD3D11RHI: Chosen D3D11 Adapter:
[2022.04.13-16.22.16:258][  0]LogD3D11RHI:     Description : NVIDIA GeForce GTX 1650 SUPER
[2022.04.13-16.22.16:258][  0]LogD3D11RHI:     VendorId    : 10de
[2022.04.13-16.22.16:258][  0]LogD3D11RHI:     DeviceId    : 2187
[2022.04.13-16.22.16:258][  0]LogD3D11RHI:     SubSysId    : 401a1458
[2022.04.13-16.22.16:258][  0]LogD3D11RHI:     Revision    : 00a1
[2022.04.13-16.22.16:258][  0]LogD3D11RHI:     DedicatedVideoMemory : 4147118080 bytes
[2022.04.13-16.22.16:258][  0]LogD3D11RHI:     DedicatedSystemMemory : 0 bytes
[2022.04.13-16.22.16:258][  0]LogD3D11RHI:     SharedSystemMemory : 8556275712 bytes
[2022.04.13-16.22.16:258][  0]LogD3D11RHI:     AdapterLuid : 0 53208
[2022.04.13-16.22.16:263][  0]LogD3D11RHI: Creating new Direct3DDevice
[2022.04.13-16.22.16:263][  0]LogD3D11RHI:     GPU DeviceId: 0x2187 (for the marketing name, search the web for "GPU Device Id")
[2022.04.13-16.22.16:263][  0]LogWindows: EnumDisplayDevices:
[2022.04.13-16.22.16:263][  0]LogWindows:    0. 'NVIDIA GeForce GTX 1650 SUPER' (P:1 D:1)
[2022.04.13-16.22.16:264][  0]LogWindows:    1. 'NVIDIA GeForce GTX 1650 SUPER' (P:0 D:1)
[2022.04.13-16.22.16:264][  0]LogWindows:    2. 'NVIDIA GeForce GTX 1650 SUPER' (P:0 D:0)
[2022.04.13-16.22.16:264][  0]LogWindows:    3. 'NVIDIA GeForce GTX 1650 SUPER' (P:0 D:0)
[2022.04.13-16.22.16:264][  0]LogWindows: DebugString: FoundDriverCount:4 
[2022.04.13-16.22.16:264][  0]LogD3D11RHI:     Adapter Name: NVIDIA GeForce GTX 1650 SUPER
[2022.04.13-16.22.16:264][  0]LogD3D11RHI:   Driver Version: 472.12 (internal:30.0.14.7212, unified:472.12)
[2022.04.13-16.22.16:264][  0]LogD3D11RHI:      Driver Date: 9-13-2021
[2022.04.13-16.22.16:264][  0]LogRHI: Texture pool is 2768 MB (70% of 3955 MB)
[2022.04.13-16.22.16:264][  0]LogD3D11RHI: Creating D3DDevice using adapter:
[2022.04.13-16.22.16:264][  0]LogD3D11RHI:     Description : NVIDIA GeForce GTX 1650 SUPER
[2022.04.13-16.22.16:264][  0]LogD3D11RHI:     VendorId    : 10de
[2022.04.13-16.22.16:264][  0]LogD3D11RHI:     DeviceId    : 2187
[2022.04.13-16.22.16:264][  0]LogD3D11RHI:     SubSysId    : 401a1458
[2022.04.13-16.22.16:264][  0]LogD3D11RHI:     Revision    : 00a1
[2022.04.13-16.22.16:264][  0]LogD3D11RHI:     DedicatedVideoMemory : 4147118080 bytes
[2022.04.13-16.22.16:264][  0]LogD3D11RHI:     DedicatedSystemMemory : 0 bytes
[2022.04.13-16.22.16:264][  0]LogD3D11RHI:     SharedSystemMemory : 8556275712 bytes
[2022.04.13-16.22.16:264][  0]LogD3D11RHI:     AdapterLuid : 0 53208
[2022.04.13-16.22.16:355][  0]LogD3D11RHI: RHI has support for 64 bit atomics
[2022.04.13-16.22.16:355][  0]LogD3D11RHI: Async texture creation enabled
[2022.04.13-16.22.16:355][  0]LogD3D11RHI: Array index from any shader is supported
[2022.04.13-16.22.16:376][  0]LogD3D11RHI: GPU Timing Frequency: 1000.000000 (Debug: 2 1)
[2022.04.13-16.22.16:408][  0]LogRHI: GeForceNow SDK initialized: 1
[2022.04.13-16.22.16:671][  0]LogTargetPlatformManager: Display: Loaded TargetPlatform 'AllDesktop'
[2022.04.13-16.22.16:690][  0]LogTargetPlatformManager: Display: Loaded TargetPlatform 'Android'
[2022.04.13-16.22.16:690][  0]LogTargetPlatformManager: Display: Loaded TargetPlatform 'Android_ASTC'
[2022.04.13-16.22.16:690][  0]LogTargetPlatformManager: Display: Loaded TargetPlatform 'Android_DXT'
[2022.04.13-16.22.16:690][  0]LogTargetPlatformManager: Display: Loaded TargetPlatform 'Android_ETC2'
[2022.04.13-16.22.16:690][  0]LogTargetPlatformManager: Display: Loaded TargetPlatform 'AndroidClient'
[2022.04.13-16.22.16:690][  0]LogTargetPlatformManager: Display: Loaded TargetPlatform 'Android_ASTCClient'
[2022.04.13-16.22.16:690][  0]LogTargetPlatformManager: Display: Loaded TargetPlatform 'Android_DXTClient'
[2022.04.13-16.22.16:690][  0]LogTargetPlatformManager: Display: Loaded TargetPlatform 'Android_ETC2Client'
[2022.04.13-16.22.16:690][  0]LogTargetPlatformManager: Display: Loaded TargetPlatform 'Android_Multi'
[2022.04.13-16.22.16:690][  0]LogTargetPlatformManager: Display: Loaded TargetPlatform 'Android_MultiClient'
[2022.04.13-16.22.16:706][  0]LogTargetPlatformManager: Display: Loaded TargetPlatform 'IOSClient'
[2022.04.13-16.22.16:706][  0]LogTargetPlatformManager: Display: Loaded TargetPlatform 'IOS'
[2022.04.13-16.22.16:714][  0]LogTargetPlatformManager: Display: Loaded TargetPlatform 'Linux'
[2022.04.13-16.22.16:718][  0]LogTargetPlatformManager: Display: Loaded TargetPlatform 'LinuxNoEditor'
[2022.04.13-16.22.16:722][  0]LogTargetPlatformManager: Display: Loaded TargetPlatform 'LinuxClient'
[2022.04.13-16.22.16:725][  0]LogTargetPlatformManager: Display: Loaded TargetPlatform 'LinuxServer'
[2022.04.13-16.22.16:735][  0]LogTargetPlatformManager: Display: Loaded TargetPlatform 'LinuxAArch64NoEditor'
[2022.04.13-16.22.16:738][  0]LogTargetPlatformManager: Display: Loaded TargetPlatform 'LinuxAArch64Client'
[2022.04.13-16.22.16:742][  0]LogTargetPlatformManager: Display: Loaded TargetPlatform 'LinuxAArch64Server'
[2022.04.13-16.22.16:768][  0]LogTargetPlatformManager: Display: Loaded TargetPlatform 'Lumin'
[2022.04.13-16.22.16:768][  0]LogTargetPlatformManager: Display: Loaded TargetPlatform 'LuminClient'
[2022.04.13-16.22.16:776][  0]LogTargetPlatformManager: Display: Loaded TargetPlatform 'MacNoEditor'
[2022.04.13-16.22.16:780][  0]LogTargetPlatformManager: Display: Loaded TargetPlatform 'Mac'
[2022.04.13-16.22.16:783][  0]LogTargetPlatformManager: Display: Loaded TargetPlatform 'MacClient'
[2022.04.13-16.22.16:786][  0]LogTargetPlatformManager: Display: Loaded TargetPlatform 'MacServer'
[2022.04.13-16.22.16:796][  0]LogTargetPlatformManager: Display: Loaded TargetPlatform 'TVOSClient'
[2022.04.13-16.22.16:796][  0]LogTargetPlatformManager: Display: Loaded TargetPlatform 'TVOS'
[2022.04.13-16.22.16:804][  0]LogTargetPlatformManager: Display: Loaded TargetPlatform 'WindowsNoEditor'
[2022.04.13-16.22.16:808][  0]LogTargetPlatformManager: Display: Loaded TargetPlatform 'Windows'
[2022.04.13-16.22.16:812][  0]LogTargetPlatformManager: Display: Loaded TargetPlatform 'WindowsClient'
[2022.04.13-16.22.16:815][  0]LogTargetPlatformManager: Display: Loaded TargetPlatform 'WindowsServer'
[2022.04.13-16.22.16:815][  0]LogTargetPlatformManager: Display: Building Assets For Windows
[2022.04.13-16.22.16:820][  0]LogAudioDebug: Display: Lib vorbis DLL was dynamically loaded.
[2022.04.13-16.22.16:843][  0]LogTextureFormatOodle: Display: Oodle Texture 2.9.0 init RDO Off
[2022.04.13-16.22.16:865][  0]LogRendererCore: Ray tracing is disabled. Reason: r.RayTracing=0.
[2022.04.13-16.22.16:865][  0]LogShaderCompilers: Guid format shader working directory is -7 characters bigger than the processId version (D:/rt/Logipaignio-New/Logipaignion/The_Elementalists/Intermediate/Shaders/WorkingDirectory/3592/).
[2022.04.13-16.22.16:865][  0]LogShaderCompilers: Cleaned the shader compiler working directory 'C:/Users/hbnm/AppData/Local/Temp/UnrealShaderWorkingDir/E5969F844139B21AE66E7AA5D7F7EA8A/'.
[2022.04.13-16.22.16:865][  0]LogXGEController: Cannot use XGE Controller as Incredibuild is not installed on this machine.
[2022.04.13-16.22.16:865][  0]LogShaderCompilers: Cannot use XGE Shader Compiler as Incredibuild is not installed on this machine.
[2022.04.13-16.22.16:865][  0]LogShaderCompilers: Display: Using Local Shader Compiler.
[2022.04.13-16.22.17:584][  0]LogDerivedDataCache: Display: Max Cache Size: 512 MB
[2022.04.13-16.22.17:638][  0]LogDerivedDataCache: Loaded boot cache 0.05s 94MB C:/Users/hbnm/AppData/Local/UnrealEngine/4.27/DerivedDataCache/Boot.ddc.
[2022.04.13-16.22.17:638][  0]LogDerivedDataCache: Display: Loaded Boot cache: C:/Users/hbnm/AppData/Local/UnrealEngine/4.27/DerivedDataCache/Boot.ddc
[2022.04.13-16.22.17:638][  0]LogDerivedDataCache: FDerivedDataBackendGraph:  Pak pak cache file D:/rt/Logipaignio-New/Logipaignion/The_Elementalists/DerivedDataCache/DDC.ddp not found, will not use a pak cache.
[2022.04.13-16.22.17:638][  0]LogDerivedDataCache: Unable to find inner node Pak for hierarchical cache Hierarchy.
[2022.04.13-16.22.17:638][  0]LogDerivedDataCache: FDerivedDataBackendGraph:  CompressedPak pak cache file D:/rt/Logipaignio-New/Logipaignion/The_Elementalists/DerivedDataCache/Compressed.ddp not found, will not use a pak cache.
[2022.04.13-16.22.17:638][  0]LogDerivedDataCache: Unable to find inner node CompressedPak for hierarchical cache Hierarchy.
[2022.04.13-16.22.17:652][  0]LogDerivedDataCache: Display: Pak cache opened for reading ../../../Engine/DerivedDataCache/Compressed.ddp.
[2022.04.13-16.22.17:652][  0]LogDerivedDataCache: FDerivedDataBackendGraph:  EnterprisePak pak cache file ../../../Enterprise/DerivedDataCache/Compressed.ddp not found, will not use a pak cache.
[2022.04.13-16.22.17:652][  0]LogDerivedDataCache: Unable to find inner node EnterprisePak for hierarchical cache Hierarchy.
[2022.04.13-16.22.17:660][  0]LogDerivedDataCache: Speed tests for C:/Users/hbnm/AppData/Local/UnrealEngine/Common/DerivedDataCache took 0.01 seconds
[2022.04.13-16.22.17:660][  0]LogDerivedDataCache: Display: Performance to C:/Users/hbnm/AppData/Local/UnrealEngine/Common/DerivedDataCache: Latency=0.02ms. RandomReadSpeed=307.76MBs, RandomWriteSpeed=204.02MBs. Assigned SpeedClass 'Local'
[2022.04.13-16.22.17:661][  0]LogDerivedDataCache: Using Local data cache path C:/Users/hbnm/AppData/Local/UnrealEngine/Common/DerivedDataCache: Writable
[2022.04.13-16.22.17:661][  0]LogDerivedDataCache: Shared data cache path not found in *engine.ini, will not use an Shared cache.
[2022.04.13-16.22.17:661][  0]LogDerivedDataCache: Unable to find inner node Shared for hierarchical cache Hierarchy.
[2022.04.13-16.22.17:705][  0]LogSlate: Using FreeType 2.10.0
[2022.04.13-16.22.17:705][  0]LogSlate: SlateFontServices - WITH_FREETYPE: 1, WITH_HARFBUZZ: 1
[2022.04.13-16.22.17:726][  0]LogAssetRegistry: FAssetRegistry took 0.0026 seconds to start up
[2022.04.13-16.22.17:998][  0]LogInit: Selected Device Profile: [Windows]
[2022.04.13-16.22.17:998][  0]LogInit: Active device profile: [0000019CD849E000][0000019CD8CF5140 49] Windows
[2022.04.13-16.22.17:998][  0]LogInit: Profiles: [0000019CD849E000][0000019CD8CF5140 49] Windows, [0000019CD8441D00][0000019CD8D0B2C0 49] WindowsNoEditor, [0000019CD849E200][0000019CD8D1B440 49] WindowsServer, [0000019CD8443C00][0000019CD8D1F5C0 49] WindowsClient, [0000019CD849DC00][0000019CD8D23740 49] IOS, [0000019CD8441900][0000019CD8D278C0 49] iPadAir, [0000019CD849D800][0000019CD8D2BA40 49] iPadAir2, [0000019CD8329A00][0000019CD77EC180 49] IPadPro, [0000019CD8329B00][0000019CD77E81C0 49] iPadAir3, [0000019CD849FE00][0000019CD77F0340 49] iPadAir4, [0000019CD832BA00][0000019CD77F44C0 49] iPadMini2, [0000019CD849C600][0000019CD77F8640 49] iPadMini3, [0000019CD8328A00][0000019CD77FC7C0 49] iPadMini4, [0000019CD849F100][0000019CD7800940 49] iPadMini5, [0000019CD8335000][0000019CD8CFCBC0 49] iPhone6, [0000019CD8335100][0000019CD781CC00 49] iPodTouch6, [0000019CD8441E00][0000019CD7850E40 49] iPhone7, [0000019CD8443F00][0000019CD7830E80 49] iPodTouch7, [0000019CD8337100][0000019CD786CFC0 49] iPhone5S, [0000019CD8441600][0000019CD533B140 49] iPhone6Plus, [0000019CD8334800][0000019CD8D552C0 49] iPhone6S, [0000019CD8442F00][0000019CD8D8D440 49] iPhone6SPlus, [0000019CD8336200][0000019CD8D915C0 49] iPhone7Plus, [0000019CD8440800][0000019CD8D95740 49] iPhoneSE, [0000019CD8334F00][0000019CD8D998C0 49] iPhone8, [0000019CD8441F00][0000019CD8D9DA40 49] iPhone8Plus, [0000019CD8337400][0000019CD8DA1BC0 49] iPhoneX, [0000019CD8442D00][0000019CD8DA41C0 49] iPhoneXS, [0000019CD8335A00][0000019CD8DA8340 49] iPhoneXSMax, [0000019CD8440900][0000019CD8DAC4C0 49] iPhoneXR, [0000019CD8334300][0000019CD8DB0640 49] iPhone11, [0000019CD8442600][0000019CD8DB47C0 49] iPhone11Pro, [0000019CD8337B00][0000019CD8DB8940 49] iPhone11ProMax, [0000019CD8440600][0000019CD8DBCAC0 49] iPhoneSE2, [0000019CD8334D00][0000019CD8DC0C40 49] iPhone12Mini, [0000019CD8440C00][0000019CD5336D80 49] iPhone12, [0000019CD8335E00][0000019CD8DC8EC0 49] iPhone12Pro, [0000019CD8440700][0000019CD8DCD000 49] iPhone12ProMax, [0000019CD8334B00][0000019CD8DD5140 49] iPadPro105, [0000019CD8442100][0000019CD8DE12C0 49] iPadPro129, [0000019CD8336100][0000019CD8DE5440 49] iPadPro97, [0000019CD8443900][0000019CD8E0F5C0 49] iPadPro2_129, [0000019CD8337300][0000019CD9133740 49] iPad5, [0000019CD849D000][0000019CD8E1B8C0 49] iPad6, [0000019CD8635300][0000019CD8E1FA40 49] iPad7, [0000019CD8334200][0000019CD8983BC0 49] iPad8, [0000019CD8635900][0000019CD89901C0 49] iPadPro11, [0000019CD8440400][0000019CD912E340 49] iPadPro2_11, [0000019CD849E900][0000019CD8A3E4C0 49] iPadPro3_129, [0000019CD8334900][0000019CC9930640 49] iPadPro4_129, [0000019CD849CD00][0000019CC99347C0 49] AppleTV, [0000019CD8443A00][0000019CC99CE940 49] AppleTV4K, [0000019CD849FD00][0000019CC99D2AC0 49] TVOS, [0000019CD8440A00][0000019CC99D6C40 49] Mac, [0000019CD849F800][0000019CC99DADC0 49] MacClient, [0000019CD8442C00][0000019CC99DEF40 49] MacNoEditor, [0000019CD849F700][0000019CD8DDD080 49] MacServer, [0000019CD8441400][0000019CC99E31C0 49] Linux, [0000019CD849F500][0000019CD8CB1300 49] LinuxAArch64, [0000019CD8443600][0000019CD9325480 49] LinuxNoEditor, [0000019CD849DD00][0000019CD932D600 49] LinuxAArch64NoEditor, [0000019CD8442200][0000019CD9331780 49] LinuxClient, [0000019CD849D600][0000019CD9335900 49] LinuxAArch64Client, [0000019CD8443400][0000019CD9459A80 49] LinuxServer, [0000019CD849EA00][0000019CD945DC00 49] LinuxAArch64Server, [0000019CD8441B00][0000019CD9460200 49] Android, [0000019CD849CC00][0000019CD94D4380 49] Android_Low, [0000019CD8443800][0000019CD94D8500 49] Android_Mid, [0000019CD849C300][0000019CD94DC680 49] Android_High, [0000019CD8442A00][0000019CD94E0800 49] Android_Default, [0000019CD849DE00][0000019CD94EA980 49] Android_Adreno4xx, [0000019CD8443500][0000019CD94EEB00 49] Android_Adreno5xx_Low, [0000019CD849C900][0000019CD9136C80 49] Android_Adreno5xx, [0000019CD8440E00][0000019CC98D0E00 49] Android_Adreno6xx, [0000019CD849CB00][0000019CD9710F80 49] Android_Adreno6xx_Vulkan, [0000019CD8443200][0000019CD9715100 49] Android_Mali_T6xx, [0000019CD849D400][0000019CD9321240 49] Android_Mali_T7xx, [0000019CD8441700][0000019CD9719380 49] Android_Mali_T8xx, [0000019CD849D500][0000019CD971D4C0 49] Android_Mali_G71, [0000019CD8442300][0000019CD8A0F640 49] Android_Mali_G72, [0000019CD849F200][0000019CD8A137C0 49] Android_Mali_G72_Vulkan, [0000019CD8441300][0000019CD8A17940 49] Android_Mali_G76, [0000019CD849E400][0000019CD8A1BAC0 49] Android_Mali_G76_Vulkan, [0000019CD8440500][0000019CD8A1E0C0 49] Android_Mali_G77, [0000019CD849C500][0000019CD8A22240 49] Android_Mali_G77_Vulkan, [0000019CD8440F00][0000019CD8A263C0 49] Android_Mali_G78, [0000019CD849FF00][0000019CC99C6540 49] Android_Mali_G78_Vulkan, [0000019CD8441500][0000019CC99CA6C0 49] Android_Mali_G710, [0000019CD832A900][0000019CC9904840 49] Android_Mali_G710_Vulkan, [0000019CD8336300][0000019CC990C9C0 49] Android_Vulkan_SM5, [0000019CD832A100][0000019CD8C66B40 49] Android_PowerVR_G6xxx, [0000019CD8336600][0000019CD8C84CC0 49] Android_PowerVR_GT7xxx, [0000019CD8328600][0000019CD8C88E40 49] Android_PowerVR_GE8xxx, [0000019CD8334400][0000019CD8C8CFC0 49] Android_PowerVR_GM9xxx, [0000019CD832AF00][0000019CD8C91140 49] Android_PowerVR_GM9xxx_Vulkan, [0000019CD8336E00][0000019CD8CA72C0 49] Android_TegraK1, [0000019CD832BD00][0000019CD8A0B400 49] Android_Unknown_Vulkan, [0000019CD8337200][0000019CDA259540 49] Lumin, [0000019CD8329D00][0000019CDA26F680 49] Lumin_Desktop, [0000019CD8334700][0000019CDA27D7C0 49] HoloLens, 
[2022.04.13-16.22.18:128][  0]LogMeshReduction: Using QuadricMeshReduction for automatic static mesh reduction
[2022.04.13-16.22.18:128][  0]LogMeshReduction: Using SimplygonMeshReduction for automatic skeletal mesh reduction
[2022.04.13-16.22.18:128][  0]LogMeshReduction: Using ProxyLODMeshReduction for automatic mesh merging
[2022.04.13-16.22.18:128][  0]LogMeshReduction: No distributed automatic mesh merging module available
[2022.04.13-16.22.18:128][  0]LogMeshMerging: No distributed automatic mesh merging module available
[2022.04.13-16.22.18:142][  0]LogNetVersion: The_Elementalists 1.0.0, NetCL: 17155196, EngineNetVer: 17, GameNetVer: 0 (Checksum: 2215583078)
[2022.04.13-16.22.18:493][  0]LogTexture: Default maximum texture size for cubemaps generated from long-lat sources has been changed from 512 to unlimited. In order to preserve old behaiour for '/Engine/MapTemplates/Sky/DaylightAmbientCubemap.DaylightAmbientCubemap', its maximum texture size has been explicitly set to 512.
[2022.04.13-16.22.18:540][  0]LogHMD: PokeAHoleMaterial loaded successfully
[2022.04.13-16.22.18:546][  0]LogUObjectArray: 17178 objects as part of root set at end of initial load.
[2022.04.13-16.22.18:546][  0]LogUObjectAllocator: 4301856 out of 0 bytes used by permanent object pool.
[2022.04.13-16.22.18:546][  0]LogUObjectArray: CloseDisregardForGC: 0/0 objects in disregard for GC pool
[2022.04.13-16.22.18:755][  0]LogNiagaraDebuggerClient: Niagara Debugger Client Initialized | Session: 846B7C9F4A158E2E38B42BB32BC5C0BD | Instance: A87CB6AD41E8603D22DD91AFB0D60A76 (DESKTOP-7U3OGSV-3592).
[2022.04.13-16.22.18:858][  0]LogImageWrapper: Warning: PNG Warning: Duplicate iCCP chunk
[2022.04.13-16.22.18:858][  0]LogImageWrapper: Warning: PNG Warning: Duplicate iCCP chunk
[2022.04.13-16.22.18:858][  0]LogPython: Using Python 3.7.7
[2022.04.13-16.22.19:313][  0]LogTcpMessaging: Initializing TcpMessaging bridge
[2022.04.13-16.22.19:316][  0]LogUdpMessaging: Initializing bridge on interface 0.0.0.0:0 to multicast group 230.0.0.1:6666.
[2022.04.13-16.22.20:020][  0]LogWindows: Error: === Critical error: ===
[2022.04.13-16.22.20:020][  0]LogWindows: Error: 
[2022.04.13-16.22.20:020][  0]LogWindows: Error: Fatal error!
[2022.04.13-16.22.20:020][  0]LogWindows: Error: 
[2022.04.13-16.22.20:020][  0]LogWindows: Error: Unhandled Exception: EXCEPTION_ACCESS_VIOLATION reading address 0x00000000000006b0
[2022.04.13-16.22.20:020][  0]LogWindows: Error: 
[2022.04.13-16.22.20:020][  0]LogWindows: Error: [Callstack] 0x00007ffcde394d76 UE4Editor-The_Elementalists-1613.dll!AChapter_PlayerController::StartTimer() [D:\rt\Logipaignio-New\Logipaignion\The_Elementalists\Source\The_Elementalists\Private\Chapter_PlayerController.cpp:81]
[2022.04.13-16.22.20:020][  0]LogWindows: Error: [Callstack] 0x00007ffcde3696f3 UE4Editor-The_Elementalists-1613.dll!AChapter1Level3GameMode::AChapter1Level3GameMode() [D:\rt\Logipaignio-New\Logipaignion\The_Elementalists\Source\The_Elementalists\Private\Chapter1Level3GameMode.cpp:17]
[2022.04.13-16.22.20:020][  0]LogWindows: Error: [Callstack] 0x00007ffd199e61d3 UE4Editor-CoreUObject.dll!UnknownFunction []
[2022.04.13-16.22.20:020][  0]LogWindows: Error: [Callstack] 0x00007ffd19d08e6f UE4Editor-CoreUObject.dll!UnknownFunction []
[2022.04.13-16.22.20:020][  0]LogWindows: Error: [Callstack] 0x00007ffd19ce52d1 UE4Editor-CoreUObject.dll!UnknownFunction []
[2022.04.13-16.22.20:020][  0]LogWindows: Error: [Callstack] 0x00007ffd19badc85 UE4Editor-CoreUObject.dll!UnknownFunction []
[2022.04.13-16.22.20:020][  0]LogWindows: Error: [Callstack] 0x00007ffd0e7e1d1a UE4Editor-Core.dll!UnknownFunction []
[2022.04.13-16.22.20:020][  0]LogWindows: Error: [Callstack] 0x00007ffd0e8016d3 UE4Editor-Core.dll!UnknownFunction []
[2022.04.13-16.22.20:020][  0]LogWindows: Error: [Callstack] 0x00007ffd5fab6433 UE4Editor-Projects.dll!UnknownFunction []
[2022.04.13-16.22.20:020][  0]LogWindows: Error: [Callstack] 0x00007ffd5fab674f UE4Editor-Projects.dll!UnknownFunction []
[2022.04.13-16.22.20:020][  0]LogWindows: Error: [Callstack] 0x00007ff6b2c95632 UE4Editor.exe!UnknownFunction []
[2022.04.13-16.22.20:020][  0]LogWindows: Error: [Callstack] 0x00007ff6b2c98ff0 UE4Editor.exe!UnknownFunction []
[2022.04.13-16.22.20:020][  0]LogWindows: Error: [Callstack] 0x00007ff6b2c90d1c UE4Editor.exe!UnknownFunction []
[2022.04.13-16.22.20:020][  0]LogWindows: Error: [Callstack] 0x00007ff6b2c910aa UE4Editor.exe!UnknownFunction []
[2022.04.13-16.22.20:020][  0]LogWindows: Error: [Callstack] 0x00007ff6b2c940cd UE4Editor.exe!UnknownFunction []
[2022.04.13-16.22.20:020][  0]LogWindows: Error: [Callstack] 0x00007ff6b2ca5984 UE4Editor.exe!UnknownFunction []
[2022.04.13-16.22.20:020][  0]LogWindows: Error: [Callstack] 0x00007ff6b2ca853a UE4Editor.exe!UnknownFunction []
[2022.04.13-16.22.20:020][  0]LogWindows: Error: [Callstack] 0x00007ffdcd7a7034 KERNEL32.DLL!UnknownFunction []
[2022.04.13-16.22.20:020][  0]LogWindows: Error: [Callstack] 0x00007ffdcf4a2651 ntdll.dll!UnknownFunction []
[2022.04.13-16.22.20:020][  0]LogWindows: Error: 
[2022.04.13-16.22.20:067][  0]LogExit: Executing StaticShutdownAfterError
[2022.04.13-16.22.20:068][  0]LogWindows: FPlatformMisc::RequestExit(1)
[2022.04.13-16.22.20:068][  0]LogWindows: FPlatformMisc::RequestExitWithStatus(1, 3)
[2022.04.13-16.22.20:068][  0]LogCore: Engine exit requested (reason: Win RequestExit)
[2022.04.13-16.22.20:105][  0]Log file closed, 04/13/22 19:22:20
