Log file open, 04/14/22 19:57:46
LogWindows: Failed to load 'aqProf.dll' (GetLastError=126)
LogWindows: File 'aqProf.dll' does not exist
LogWindows: Failed to load 'VtuneApi.dll' (GetLastError=126)
LogWindows: File 'VtuneApi.dll' does not exist
LogWindows: Failed to load 'VtuneApi32e.dll' (GetLastError=126)
LogWindows: File 'VtuneApi32e.dll' does not exist
LogConsoleResponse: Display: Failed to find resolution value strings in scalability ini. Falling back to default.
LogConsoleResponse: Display: Failed to find resolution value strings in scalability ini. Falling back to default.
LogInit: Display: Running engine for game: The_Elementalists
LogPlatformFile: Not using cached read wrapper
LogTaskGraph: Started task graph with 5 named threads and 47 total threads with 3 sets of task threads.
LogStats: Stats thread started at 0.254412
LogICUInternationalization: ICU TimeZone Detection - Raw Offset: +2:00, Platform Override: ''
LogInit: Display: Loading text-based GConfig....
LogPluginManager: Mounting plugin MeshPainting
LogPluginManager: Mounting plugin XGEController
LogPluginManager: Mounting plugin Paper2D
LogPluginManager: Mounting plugin AISupport
LogPluginManager: Mounting plugin EnvironmentQueryEditor
LogPluginManager: Mounting plugin LightPropagationVolume
LogPluginManager: Mounting plugin CameraShakePreviewer
LogPluginManager: Mounting plugin LiveLink
LogPluginManager: Mounting plugin GameplayCameras
LogPluginManager: Mounting plugin AssetManagerEditor
LogPluginManager: Mounting plugin OodleNetwork
LogPluginManager: Mounting plugin OodleData
LogPluginManager: Mounting plugin CryptoKeys
LogPluginManager: Mounting plugin DatasmithContent
LogPluginManager: Mounting plugin CurveEditorTools
LogPluginManager: Mounting plugin DataValidation
LogPluginManager: Mounting plugin FacialAnimation
LogPluginManager: Mounting plugin MacGraphicsSwitching
LogPluginManager: Mounting plugin GeometryMode
LogPluginManager: Mounting plugin GameplayTagsEditor
LogPluginManager: Mounting plugin MaterialAnalyzer
LogPluginManager: Mounting plugin VariantManagerContent
LogPluginManager: Mounting plugin MobileLauncherProfileWizard
LogPluginManager: Mounting plugin PluginBrowser
LogPluginManager: Mounting plugin SpeedTreeImporter
LogPluginManager: Mounting plugin MagicLeap
LogPluginManager: Mounting plugin LuminPlatformFeatures
LogPluginManager: Mounting plugin MagicLeapMedia
LogPluginManager: Mounting plugin MagicLeapLightEstimation
LogPluginManager: Mounting plugin AlembicImporter
LogPluginManager: Mounting plugin MagicLeapPassableWorld
LogPluginManager: Mounting plugin AutomationUtils
LogPluginManager: Mounting plugin BackChannel
LogPluginManager: Mounting plugin ChaosCloth
LogPluginManager: Mounting plugin ChaosEditor
LogPluginManager: Mounting plugin ChaosClothEditor
LogPluginManager: Mounting plugin ChaosNiagara
LogPluginManager: Mounting plugin ChaosSolverPlugin
LogPluginManager: Mounting plugin CharacterAI
LogPluginManager: Mounting plugin MLSDK
LogPluginManager: Mounting plugin AnimationSharing
LogPluginManager: Mounting plugin GeometryCache
LogPluginManager: Mounting plugin GeometryCollectionPlugin
LogPluginManager: Mounting plugin Niagara
LogPluginManager: Mounting plugin CLionSourceCodeAccess
LogPluginManager: Mounting plugin CodeLiteSourceCodeAccess
LogPluginManager: Mounting plugin GitSourceControl
LogPluginManager: Mounting plugin KDevelopSourceCodeAccess
LogPluginManager: Mounting plugin PixWinPlugin
LogPluginManager: Mounting plugin PlasticSourceControl
LogPluginManager: Mounting plugin PerforceSourceControl
LogPluginManager: Mounting plugin PropertyAccessNode
LogPluginManager: Mounting plugin PluginUtils
LogPluginManager: Mounting plugin RiderSourceCodeAccess
LogPluginManager: Mounting plugin SubversionSourceControl
LogPluginManager: Mounting plugin GeometryProcessing
LogPluginManager: Mounting plugin NullSourceCodeAccess
LogPluginManager: Mounting plugin TextureFormatOodle
LogPluginManager: Mounting plugin UObjectPlugin
LogPluginManager: Mounting plugin VisualStudioCodeSourceCodeAccess
LogPluginManager: Mounting plugin XCodeSourceCodeAccess
LogPluginManager: Mounting plugin VisualStudioSourceCodeAccess
LogPluginManager: Mounting plugin OpenImageDenoise
LogPluginManager: Mounting plugin MotoSynth
LogPluginManager: Mounting plugin PlanarCut
LogPluginManager: Mounting plugin ProxyLODPlugin
LogPluginManager: Mounting plugin PlatformCrypto
LogPluginManager: Mounting plugin PythonScriptPlugin
LogPluginManager: Mounting plugin SkeletalReduction
LogPluginManager: Mounting plugin TcpMessaging
LogPluginManager: Mounting plugin OnlineSubsystem
LogPluginManager: Mounting plugin OnlineSubsystemNull
LogPluginManager: Mounting plugin UdpMessaging
LogPluginManager: Mounting plugin AndroidMedia
LogPluginManager: Mounting plugin AvfMedia
LogPluginManager: Mounting plugin ImgMedia
LogPluginManager: Mounting plugin MediaCompositing
LogPluginManager: Mounting plugin MediaPlayerEditor
LogPluginManager: Mounting plugin WebMMedia
LogPluginManager: Mounting plugin WmfMedia
LogPluginManager: Mounting plugin ActorSequence
LogPluginManager: Mounting plugin LevelSequenceEditor
LogPluginManager: Mounting plugin MatineeToLevelSequence
LogPluginManager: Mounting plugin TemplateSequence
LogPluginManager: Mounting plugin LauncherChunkInstaller
LogPluginManager: Mounting plugin OnlineSubsystemUtils
LogPluginManager: Mounting plugin ScreenshotTools
LogPluginManager: Mounting plugin ActorLayerUtilities
LogPluginManager: Mounting plugin AndroidMoviePlayer
LogPluginManager: Mounting plugin AndroidPermission
LogPluginManager: Mounting plugin AndroidDeviceProfileSelector
LogPluginManager: Mounting plugin AppleImageUtils
LogPluginManager: Mounting plugin AppleMoviePlayer
LogPluginManager: Mounting plugin ArchVisCharacter
LogPluginManager: Mounting plugin AssetTags
LogPluginManager: Mounting plugin ChunkDownloader
LogPluginManager: Mounting plugin AudioSynesthesia
LogPluginManager: Mounting plugin CableComponent
LogPluginManager: Mounting plugin CustomMeshComponent
LogPluginManager: Mounting plugin EditableMesh
LogPluginManager: Mounting plugin AudioCapture
LogPluginManager: Mounting plugin ExampleDeviceProfileSelector
LogPluginManager: Mounting plugin GoogleCloudMessaging
LogPluginManager: Mounting plugin GooglePAD
LogPluginManager: Mounting plugin IOSDeviceProfileSelector
LogPluginManager: Mounting plugin LinuxDeviceProfileSelector
LogPluginManager: Mounting plugin MobilePatchingUtils
LogPluginManager: Mounting plugin OpenXR
LogPluginManager: Mounting plugin OpenXRHandTracking
LogPluginManager: Mounting plugin PhysXVehicles
LogPluginManager: Mounting plugin OpenXREyeTracker
LogPluginManager: Mounting plugin LocationServicesBPLibrary
LogPluginManager: Mounting plugin Takes
LogPluginManager: Mounting plugin PostSplashScreen
LogPluginManager: Mounting plugin ProceduralMeshComponent
LogPluginManager: Mounting plugin PropertyAccessEditor
LogPluginManager: Mounting plugin SignificanceManager
LogPluginManager: Mounting plugin RuntimePhysXCooking
LogPluginManager: Mounting plugin Synthesis
LogPluginManager: Mounting plugin SoundFields
LogPluginManager: Mounting plugin WebMMoviePlayer
LogPluginManager: Mounting plugin WindowsMoviePlayer
LogPluginManager: Mounting plugin ContentBrowserClassDataSource
LogPluginManager: Mounting plugin ContentBrowserAssetDataSource
LogPluginManager: Mounting plugin ContentBrowserFileDataSource
LogPluginManager: Mounting plugin OnlineSubsystemGooglePlay
LogPluginManager: Mounting plugin OnlineSubsystemIOS
LogPluginManager: Mounting plugin OculusVR
LogPluginManager: Mounting plugin SteamVR
PixWinPlugin: PIX capture plugin failed to initialize! Check that the process is launched from PIX.
LogInit: Using libcurl 7.55.1-DEV
LogInit:  - built for x86_64-pc-win32
LogInit:  - supports SSL with OpenSSL/1.1.1
LogInit:  - supports HTTP deflate (compression) using libz 1.2.8
LogInit:  - other features:
LogInit:      CURL_VERSION_SSL
LogInit:      CURL_VERSION_LIBZ
LogInit:      CURL_VERSION_IPV6
LogInit:      CURL_VERSION_ASYNCHDNS
LogInit:      CURL_VERSION_LARGEFILE
LogInit:      CURL_VERSION_IDN
LogInit:  CurlRequestOptions (configurable via config and command line):
LogInit:  - bVerifyPeer = true  - Libcurl will verify peer certificate
LogInit:  - bUseHttpProxy = false  - Libcurl will NOT use HTTP proxy
LogInit:  - bDontReuseConnections = false  - Libcurl will reuse connections
LogInit:  - MaxHostConnections = 16  - Libcurl will limit the number of connections to a host
LogInit:  - LocalHostAddr = Default
LogInit:  - BufferSize = 65536
LogOnline: OSS: Creating online subsystem instance for: NULL
LogInit: WinSock: version 1.1 (2.2), MaxSocks=32767, MaxUdp=65467
LogOnline: OSS: TryLoadSubsystemAndSetDefault: Loaded subsystem for module [NULL]
LogOculusPluginWrapper: OculusPlugin initialized successfully
LogHMD: Failed initializing OVRPlugin 1.59.0
LogInit: Build: ++UE4+Release-4.27-CL-18319896
LogInit: Engine Version: 4.27.2-18319896+++UE4+Release-4.27
LogInit: Compatible Engine Version: 4.27.0-17155196+++UE4+Release-4.27
LogInit: Net CL: 17155196
LogInit: OS: Windows 10 (Release 2009) (), CPU: AMD Ryzen 7 5800H with Radeon Graphics         , GPU: AMD Radeon(TM) Graphics
LogInit: Compiled (64-bit): Nov 30 2021 07:12:08
LogInit: Compiled with Visual C++: 19.24.28315.00
LogInit: Build Configuration: Development
LogInit: Branch Name: ++UE4+Release-4.27
LogInit: Command Line:  /Game/_Game/Maps/Lobby -game -PIEVIACONSOLE -Multiprocess GameUserSettingsINI=C:/Users/wwwcn/OneDrive/Desktop/GDC/Logipaignion/The_Elementalists/Saved/Config/Windows/PIEGameUserSettings0.ini -MultiprocessSaveConfig -forcepassthrough -messaging -SessionName="Play in Standalone Game" -windowed -WinX=0 -WinY=30 SAVEWINPOS=1 -ResX=1910 -ResY=996
LogInit: Base Directory: C:/Program Files/Epic Games/UE_4.27/Engine/Binaries/Win64/
LogInit: Allocator: TBB
LogInit: Installed Engine Build: 1
LogDevObjectVersion: Number of dev versions registered: 29
LogDevObjectVersion:   Dev-Blueprints (B0D832E4-1F89-4F0D-ACCF-7EB736FD4AA2): 10
LogDevObjectVersion:   Dev-Build (E1C64328-A22C-4D53-A36C-8E866417BD8C): 0
LogDevObjectVersion:   Dev-Core (375EC13C-06E4-48FB-B500-84F0262A717E): 4
LogDevObjectVersion:   Dev-Editor (E4B068ED-F494-42E9-A231-DA0B2E46BB41): 40
LogDevObjectVersion:   Dev-Framework (CFFC743F-43B0-4480-9391-14DF171D2073): 37
LogDevObjectVersion:   Dev-Mobile (B02B49B5-BB20-44E9-A304-32B752E40360): 3
LogDevObjectVersion:   Dev-Networking (A4E4105C-59A1-49B5-A7C5-40C4547EDFEE): 0
LogDevObjectVersion:   Dev-Online (39C831C9-5AE6-47DC-9A44-9C173E1C8E7C): 0
LogDevObjectVersion:   Dev-Physics (78F01B33-EBEA-4F98-B9B4-84EACCB95AA2): 14
LogDevObjectVersion:   Dev-Platform (6631380F-2D4D-43E0-8009-CF276956A95A): 0
LogDevObjectVersion:   Dev-Rendering (12F88B9F-8875-4AFC-A67C-D90C383ABD29): 45
LogDevObjectVersion:   Dev-Sequencer (7B5AE74C-D270-4C10-A958-57980B212A5A): 13
LogDevObjectVersion:   Dev-VR (D7296918-1DD6-4BDD-9DE2-64A83CC13884): 3
LogDevObjectVersion:   Dev-LoadTimes (C2A15278-BFE7-4AFE-6C17-90FF531DF755): 1
LogDevObjectVersion:   Private-Geometry (6EACA3D4-40EC-4CC1-B786-8BED09428FC5): 3
LogDevObjectVersion:   Dev-AnimPhys (29E575DD-E0A3-4627-9D10-D276232CDCEA): 17
LogDevObjectVersion:   Dev-Anim (AF43A65D-7FD3-4947-9873-3E8ED9C1BB05): 15
LogDevObjectVersion:   Dev-ReflectionCapture (6B266CEC-1EC7-4B8F-A30B-E4D90942FC07): 1
LogDevObjectVersion:   Dev-Automation (0DF73D61-A23F-47EA-B727-89E90C41499A): 1
LogDevObjectVersion:   FortniteMain (601D1886-AC64-4F84-AA16-D3DE0DEAC7D6): 47
LogDevObjectVersion:   FortniteRelease (E7086368-6B23-4C58-8439-1B7016265E91): 1
LogDevObjectVersion:   Dev-Enterprise (9DFFBCD6-494F-0158-E221-12823C92A888): 10
LogDevObjectVersion:   Dev-Niagara (F2AED0AC-9AFE-416F-8664-AA7FFA26D6FC): 1
LogDevObjectVersion:   Dev-Destruction (174F1F0B-B4C6-45A5-B13F-2EE8D0FB917D): 10
LogDevObjectVersion:   Dev-Physics-Ext (35F94A83-E258-406C-A318-09F59610247C): 41
LogDevObjectVersion:   Dev-PhysicsMaterial-Chaos (B68FC16E-8B1B-42E2-B453-215C058844FE): 1
LogDevObjectVersion:   Dev-CineCamera (B2E18506-4273-CFC2-A54E-F4BB758BBA07): 1
LogDevObjectVersion:   Dev-VirtualProduction (64F58936-FD1B-42BA-BA96-7289D5D0FA4E): 1
LogDevObjectVersion:   Dev-MediaFramework (6F0ED827-A609-4895-9C91-998D90180EA4): 2
LogInit: Presizing for max 25165824 objects, including 0 objects not considered by GC, pre-allocating 0 bytes for permanent pool.
LogConfig: Applying CVar settings from Section [/Script/Engine.StreamingSettings] File [C:/Users/wwwcn/OneDrive/Desktop/GDC/Logipaignion/The_Elementalists/Saved/Config/Windows/Engine.ini]
LogConfig: Setting CVar [[s.MinBulkDataSizeForAsyncLoading:131072]]
LogConfig: Setting CVar [[s.AsyncLoadingThreadEnabled:0]]
LogConfig: Setting CVar [[s.EventDrivenLoaderEnabled:1]]
LogConfig: Setting CVar [[s.WarnIfTimeLimitExceeded:0]]
LogConfig: Setting CVar [[s.TimeLimitExceededMultiplier:1.5]]
LogConfig: Setting CVar [[s.TimeLimitExceededMinTime:0.005]]
LogConfig: Setting CVar [[s.UseBackgroundLevelStreaming:1]]
LogConfig: Setting CVar [[s.PriorityAsyncLoadingExtraTime:15.0]]
LogConfig: Setting CVar [[s.LevelStreamingActorsUpdateTimeLimit:5.0]]
LogConfig: Setting CVar [[s.PriorityLevelStreamingActorsUpdateExtraTime:5.0]]
LogConfig: Setting CVar [[s.LevelStreamingComponentsRegistrationGranularity:10]]
LogConfig: Setting CVar [[s.UnregisterComponentsTimeLimit:1.0]]
LogConfig: Setting CVar [[s.LevelStreamingComponentsUnregistrationGranularity:5]]
LogConfig: Setting CVar [[s.FlushStreamingOnExit:1]]
LogInit: Object subsystem initialized
LogConfig: Setting CVar [[con.DebugEarlyDefault:1]]
LogConfig: Setting CVar [[r.setres:1280x720]]
[2022.04.14-16.57.47:105][  0]LogConfig: Setting CVar [[con.DebugEarlyDefault:1]]
[2022.04.14-16.57.47:105][  0]LogConfig: Setting CVar [[r.setres:1280x720]]
[2022.04.14-16.57.47:106][  0]LogConfig: Applying CVar settings from Section [/Script/Engine.RendererSettings] File [C:/Users/wwwcn/OneDrive/Desktop/GDC/Logipaignion/The_Elementalists/Saved/Config/Windows/Engine.ini]
[2022.04.14-16.57.47:106][  0]LogConfig: Setting CVar [[r.GPUCrashDebugging:0]]
[2022.04.14-16.57.47:106][  0]LogConfig: Setting CVar [[r.CustomDepth:3]]
[2022.04.14-16.57.47:106][  0]LogConfig: Applying CVar settings from Section [/Script/Engine.RendererOverrideSettings] File [C:/Users/wwwcn/OneDrive/Desktop/GDC/Logipaignion/The_Elementalists/Saved/Config/Windows/Engine.ini]
[2022.04.14-16.57.47:106][  0]LogConfig: Applying CVar settings from Section [/Script/Engine.StreamingSettings] File [C:/Users/wwwcn/OneDrive/Desktop/GDC/Logipaignion/The_Elementalists/Saved/Config/Windows/Engine.ini]
[2022.04.14-16.57.47:106][  0]LogConfig: Setting CVar [[s.MinBulkDataSizeForAsyncLoading:131072]]
[2022.04.14-16.57.47:106][  0]LogConfig: Setting CVar [[s.AsyncLoadingThreadEnabled:0]]
[2022.04.14-16.57.47:106][  0]LogConfig: Setting CVar [[s.EventDrivenLoaderEnabled:1]]
[2022.04.14-16.57.47:106][  0]LogConfig: Setting CVar [[s.WarnIfTimeLimitExceeded:0]]
[2022.04.14-16.57.47:106][  0]LogConfig: Setting CVar [[s.TimeLimitExceededMultiplier:1.5]]
[2022.04.14-16.57.47:106][  0]LogConfig: Setting CVar [[s.TimeLimitExceededMinTime:0.005]]
[2022.04.14-16.57.47:106][  0]LogConfig: Setting CVar [[s.UseBackgroundLevelStreaming:1]]
[2022.04.14-16.57.47:106][  0]LogConfig: Setting CVar [[s.PriorityAsyncLoadingExtraTime:15.0]]
[2022.04.14-16.57.47:106][  0]LogConfig: Setting CVar [[s.LevelStreamingActorsUpdateTimeLimit:5.0]]
[2022.04.14-16.57.47:106][  0]LogConfig: Setting CVar [[s.PriorityLevelStreamingActorsUpdateExtraTime:5.0]]
[2022.04.14-16.57.47:106][  0]LogConfig: Setting CVar [[s.LevelStreamingComponentsRegistrationGranularity:10]]
[2022.04.14-16.57.47:106][  0]LogConfig: Setting CVar [[s.UnregisterComponentsTimeLimit:1.0]]
[2022.04.14-16.57.47:106][  0]LogConfig: Setting CVar [[s.LevelStreamingComponentsUnregistrationGranularity:5]]
[2022.04.14-16.57.47:106][  0]LogConfig: Setting CVar [[s.FlushStreamingOnExit:1]]
[2022.04.14-16.57.47:106][  0]LogConfig: Applying CVar settings from Section [/Script/Engine.GarbageCollectionSettings] File [C:/Users/wwwcn/OneDrive/Desktop/GDC/Logipaignion/The_Elementalists/Saved/Config/Windows/Engine.ini]
[2022.04.14-16.57.47:106][  0]LogConfig: Setting CVar [[gc.MaxObjectsNotConsideredByGC:1]]
[2022.04.14-16.57.47:106][  0]LogConfig: Setting CVar [[gc.SizeOfPermanentObjectPool:0]]
[2022.04.14-16.57.47:106][  0]LogConfig: Setting CVar [[gc.FlushStreamingOnGC:0]]
[2022.04.14-16.57.47:106][  0]LogConfig: Setting CVar [[gc.NumRetriesBeforeForcingGC:10]]
[2022.04.14-16.57.47:106][  0]LogConfig: Setting CVar [[gc.AllowParallelGC:1]]
[2022.04.14-16.57.47:106][  0]LogConfig: Setting CVar [[gc.TimeBetweenPurgingPendingKillObjects:61.1]]
[2022.04.14-16.57.47:106][  0]LogConfig: Setting CVar [[gc.MaxObjectsInEditor:25165824]]
[2022.04.14-16.57.47:106][  0]LogConfig: Setting CVar [[gc.IncrementalBeginDestroyEnabled:1]]
[2022.04.14-16.57.47:106][  0]LogConfig: Setting CVar [[gc.CreateGCClusters:1]]
[2022.04.14-16.57.47:106][  0]LogConfig: Setting CVar [[gc.MinGCClusterSize:5]]
[2022.04.14-16.57.47:106][  0]LogConfig: Setting CVar [[gc.ActorClusteringEnabled:0]]
[2022.04.14-16.57.47:106][  0]LogConfig: Setting CVar [[gc.BlueprintClusteringEnabled:0]]
[2022.04.14-16.57.47:106][  0]LogConfig: Setting CVar [[gc.UseDisregardForGCOnDedicatedServers:0]]
[2022.04.14-16.57.47:106][  0]LogConfig: Setting CVar [[gc.MultithreadedDestructionEnabled:1]]
[2022.04.14-16.57.47:106][  0]LogConfig: Applying CVar settings from Section [/Script/Engine.NetworkSettings] File [C:/Users/wwwcn/OneDrive/Desktop/GDC/Logipaignion/The_Elementalists/Saved/Config/Windows/Engine.ini]
[2022.04.14-16.57.47:106][  0]LogConfig: Applying CVar settings from Section [/Script/UnrealEd.CookerSettings] File [C:/Users/wwwcn/OneDrive/Desktop/GDC/Logipaignion/The_Elementalists/Saved/Config/Windows/Engine.ini]
[2022.04.14-16.57.47:111][  0]LogConfig: Applying CVar settings from Section [ViewDistanceQuality@3] File [C:/Users/wwwcn/OneDrive/Desktop/GDC/Logipaignion/The_Elementalists/Saved/Config/Windows/Scalability.ini]
[2022.04.14-16.57.47:111][  0]LogConfig: Setting CVar [[r.SkeletalMeshLODBias:0]]
[2022.04.14-16.57.47:111][  0]LogConfig: Setting CVar [[r.ViewDistanceScale:1.0]]
[2022.04.14-16.57.47:111][  0]LogConfig: Applying CVar settings from Section [AntiAliasingQuality@3] File [C:/Users/wwwcn/OneDrive/Desktop/GDC/Logipaignion/The_Elementalists/Saved/Config/Windows/Scalability.ini]
[2022.04.14-16.57.47:111][  0]LogConfig: Setting CVar [[r.PostProcessAAQuality:4]]
[2022.04.14-16.57.47:111][  0]LogConfig: Applying CVar settings from Section [ShadowQuality@3] File [C:/Users/wwwcn/OneDrive/Desktop/GDC/Logipaignion/The_Elementalists/Saved/Config/Windows/Scalability.ini]
[2022.04.14-16.57.47:111][  0]LogConfig: Setting CVar [[r.LightFunctionQuality:1]]
[2022.04.14-16.57.47:111][  0]LogConfig: Setting CVar [[r.ShadowQuality:5]]
[2022.04.14-16.57.47:111][  0]LogConfig: Setting CVar [[r.Shadow.CSM.MaxCascades:10]]
[2022.04.14-16.57.47:111][  0]LogConfig: Setting CVar [[r.Shadow.MaxResolution:2048]]
[2022.04.14-16.57.47:111][  0]LogConfig: Setting CVar [[r.Shadow.MaxCSMResolution:2048]]
[2022.04.14-16.57.47:111][  0]LogConfig: Setting CVar [[r.Shadow.RadiusThreshold:0.01]]
[2022.04.14-16.57.47:111][  0]LogConfig: Setting CVar [[r.Shadow.DistanceScale:1.0]]
[2022.04.14-16.57.47:111][  0]LogConfig: Setting CVar [[r.Shadow.CSM.TransitionScale:1.0]]
[2022.04.14-16.57.47:111][  0]LogConfig: Setting CVar [[r.Shadow.PreShadowResolutionFactor:1.0]]
[2022.04.14-16.57.47:111][  0]LogConfig: Setting CVar [[r.DistanceFieldShadowing:1]]
[2022.04.14-16.57.47:111][  0]LogConfig: Setting CVar [[r.DistanceFieldAO:1]]
[2022.04.14-16.57.47:111][  0]LogConfig: Setting CVar [[r.AOQuality:2]]
[2022.04.14-16.57.47:111][  0]LogConfig: Setting CVar [[r.VolumetricFog:1]]
[2022.04.14-16.57.47:111][  0]LogConfig: Setting CVar [[r.VolumetricFog.GridPixelSize:8]]
[2022.04.14-16.57.47:111][  0]LogConfig: Setting CVar [[r.VolumetricFog.GridSizeZ:128]]
[2022.04.14-16.57.47:111][  0]LogConfig: Setting CVar [[r.VolumetricFog.HistoryMissSupersampleCount:4]]
[2022.04.14-16.57.47:111][  0]LogConfig: Setting CVar [[r.LightMaxDrawDistanceScale:1]]
[2022.04.14-16.57.47:111][  0]LogConfig: Setting CVar [[r.CapsuleShadows:1]]
[2022.04.14-16.57.47:111][  0]LogConfig: Applying CVar settings from Section [PostProcessQuality@3] File [C:/Users/wwwcn/OneDrive/Desktop/GDC/Logipaignion/The_Elementalists/Saved/Config/Windows/Scalability.ini]
[2022.04.14-16.57.47:111][  0]LogConfig: Setting CVar [[r.MotionBlurQuality:4]]
[2022.04.14-16.57.47:111][  0]LogConfig: Setting CVar [[r.AmbientOcclusionMipLevelFactor:0.4]]
[2022.04.14-16.57.47:111][  0]LogConfig: Setting CVar [[r.AmbientOcclusionMaxQuality:100]]
[2022.04.14-16.57.47:111][  0]LogConfig: Setting CVar [[r.AmbientOcclusionLevels:-1]]
[2022.04.14-16.57.47:111][  0]LogConfig: Setting CVar [[r.AmbientOcclusionRadiusScale:1.0]]
[2022.04.14-16.57.47:111][  0]LogConfig: Setting CVar [[r.DepthOfFieldQuality:2]]
[2022.04.14-16.57.47:111][  0]LogConfig: Setting CVar [[r.RenderTargetPoolMin:400]]
[2022.04.14-16.57.47:111][  0]LogConfig: Setting CVar [[r.LensFlareQuality:2]]
[2022.04.14-16.57.47:111][  0]LogConfig: Setting CVar [[r.SceneColorFringeQuality:1]]
[2022.04.14-16.57.47:111][  0]LogConfig: Setting CVar [[r.EyeAdaptationQuality:2]]
[2022.04.14-16.57.47:111][  0]LogConfig: Setting CVar [[r.BloomQuality:5]]
[2022.04.14-16.57.47:111][  0]LogConfig: Setting CVar [[r.FastBlurThreshold:100]]
[2022.04.14-16.57.47:111][  0]LogConfig: Setting CVar [[r.Upscale.Quality:3]]
[2022.04.14-16.57.47:111][  0]LogConfig: Setting CVar [[r.Tonemapper.GrainQuantization:1]]
[2022.04.14-16.57.47:111][  0]LogConfig: Setting CVar [[r.LightShaftQuality:1]]
[2022.04.14-16.57.47:111][  0]LogConfig: Setting CVar [[r.Filter.SizeScale:1]]
[2022.04.14-16.57.47:111][  0]LogConfig: Setting CVar [[r.Tonemapper.Quality:5]]
[2022.04.14-16.57.47:111][  0]LogConfig: Setting CVar [[r.DOF.Gather.AccumulatorQuality:1        ; higher gathering accumulator quality]]
[2022.04.14-16.57.47:111][  0]LogConfig: Setting CVar [[r.DOF.Gather.PostfilterMethod:1          ; Median3x3 postfilering method]]
[2022.04.14-16.57.47:111][  0]LogConfig: Setting CVar [[r.DOF.Gather.EnableBokehSettings:0       ; no bokeh simulation when gathering]]
[2022.04.14-16.57.47:111][  0]LogConfig: Setting CVar [[r.DOF.Gather.RingCount:4                 ; medium number of samples when gathering]]
[2022.04.14-16.57.47:111][  0]LogConfig: Setting CVar [[r.DOF.Scatter.ForegroundCompositing:1    ; additive foreground scattering]]
[2022.04.14-16.57.47:111][  0]LogConfig: Setting CVar [[r.DOF.Scatter.BackgroundCompositing:2    ; additive background scattering]]
[2022.04.14-16.57.47:111][  0]LogConfig: Setting CVar [[r.DOF.Scatter.EnableBokehSettings:1      ; bokeh simulation when scattering]]
[2022.04.14-16.57.47:111][  0]LogConfig: Setting CVar [[r.DOF.Scatter.MaxSpriteRatio:0.1         ; only a maximum of 10% of scattered bokeh]]
[2022.04.14-16.57.47:111][  0]LogConfig: Setting CVar [[r.DOF.Recombine.Quality:1                ; cheap slight out of focus]]
[2022.04.14-16.57.47:111][  0]LogConfig: Setting CVar [[r.DOF.Recombine.EnableBokehSettings:0    ; no bokeh simulation on slight out of focus]]
[2022.04.14-16.57.47:111][  0]LogConfig: Setting CVar [[r.DOF.TemporalAAQuality:1                ; more stable temporal accumulation]]
[2022.04.14-16.57.47:111][  0]LogConfig: Setting CVar [[r.DOF.Kernel.MaxForegroundRadius:0.025]]
[2022.04.14-16.57.47:111][  0]LogConfig: Setting CVar [[r.DOF.Kernel.MaxBackgroundRadius:0.025]]
[2022.04.14-16.57.47:111][  0]LogConfig: Applying CVar settings from Section [TextureQuality@3] File [C:/Users/wwwcn/OneDrive/Desktop/GDC/Logipaignion/The_Elementalists/Saved/Config/Windows/Scalability.ini]
[2022.04.14-16.57.47:111][  0]LogConfig: Setting CVar [[r.Streaming.MipBias:0]]
[2022.04.14-16.57.47:111][  0]LogConfig: Setting CVar [[r.Streaming.AmortizeCPUToGPUCopy:0]]
[2022.04.14-16.57.47:111][  0]LogConfig: Setting CVar [[r.Streaming.MaxNumTexturesToStreamPerFrame:0]]
[2022.04.14-16.57.47:111][  0]LogConfig: Setting CVar [[r.Streaming.Boost:1]]
[2022.04.14-16.57.47:111][  0]LogConfig: Setting CVar [[r.MaxAnisotropy:8]]
[2022.04.14-16.57.47:111][  0]LogConfig: Setting CVar [[r.VT.MaxAnisotropy:8]]
[2022.04.14-16.57.47:111][  0]LogConfig: Setting CVar [[r.Streaming.LimitPoolSizeToVRAM:0]]
[2022.04.14-16.57.47:111][  0]LogConfig: Setting CVar [[r.Streaming.PoolSize:1000]]
[2022.04.14-16.57.47:111][  0]LogConfig: Setting CVar [[r.Streaming.MaxEffectiveScreenSize:0]]
[2022.04.14-16.57.47:111][  0]LogConfig: Applying CVar settings from Section [EffectsQuality@3] File [C:/Users/wwwcn/OneDrive/Desktop/GDC/Logipaignion/The_Elementalists/Saved/Config/Windows/Scalability.ini]
[2022.04.14-16.57.47:111][  0]LogConfig: Setting CVar [[r.TranslucencyLightingVolumeDim:64]]
[2022.04.14-16.57.47:111][  0]LogConfig: Setting CVar [[r.RefractionQuality:2]]
[2022.04.14-16.57.47:111][  0]LogConfig: Setting CVar [[r.SSR.Quality:3]]
[2022.04.14-16.57.47:111][  0]LogConfig: Setting CVar [[r.SSR.HalfResSceneColor:0]]
[2022.04.14-16.57.47:111][  0]LogConfig: Setting CVar [[r.SceneColorFormat:4]]
[2022.04.14-16.57.47:111][  0]LogConfig: Setting CVar [[r.DetailMode:2]]
[2022.04.14-16.57.47:111][  0]LogConfig: Setting CVar [[r.TranslucencyVolumeBlur:1]]
[2022.04.14-16.57.47:112][  0]LogConfig: Setting CVar [[r.MaterialQualityLevel:1 ; High quality]]
[2022.04.14-16.57.47:112][  0]LogConfig: Setting CVar [[r.AnisotropicMaterials:1]]
[2022.04.14-16.57.47:112][  0]LogConfig: Setting CVar [[r.SSS.Scale:1]]
[2022.04.14-16.57.47:112][  0]LogConfig: Setting CVar [[r.SSS.SampleSet:2]]
[2022.04.14-16.57.47:112][  0]LogConfig: Setting CVar [[r.SSS.Quality:1]]
[2022.04.14-16.57.47:112][  0]LogConfig: Setting CVar [[r.SSS.HalfRes:0]]
[2022.04.14-16.57.47:112][  0]LogConfig: Setting CVar [[r.SSGI.Quality:3]]
[2022.04.14-16.57.47:112][  0]LogConfig: Setting CVar [[r.EmitterSpawnRateScale:1.0]]
[2022.04.14-16.57.47:112][  0]LogConfig: Setting CVar [[r.ParticleLightQuality:2]]
[2022.04.14-16.57.47:112][  0]LogConfig: Setting CVar [[r.SkyAtmosphere.AerialPerspectiveLUT.FastApplyOnOpaque:1 ; Always have FastSkyLUT 1 in this case to avoid wrong sky]]
[2022.04.14-16.57.47:112][  0]LogConfig: Setting CVar [[r.SkyAtmosphere.AerialPerspectiveLUT.SampleCountMaxPerSlice:4]]
[2022.04.14-16.57.47:112][  0]LogConfig: Setting CVar [[r.SkyAtmosphere.AerialPerspectiveLUT.DepthResolution:16.0]]
[2022.04.14-16.57.47:112][  0]LogConfig: Setting CVar [[r.SkyAtmosphere.FastSkyLUT:1]]
[2022.04.14-16.57.47:112][  0]LogConfig: Setting CVar [[r.SkyAtmosphere.FastSkyLUT.SampleCountMin:4.0]]
[2022.04.14-16.57.47:112][  0]LogConfig: Setting CVar [[r.SkyAtmosphere.FastSkyLUT.SampleCountMax:128.0]]
[2022.04.14-16.57.47:112][  0]LogConfig: Setting CVar [[r.SkyAtmosphere.SampleCountMin:4.0]]
[2022.04.14-16.57.47:112][  0]LogConfig: Setting CVar [[r.SkyAtmosphere.SampleCountMax:128.0]]
[2022.04.14-16.57.47:112][  0]LogConfig: Setting CVar [[r.SkyAtmosphere.TransmittanceLUT.UseSmallFormat:0]]
[2022.04.14-16.57.47:112][  0]LogConfig: Setting CVar [[r.SkyAtmosphere.TransmittanceLUT.SampleCount:10.0]]
[2022.04.14-16.57.47:112][  0]LogConfig: Setting CVar [[r.SkyAtmosphere.MultiScatteringLUT.SampleCount:15.0]]
[2022.04.14-16.57.47:112][  0]LogConfig: Setting CVar [[r.SkyLight.RealTimeReflectionCapture:1]]
[2022.04.14-16.57.47:112][  0]LogConfig: Applying CVar settings from Section [FoliageQuality@3] File [C:/Users/wwwcn/OneDrive/Desktop/GDC/Logipaignion/The_Elementalists/Saved/Config/Windows/Scalability.ini]
[2022.04.14-16.57.47:112][  0]LogConfig: Setting CVar [[foliage.DensityScale:1.0]]
[2022.04.14-16.57.47:112][  0]LogConfig: Setting CVar [[grass.DensityScale:1.0]]
[2022.04.14-16.57.47:112][  0]LogConfig: Applying CVar settings from Section [ShadingQuality@3] File [C:/Users/wwwcn/OneDrive/Desktop/GDC/Logipaignion/The_Elementalists/Saved/Config/Windows/Scalability.ini]
[2022.04.14-16.57.47:112][  0]LogConfig: Setting CVar [[r.HairStrands.SkyLighting.IntegrationType:2]]
[2022.04.14-16.57.47:112][  0]LogConfig: Setting CVar [[r.HairStrands.SkyAO.SampleCount:4]]
[2022.04.14-16.57.47:112][  0]LogConfig: Setting CVar [[r.HairStrands.Visibility.MSAA.SamplePerPixel:4]]
[2022.04.14-16.57.47:112][  0]LogInit: Selected Device Profile: [Windows]
[2022.04.14-16.57.47:112][  0]LogInit: Applying CVar settings loaded from the selected device profile: [Windows]
[2022.04.14-16.57.47:112][  0]LogHAL: Display: Platform has ~ 16 GB [16542527488 / 17179869184 / 16], which maps to Larger [LargestMinGB=32, LargerMinGB=12, DefaultMinGB=8, SmallerMinGB=6, SmallestMinGB=0)
[2022.04.14-16.57.47:112][  0]LogInit: Going up to parent DeviceProfile []
[2022.04.14-16.57.47:112][  0]LogConfig: Applying CVar settings from Section [ViewDistanceQuality@3] File [C:/Users/wwwcn/OneDrive/Desktop/GDC/Logipaignion/The_Elementalists/Saved/Config/Windows/Scalability.ini]
[2022.04.14-16.57.47:112][  0]LogConfig: Setting CVar [[r.SkeletalMeshLODBias:0]]
[2022.04.14-16.57.47:112][  0]LogConfig: Setting CVar [[r.ViewDistanceScale:1.0]]
[2022.04.14-16.57.47:112][  0]LogConfig: Applying CVar settings from Section [AntiAliasingQuality@3] File [C:/Users/wwwcn/OneDrive/Desktop/GDC/Logipaignion/The_Elementalists/Saved/Config/Windows/Scalability.ini]
[2022.04.14-16.57.47:112][  0]LogConfig: Setting CVar [[r.PostProcessAAQuality:4]]
[2022.04.14-16.57.47:112][  0]LogConfig: Applying CVar settings from Section [ShadowQuality@3] File [C:/Users/wwwcn/OneDrive/Desktop/GDC/Logipaignion/The_Elementalists/Saved/Config/Windows/Scalability.ini]
[2022.04.14-16.57.47:112][  0]LogConfig: Setting CVar [[r.LightFunctionQuality:1]]
[2022.04.14-16.57.47:112][  0]LogConfig: Setting CVar [[r.ShadowQuality:5]]
[2022.04.14-16.57.47:112][  0]LogConfig: Setting CVar [[r.Shadow.CSM.MaxCascades:10]]
[2022.04.14-16.57.47:112][  0]LogConfig: Setting CVar [[r.Shadow.MaxResolution:2048]]
[2022.04.14-16.57.47:112][  0]LogConfig: Setting CVar [[r.Shadow.MaxCSMResolution:2048]]
[2022.04.14-16.57.47:112][  0]LogConfig: Setting CVar [[r.Shadow.RadiusThreshold:0.01]]
[2022.04.14-16.57.47:112][  0]LogConfig: Setting CVar [[r.Shadow.DistanceScale:1.0]]
[2022.04.14-16.57.47:112][  0]LogConfig: Setting CVar [[r.Shadow.CSM.TransitionScale:1.0]]
[2022.04.14-16.57.47:112][  0]LogConfig: Setting CVar [[r.Shadow.PreShadowResolutionFactor:1.0]]
[2022.04.14-16.57.47:112][  0]LogConfig: Setting CVar [[r.DistanceFieldShadowing:1]]
[2022.04.14-16.57.47:112][  0]LogConfig: Setting CVar [[r.DistanceFieldAO:1]]
[2022.04.14-16.57.47:112][  0]LogConfig: Setting CVar [[r.AOQuality:2]]
[2022.04.14-16.57.47:112][  0]LogConfig: Setting CVar [[r.VolumetricFog:1]]
[2022.04.14-16.57.47:112][  0]LogConfig: Setting CVar [[r.VolumetricFog.GridPixelSize:8]]
[2022.04.14-16.57.47:112][  0]LogConfig: Setting CVar [[r.VolumetricFog.GridSizeZ:128]]
[2022.04.14-16.57.47:112][  0]LogConfig: Setting CVar [[r.VolumetricFog.HistoryMissSupersampleCount:4]]
[2022.04.14-16.57.47:112][  0]LogConfig: Setting CVar [[r.LightMaxDrawDistanceScale:1]]
[2022.04.14-16.57.47:112][  0]LogConfig: Setting CVar [[r.CapsuleShadows:1]]
[2022.04.14-16.57.47:112][  0]LogConfig: Applying CVar settings from Section [PostProcessQuality@3] File [C:/Users/wwwcn/OneDrive/Desktop/GDC/Logipaignion/The_Elementalists/Saved/Config/Windows/Scalability.ini]
[2022.04.14-16.57.47:112][  0]LogConfig: Setting CVar [[r.MotionBlurQuality:4]]
[2022.04.14-16.57.47:112][  0]LogConfig: Setting CVar [[r.AmbientOcclusionMipLevelFactor:0.4]]
[2022.04.14-16.57.47:112][  0]LogConfig: Setting CVar [[r.AmbientOcclusionMaxQuality:100]]
[2022.04.14-16.57.47:112][  0]LogConfig: Setting CVar [[r.AmbientOcclusionLevels:-1]]
[2022.04.14-16.57.47:112][  0]LogConfig: Setting CVar [[r.AmbientOcclusionRadiusScale:1.0]]
[2022.04.14-16.57.47:112][  0]LogConfig: Setting CVar [[r.DepthOfFieldQuality:2]]
[2022.04.14-16.57.47:112][  0]LogConfig: Setting CVar [[r.RenderTargetPoolMin:400]]
[2022.04.14-16.57.47:112][  0]LogConfig: Setting CVar [[r.LensFlareQuality:2]]
[2022.04.14-16.57.47:112][  0]LogConfig: Setting CVar [[r.SceneColorFringeQuality:1]]
[2022.04.14-16.57.47:112][  0]LogConfig: Setting CVar [[r.EyeAdaptationQuality:2]]
[2022.04.14-16.57.47:112][  0]LogConfig: Setting CVar [[r.BloomQuality:5]]
[2022.04.14-16.57.47:112][  0]LogConfig: Setting CVar [[r.FastBlurThreshold:100]]
[2022.04.14-16.57.47:112][  0]LogConfig: Setting CVar [[r.Upscale.Quality:3]]
[2022.04.14-16.57.47:112][  0]LogConfig: Setting CVar [[r.Tonemapper.GrainQuantization:1]]
[2022.04.14-16.57.47:112][  0]LogConfig: Setting CVar [[r.LightShaftQuality:1]]
[2022.04.14-16.57.47:112][  0]LogConfig: Setting CVar [[r.Filter.SizeScale:1]]
[2022.04.14-16.57.47:112][  0]LogConfig: Setting CVar [[r.Tonemapper.Quality:5]]
[2022.04.14-16.57.47:112][  0]LogConfig: Setting CVar [[r.DOF.Gather.AccumulatorQuality:1        ; higher gathering accumulator quality]]
[2022.04.14-16.57.47:112][  0]LogConfig: Setting CVar [[r.DOF.Gather.PostfilterMethod:1          ; Median3x3 postfilering method]]
[2022.04.14-16.57.47:112][  0]LogConfig: Setting CVar [[r.DOF.Gather.EnableBokehSettings:0       ; no bokeh simulation when gathering]]
[2022.04.14-16.57.47:112][  0]LogConfig: Setting CVar [[r.DOF.Gather.RingCount:4                 ; medium number of samples when gathering]]
[2022.04.14-16.57.47:112][  0]LogConfig: Setting CVar [[r.DOF.Scatter.ForegroundCompositing:1    ; additive foreground scattering]]
[2022.04.14-16.57.47:112][  0]LogConfig: Setting CVar [[r.DOF.Scatter.BackgroundCompositing:2    ; additive background scattering]]
[2022.04.14-16.57.47:112][  0]LogConfig: Setting CVar [[r.DOF.Scatter.EnableBokehSettings:1      ; bokeh simulation when scattering]]
[2022.04.14-16.57.47:112][  0]LogConfig: Setting CVar [[r.DOF.Scatter.MaxSpriteRatio:0.1         ; only a maximum of 10% of scattered bokeh]]
[2022.04.14-16.57.47:112][  0]LogConfig: Setting CVar [[r.DOF.Recombine.Quality:1                ; cheap slight out of focus]]
[2022.04.14-16.57.47:112][  0]LogConfig: Setting CVar [[r.DOF.Recombine.EnableBokehSettings:0    ; no bokeh simulation on slight out of focus]]
[2022.04.14-16.57.47:112][  0]LogConfig: Setting CVar [[r.DOF.TemporalAAQuality:1                ; more stable temporal accumulation]]
[2022.04.14-16.57.47:112][  0]LogConfig: Setting CVar [[r.DOF.Kernel.MaxForegroundRadius:0.025]]
[2022.04.14-16.57.47:112][  0]LogConfig: Setting CVar [[r.DOF.Kernel.MaxBackgroundRadius:0.025]]
[2022.04.14-16.57.47:112][  0]LogConfig: Applying CVar settings from Section [TextureQuality@3] File [C:/Users/wwwcn/OneDrive/Desktop/GDC/Logipaignion/The_Elementalists/Saved/Config/Windows/Scalability.ini]
[2022.04.14-16.57.47:112][  0]LogConfig: Setting CVar [[r.Streaming.MipBias:0]]
[2022.04.14-16.57.47:112][  0]LogConfig: Setting CVar [[r.Streaming.AmortizeCPUToGPUCopy:0]]
[2022.04.14-16.57.47:112][  0]LogConfig: Setting CVar [[r.Streaming.MaxNumTexturesToStreamPerFrame:0]]
[2022.04.14-16.57.47:112][  0]LogConfig: Setting CVar [[r.Streaming.Boost:1]]
[2022.04.14-16.57.47:112][  0]LogConfig: Setting CVar [[r.MaxAnisotropy:8]]
[2022.04.14-16.57.47:112][  0]LogConfig: Setting CVar [[r.VT.MaxAnisotropy:8]]
[2022.04.14-16.57.47:112][  0]LogConfig: Setting CVar [[r.Streaming.LimitPoolSizeToVRAM:0]]
[2022.04.14-16.57.47:112][  0]LogConfig: Setting CVar [[r.Streaming.PoolSize:1000]]
[2022.04.14-16.57.47:112][  0]LogConfig: Setting CVar [[r.Streaming.MaxEffectiveScreenSize:0]]
[2022.04.14-16.57.47:112][  0]LogConfig: Applying CVar settings from Section [EffectsQuality@3] File [C:/Users/wwwcn/OneDrive/Desktop/GDC/Logipaignion/The_Elementalists/Saved/Config/Windows/Scalability.ini]
[2022.04.14-16.57.47:112][  0]LogConfig: Setting CVar [[r.TranslucencyLightingVolumeDim:64]]
[2022.04.14-16.57.47:112][  0]LogConfig: Setting CVar [[r.RefractionQuality:2]]
[2022.04.14-16.57.47:112][  0]LogConfig: Setting CVar [[r.SSR.Quality:3]]
[2022.04.14-16.57.47:112][  0]LogConfig: Setting CVar [[r.SSR.HalfResSceneColor:0]]
[2022.04.14-16.57.47:113][  0]LogConfig: Setting CVar [[r.SceneColorFormat:4]]
[2022.04.14-16.57.47:113][  0]LogConfig: Setting CVar [[r.DetailMode:2]]
[2022.04.14-16.57.47:113][  0]LogConfig: Setting CVar [[r.TranslucencyVolumeBlur:1]]
[2022.04.14-16.57.47:113][  0]LogConfig: Setting CVar [[r.MaterialQualityLevel:1 ; High quality]]
[2022.04.14-16.57.47:113][  0]LogConfig: Setting CVar [[r.AnisotropicMaterials:1]]
[2022.04.14-16.57.47:113][  0]LogConfig: Setting CVar [[r.SSS.Scale:1]]
[2022.04.14-16.57.47:113][  0]LogConfig: Setting CVar [[r.SSS.SampleSet:2]]
[2022.04.14-16.57.47:113][  0]LogConfig: Setting CVar [[r.SSS.Quality:1]]
[2022.04.14-16.57.47:113][  0]LogConfig: Setting CVar [[r.SSS.HalfRes:0]]
[2022.04.14-16.57.47:113][  0]LogConfig: Setting CVar [[r.SSGI.Quality:3]]
[2022.04.14-16.57.47:113][  0]LogConfig: Setting CVar [[r.EmitterSpawnRateScale:1.0]]
[2022.04.14-16.57.47:113][  0]LogConfig: Setting CVar [[r.ParticleLightQuality:2]]
[2022.04.14-16.57.47:113][  0]LogConfig: Setting CVar [[r.SkyAtmosphere.AerialPerspectiveLUT.FastApplyOnOpaque:1 ; Always have FastSkyLUT 1 in this case to avoid wrong sky]]
[2022.04.14-16.57.47:113][  0]LogConfig: Setting CVar [[r.SkyAtmosphere.AerialPerspectiveLUT.SampleCountMaxPerSlice:4]]
[2022.04.14-16.57.47:113][  0]LogConfig: Setting CVar [[r.SkyAtmosphere.AerialPerspectiveLUT.DepthResolution:16.0]]
[2022.04.14-16.57.47:113][  0]LogConfig: Setting CVar [[r.SkyAtmosphere.FastSkyLUT:1]]
[2022.04.14-16.57.47:113][  0]LogConfig: Setting CVar [[r.SkyAtmosphere.FastSkyLUT.SampleCountMin:4.0]]
[2022.04.14-16.57.47:113][  0]LogConfig: Setting CVar [[r.SkyAtmosphere.FastSkyLUT.SampleCountMax:128.0]]
[2022.04.14-16.57.47:113][  0]LogConfig: Setting CVar [[r.SkyAtmosphere.SampleCountMin:4.0]]
[2022.04.14-16.57.47:113][  0]LogConfig: Setting CVar [[r.SkyAtmosphere.SampleCountMax:128.0]]
[2022.04.14-16.57.47:113][  0]LogConfig: Setting CVar [[r.SkyAtmosphere.TransmittanceLUT.UseSmallFormat:0]]
[2022.04.14-16.57.47:113][  0]LogConfig: Setting CVar [[r.SkyAtmosphere.TransmittanceLUT.SampleCount:10.0]]
[2022.04.14-16.57.47:113][  0]LogConfig: Setting CVar [[r.SkyAtmosphere.MultiScatteringLUT.SampleCount:15.0]]
[2022.04.14-16.57.47:113][  0]LogConfig: Setting CVar [[r.SkyLight.RealTimeReflectionCapture:1]]
[2022.04.14-16.57.47:113][  0]LogConfig: Applying CVar settings from Section [FoliageQuality@3] File [C:/Users/wwwcn/OneDrive/Desktop/GDC/Logipaignion/The_Elementalists/Saved/Config/Windows/Scalability.ini]
[2022.04.14-16.57.47:113][  0]LogConfig: Setting CVar [[foliage.DensityScale:1.0]]
[2022.04.14-16.57.47:113][  0]LogConfig: Setting CVar [[grass.DensityScale:1.0]]
[2022.04.14-16.57.47:113][  0]LogConfig: Applying CVar settings from Section [ShadingQuality@3] File [C:/Users/wwwcn/OneDrive/Desktop/GDC/Logipaignion/The_Elementalists/Saved/Config/Windows/Scalability.ini]
[2022.04.14-16.57.47:113][  0]LogConfig: Setting CVar [[r.HairStrands.SkyLighting.IntegrationType:2]]
[2022.04.14-16.57.47:113][  0]LogConfig: Setting CVar [[r.HairStrands.SkyAO.SampleCount:4]]
[2022.04.14-16.57.47:113][  0]LogConfig: Setting CVar [[r.HairStrands.Visibility.MSAA.SamplePerPixel:4]]
[2022.04.14-16.57.47:113][  0]LogConfig: Applying CVar settings from Section [Startup] File [../../../Engine/Config/ConsoleVariables.ini]
[2022.04.14-16.57.47:114][  0]LogConfig: Setting CVar [[net.UseAdaptiveNetUpdateFrequency:0]]
[2022.04.14-16.57.47:114][  0]LogConfig: Setting CVar [[p.chaos.AllowCreatePhysxBodies:1]]
[2022.04.14-16.57.47:114][  0]LogConfig: Setting CVar [[fx.SkipVectorVMBackendOptimizations:1]]
[2022.04.14-16.57.47:114][  0]LogConfig: Applying CVar settings from Section [ConsoleVariables] File [C:/Users/wwwcn/OneDrive/Desktop/GDC/Logipaignion/The_Elementalists/Saved/Config/Windows/Engine.ini]
[2022.04.14-16.57.47:114][  0]LogConfig: Applying CVar settings from Section [ConsoleVariables] File [C:/Users/wwwcn/OneDrive/Desktop/GDC/Logipaignion/The_Elementalists/Saved/Config/Windows/Editor.ini]
[2022.04.14-16.57.47:114][  0]LogInit: Computer: LAPTOP-S0COUGRA
[2022.04.14-16.57.47:114][  0]LogInit: User: wwwcn
[2022.04.14-16.57.47:114][  0]LogInit: CPU Page size=4096, Cores=8
[2022.04.14-16.57.47:114][  0]LogInit: High frequency timer resolution =10.000000 MHz
[2022.04.14-16.57.47:114][  0]LogMemory: Memory total: Physical=15.4GB (16GB approx)
[2022.04.14-16.57.47:114][  0]LogMemory: Platform Memory Stats for Windows
[2022.04.14-16.57.47:114][  0]LogMemory: Process Physical Memory: 148.04 MB used, 148.05 MB peak
[2022.04.14-16.57.47:114][  0]LogMemory: Process Virtual Memory: 125.39 MB used, 125.39 MB peak
[2022.04.14-16.57.47:114][  0]LogMemory: Physical Memory: 10116.73 MB used,  5659.45 MB free, 15776.18 MB total
[2022.04.14-16.57.47:114][  0]LogMemory: Virtual Memory: 134213264.00 MB used,  4467.22 MB free, 134217728.00 MB total
[2022.04.14-16.57.47:120][  0]LogWindows: WindowsPlatformFeatures enabled
[2022.04.14-16.57.47:166][  0]LogInit: Physics initialised using underlying interface: PhysX
[2022.04.14-16.57.47:167][  0]LogInit: Using OS detected language (en-US).
[2022.04.14-16.57.47:167][  0]LogInit: Using OS detected locale (en-CY).
[2022.04.14-16.57.47:174][  0]LogTextLocalizationManager: No specific localization for 'en-US' exists, so the 'en' localization will be used.
[2022.04.14-16.57.47:390][  0]LogWindowsTextInputMethodSystem: Display: IME system deactivated.
[2022.04.14-16.57.47:406][  0]LogSlate: New Slate User Created.  User Index 0, Is Virtual User: 0
[2022.04.14-16.57.47:406][  0]LogSlate: Slate User Registered.  User Index 0, Is Virtual User: 0
[2022.04.14-16.57.47:420][  0]LogD3D11RHI: Loaded GFSDK_Aftermath_Lib.x64.dll
[2022.04.14-16.57.47:435][  0]LogHMD: Failed to initialize OpenVR with code 110
[2022.04.14-16.57.47:435][  0]LogD3D11RHI: D3D11 min allowed feature level: 11_0
[2022.04.14-16.57.47:435][  0]LogD3D11RHI: D3D11 max allowed feature level: 11_0
[2022.04.14-16.57.47:435][  0]LogD3D11RHI: D3D11 adapters:
[2022.04.14-16.57.47:523][  0]LogD3D11RHI:    0. 'NVIDIA GeForce RTX 3050 Ti Laptop GPU' (Feature Level 11_0)
[2022.04.14-16.57.47:523][  0]LogD3D11RHI:       3990/0/7888 MB DedicatedVideo/DedicatedSystem/SharedSystem, Outputs:1, VendorId:0x10de
[2022.04.14-16.57.47:551][  0]LogD3D11RHI:    1. 'AMD Radeon(TM) Graphics' (Feature Level 11_0)
[2022.04.14-16.57.47:551][  0]LogD3D11RHI:       496/0/7888 MB DedicatedVideo/DedicatedSystem/SharedSystem, Outputs:0, VendorId:0x1002
[2022.04.14-16.57.47:554][  0]LogD3D11RHI:    2. 'Microsoft Basic Render Driver' (Feature Level 11_0)
[2022.04.14-16.57.47:554][  0]LogD3D11RHI:       0/0/7888 MB DedicatedVideo/DedicatedSystem/SharedSystem, Outputs:0, VendorId:0x1414
[2022.04.14-16.57.47:554][  0]LogD3D11RHI: Chosen D3D11 Adapter:
[2022.04.14-16.57.47:554][  0]LogD3D11RHI:     Description : NVIDIA GeForce RTX 3050 Ti Laptop GPU
[2022.04.14-16.57.47:554][  0]LogD3D11RHI:     VendorId    : 10de
[2022.04.14-16.57.47:554][  0]LogD3D11RHI:     DeviceId    : 25a0
[2022.04.14-16.57.47:554][  0]LogD3D11RHI:     SubSysId    : 10dc1043
[2022.04.14-16.57.47:554][  0]LogD3D11RHI:     Revision    : 00a1
[2022.04.14-16.57.47:554][  0]LogD3D11RHI:     DedicatedVideoMemory : 4183818240 bytes
[2022.04.14-16.57.47:554][  0]LogD3D11RHI:     DedicatedSystemMemory : 0 bytes
[2022.04.14-16.57.47:554][  0]LogD3D11RHI:     SharedSystemMemory : 8271263744 bytes
[2022.04.14-16.57.47:554][  0]LogD3D11RHI:     AdapterLuid : 0 55301
[2022.04.14-16.57.47:566][  0]LogD3D11RHI: Creating new Direct3DDevice
[2022.04.14-16.57.47:566][  0]LogD3D11RHI:     GPU DeviceId: 0x25a0 (for the marketing name, search the web for "GPU Device Id")
[2022.04.14-16.57.47:566][  0]LogWindows: EnumDisplayDevices:
[2022.04.14-16.57.47:567][  0]LogWindows:    0. 'AMD Radeon(TM) Graphics' (P:1 D:1)
[2022.04.14-16.57.47:567][  0]LogWindows:    1. 'AMD Radeon(TM) Graphics' (P:0 D:0)
[2022.04.14-16.57.47:567][  0]LogWindows:    2. 'AMD Radeon(TM) Graphics' (P:0 D:0)
[2022.04.14-16.57.47:567][  0]LogWindows:    3. 'AMD Radeon(TM) Graphics' (P:0 D:0)
[2022.04.14-16.57.47:568][  0]LogWindows:    4. 'NVIDIA GeForce RTX 3050 Ti Laptop GPU' (P:0 D:0)
[2022.04.14-16.57.47:568][  0]LogWindows:    5. 'NVIDIA GeForce RTX 3050 Ti Laptop GPU' (P:0 D:0)
[2022.04.14-16.57.47:568][  0]LogWindows:    6. 'NVIDIA GeForce RTX 3050 Ti Laptop GPU' (P:0 D:0)
[2022.04.14-16.57.47:568][  0]LogWindows:    7. 'NVIDIA GeForce RTX 3050 Ti Laptop GPU' (P:0 D:0)
[2022.04.14-16.57.47:568][  0]LogWindows: DebugString: PrimaryIsNotTheChoosenAdapter PrimaryIsNotTheChoosenAdapter PrimaryIsNotTheChoosenAdapter PrimaryIsNotTheChoosenAdapter FoundDriverCount:4 
[2022.04.14-16.57.47:568][  0]LogD3D11RHI:     Adapter Name: NVIDIA GeForce RTX 3050 Ti Laptop GPU
[2022.04.14-16.57.47:568][  0]LogD3D11RHI:   Driver Version: 496.49 (internal:30.0.14.9649, unified:496.49)
[2022.04.14-16.57.47:568][  0]LogD3D11RHI:      Driver Date: 10-20-2021
[2022.04.14-16.57.47:568][  0]LogRHI: Texture pool is 2793 MB (70% of 3990 MB)
[2022.04.14-16.57.47:568][  0]LogD3D11RHI: Creating D3DDevice using adapter:
[2022.04.14-16.57.47:568][  0]LogD3D11RHI:     Description : NVIDIA GeForce RTX 3050 Ti Laptop GPU
[2022.04.14-16.57.47:568][  0]LogD3D11RHI:     VendorId    : 10de
[2022.04.14-16.57.47:568][  0]LogD3D11RHI:     DeviceId    : 25a0
[2022.04.14-16.57.47:568][  0]LogD3D11RHI:     SubSysId    : 10dc1043
[2022.04.14-16.57.47:568][  0]LogD3D11RHI:     Revision    : 00a1
[2022.04.14-16.57.47:568][  0]LogD3D11RHI:     DedicatedVideoMemory : 4183818240 bytes
[2022.04.14-16.57.47:568][  0]LogD3D11RHI:     DedicatedSystemMemory : 0 bytes
[2022.04.14-16.57.47:568][  0]LogD3D11RHI:     SharedSystemMemory : 8271263744 bytes
[2022.04.14-16.57.47:568][  0]LogD3D11RHI:     AdapterLuid : 0 55301
[2022.04.14-16.57.47:625][  0]LogD3D11RHI: RHI has support for 64 bit atomics
[2022.04.14-16.57.47:625][  0]LogD3D11RHI: Async texture creation enabled
[2022.04.14-16.57.47:625][  0]LogD3D11RHI: Array index from any shader is supported
[2022.04.14-16.57.47:648][  0]LogD3D11RHI: GPU Timing Frequency: 1000.000000 (Debug: 2 2)
[2022.04.14-16.57.47:687][  0]LogRHI: GeForceNow SDK initialized: 1
[2022.04.14-16.57.48:011][  0]LogTargetPlatformManager: Display: Loaded TargetPlatform 'WindowsNoEditor'
[2022.04.14-16.57.48:017][  0]LogTargetPlatformManager: Display: Loaded TargetPlatform 'Windows'
[2022.04.14-16.57.48:022][  0]LogTargetPlatformManager: Display: Loaded TargetPlatform 'WindowsClient'
[2022.04.14-16.57.48:028][  0]LogTargetPlatformManager: Display: Loaded TargetPlatform 'WindowsServer'
[2022.04.14-16.57.48:028][  0]LogTargetPlatformManager: Display: Building Assets For Windows
[2022.04.14-16.57.48:039][  0]LogAudioDebug: Display: Lib vorbis DLL was dynamically loaded.
[2022.04.14-16.57.48:081][  0]LogTextureFormatOodle: Display: Oodle Texture 2.9.0 init RDO Off
[2022.04.14-16.57.48:119][  0]LogRendererCore: Ray tracing is disabled. Reason: r.RayTracing=0.
[2022.04.14-16.57.48:119][  0]LogShaderCompilers: Guid format shader working directory is -36 characters bigger than the processId version (../../../../../../Users/wwwcn/OneDrive/Desktop/GDC/Logipaignion/The_Elementalists/Intermediate/Shaders/WorkingDirectory/32504/).
[2022.04.14-16.57.48:120][  0]LogShaderCompilers: Cleaned the shader compiler working directory 'C:/Users/wwwcn/AppData/Local/Temp/UnrealShaderWorkingDir/B113833C4CFD44F7E16654A3B1389DEB/'.
[2022.04.14-16.57.48:120][  0]LogXGEController: Cannot use XGE Controller as Incredibuild is not installed on this machine.
[2022.04.14-16.57.48:120][  0]LogShaderCompilers: Cannot use XGE Shader Compiler as Incredibuild is not installed on this machine.
[2022.04.14-16.57.48:120][  0]LogShaderCompilers: Display: Using Local Shader Compiler.
[2022.04.14-16.57.48:797][  0]LogDerivedDataCache: Display: Max Cache Size: 512 MB
[2022.04.14-16.57.48:858][  0]LogDerivedDataCache: Loaded boot cache 0.06s 94MB C:/Users/wwwcn/AppData/Local/UnrealEngine/4.27/DerivedDataCache/Boot.ddc.
[2022.04.14-16.57.48:858][  0]LogDerivedDataCache: Display: Loaded Boot cache: C:/Users/wwwcn/AppData/Local/UnrealEngine/4.27/DerivedDataCache/Boot.ddc
[2022.04.14-16.57.48:858][  0]LogDerivedDataCache: FDerivedDataBackendGraph:  Pak pak cache file ../../../../../../Users/wwwcn/OneDrive/Desktop/GDC/Logipaignion/The_Elementalists/DerivedDataCache/DDC.ddp not found, will not use a pak cache.
[2022.04.14-16.57.48:858][  0]LogDerivedDataCache: Unable to find inner node Pak for hierarchical cache Hierarchy.
[2022.04.14-16.57.48:858][  0]LogDerivedDataCache: FDerivedDataBackendGraph:  CompressedPak pak cache file ../../../../../../Users/wwwcn/OneDrive/Desktop/GDC/Logipaignion/The_Elementalists/DerivedDataCache/Compressed.ddp not found, will not use a pak cache.
[2022.04.14-16.57.48:858][  0]LogDerivedDataCache: Unable to find inner node CompressedPak for hierarchical cache Hierarchy.
[2022.04.14-16.57.48:875][  0]LogDerivedDataCache: Display: Pak cache opened for reading ../../../Engine/DerivedDataCache/Compressed.ddp.
[2022.04.14-16.57.48:876][  0]LogDerivedDataCache: FDerivedDataBackendGraph:  EnterprisePak pak cache file ../../../Enterprise/DerivedDataCache/Compressed.ddp not found, will not use a pak cache.
[2022.04.14-16.57.48:876][  0]LogDerivedDataCache: Unable to find inner node EnterprisePak for hierarchical cache Hierarchy.
[2022.04.14-16.57.48:891][  0]LogDerivedDataCache: Speed tests for C:/Users/wwwcn/AppData/Local/UnrealEngine/Common/DerivedDataCache took 0.02 seconds
[2022.04.14-16.57.48:891][  0]LogDerivedDataCache: Display: Performance to C:/Users/wwwcn/AppData/Local/UnrealEngine/Common/DerivedDataCache: Latency=0.05ms. RandomReadSpeed=198.14MBs, RandomWriteSpeed=95.86MBs. Assigned SpeedClass 'Local'
[2022.04.14-16.57.48:892][  0]LogDerivedDataCache: Using Local data cache path C:/Users/wwwcn/AppData/Local/UnrealEngine/Common/DerivedDataCache: Writable
[2022.04.14-16.57.48:892][  0]LogDerivedDataCache: Shared data cache path not found in *engine.ini, will not use an Shared cache.
[2022.04.14-16.57.48:892][  0]LogDerivedDataCache: Unable to find inner node Shared for hierarchical cache Hierarchy.
[2022.04.14-16.57.48:922][  0]LogSlate: Using FreeType 2.10.0
[2022.04.14-16.57.48:923][  0]LogSlate: SlateFontServices - WITH_FREETYPE: 1, WITH_HARFBUZZ: 1
[2022.04.14-16.57.49:023][  0]LogInit: Using OS detected language (en-US).
[2022.04.14-16.57.49:023][  0]LogInit: Using OS detected locale (en-CY).
[2022.04.14-16.57.49:023][  0]LogTextLocalizationManager: No localization for 'en-US' exists, so 'en' will be used for the language.
[2022.04.14-16.57.49:023][  0]LogTextLocalizationManager: No localization for 'en-CY' exists, so 'en' will be used for the locale.
[2022.04.14-16.57.49:023][  0]LogSlate: FontCache flush requested. Reason: Culture for localization was changed
[2022.04.14-16.57.49:023][  0]LogSlate: FontCache flush requested. Reason: Culture for localization was changed
[2022.04.14-16.57.49:028][  0]LogTextLocalizationManager: Compacting localization data took   0.01ms
[2022.04.14-16.57.49:028][  0]LogAssetRegistry: FAssetRegistry took 0.0029 seconds to start up
[2022.04.14-16.57.49:205][  0]LogPackageLocalizationCache: Processed 27 localized package path(s) for 1 prioritized culture(s) in 0.001669 seconds
[2022.04.14-16.57.49:269][  0]LogInit: Selected Device Profile: [Windows]
[2022.04.14-16.57.49:269][  0]LogInit: Active device profile: [0000015F99E67C00][0000015F92F7B4C0 49] Windows
[2022.04.14-16.57.49:269][  0]LogInit: Profiles: [0000015F99E67C00][0000015F92F7B4C0 49] Windows, [0000015F99E1C500][0000015F92CB9640 49] WindowsNoEditor, [0000015F99E64500][0000015F92CBD7C0 49] WindowsServer, [0000015F99E1F600][0000015F92CB5900 49] WindowsClient, [0000015F99E67500][0000015F92CC1A40 49] IOS, [0000015F99E1CE00][0000015F9268DB80 49] iPadAir, [0000015F99E64D00][0000015F92690140 49] iPadAir2, [0000015F99DE0600][0000015F9269C400 49] IPadPro, [0000015F99DE0700][0000015F92698440 49] iPadAir3, [0000015F99E66F00][0000015F926A05C0 49] iPadAir4, [0000015F99DE3A00][0000015F926A4740 49] iPadMini2, [0000015F99E65100][0000015F926A88C0 49] iPadMini3, [0000015F99DE1600][0000015F926ACA40 49] iPadMini4, [0000015F99E66800][0000015F926B0BC0 49] iPadMini5, [0000015F99DCFE00][0000015F926B8E80 49] iPhone6, [0000015F99DCFF00][0000015F926B4EC0 49] iPodTouch6, [0000015F99E1F400][0000015F926C1180 49] iPhone7, [0000015F99DE3400][0000015F926BD1C0 49] iPodTouch7, [0000015F99DCC800][0000015F921B7340 49] iPhone5S, [0000015F99DE2A00][0000015F921BB4C0 49] iPhone6Plus, [0000015F99DCF100][0000015F921BF640 49] iPhone6S, [0000015F99DE0C00][0000015F921C37C0 49] iPhone6SPlus, [0000015F99DCD000][0000015F921C7940 49] iPhone7Plus, [0000015F99DE0400][0000015F921CBAC0 49] iPhoneSE, [0000015F99DCEA00][0000015F92695C00 49] iPhone8, [0000015F99DE1700][0000015F921CE1C0 49] iPhone8Plus, [0000015F99DCD700][0000015F921D2300 49] iPhoneX, [0000015F99DE1500][0000015F921DA480 49] iPhoneXS, [0000015F99DCE300][0000015F921DE600 49] iPhoneXSMax, [0000015F99DE1E00][0000015F921E2780 49] iPhoneXR, [0000015F99DCC700][0000015F921E6900 49] iPhone11, [0000015F99DE2E00][0000015F921EAA80 49] iPhone11Pro, [0000015F99DCF400][0000015F921EEC00 49] iPhone11ProMax, [0000015F99DE0800][0000015F921F2D80 49] iPhoneSE2, [0000015F99DCCD00][0000015F921F6F00 49] iPhone12Mini, [0000015F99DE2D00][0000015F921FB080 49] iPhone12, [0000015F99DCD300][0000015F921FF200 49] iPhone12Pro, [0000015F99DE0F00][0000015F924E3380 49] iPhone12ProMax, [0000015F99DCE900][0000015F924E7500 49] iPadPro105, [0000015F99DE1900][0000015F924EB680 49] iPadPro129, [0000015F99DCF300][0000015F924EF800 49] iPadPro97, [0000015F99DE3100][0000015F924F3980 49] iPadPro2_129, [0000015F99DCD100][0000015F924F7B00 49] iPad5, [0000015F99DE1000][0000015F924FA100 49] iPad6, [0000015F99DCF200][0000015F921D6240 49] iPad7, [0000015F99DE2700][0000015F924FE380 49] iPad8, [0000015F99DCFC00][0000015F925024C0 49] iPadPro11, [0000015F99DE3300][0000015F9250A640 49] iPadPro2_11, [0000015F99DCE800][0000015F9250E7C0 49] iPadPro3_129, [0000015F99DE3200][0000015F92512940 49] iPadPro4_129, [0000015F99DCD900][0000015F92516AC0 49] AppleTV, [0000015F99DE2F00][0000015F9251AC40 49] AppleTV4K, [0000015F99DCC200][0000015F9251EDC0 49] TVOS, [0000015F99DE1400][0000015F92522F40 49] Mac, [0000015F99DCDD00][0000015F925270C0 49] MacClient, [0000015F99DE0E00][0000015F9252B240 49] MacNoEditor, [0000015F99DCDF00][0000015F9252F3C0 49] MacServer, [0000015F99DE2300][0000015F92533540 49] Linux, [0000015F99DCE500][0000015F925376C0 49] LinuxAArch64, [0000015F99DE2800][0000015F9253B840 49] LinuxNoEditor, [0000015F99DCE200][0000015F9253F9C0 49] LinuxAArch64NoEditor, [0000015F99DE3C00][0000015F92543B40 49] LinuxClient, [0000015F99DCE400][0000015F92546140 49] LinuxAArch64Client, [0000015F99DE3900][0000015F9254A2C0 49] LinuxServer, [0000015F99DCE700][0000015F92506400 49] LinuxAArch64Server, [0000015F99DE0A00][0000015F9254E540 49] Android, [0000015F99DCDA00][0000015F92552680 49] Android_Low, [0000015F99DE1300][0000015F925567C0 49] Android_Mid, [0000015F99EAA200][0000015F9255E940 49] Android_High, [0000015F99E1C400][0000015F92562AC0 49] Android_Default, [0000015F99EA8B00][0000015F92566C40 49] Android_Adreno4xx, [0000015F99E1CA00][0000015F9256ADC0 49] Android_Adreno5xx_Low, [0000015F99EA8700][0000015F9256EF40 49] Android_Adreno5xx, [0000015F99E1D700][0000015F925730C0 49] Android_Adreno6xx, [0000015F99EA8500][0000015F92203240 49] Android_Adreno6xx_Vulkan, [0000015F99E1E000][0000015F922073C0 49] Android_Mali_T6xx, [0000015F99EA9200][0000015F9220B540 49] Android_Mali_T7xx, [0000015F99E1FE00][0000015F9220F6C0 49] Android_Mali_T8xx, [0000015F99EA9E00][0000015F92213840 49] Android_Mali_G71, [0000015F99E1F000][0000015F922179C0 49] Android_Mali_G72, [0000015F99EA8800][0000015F9221BB40 49] Android_Mali_G72_Vulkan, [0000015F99E1F900][0000015F9221E140 49] Android_Mali_G76, [0000015F99EA8200][0000015F922222C0 49] Android_Mali_G76_Vulkan, [0000015F99E1EF00][0000015F92226440 49] Android_Mali_G77, [0000015F99EA8100][0000015F9255A580 49] Android_Mali_G77_Vulkan, [0000015F99E1C100][0000015F925766C0 49] Android_Mali_G78, [0000015F99EA8D00][0000015F9257A800 49] Android_Mali_G78_Vulkan, [0000015F99E1FF00][0000015F9257E940 49] Android_Mali_G710, [0000015F99EA9D00][0000015F92586AC0 49] Android_Mali_G710_Vulkan, [0000015F99E1D600][0000015F9258AC40 49] Android_Vulkan_SM5, [0000015F99EA9700][0000015F9258EDC0 49] Android_PowerVR_G6xxx, [0000015F99E1D100][0000015F92592F40 49] Android_PowerVR_GT7xxx, [0000015F99EA8900][0000015F925970C0 49] Android_PowerVR_GE8xxx, [0000015F99E1D000][0000015F9259B240 49] Android_PowerVR_GM9xxx, [0000015F99DCD800][0000015F9259F3C0 49] Android_PowerVR_GM9xxx_Vulkan, [0000015F99E1D500][0000015F925A3540 49] Android_TegraK1, [0000015F99DCF800][0000015F925A76C0 49] Android_Unknown_Vulkan, [0000015F99E1E900][0000015F925AB840 49] Lumin, [0000015F99DCF700][0000015F925AF9C0 49] Lumin_Desktop, [0000015F99E1CB00][0000015F925B3B40 49] HoloLens, 
[2022.04.14-16.57.49:319][  0]LogMeshReduction: Using QuadricMeshReduction for automatic static mesh reduction
[2022.04.14-16.57.49:319][  0]LogMeshReduction: Using SimplygonMeshReduction for automatic skeletal mesh reduction
[2022.04.14-16.57.49:319][  0]LogMeshReduction: Using ProxyLODMeshReduction for automatic mesh merging
[2022.04.14-16.57.49:319][  0]LogMeshReduction: No distributed automatic mesh merging module available
[2022.04.14-16.57.49:319][  0]LogMeshMerging: No distributed automatic mesh merging module available
[2022.04.14-16.57.49:409][  0]LogNetVersion: The_Elementalists 1.0.0, NetCL: 17155196, EngineNetVer: 17, GameNetVer: 0 (Checksum: 2215583078)
[2022.04.14-16.57.49:649][  0]LogTexture: Default maximum texture size for cubemaps generated from long-lat sources has been changed from 512 to unlimited. In order to preserve old behaiour for '/Engine/MapTemplates/Sky/DaylightAmbientCubemap.DaylightAmbientCubemap', its maximum texture size has been explicitly set to 512.
[2022.04.14-16.57.49:705][  0]LogHMD: PokeAHoleMaterial loaded successfully
[2022.04.14-16.57.49:837][  0]LogMoviePlayer: Initializing movie player
[2022.04.14-16.57.50:039][  0]LogNiagaraDebuggerClient: Niagara Debugger Client Initialized | Session: 4EFDFFF446429CD06439188275CDB20D | Instance: 8D4B6F514AF13C8A61B915A965DEE294 (LAPTOP-S0COUGRA-32504).
[2022.04.14-16.57.50:062][  0]LogCollectionManager: Loaded 0 collections in 0.001472 seconds
[2022.04.14-16.57.50:066][  0]LogFileCache: Scanning file cache for directory 'C:/Users/wwwcn/OneDrive/Desktop/GDC/Logipaignion/The_Elementalists/Saved/Collections/' took 0.00s
[2022.04.14-16.57.50:066][  0]LogFileCache: Scanning file cache for directory 'C:/Users/wwwcn/OneDrive/Desktop/GDC/Logipaignion/The_Elementalists/Content/Developers/wwwcn/Collections/' took 0.00s
[2022.04.14-16.57.50:066][  0]LogFileCache: Scanning file cache for directory 'C:/Users/wwwcn/OneDrive/Desktop/GDC/Logipaignion/The_Elementalists/Content/Collections/' took 0.00s
[2022.04.14-16.57.50:066][  0]LogCollectionManager: Fixed up redirectors for 0 collections in 0.000002 seconds (updated 0 objects)
[2022.04.14-16.57.50:092][  0]LogPython: Using Python 3.7.7
[2022.04.14-16.57.50:504][  0]LogTcpMessaging: Initializing TcpMessaging bridge
[2022.04.14-16.57.50:509][  0]LogUdpMessaging: Initializing bridge on interface 0.0.0.0:0 to multicast group 230.0.0.1:6666.
[2022.04.14-16.57.50:721][  0]SourceControl: Source control is disabled
[2022.04.14-16.57.50:721][  0]SourceControl: Source control is disabled
[2022.04.14-16.57.50:725][  0]SourceControl: Source control is disabled
[2022.04.14-16.57.50:745][  0]LogUProjectInfo: Found projects:
[2022.04.14-16.57.50:761][  0]LogOpenImageDenoise: OIDN starting up
[2022.04.14-16.57.50:795][  0]LogAndroidPermission: UAndroidPermissionCallbackProxy::GetInstance
[2022.04.14-16.57.50:839][  0]LogAudioCaptureCore: Display: No Audio Capture implementations found. Audio input will be silent.
[2022.04.14-16.57.50:839][  0]LogAudioCaptureCore: Display: No Audio Capture implementations found. Audio input will be silent.
[2022.04.14-16.57.50:890][  0]LogOcInput: OculusInput pre-init called
[2022.04.14-16.57.50:899][  0]LogUObjectArray: 22453 objects as part of root set at end of initial load.
[2022.04.14-16.57.50:899][  0]LogUObjectAllocator: 6287040 out of 0 bytes used by permanent object pool.
[2022.04.14-16.57.50:899][  0]LogUObjectArray: CloseDisregardForGC: 0/0 objects in disregard for GC pool
[2022.04.14-16.57.50:946][  0]LogEngine: Initializing Engine...
[2022.04.14-16.57.50:950][  0]LogHMD: Failed to enumerate extensions. Please check that you have a valid OpenXR runtime installed.
[2022.04.14-16.57.50:951][  0]LogHMD: Failed to initialize OpenVR with code 110
[2022.04.14-16.57.50:951][  0]LogMagicLeap: Warning: VR disabled because ZI is not enabled.  To enable, in the editor, Edit -> Project Settings -> Plugins -> Magic Leap Plugin -> Enable Zero Iteration
[2022.04.14-16.57.50:952][  0]LogStats: UGameplayTagsManager::InitializeManager -  0.000 s
[2022.04.14-16.57.51:036][  0]LogInit: Initializing FReadOnlyCVARCache
[2022.04.14-16.57.51:036][  0]LogAudio: Display: Initializing Audio Device Manager...
[2022.04.14-16.57.51:040][  0]LogAudio: Display: Loading Default Audio Settings Objects...
[2022.04.14-16.57.51:041][  0]LogAudio: Display: No default SoundConcurrencyObject specified (or failed to load).
[2022.04.14-16.57.51:041][  0]LogAudio: Display: Audio Device Manager Initialized
[2022.04.14-16.57.51:041][  0]LogAudio: Display: Creating Audio Device:                 Id: 1, Scope: Shared, Realtime: True
[2022.04.14-16.57.51:041][  0]LogAudioMixer: Display: Audio Mixer Platform Settings:
[2022.04.14-16.57.51:041][  0]LogAudioMixer: Display: 	Sample Rate:						  48000
[2022.04.14-16.57.51:042][  0]LogAudioMixer: Display: 	Callback Buffer Frame Size Requested: 1024
[2022.04.14-16.57.51:042][  0]LogAudioMixer: Display: 	Callback Buffer Frame Size To Use:	  1024
[2022.04.14-16.57.51:042][  0]LogAudioMixer: Display: 	Number of buffers to queue:			  2
[2022.04.14-16.57.51:042][  0]LogAudioMixer: Display: 	Max Channels (voices):				  32
[2022.04.14-16.57.51:042][  0]LogAudioMixer: Display: 	Number of Async Source Workers:		  0
[2022.04.14-16.57.51:042][  0]LogAudio: Display: AudioDevice MaxSources: 32
[2022.04.14-16.57.51:042][  0]LogAudio: Display: Audio Spatialization Plugin: None (built-in).
[2022.04.14-16.57.51:042][  0]LogAudio: Display: Audio Reverb Plugin: None (built-in).
[2022.04.14-16.57.51:042][  0]LogAudio: Display: Audio Occlusion Plugin: None (built-in).
[2022.04.14-16.57.51:042][  0]LogAudioMixer: Display: Initializing audio mixer.
[2022.04.14-16.57.51:055][  0]LogAudioMixer: Display: 0: FrontLeft
[2022.04.14-16.57.51:055][  0]LogAudioMixer: Display: 1: FrontRight
[2022.04.14-16.57.51:077][  0]LogAudioMixer: Display: Using Audio Device Speakers (Realtek(R) Audio)
[2022.04.14-16.57.51:082][  0]LogAudioMixer: Display: Initializing Sound Submixes...
[2022.04.14-16.57.51:085][  0]LogAudioMixer: Display: Creating Master Submix 'MasterSubmixDefault'
[2022.04.14-16.57.51:085][  0]LogAudioMixer: Display: Creating Master Submix 'MasterReverbSubmixDefault'
[2022.04.14-16.57.51:086][  0]LogAudioMixer: Display: Creating Master Submix 'MasterEQSubmixDefault'
[2022.04.14-16.57.51:086][  0]LogAudioMixer: FMixerPlatformXAudio2::StartAudioStream() called
[2022.04.14-16.57.51:086][  0]LogAudioMixer: Display: Output buffers initialized: Frames=1024, Channels=2, Samples=2048
[2022.04.14-16.57.51:087][  0]LogAudioMixer: Display: Starting AudioMixerPlatformInterface::RunInternal()
[2022.04.14-16.57.51:087][  0]LogAudioMixer: Display: FMixerPlatformXAudio2::SubmitBuffer() called for the first time
[2022.04.14-16.57.51:087][  0]LogInit: FAudioDevice initialized.
[2022.04.14-16.57.51:089][  0]LogNetVersion: Set ProjectVersion to 1.0.0.0. Version Checksum will be recalculated on next use.
[2022.04.14-16.57.51:089][  0]LogInit: Texture streaming: Enabled
[2022.04.14-16.57.51:159][  0]LogAudio: Display: Audio Device (ID: 1) registered with world 'Untitled'.
[2022.04.14-16.57.51:159][  0]LogSlate: Updating window title bar state: overlay mode, drag disabled, window buttons hidden, title bar hidden
[2022.04.14-16.57.51:160][  0]LogInit: Display: Game Engine Initialized.
[2022.04.14-16.57.51:161][  0]LogNiagaraEditor: GEditor isn't valid! Particle reset commands will not work for Niagara components!
[2022.04.14-16.57.51:270][  0]LogInit: Display: Starting Game.
[2022.04.14-16.57.51:270][  0]LogNet: Browse: /Game/_Game/Maps/Lobby?Name=Player
[2022.04.14-16.57.51:270][  0]LogLoad: LoadMap: /Game/_Game/Maps/Lobby?Name=Player
[2022.04.14-16.57.51:270][  0]LogWorld: BeginTearingDown for /Temp/Untitled_0
[2022.04.14-16.57.51:271][  0]LogWorld: UWorld::CleanupWorld for Untitled, bSessionEnded=true, bCleanupResources=true
[2022.04.14-16.57.51:271][  0]LogSlate: InvalidateAllWidgets triggered.  All widgets were invalidated
[2022.04.14-16.57.51:274][  0]LogAudio: Display: Audio Device unregistered from world 'None'.
[2022.04.14-16.57.51:277][  0]LogUObjectHash: Compacting FUObjectHashTables data took   0.71ms
