Log file open, 04/13/22 19:21:52
LogWindows: Failed to load 'aqProf.dll' (GetLastError=126)
LogWindows: File 'aqProf.dll' does not exist
LogWindows: Failed to load 'VtuneApi.dll' (GetLastError=126)
LogWindows: File 'VtuneApi.dll' does not exist
LogWindows: Failed to load 'VtuneApi32e.dll' (GetLastError=126)
LogWindows: File 'VtuneApi32e.dll' does not exist
LogConsoleResponse: Display: Failed to find resolution value strings in scalability ini. Falling back to default.
LogConsoleResponse: Display: Failed to find resolution value strings in scalability ini. Falling back to default.
LogInit: Display: Running engine for game: The_Elementalists
LogPlatformFile: Not using cached read wrapper
LogTaskGraph: Started task graph with 5 named threads and 23 total threads with 3 sets of task threads.
LogStats: Stats thread started at 0.229057
LogICUInternationalization: ICU TimeZone Detection - Raw Offset: +2:00, Platform Override: ''
LogInit: Display: Loading text-based GConfig....
LogPluginManager: Mounting plugin MeshPainting
LogPluginManager: Mounting plugin XGEController
LogPluginManager: Mounting plugin AISupport
LogPluginManager: Mounting plugin EnvironmentQueryEditor
LogPluginManager: Mounting plugin Paper2D
LogPluginManager: Mounting plugin LightPropagationVolume
LogPluginManager: Mounting plugin LiveLink
LogPluginManager: Mounting plugin OodleData
LogPluginManager: Mounting plugin OodleNetwork
LogPluginManager: Mounting plugin CameraShakePreviewer
LogPluginManager: Mounting plugin GameplayCameras
LogPluginManager: Mounting plugin AssetManagerEditor
LogPluginManager: Mounting plugin CryptoKeys
LogPluginManager: Mounting plugin CurveEditorTools
LogPluginManager: Mounting plugin DataValidation
LogPluginManager: Mounting plugin FacialAnimation
LogPluginManager: Mounting plugin GameplayTagsEditor
LogPluginManager: Mounting plugin GeometryMode
LogPluginManager: Mounting plugin MacGraphicsSwitching
LogPluginManager: Mounting plugin MaterialAnalyzer
LogPluginManager: Mounting plugin MobileLauncherProfileWizard
LogPluginManager: Mounting plugin PluginBrowser
LogPluginManager: Mounting plugin SpeedTreeImporter
LogPluginManager: Mounting plugin AnimationSharing
LogPluginManager: Mounting plugin CLionSourceCodeAccess
LogPluginManager: Mounting plugin CodeLiteSourceCodeAccess
LogPluginManager: Mounting plugin GitSourceControl
LogPluginManager: Mounting plugin KDevelopSourceCodeAccess
LogPluginManager: Mounting plugin NullSourceCodeAccess
LogPluginManager: Mounting plugin PerforceSourceControl
LogPluginManager: Mounting plugin PixWinPlugin
LogPluginManager: Mounting plugin DatasmithContent
LogPluginManager: Mounting plugin PlasticSourceControl
LogPluginManager: Mounting plugin PluginUtils
LogPluginManager: Mounting plugin PropertyAccessNode
LogPluginManager: Mounting plugin RiderSourceCodeAccess
LogPluginManager: Mounting plugin SubversionSourceControl
LogPluginManager: Mounting plugin TextureFormatOodle
LogPluginManager: Mounting plugin UObjectPlugin
LogPluginManager: Mounting plugin VariantManagerContent
LogPluginManager: Mounting plugin Niagara
LogPluginManager: Mounting plugin VisualStudioCodeSourceCodeAccess
LogPluginManager: Mounting plugin VisualStudioSourceCodeAccess
LogPluginManager: Mounting plugin XCodeSourceCodeAccess
LogPluginManager: Mounting plugin AutomationUtils
LogPluginManager: Mounting plugin BackChannel
LogPluginManager: Mounting plugin AlembicImporter
LogPluginManager: Mounting plugin ChaosCloth
LogPluginManager: Mounting plugin ChaosEditor
LogPluginManager: Mounting plugin ChaosNiagara
LogPluginManager: Mounting plugin ChaosSolverPlugin
LogPluginManager: Mounting plugin CharacterAI
LogPluginManager: Mounting plugin GeometryCache
LogPluginManager: Mounting plugin GeometryCollectionPlugin
LogPluginManager: Mounting plugin MagicLeap
LogPluginManager: Mounting plugin LuminPlatformFeatures
LogPluginManager: Mounting plugin ChaosClothEditor
LogPluginManager: Mounting plugin MagicLeapLightEstimation
LogPluginManager: Mounting plugin MagicLeapPassableWorld
LogPluginManager: Mounting plugin MLSDK
LogPluginManager: Mounting plugin MagicLeapMedia
LogPluginManager: Mounting plugin GeometryProcessing
LogPluginManager: Mounting plugin MotoSynth
LogPluginManager: Mounting plugin OpenImageDenoise
LogPluginManager: Mounting plugin PlanarCut
LogPluginManager: Mounting plugin ProxyLODPlugin
LogPluginManager: Mounting plugin PlatformCrypto
LogPluginManager: Mounting plugin PythonScriptPlugin
LogPluginManager: Mounting plugin SkeletalReduction
LogPluginManager: Mounting plugin AndroidMedia
LogPluginManager: Mounting plugin AvfMedia
LogPluginManager: Mounting plugin ImgMedia
LogPluginManager: Mounting plugin MediaCompositing
LogPluginManager: Mounting plugin MediaPlayerEditor
LogPluginManager: Mounting plugin WebMMedia
LogPluginManager: Mounting plugin WmfMedia
LogPluginManager: Mounting plugin TcpMessaging
LogPluginManager: Mounting plugin ActorSequence
LogPluginManager: Mounting plugin UdpMessaging
LogPluginManager: Mounting plugin LevelSequenceEditor
LogPluginManager: Mounting plugin MatineeToLevelSequence
LogPluginManager: Mounting plugin TemplateSequence
LogPluginManager: Mounting plugin OnlineSubsystem
LogPluginManager: Mounting plugin OnlineSubsystemNull
LogPluginManager: Mounting plugin OnlineSubsystemUtils
LogPluginManager: Mounting plugin LauncherChunkInstaller
LogPluginManager: Mounting plugin ActorLayerUtilities
LogPluginManager: Mounting plugin AndroidDeviceProfileSelector
LogPluginManager: Mounting plugin AndroidMoviePlayer
LogPluginManager: Mounting plugin AndroidPermission
LogPluginManager: Mounting plugin AppleImageUtils
LogPluginManager: Mounting plugin AppleMoviePlayer
LogPluginManager: Mounting plugin ArchVisCharacter
LogPluginManager: Mounting plugin AssetTags
LogPluginManager: Mounting plugin AudioCapture
LogPluginManager: Mounting plugin AudioSynesthesia
LogPluginManager: Mounting plugin CableComponent
LogPluginManager: Mounting plugin ChunkDownloader
LogPluginManager: Mounting plugin CustomMeshComponent
LogPluginManager: Mounting plugin EditableMesh
LogPluginManager: Mounting plugin ExampleDeviceProfileSelector
LogPluginManager: Mounting plugin GoogleCloudMessaging
LogPluginManager: Mounting plugin GooglePAD
LogPluginManager: Mounting plugin ScreenshotTools
LogPluginManager: Mounting plugin IOSDeviceProfileSelector
LogPluginManager: Mounting plugin LinuxDeviceProfileSelector
LogPluginManager: Mounting plugin LocationServicesBPLibrary
LogPluginManager: Mounting plugin MobilePatchingUtils
LogPluginManager: Mounting plugin OpenXR
LogPluginManager: Mounting plugin OpenXREyeTracker
LogPluginManager: Mounting plugin OpenXRHandTracking
LogPluginManager: Mounting plugin PhysXVehicles
LogPluginManager: Mounting plugin PostSplashScreen
LogPluginManager: Mounting plugin ProceduralMeshComponent
LogPluginManager: Mounting plugin RuntimePhysXCooking
LogPluginManager: Mounting plugin SignificanceManager
LogPluginManager: Mounting plugin SoundFields
LogPluginManager: Mounting plugin PropertyAccessEditor
LogPluginManager: Mounting plugin Synthesis
LogPluginManager: Mounting plugin WebMMoviePlayer
LogPluginManager: Mounting plugin WindowsMoviePlayer
LogPluginManager: Mounting plugin Takes
LogPluginManager: Mounting plugin ContentBrowserAssetDataSource
LogPluginManager: Mounting plugin ContentBrowserClassDataSource
LogPluginManager: Mounting plugin ContentBrowserFileDataSource
LogPluginManager: Mounting plugin OnlineSubsystemIOS
LogPluginManager: Mounting plugin OnlineSubsystemGooglePlay
LogPluginManager: Mounting plugin OculusVR
LogPluginManager: Mounting plugin SteamVR
PixWinPlugin: PIX capture plugin failed to initialize! Check that the process is launched from PIX.
LogInit: Using libcurl 7.55.1-DEV
LogInit:  - built for x86_64-pc-win32
LogInit:  - supports SSL with OpenSSL/1.1.1
LogInit:  - supports HTTP deflate (compression) using libz 1.2.8
LogInit:  - other features:
LogInit:      CURL_VERSION_SSL
LogInit:      CURL_VERSION_LIBZ
LogInit:      CURL_VERSION_IPV6
LogInit:      CURL_VERSION_ASYNCHDNS
LogInit:      CURL_VERSION_LARGEFILE
LogInit:      CURL_VERSION_IDN
LogInit:  CurlRequestOptions (configurable via config and command line):
LogInit:  - bVerifyPeer = true  - Libcurl will verify peer certificate
LogInit:  - bUseHttpProxy = false  - Libcurl will NOT use HTTP proxy
LogInit:  - bDontReuseConnections = false  - Libcurl will reuse connections
LogInit:  - MaxHostConnections = 16  - Libcurl will limit the number of connections to a host
LogInit:  - LocalHostAddr = Default
LogInit:  - BufferSize = 65536
LogOnline: OSS: Creating online subsystem instance for: NULL
LogInit: WinSock: version 1.1 (2.2), MaxSocks=32767, MaxUdp=65467
LogOnline: OSS: TryLoadSubsystemAndSetDefault: Loaded subsystem for module [NULL]
LogOculusPluginWrapper: OculusPlugin initialized successfully
LogHMD: Failed initializing OVRPlugin 1.59.0
LogInit: Build: ++UE4+Release-4.27-CL-17735300
LogInit: Engine Version: 4.27.1-17735300+++UE4+Release-4.27
LogInit: Compatible Engine Version: 4.27.0-17155196+++UE4+Release-4.27
LogInit: Net CL: 17155196
LogInit: OS: Windows 10 (Release 2009) (), CPU: Intel(R) Core(TM) i3-10100 CPU @ 3.60GHz, GPU: NVIDIA GeForce GTX 1650 SUPER
LogInit: Compiled (64-bit): Oct  6 2021 14:42:51
LogInit: Compiled with Visual C++: 19.24.28315.00
LogInit: Build Configuration: Development
LogInit: Branch Name: ++UE4+Release-4.27
LogInit: Command Line: 
LogInit: Base Directory: C:/Program Files/Epic Games/UE_4.27/Engine/Binaries/Win64/
LogInit: Allocator: TBB
LogInit: Installed Engine Build: 1
LogDevObjectVersion: Number of dev versions registered: 29
LogDevObjectVersion:   Dev-Blueprints (B0D832E4-1F89-4F0D-ACCF-7EB736FD4AA2): 10
LogDevObjectVersion:   Dev-Build (E1C64328-A22C-4D53-A36C-8E866417BD8C): 0
LogDevObjectVersion:   Dev-Core (375EC13C-06E4-48FB-B500-84F0262A717E): 4
LogDevObjectVersion:   Dev-Editor (E4B068ED-F494-42E9-A231-DA0B2E46BB41): 40
LogDevObjectVersion:   Dev-Framework (CFFC743F-43B0-4480-9391-14DF171D2073): 37
LogDevObjectVersion:   Dev-Mobile (B02B49B5-BB20-44E9-A304-32B752E40360): 3
LogDevObjectVersion:   Dev-Networking (A4E4105C-59A1-49B5-A7C5-40C4547EDFEE): 0
LogDevObjectVersion:   Dev-Online (39C831C9-5AE6-47DC-9A44-9C173E1C8E7C): 0
LogDevObjectVersion:   Dev-Physics (78F01B33-EBEA-4F98-B9B4-84EACCB95AA2): 14
LogDevObjectVersion:   Dev-Platform (6631380F-2D4D-43E0-8009-CF276956A95A): 0
LogDevObjectVersion:   Dev-Rendering (12F88B9F-8875-4AFC-A67C-D90C383ABD29): 45
LogDevObjectVersion:   Dev-Sequencer (7B5AE74C-D270-4C10-A958-57980B212A5A): 13
LogDevObjectVersion:   Dev-VR (D7296918-1DD6-4BDD-9DE2-64A83CC13884): 3
LogDevObjectVersion:   Dev-LoadTimes (C2A15278-BFE7-4AFE-6C17-90FF531DF755): 1
LogDevObjectVersion:   Private-Geometry (6EACA3D4-40EC-4CC1-B786-8BED09428FC5): 3
LogDevObjectVersion:   Dev-AnimPhys (29E575DD-E0A3-4627-9D10-D276232CDCEA): 17
LogDevObjectVersion:   Dev-Anim (AF43A65D-7FD3-4947-9873-3E8ED9C1BB05): 15
LogDevObjectVersion:   Dev-ReflectionCapture (6B266CEC-1EC7-4B8F-A30B-E4D90942FC07): 1
LogDevObjectVersion:   Dev-Automation (0DF73D61-A23F-47EA-B727-89E90C41499A): 1
LogDevObjectVersion:   FortniteMain (601D1886-AC64-4F84-AA16-D3DE0DEAC7D6): 47
LogDevObjectVersion:   FortniteRelease (E7086368-6B23-4C58-8439-1B7016265E91): 1
LogDevObjectVersion:   Dev-Enterprise (9DFFBCD6-494F-0158-E221-12823C92A888): 10
LogDevObjectVersion:   Dev-Niagara (F2AED0AC-9AFE-416F-8664-AA7FFA26D6FC): 1
LogDevObjectVersion:   Dev-Destruction (174F1F0B-B4C6-45A5-B13F-2EE8D0FB917D): 10
LogDevObjectVersion:   Dev-Physics-Ext (35F94A83-E258-406C-A318-09F59610247C): 41
LogDevObjectVersion:   Dev-PhysicsMaterial-Chaos (B68FC16E-8B1B-42E2-B453-215C058844FE): 1
LogDevObjectVersion:   Dev-CineCamera (B2E18506-4273-CFC2-A54E-F4BB758BBA07): 1
LogDevObjectVersion:   Dev-VirtualProduction (64F58936-FD1B-42BA-BA96-7289D5D0FA4E): 1
LogDevObjectVersion:   Dev-MediaFramework (6F0ED827-A609-4895-9C91-998D90180EA4): 2
LogInit: Presizing for max 25165824 objects, including 0 objects not considered by GC, pre-allocating 0 bytes for permanent pool.
LogConfig: Applying CVar settings from Section [/Script/Engine.StreamingSettings] File [D:/rt/Logipaignio-New/Logipaignion/The_Elementalists/Saved/Config/Windows/Engine.ini]
LogConfig: Setting CVar [[s.MinBulkDataSizeForAsyncLoading:131072]]
LogConfig: Setting CVar [[s.AsyncLoadingThreadEnabled:0]]
LogConfig: Setting CVar [[s.EventDrivenLoaderEnabled:1]]
LogConfig: Setting CVar [[s.WarnIfTimeLimitExceeded:0]]
LogConfig: Setting CVar [[s.TimeLimitExceededMultiplier:1.5]]
LogConfig: Setting CVar [[s.TimeLimitExceededMinTime:0.005]]
LogConfig: Setting CVar [[s.UseBackgroundLevelStreaming:1]]
LogConfig: Setting CVar [[s.PriorityAsyncLoadingExtraTime:15.0]]
LogConfig: Setting CVar [[s.LevelStreamingActorsUpdateTimeLimit:5.0]]
LogConfig: Setting CVar [[s.PriorityLevelStreamingActorsUpdateExtraTime:5.0]]
LogConfig: Setting CVar [[s.LevelStreamingComponentsRegistrationGranularity:10]]
LogConfig: Setting CVar [[s.UnregisterComponentsTimeLimit:1.0]]
LogConfig: Setting CVar [[s.LevelStreamingComponentsUnregistrationGranularity:5]]
LogConfig: Setting CVar [[s.FlushStreamingOnExit:1]]
LogInit: Object subsystem initialized
LogConfig: Setting CVar [[con.DebugEarlyDefault:1]]
LogConfig: Setting CVar [[r.setres:1280x720]]
[2022.04.13-16.21.53:073][  0]LogConfig: Setting CVar [[r.VSync:0]]
[2022.04.13-16.21.53:073][  0]LogConfig: Setting CVar [[r.RHICmdBypass:0]]
[2022.04.13-16.21.53:073][  0]LogConfig: Applying CVar settings from Section [/Script/Engine.RendererSettings] File [D:/rt/Logipaignio-New/Logipaignion/The_Elementalists/Saved/Config/Windows/Engine.ini]
[2022.04.13-16.21.53:073][  0]LogConfig: Setting CVar [[r.GPUCrashDebugging:0]]
[2022.04.13-16.21.53:073][  0]LogConfig: Setting CVar [[r.CustomDepth:3]]
[2022.04.13-16.21.53:073][  0]LogConfig: Applying CVar settings from Section [/Script/Engine.RendererOverrideSettings] File [D:/rt/Logipaignio-New/Logipaignion/The_Elementalists/Saved/Config/Windows/Engine.ini]
[2022.04.13-16.21.53:073][  0]LogConfig: Applying CVar settings from Section [/Script/Engine.StreamingSettings] File [D:/rt/Logipaignio-New/Logipaignion/The_Elementalists/Saved/Config/Windows/Engine.ini]
[2022.04.13-16.21.53:073][  0]LogConfig: Setting CVar [[s.MinBulkDataSizeForAsyncLoading:131072]]
[2022.04.13-16.21.53:073][  0]LogConfig: Setting CVar [[s.AsyncLoadingThreadEnabled:0]]
[2022.04.13-16.21.53:073][  0]LogConfig: Setting CVar [[s.EventDrivenLoaderEnabled:1]]
[2022.04.13-16.21.53:073][  0]LogConfig: Setting CVar [[s.WarnIfTimeLimitExceeded:0]]
[2022.04.13-16.21.53:073][  0]LogConfig: Setting CVar [[s.TimeLimitExceededMultiplier:1.5]]
[2022.04.13-16.21.53:073][  0]LogConfig: Setting CVar [[s.TimeLimitExceededMinTime:0.005]]
[2022.04.13-16.21.53:073][  0]LogConfig: Setting CVar [[s.UseBackgroundLevelStreaming:1]]
[2022.04.13-16.21.53:073][  0]LogConfig: Setting CVar [[s.PriorityAsyncLoadingExtraTime:15.0]]
[2022.04.13-16.21.53:073][  0]LogConfig: Setting CVar [[s.LevelStreamingActorsUpdateTimeLimit:5.0]]
[2022.04.13-16.21.53:073][  0]LogConfig: Setting CVar [[s.PriorityLevelStreamingActorsUpdateExtraTime:5.0]]
[2022.04.13-16.21.53:073][  0]LogConfig: Setting CVar [[s.LevelStreamingComponentsRegistrationGranularity:10]]
[2022.04.13-16.21.53:073][  0]LogConfig: Setting CVar [[s.UnregisterComponentsTimeLimit:1.0]]
[2022.04.13-16.21.53:073][  0]LogConfig: Setting CVar [[s.LevelStreamingComponentsUnregistrationGranularity:5]]
[2022.04.13-16.21.53:073][  0]LogConfig: Setting CVar [[s.FlushStreamingOnExit:1]]
[2022.04.13-16.21.53:073][  0]LogConfig: Applying CVar settings from Section [/Script/Engine.GarbageCollectionSettings] File [D:/rt/Logipaignio-New/Logipaignion/The_Elementalists/Saved/Config/Windows/Engine.ini]
[2022.04.13-16.21.53:074][  0]LogConfig: Setting CVar [[gc.MaxObjectsNotConsideredByGC:1]]
[2022.04.13-16.21.53:074][  0]LogConfig: Setting CVar [[gc.SizeOfPermanentObjectPool:0]]
[2022.04.13-16.21.53:074][  0]LogConfig: Setting CVar [[gc.FlushStreamingOnGC:0]]
[2022.04.13-16.21.53:074][  0]LogConfig: Setting CVar [[gc.NumRetriesBeforeForcingGC:10]]
[2022.04.13-16.21.53:074][  0]LogConfig: Setting CVar [[gc.AllowParallelGC:1]]
[2022.04.13-16.21.53:074][  0]LogConfig: Setting CVar [[gc.TimeBetweenPurgingPendingKillObjects:61.1]]
[2022.04.13-16.21.53:074][  0]LogConfig: Setting CVar [[gc.MaxObjectsInEditor:25165824]]
[2022.04.13-16.21.53:074][  0]LogConfig: Setting CVar [[gc.IncrementalBeginDestroyEnabled:1]]
[2022.04.13-16.21.53:074][  0]LogConfig: Setting CVar [[gc.CreateGCClusters:1]]
[2022.04.13-16.21.53:074][  0]LogConfig: Setting CVar [[gc.MinGCClusterSize:5]]
[2022.04.13-16.21.53:074][  0]LogConfig: Setting CVar [[gc.ActorClusteringEnabled:0]]
[2022.04.13-16.21.53:074][  0]LogConfig: Setting CVar [[gc.BlueprintClusteringEnabled:0]]
[2022.04.13-16.21.53:074][  0]LogConfig: Setting CVar [[gc.UseDisregardForGCOnDedicatedServers:0]]
[2022.04.13-16.21.53:074][  0]LogConfig: Setting CVar [[gc.MultithreadedDestructionEnabled:1]]
[2022.04.13-16.21.53:074][  0]LogConfig: Applying CVar settings from Section [/Script/Engine.NetworkSettings] File [D:/rt/Logipaignio-New/Logipaignion/The_Elementalists/Saved/Config/Windows/Engine.ini]
[2022.04.13-16.21.53:074][  0]LogConfig: Applying CVar settings from Section [/Script/UnrealEd.CookerSettings] File [D:/rt/Logipaignio-New/Logipaignion/The_Elementalists/Saved/Config/Windows/Engine.ini]
[2022.04.13-16.21.53:111][  0]LogConfig: Applying CVar settings from Section [ViewDistanceQuality@3] File [D:/rt/Logipaignio-New/Logipaignion/The_Elementalists/Saved/Config/Windows/Scalability.ini]
[2022.04.13-16.21.53:111][  0]LogConfig: Setting CVar [[r.SkeletalMeshLODBias:0]]
[2022.04.13-16.21.53:111][  0]LogConfig: Setting CVar [[r.ViewDistanceScale:1.0]]
[2022.04.13-16.21.53:111][  0]LogConfig: Applying CVar settings from Section [AntiAliasingQuality@3] File [D:/rt/Logipaignio-New/Logipaignion/The_Elementalists/Saved/Config/Windows/Scalability.ini]
[2022.04.13-16.21.53:111][  0]LogConfig: Setting CVar [[r.PostProcessAAQuality:4]]
[2022.04.13-16.21.53:111][  0]LogConfig: Applying CVar settings from Section [ShadowQuality@3] File [D:/rt/Logipaignio-New/Logipaignion/The_Elementalists/Saved/Config/Windows/Scalability.ini]
[2022.04.13-16.21.53:111][  0]LogConfig: Setting CVar [[r.LightFunctionQuality:1]]
[2022.04.13-16.21.53:111][  0]LogConfig: Setting CVar [[r.ShadowQuality:5]]
[2022.04.13-16.21.53:111][  0]LogConfig: Setting CVar [[r.Shadow.CSM.MaxCascades:10]]
[2022.04.13-16.21.53:111][  0]LogConfig: Setting CVar [[r.Shadow.MaxResolution:2048]]
[2022.04.13-16.21.53:111][  0]LogConfig: Setting CVar [[r.Shadow.MaxCSMResolution:2048]]
[2022.04.13-16.21.53:111][  0]LogConfig: Setting CVar [[r.Shadow.RadiusThreshold:0.01]]
[2022.04.13-16.21.53:111][  0]LogConfig: Setting CVar [[r.Shadow.DistanceScale:1.0]]
[2022.04.13-16.21.53:111][  0]LogConfig: Setting CVar [[r.Shadow.CSM.TransitionScale:1.0]]
[2022.04.13-16.21.53:111][  0]LogConfig: Setting CVar [[r.Shadow.PreShadowResolutionFactor:1.0]]
[2022.04.13-16.21.53:111][  0]LogConfig: Setting CVar [[r.DistanceFieldShadowing:1]]
[2022.04.13-16.21.53:111][  0]LogConfig: Setting CVar [[r.DistanceFieldAO:1]]
[2022.04.13-16.21.53:111][  0]LogConfig: Setting CVar [[r.AOQuality:2]]
[2022.04.13-16.21.53:111][  0]LogConfig: Setting CVar [[r.VolumetricFog:1]]
[2022.04.13-16.21.53:111][  0]LogConfig: Setting CVar [[r.VolumetricFog.GridPixelSize:8]]
[2022.04.13-16.21.53:111][  0]LogConfig: Setting CVar [[r.VolumetricFog.GridSizeZ:128]]
[2022.04.13-16.21.53:111][  0]LogConfig: Setting CVar [[r.VolumetricFog.HistoryMissSupersampleCount:4]]
[2022.04.13-16.21.53:111][  0]LogConfig: Setting CVar [[r.LightMaxDrawDistanceScale:1]]
[2022.04.13-16.21.53:111][  0]LogConfig: Setting CVar [[r.CapsuleShadows:1]]
[2022.04.13-16.21.53:111][  0]LogConfig: Applying CVar settings from Section [PostProcessQuality@3] File [D:/rt/Logipaignio-New/Logipaignion/The_Elementalists/Saved/Config/Windows/Scalability.ini]
[2022.04.13-16.21.53:111][  0]LogConfig: Setting CVar [[r.MotionBlurQuality:4]]
[2022.04.13-16.21.53:111][  0]LogConfig: Setting CVar [[r.AmbientOcclusionMipLevelFactor:0.4]]
[2022.04.13-16.21.53:111][  0]LogConfig: Setting CVar [[r.AmbientOcclusionMaxQuality:100]]
[2022.04.13-16.21.53:111][  0]LogConfig: Setting CVar [[r.AmbientOcclusionLevels:-1]]
[2022.04.13-16.21.53:111][  0]LogConfig: Setting CVar [[r.AmbientOcclusionRadiusScale:1.0]]
[2022.04.13-16.21.53:111][  0]LogConfig: Setting CVar [[r.DepthOfFieldQuality:2]]
[2022.04.13-16.21.53:111][  0]LogConfig: Setting CVar [[r.RenderTargetPoolMin:400]]
[2022.04.13-16.21.53:111][  0]LogConfig: Setting CVar [[r.LensFlareQuality:2]]
[2022.04.13-16.21.53:111][  0]LogConfig: Setting CVar [[r.SceneColorFringeQuality:1]]
[2022.04.13-16.21.53:111][  0]LogConfig: Setting CVar [[r.EyeAdaptationQuality:2]]
[2022.04.13-16.21.53:111][  0]LogConfig: Setting CVar [[r.BloomQuality:5]]
[2022.04.13-16.21.53:111][  0]LogConfig: Setting CVar [[r.FastBlurThreshold:100]]
[2022.04.13-16.21.53:111][  0]LogConfig: Setting CVar [[r.Upscale.Quality:3]]
[2022.04.13-16.21.53:111][  0]LogConfig: Setting CVar [[r.Tonemapper.GrainQuantization:1]]
[2022.04.13-16.21.53:111][  0]LogConfig: Setting CVar [[r.LightShaftQuality:1]]
[2022.04.13-16.21.53:111][  0]LogConfig: Setting CVar [[r.Filter.SizeScale:1]]
[2022.04.13-16.21.53:111][  0]LogConfig: Setting CVar [[r.Tonemapper.Quality:5]]
[2022.04.13-16.21.53:111][  0]LogConfig: Setting CVar [[r.DOF.Gather.AccumulatorQuality:1        ; higher gathering accumulator quality]]
[2022.04.13-16.21.53:111][  0]LogConfig: Setting CVar [[r.DOF.Gather.PostfilterMethod:1          ; Median3x3 postfilering method]]
[2022.04.13-16.21.53:111][  0]LogConfig: Setting CVar [[r.DOF.Gather.EnableBokehSettings:0       ; no bokeh simulation when gathering]]
[2022.04.13-16.21.53:111][  0]LogConfig: Setting CVar [[r.DOF.Gather.RingCount:4                 ; medium number of samples when gathering]]
[2022.04.13-16.21.53:111][  0]LogConfig: Setting CVar [[r.DOF.Scatter.ForegroundCompositing:1    ; additive foreground scattering]]
[2022.04.13-16.21.53:111][  0]LogConfig: Setting CVar [[r.DOF.Scatter.BackgroundCompositing:2    ; additive background scattering]]
[2022.04.13-16.21.53:111][  0]LogConfig: Setting CVar [[r.DOF.Scatter.EnableBokehSettings:1      ; bokeh simulation when scattering]]
[2022.04.13-16.21.53:111][  0]LogConfig: Setting CVar [[r.DOF.Scatter.MaxSpriteRatio:0.1         ; only a maximum of 10% of scattered bokeh]]
[2022.04.13-16.21.53:111][  0]LogConfig: Setting CVar [[r.DOF.Recombine.Quality:1                ; cheap slight out of focus]]
[2022.04.13-16.21.53:111][  0]LogConfig: Setting CVar [[r.DOF.Recombine.EnableBokehSettings:0    ; no bokeh simulation on slight out of focus]]
[2022.04.13-16.21.53:111][  0]LogConfig: Setting CVar [[r.DOF.TemporalAAQuality:1                ; more stable temporal accumulation]]
[2022.04.13-16.21.53:111][  0]LogConfig: Setting CVar [[r.DOF.Kernel.MaxForegroundRadius:0.025]]
[2022.04.13-16.21.53:111][  0]LogConfig: Setting CVar [[r.DOF.Kernel.MaxBackgroundRadius:0.025]]
[2022.04.13-16.21.53:111][  0]LogConfig: Applying CVar settings from Section [TextureQuality@3] File [D:/rt/Logipaignio-New/Logipaignion/The_Elementalists/Saved/Config/Windows/Scalability.ini]
[2022.04.13-16.21.53:111][  0]LogConfig: Setting CVar [[r.Streaming.MipBias:0]]
[2022.04.13-16.21.53:111][  0]LogConfig: Setting CVar [[r.Streaming.AmortizeCPUToGPUCopy:0]]
[2022.04.13-16.21.53:111][  0]LogConfig: Setting CVar [[r.Streaming.MaxNumTexturesToStreamPerFrame:0]]
[2022.04.13-16.21.53:111][  0]LogConfig: Setting CVar [[r.Streaming.Boost:1]]
[2022.04.13-16.21.53:111][  0]LogConfig: Setting CVar [[r.MaxAnisotropy:8]]
[2022.04.13-16.21.53:111][  0]LogConfig: Setting CVar [[r.VT.MaxAnisotropy:8]]
[2022.04.13-16.21.53:111][  0]LogConfig: Setting CVar [[r.Streaming.LimitPoolSizeToVRAM:0]]
[2022.04.13-16.21.53:111][  0]LogConfig: Setting CVar [[r.Streaming.PoolSize:1000]]
[2022.04.13-16.21.53:111][  0]LogConfig: Setting CVar [[r.Streaming.MaxEffectiveScreenSize:0]]
[2022.04.13-16.21.53:112][  0]LogConfig: Applying CVar settings from Section [EffectsQuality@3] File [D:/rt/Logipaignio-New/Logipaignion/The_Elementalists/Saved/Config/Windows/Scalability.ini]
[2022.04.13-16.21.53:112][  0]LogConfig: Setting CVar [[r.TranslucencyLightingVolumeDim:64]]
[2022.04.13-16.21.53:112][  0]LogConfig: Setting CVar [[r.RefractionQuality:2]]
[2022.04.13-16.21.53:112][  0]LogConfig: Setting CVar [[r.SSR.Quality:3]]
[2022.04.13-16.21.53:112][  0]LogConfig: Setting CVar [[r.SSR.HalfResSceneColor:0]]
[2022.04.13-16.21.53:112][  0]LogConfig: Setting CVar [[r.SceneColorFormat:4]]
[2022.04.13-16.21.53:112][  0]LogConfig: Setting CVar [[r.DetailMode:2]]
[2022.04.13-16.21.53:112][  0]LogConfig: Setting CVar [[r.TranslucencyVolumeBlur:1]]
[2022.04.13-16.21.53:112][  0]LogConfig: Setting CVar [[r.MaterialQualityLevel:1 ; High quality]]
[2022.04.13-16.21.53:112][  0]LogConfig: Setting CVar [[r.AnisotropicMaterials:1]]
[2022.04.13-16.21.53:112][  0]LogConfig: Setting CVar [[r.SSS.Scale:1]]
[2022.04.13-16.21.53:112][  0]LogConfig: Setting CVar [[r.SSS.SampleSet:2]]
[2022.04.13-16.21.53:112][  0]LogConfig: Setting CVar [[r.SSS.Quality:1]]
[2022.04.13-16.21.53:112][  0]LogConfig: Setting CVar [[r.SSS.HalfRes:0]]
[2022.04.13-16.21.53:112][  0]LogConfig: Setting CVar [[r.SSGI.Quality:3]]
[2022.04.13-16.21.53:112][  0]LogConfig: Setting CVar [[r.EmitterSpawnRateScale:1.0]]
[2022.04.13-16.21.53:112][  0]LogConfig: Setting CVar [[r.ParticleLightQuality:2]]
[2022.04.13-16.21.53:112][  0]LogConfig: Setting CVar [[r.SkyAtmosphere.AerialPerspectiveLUT.FastApplyOnOpaque:1 ; Always have FastSkyLUT 1 in this case to avoid wrong sky]]
[2022.04.13-16.21.53:112][  0]LogConfig: Setting CVar [[r.SkyAtmosphere.AerialPerspectiveLUT.SampleCountMaxPerSlice:4]]
[2022.04.13-16.21.53:112][  0]LogConfig: Setting CVar [[r.SkyAtmosphere.AerialPerspectiveLUT.DepthResolution:16.0]]
[2022.04.13-16.21.53:112][  0]LogConfig: Setting CVar [[r.SkyAtmosphere.FastSkyLUT:1]]
[2022.04.13-16.21.53:112][  0]LogConfig: Setting CVar [[r.SkyAtmosphere.FastSkyLUT.SampleCountMin:4.0]]
[2022.04.13-16.21.53:112][  0]LogConfig: Setting CVar [[r.SkyAtmosphere.FastSkyLUT.SampleCountMax:128.0]]
[2022.04.13-16.21.53:112][  0]LogConfig: Setting CVar [[r.SkyAtmosphere.SampleCountMin:4.0]]
[2022.04.13-16.21.53:112][  0]LogConfig: Setting CVar [[r.SkyAtmosphere.SampleCountMax:128.0]]
[2022.04.13-16.21.53:112][  0]LogConfig: Setting CVar [[r.SkyAtmosphere.TransmittanceLUT.UseSmallFormat:0]]
[2022.04.13-16.21.53:112][  0]LogConfig: Setting CVar [[r.SkyAtmosphere.TransmittanceLUT.SampleCount:10.0]]
[2022.04.13-16.21.53:112][  0]LogConfig: Setting CVar [[r.SkyAtmosphere.MultiScatteringLUT.SampleCount:15.0]]
[2022.04.13-16.21.53:112][  0]LogConfig: Setting CVar [[r.SkyLight.RealTimeReflectionCapture:1]]
[2022.04.13-16.21.53:112][  0]LogConfig: Applying CVar settings from Section [FoliageQuality@3] File [D:/rt/Logipaignio-New/Logipaignion/The_Elementalists/Saved/Config/Windows/Scalability.ini]
[2022.04.13-16.21.53:112][  0]LogConfig: Setting CVar [[foliage.DensityScale:1.0]]
[2022.04.13-16.21.53:112][  0]LogConfig: Setting CVar [[grass.DensityScale:1.0]]
[2022.04.13-16.21.53:112][  0]LogConfig: Applying CVar settings from Section [ShadingQuality@3] File [D:/rt/Logipaignio-New/Logipaignion/The_Elementalists/Saved/Config/Windows/Scalability.ini]
[2022.04.13-16.21.53:112][  0]LogConfig: Setting CVar [[r.HairStrands.SkyLighting.IntegrationType:2]]
[2022.04.13-16.21.53:112][  0]LogConfig: Setting CVar [[r.HairStrands.SkyAO.SampleCount:4]]
[2022.04.13-16.21.53:112][  0]LogConfig: Setting CVar [[r.HairStrands.Visibility.MSAA.SamplePerPixel:4]]
[2022.04.13-16.21.53:112][  0]LogInit: Selected Device Profile: [Windows]
[2022.04.13-16.21.53:112][  0]LogInit: Applying CVar settings loaded from the selected device profile: [Windows]
[2022.04.13-16.21.53:112][  0]LogHAL: Display: Platform has ~ 16 GB [17112551424 / 17179869184 / 16], which maps to Larger [LargestMinGB=32, LargerMinGB=12, DefaultMinGB=8, SmallerMinGB=6, SmallestMinGB=0)
[2022.04.13-16.21.53:112][  0]LogInit: Going up to parent DeviceProfile []
[2022.04.13-16.21.53:112][  0]LogConfig: Applying CVar settings from Section [ViewDistanceQuality@3] File [D:/rt/Logipaignio-New/Logipaignion/The_Elementalists/Saved/Config/Windows/Scalability.ini]
[2022.04.13-16.21.53:112][  0]LogConfig: Setting CVar [[r.SkeletalMeshLODBias:0]]
[2022.04.13-16.21.53:112][  0]LogConfig: Setting CVar [[r.ViewDistanceScale:1.0]]
[2022.04.13-16.21.53:112][  0]LogConfig: Applying CVar settings from Section [AntiAliasingQuality@3] File [D:/rt/Logipaignio-New/Logipaignion/The_Elementalists/Saved/Config/Windows/Scalability.ini]
[2022.04.13-16.21.53:112][  0]LogConfig: Setting CVar [[r.PostProcessAAQuality:4]]
[2022.04.13-16.21.53:112][  0]LogConfig: Applying CVar settings from Section [ShadowQuality@3] File [D:/rt/Logipaignio-New/Logipaignion/The_Elementalists/Saved/Config/Windows/Scalability.ini]
[2022.04.13-16.21.53:112][  0]LogConfig: Setting CVar [[r.LightFunctionQuality:1]]
[2022.04.13-16.21.53:112][  0]LogConfig: Setting CVar [[r.ShadowQuality:5]]
[2022.04.13-16.21.53:113][  0]LogConfig: Setting CVar [[r.Shadow.CSM.MaxCascades:10]]
[2022.04.13-16.21.53:113][  0]LogConfig: Setting CVar [[r.Shadow.MaxResolution:2048]]
[2022.04.13-16.21.53:113][  0]LogConfig: Setting CVar [[r.Shadow.MaxCSMResolution:2048]]
[2022.04.13-16.21.53:113][  0]LogConfig: Setting CVar [[r.Shadow.RadiusThreshold:0.01]]
[2022.04.13-16.21.53:113][  0]LogConfig: Setting CVar [[r.Shadow.DistanceScale:1.0]]
[2022.04.13-16.21.53:113][  0]LogConfig: Setting CVar [[r.Shadow.CSM.TransitionScale:1.0]]
[2022.04.13-16.21.53:113][  0]LogConfig: Setting CVar [[r.Shadow.PreShadowResolutionFactor:1.0]]
[2022.04.13-16.21.53:113][  0]LogConfig: Setting CVar [[r.DistanceFieldShadowing:1]]
[2022.04.13-16.21.53:113][  0]LogConfig: Setting CVar [[r.DistanceFieldAO:1]]
[2022.04.13-16.21.53:113][  0]LogConfig: Setting CVar [[r.AOQuality:2]]
[2022.04.13-16.21.53:113][  0]LogConfig: Setting CVar [[r.VolumetricFog:1]]
[2022.04.13-16.21.53:113][  0]LogConfig: Setting CVar [[r.VolumetricFog.GridPixelSize:8]]
[2022.04.13-16.21.53:113][  0]LogConfig: Setting CVar [[r.VolumetricFog.GridSizeZ:128]]
[2022.04.13-16.21.53:113][  0]LogConfig: Setting CVar [[r.VolumetricFog.HistoryMissSupersampleCount:4]]
[2022.04.13-16.21.53:113][  0]LogConfig: Setting CVar [[r.LightMaxDrawDistanceScale:1]]
[2022.04.13-16.21.53:113][  0]LogConfig: Setting CVar [[r.CapsuleShadows:1]]
[2022.04.13-16.21.53:113][  0]LogConfig: Applying CVar settings from Section [PostProcessQuality@3] File [D:/rt/Logipaignio-New/Logipaignion/The_Elementalists/Saved/Config/Windows/Scalability.ini]
[2022.04.13-16.21.53:113][  0]LogConfig: Setting CVar [[r.MotionBlurQuality:4]]
[2022.04.13-16.21.53:113][  0]LogConfig: Setting CVar [[r.AmbientOcclusionMipLevelFactor:0.4]]
[2022.04.13-16.21.53:113][  0]LogConfig: Setting CVar [[r.AmbientOcclusionMaxQuality:100]]
[2022.04.13-16.21.53:113][  0]LogConfig: Setting CVar [[r.AmbientOcclusionLevels:-1]]
[2022.04.13-16.21.53:113][  0]LogConfig: Setting CVar [[r.AmbientOcclusionRadiusScale:1.0]]
[2022.04.13-16.21.53:113][  0]LogConfig: Setting CVar [[r.DepthOfFieldQuality:2]]
[2022.04.13-16.21.53:113][  0]LogConfig: Setting CVar [[r.RenderTargetPoolMin:400]]
[2022.04.13-16.21.53:113][  0]LogConfig: Setting CVar [[r.LensFlareQuality:2]]
[2022.04.13-16.21.53:113][  0]LogConfig: Setting CVar [[r.SceneColorFringeQuality:1]]
[2022.04.13-16.21.53:113][  0]LogConfig: Setting CVar [[r.EyeAdaptationQuality:2]]
[2022.04.13-16.21.53:113][  0]LogConfig: Setting CVar [[r.BloomQuality:5]]
[2022.04.13-16.21.53:113][  0]LogConfig: Setting CVar [[r.FastBlurThreshold:100]]
[2022.04.13-16.21.53:113][  0]LogConfig: Setting CVar [[r.Upscale.Quality:3]]
[2022.04.13-16.21.53:113][  0]LogConfig: Setting CVar [[r.Tonemapper.GrainQuantization:1]]
[2022.04.13-16.21.53:113][  0]LogConfig: Setting CVar [[r.LightShaftQuality:1]]
[2022.04.13-16.21.53:113][  0]LogConfig: Setting CVar [[r.Filter.SizeScale:1]]
[2022.04.13-16.21.53:113][  0]LogConfig: Setting CVar [[r.Tonemapper.Quality:5]]
[2022.04.13-16.21.53:113][  0]LogConfig: Setting CVar [[r.DOF.Gather.AccumulatorQuality:1        ; higher gathering accumulator quality]]
[2022.04.13-16.21.53:113][  0]LogConfig: Setting CVar [[r.DOF.Gather.PostfilterMethod:1          ; Median3x3 postfilering method]]
[2022.04.13-16.21.53:113][  0]LogConfig: Setting CVar [[r.DOF.Gather.EnableBokehSettings:0       ; no bokeh simulation when gathering]]
[2022.04.13-16.21.53:113][  0]LogConfig: Setting CVar [[r.DOF.Gather.RingCount:4                 ; medium number of samples when gathering]]
[2022.04.13-16.21.53:113][  0]LogConfig: Setting CVar [[r.DOF.Scatter.ForegroundCompositing:1    ; additive foreground scattering]]
[2022.04.13-16.21.53:113][  0]LogConfig: Setting CVar [[r.DOF.Scatter.BackgroundCompositing:2    ; additive background scattering]]
[2022.04.13-16.21.53:113][  0]LogConfig: Setting CVar [[r.DOF.Scatter.EnableBokehSettings:1      ; bokeh simulation when scattering]]
[2022.04.13-16.21.53:113][  0]LogConfig: Setting CVar [[r.DOF.Scatter.MaxSpriteRatio:0.1         ; only a maximum of 10% of scattered bokeh]]
[2022.04.13-16.21.53:113][  0]LogConfig: Setting CVar [[r.DOF.Recombine.Quality:1                ; cheap slight out of focus]]
[2022.04.13-16.21.53:113][  0]LogConfig: Setting CVar [[r.DOF.Recombine.EnableBokehSettings:0    ; no bokeh simulation on slight out of focus]]
[2022.04.13-16.21.53:113][  0]LogConfig: Setting CVar [[r.DOF.TemporalAAQuality:1                ; more stable temporal accumulation]]
[2022.04.13-16.21.53:113][  0]LogConfig: Setting CVar [[r.DOF.Kernel.MaxForegroundRadius:0.025]]
[2022.04.13-16.21.53:113][  0]LogConfig: Setting CVar [[r.DOF.Kernel.MaxBackgroundRadius:0.025]]
[2022.04.13-16.21.53:113][  0]LogConfig: Applying CVar settings from Section [TextureQuality@3] File [D:/rt/Logipaignio-New/Logipaignion/The_Elementalists/Saved/Config/Windows/Scalability.ini]
[2022.04.13-16.21.53:113][  0]LogConfig: Setting CVar [[r.Streaming.MipBias:0]]
[2022.04.13-16.21.53:113][  0]LogConfig: Setting CVar [[r.Streaming.AmortizeCPUToGPUCopy:0]]
[2022.04.13-16.21.53:113][  0]LogConfig: Setting CVar [[r.Streaming.MaxNumTexturesToStreamPerFrame:0]]
[2022.04.13-16.21.53:113][  0]LogConfig: Setting CVar [[r.Streaming.Boost:1]]
[2022.04.13-16.21.53:113][  0]LogConfig: Setting CVar [[r.MaxAnisotropy:8]]
[2022.04.13-16.21.53:113][  0]LogConfig: Setting CVar [[r.VT.MaxAnisotropy:8]]
[2022.04.13-16.21.53:113][  0]LogConfig: Setting CVar [[r.Streaming.LimitPoolSizeToVRAM:0]]
[2022.04.13-16.21.53:113][  0]LogConfig: Setting CVar [[r.Streaming.PoolSize:1000]]
[2022.04.13-16.21.53:113][  0]LogConfig: Setting CVar [[r.Streaming.MaxEffectiveScreenSize:0]]
[2022.04.13-16.21.53:113][  0]LogConfig: Applying CVar settings from Section [EffectsQuality@3] File [D:/rt/Logipaignio-New/Logipaignion/The_Elementalists/Saved/Config/Windows/Scalability.ini]
[2022.04.13-16.21.53:113][  0]LogConfig: Setting CVar [[r.TranslucencyLightingVolumeDim:64]]
[2022.04.13-16.21.53:113][  0]LogConfig: Setting CVar [[r.RefractionQuality:2]]
[2022.04.13-16.21.53:113][  0]LogConfig: Setting CVar [[r.SSR.Quality:3]]
[2022.04.13-16.21.53:113][  0]LogConfig: Setting CVar [[r.SSR.HalfResSceneColor:0]]
[2022.04.13-16.21.53:113][  0]LogConfig: Setting CVar [[r.SceneColorFormat:4]]
[2022.04.13-16.21.53:113][  0]LogConfig: Setting CVar [[r.DetailMode:2]]
[2022.04.13-16.21.53:113][  0]LogConfig: Setting CVar [[r.TranslucencyVolumeBlur:1]]
[2022.04.13-16.21.53:113][  0]LogConfig: Setting CVar [[r.MaterialQualityLevel:1 ; High quality]]
[2022.04.13-16.21.53:113][  0]LogConfig: Setting CVar [[r.AnisotropicMaterials:1]]
[2022.04.13-16.21.53:113][  0]LogConfig: Setting CVar [[r.SSS.Scale:1]]
[2022.04.13-16.21.53:113][  0]LogConfig: Setting CVar [[r.SSS.SampleSet:2]]
[2022.04.13-16.21.53:114][  0]LogConfig: Setting CVar [[r.SSS.Quality:1]]
[2022.04.13-16.21.53:114][  0]LogConfig: Setting CVar [[r.SSS.HalfRes:0]]
[2022.04.13-16.21.53:114][  0]LogConfig: Setting CVar [[r.SSGI.Quality:3]]
[2022.04.13-16.21.53:114][  0]LogConfig: Setting CVar [[r.EmitterSpawnRateScale:1.0]]
[2022.04.13-16.21.53:114][  0]LogConfig: Setting CVar [[r.ParticleLightQuality:2]]
[2022.04.13-16.21.53:114][  0]LogConfig: Setting CVar [[r.SkyAtmosphere.AerialPerspectiveLUT.FastApplyOnOpaque:1 ; Always have FastSkyLUT 1 in this case to avoid wrong sky]]
[2022.04.13-16.21.53:114][  0]LogConfig: Setting CVar [[r.SkyAtmosphere.AerialPerspectiveLUT.SampleCountMaxPerSlice:4]]
[2022.04.13-16.21.53:114][  0]LogConfig: Setting CVar [[r.SkyAtmosphere.AerialPerspectiveLUT.DepthResolution:16.0]]
[2022.04.13-16.21.53:114][  0]LogConfig: Setting CVar [[r.SkyAtmosphere.FastSkyLUT:1]]
[2022.04.13-16.21.53:114][  0]LogConfig: Setting CVar [[r.SkyAtmosphere.FastSkyLUT.SampleCountMin:4.0]]
[2022.04.13-16.21.53:114][  0]LogConfig: Setting CVar [[r.SkyAtmosphere.FastSkyLUT.SampleCountMax:128.0]]
[2022.04.13-16.21.53:114][  0]LogConfig: Setting CVar [[r.SkyAtmosphere.SampleCountMin:4.0]]
[2022.04.13-16.21.53:114][  0]LogConfig: Setting CVar [[r.SkyAtmosphere.SampleCountMax:128.0]]
[2022.04.13-16.21.53:114][  0]LogConfig: Setting CVar [[r.SkyAtmosphere.TransmittanceLUT.UseSmallFormat:0]]
[2022.04.13-16.21.53:114][  0]LogConfig: Setting CVar [[r.SkyAtmosphere.TransmittanceLUT.SampleCount:10.0]]
[2022.04.13-16.21.53:114][  0]LogConfig: Setting CVar [[r.SkyAtmosphere.MultiScatteringLUT.SampleCount:15.0]]
[2022.04.13-16.21.53:114][  0]LogConfig: Setting CVar [[r.SkyLight.RealTimeReflectionCapture:1]]
[2022.04.13-16.21.53:114][  0]LogConfig: Applying CVar settings from Section [FoliageQuality@3] File [D:/rt/Logipaignio-New/Logipaignion/The_Elementalists/Saved/Config/Windows/Scalability.ini]
[2022.04.13-16.21.53:114][  0]LogConfig: Setting CVar [[foliage.DensityScale:1.0]]
[2022.04.13-16.21.53:114][  0]LogConfig: Setting CVar [[grass.DensityScale:1.0]]
[2022.04.13-16.21.53:114][  0]LogConfig: Applying CVar settings from Section [ShadingQuality@3] File [D:/rt/Logipaignio-New/Logipaignion/The_Elementalists/Saved/Config/Windows/Scalability.ini]
[2022.04.13-16.21.53:114][  0]LogConfig: Setting CVar [[r.HairStrands.SkyLighting.IntegrationType:2]]
[2022.04.13-16.21.53:114][  0]LogConfig: Setting CVar [[r.HairStrands.SkyAO.SampleCount:4]]
[2022.04.13-16.21.53:114][  0]LogConfig: Setting CVar [[r.HairStrands.Visibility.MSAA.SamplePerPixel:4]]
[2022.04.13-16.21.53:114][  0]LogConfig: Applying CVar settings from Section [Startup] File [../../../Engine/Config/ConsoleVariables.ini]
[2022.04.13-16.21.53:114][  0]LogConfig: Setting CVar [[net.UseAdaptiveNetUpdateFrequency:0]]
[2022.04.13-16.21.53:114][  0]LogConfig: Setting CVar [[p.chaos.AllowCreatePhysxBodies:1]]
[2022.04.13-16.21.53:114][  0]LogConfig: Setting CVar [[fx.SkipVectorVMBackendOptimizations:1]]
[2022.04.13-16.21.53:114][  0]LogConfig: Applying CVar settings from Section [ConsoleVariables] File [D:/rt/Logipaignio-New/Logipaignion/The_Elementalists/Saved/Config/Windows/Engine.ini]
[2022.04.13-16.21.53:114][  0]LogConfig: Applying CVar settings from Section [ConsoleVariables] File [D:/rt/Logipaignio-New/Logipaignion/The_Elementalists/Saved/Config/Windows/Editor.ini]
[2022.04.13-16.21.53:115][  0]LogInit: Computer: DESKTOP-7U3OGSV
[2022.04.13-16.21.53:115][  0]LogInit: User: hbnm
[2022.04.13-16.21.53:115][  0]LogInit: CPU Page size=4096, Cores=4
[2022.04.13-16.21.53:115][  0]LogInit: High frequency timer resolution =10.000000 MHz
[2022.04.13-16.21.53:115][  0]LogMemory: Memory total: Physical=15.9GB (16GB approx)
[2022.04.13-16.21.53:115][  0]LogMemory: Platform Memory Stats for Windows
[2022.04.13-16.21.53:115][  0]LogMemory: Process Physical Memory: 144.95 MB used, 144.95 MB peak
[2022.04.13-16.21.53:115][  0]LogMemory: Process Virtual Memory: 130.41 MB used, 130.41 MB peak
[2022.04.13-16.21.53:115][  0]LogMemory: Physical Memory: 10720.91 MB used,  5598.89 MB free, 16319.80 MB total
[2022.04.13-16.21.53:115][  0]LogMemory: Virtual Memory: 134210760.00 MB used,  6968.06 MB free, 134217728.00 MB total
[2022.04.13-16.21.53:119][  0]LogWindows: WindowsPlatformFeatures enabled
[2022.04.13-16.21.53:153][  0]LogInit: Physics initialised using underlying interface: PhysX
[2022.04.13-16.21.53:154][  0]LogInit: Using OS detected language (en-US).
[2022.04.13-16.21.53:154][  0]LogInit: Using OS detected locale (en-CY).
[2022.04.13-16.21.53:156][  0]LogTextLocalizationManager: No specific localization for 'en-US' exists, so the 'en' localization will be used.
[2022.04.13-16.21.53:381][  0]LogInit: Setting process to per monitor DPI aware
[2022.04.13-16.21.53:388][  0]LogWindowsTextInputMethodSystem: Display: IME system deactivated.
[2022.04.13-16.21.53:401][  0]LogSlate: New Slate User Created.  User Index 0, Is Virtual User: 0
[2022.04.13-16.21.53:401][  0]LogSlate: Slate User Registered.  User Index 0, Is Virtual User: 0
[2022.04.13-16.21.53:545][  0]LogD3D11RHI: Loaded GFSDK_Aftermath_Lib.x64.dll
[2022.04.13-16.21.53:547][  0]LogHMD: Failed to initialize OpenVR with code 110
[2022.04.13-16.21.53:547][  0]LogD3D11RHI: D3D11 min allowed feature level: 11_0
[2022.04.13-16.21.53:547][  0]LogD3D11RHI: D3D11 max allowed feature level: 11_0
[2022.04.13-16.21.53:547][  0]LogD3D11RHI: D3D11 adapters:
[2022.04.13-16.21.53:646][  0]LogD3D11RHI:    0. 'NVIDIA GeForce GTX 1650 SUPER' (Feature Level 11_0)
[2022.04.13-16.21.53:646][  0]LogD3D11RHI:       3955/0/8159 MB DedicatedVideo/DedicatedSystem/SharedSystem, Outputs:2, VendorId:0x10de
[2022.04.13-16.21.53:648][  0]LogD3D11RHI:    1. 'Microsoft Basic Render Driver' (Feature Level 11_0)
[2022.04.13-16.21.53:648][  0]LogD3D11RHI:       0/0/8159 MB DedicatedVideo/DedicatedSystem/SharedSystem, Outputs:0, VendorId:0x1414
[2022.04.13-16.21.53:648][  0]LogD3D11RHI: Chosen D3D11 Adapter:
[2022.04.13-16.21.53:648][  0]LogD3D11RHI:     Description : NVIDIA GeForce GTX 1650 SUPER
[2022.04.13-16.21.53:648][  0]LogD3D11RHI:     VendorId    : 10de
[2022.04.13-16.21.53:648][  0]LogD3D11RHI:     DeviceId    : 2187
[2022.04.13-16.21.53:648][  0]LogD3D11RHI:     SubSysId    : 401a1458
[2022.04.13-16.21.53:648][  0]LogD3D11RHI:     Revision    : 00a1
[2022.04.13-16.21.53:648][  0]LogD3D11RHI:     DedicatedVideoMemory : 4147118080 bytes
[2022.04.13-16.21.53:648][  0]LogD3D11RHI:     DedicatedSystemMemory : 0 bytes
[2022.04.13-16.21.53:648][  0]LogD3D11RHI:     SharedSystemMemory : 8556275712 bytes
[2022.04.13-16.21.53:648][  0]LogD3D11RHI:     AdapterLuid : 0 53208
[2022.04.13-16.21.53:653][  0]LogD3D11RHI: Creating new Direct3DDevice
[2022.04.13-16.21.53:653][  0]LogD3D11RHI:     GPU DeviceId: 0x2187 (for the marketing name, search the web for "GPU Device Id")
[2022.04.13-16.21.53:653][  0]LogWindows: EnumDisplayDevices:
[2022.04.13-16.21.53:653][  0]LogWindows:    0. 'NVIDIA GeForce GTX 1650 SUPER' (P:1 D:1)
[2022.04.13-16.21.53:653][  0]LogWindows:    1. 'NVIDIA GeForce GTX 1650 SUPER' (P:0 D:1)
[2022.04.13-16.21.53:654][  0]LogWindows:    2. 'NVIDIA GeForce GTX 1650 SUPER' (P:0 D:0)
[2022.04.13-16.21.53:654][  0]LogWindows:    3. 'NVIDIA GeForce GTX 1650 SUPER' (P:0 D:0)
[2022.04.13-16.21.53:654][  0]LogWindows: DebugString: FoundDriverCount:4 
[2022.04.13-16.21.53:654][  0]LogD3D11RHI:     Adapter Name: NVIDIA GeForce GTX 1650 SUPER
[2022.04.13-16.21.53:654][  0]LogD3D11RHI:   Driver Version: 472.12 (internal:30.0.14.7212, unified:472.12)
[2022.04.13-16.21.53:654][  0]LogD3D11RHI:      Driver Date: 9-13-2021
[2022.04.13-16.21.53:654][  0]LogRHI: Texture pool is 2768 MB (70% of 3955 MB)
[2022.04.13-16.21.53:654][  0]LogD3D11RHI: Creating D3DDevice using adapter:
[2022.04.13-16.21.53:654][  0]LogD3D11RHI:     Description : NVIDIA GeForce GTX 1650 SUPER
[2022.04.13-16.21.53:654][  0]LogD3D11RHI:     VendorId    : 10de
[2022.04.13-16.21.53:654][  0]LogD3D11RHI:     DeviceId    : 2187
[2022.04.13-16.21.53:654][  0]LogD3D11RHI:     SubSysId    : 401a1458
[2022.04.13-16.21.53:654][  0]LogD3D11RHI:     Revision    : 00a1
[2022.04.13-16.21.53:654][  0]LogD3D11RHI:     DedicatedVideoMemory : 4147118080 bytes
[2022.04.13-16.21.53:654][  0]LogD3D11RHI:     DedicatedSystemMemory : 0 bytes
[2022.04.13-16.21.53:654][  0]LogD3D11RHI:     SharedSystemMemory : 8556275712 bytes
[2022.04.13-16.21.53:654][  0]LogD3D11RHI:     AdapterLuid : 0 53208
[2022.04.13-16.21.53:730][  0]LogD3D11RHI: RHI has support for 64 bit atomics
[2022.04.13-16.21.53:731][  0]LogD3D11RHI: Async texture creation enabled
[2022.04.13-16.21.53:731][  0]LogD3D11RHI: Array index from any shader is supported
[2022.04.13-16.21.53:754][  0]LogD3D11RHI: GPU Timing Frequency: 1000.000000 (Debug: 2 1)
[2022.04.13-16.21.53:791][  0]LogRHI: GeForceNow SDK initialized: 1
[2022.04.13-16.21.54:075][  0]LogTargetPlatformManager: Display: Loaded TargetPlatform 'AllDesktop'
[2022.04.13-16.21.54:103][  0]LogTargetPlatformManager: Display: Loaded TargetPlatform 'Android'
[2022.04.13-16.21.54:103][  0]LogTargetPlatformManager: Display: Loaded TargetPlatform 'Android_ASTC'
[2022.04.13-16.21.54:103][  0]LogTargetPlatformManager: Display: Loaded TargetPlatform 'Android_DXT'
[2022.04.13-16.21.54:103][  0]LogTargetPlatformManager: Display: Loaded TargetPlatform 'Android_ETC2'
[2022.04.13-16.21.54:103][  0]LogTargetPlatformManager: Display: Loaded TargetPlatform 'AndroidClient'
[2022.04.13-16.21.54:103][  0]LogTargetPlatformManager: Display: Loaded TargetPlatform 'Android_ASTCClient'
[2022.04.13-16.21.54:103][  0]LogTargetPlatformManager: Display: Loaded TargetPlatform 'Android_DXTClient'
[2022.04.13-16.21.54:103][  0]LogTargetPlatformManager: Display: Loaded TargetPlatform 'Android_ETC2Client'
[2022.04.13-16.21.54:103][  0]LogTargetPlatformManager: Display: Loaded TargetPlatform 'Android_Multi'
[2022.04.13-16.21.54:103][  0]LogTargetPlatformManager: Display: Loaded TargetPlatform 'Android_MultiClient'
[2022.04.13-16.21.54:123][  0]LogTargetPlatformManager: Display: Loaded TargetPlatform 'IOSClient'
[2022.04.13-16.21.54:123][  0]LogTargetPlatformManager: Display: Loaded TargetPlatform 'IOS'
[2022.04.13-16.21.54:134][  0]LogTargetPlatformManager: Display: Loaded TargetPlatform 'Linux'
[2022.04.13-16.21.54:138][  0]LogTargetPlatformManager: Display: Loaded TargetPlatform 'LinuxNoEditor'
[2022.04.13-16.21.54:142][  0]LogTargetPlatformManager: Display: Loaded TargetPlatform 'LinuxClient'
[2022.04.13-16.21.54:147][  0]LogTargetPlatformManager: Display: Loaded TargetPlatform 'LinuxServer'
[2022.04.13-16.21.54:158][  0]LogTargetPlatformManager: Display: Loaded TargetPlatform 'LinuxAArch64NoEditor'
[2022.04.13-16.21.54:161][  0]LogTargetPlatformManager: Display: Loaded TargetPlatform 'LinuxAArch64Client'
[2022.04.13-16.21.54:165][  0]LogTargetPlatformManager: Display: Loaded TargetPlatform 'LinuxAArch64Server'
[2022.04.13-16.21.54:193][  0]LogTargetPlatformManager: Display: Loaded TargetPlatform 'Lumin'
[2022.04.13-16.21.54:193][  0]LogTargetPlatformManager: Display: Loaded TargetPlatform 'LuminClient'
[2022.04.13-16.21.54:202][  0]LogTargetPlatformManager: Display: Loaded TargetPlatform 'MacNoEditor'
[2022.04.13-16.21.54:206][  0]LogTargetPlatformManager: Display: Loaded TargetPlatform 'Mac'
[2022.04.13-16.21.54:209][  0]LogTargetPlatformManager: Display: Loaded TargetPlatform 'MacClient'
[2022.04.13-16.21.54:213][  0]LogTargetPlatformManager: Display: Loaded TargetPlatform 'MacServer'
[2022.04.13-16.21.54:223][  0]LogTargetPlatformManager: Display: Loaded TargetPlatform 'TVOSClient'
[2022.04.13-16.21.54:223][  0]LogTargetPlatformManager: Display: Loaded TargetPlatform 'TVOS'
[2022.04.13-16.21.54:232][  0]LogTargetPlatformManager: Display: Loaded TargetPlatform 'WindowsNoEditor'
[2022.04.13-16.21.54:236][  0]LogTargetPlatformManager: Display: Loaded TargetPlatform 'Windows'
[2022.04.13-16.21.54:241][  0]LogTargetPlatformManager: Display: Loaded TargetPlatform 'WindowsClient'
[2022.04.13-16.21.54:246][  0]LogTargetPlatformManager: Display: Loaded TargetPlatform 'WindowsServer'
[2022.04.13-16.21.54:246][  0]LogTargetPlatformManager: Display: Building Assets For Windows
[2022.04.13-16.21.54:253][  0]LogAudioDebug: Display: Lib vorbis DLL was dynamically loaded.
[2022.04.13-16.21.54:286][  0]LogTextureFormatOodle: Display: Oodle Texture 2.9.0 init RDO Off
[2022.04.13-16.21.54:313][  0]LogRendererCore: Ray tracing is disabled. Reason: r.RayTracing=0.
[2022.04.13-16.21.54:313][  0]LogShaderCompilers: Guid format shader working directory is -8 characters bigger than the processId version (D:/rt/Logipaignio-New/Logipaignion/The_Elementalists/Intermediate/Shaders/WorkingDirectory/16812/).
[2022.04.13-16.21.54:313][  0]LogShaderCompilers: Cleaned the shader compiler working directory 'C:/Users/hbnm/AppData/Local/Temp/UnrealShaderWorkingDir/8D6F5678435792AA71D9AC82A5DAFB16/'.
[2022.04.13-16.21.54:313][  0]LogXGEController: Cannot use XGE Controller as Incredibuild is not installed on this machine.
[2022.04.13-16.21.54:313][  0]LogShaderCompilers: Cannot use XGE Shader Compiler as Incredibuild is not installed on this machine.
[2022.04.13-16.21.54:313][  0]LogShaderCompilers: Display: Using Local Shader Compiler.
[2022.04.13-16.21.55:104][  0]LogDerivedDataCache: Display: Max Cache Size: 512 MB
[2022.04.13-16.21.55:155][  0]LogDerivedDataCache: Loaded boot cache 0.05s 94MB C:/Users/hbnm/AppData/Local/UnrealEngine/4.27/DerivedDataCache/Boot.ddc.
[2022.04.13-16.21.55:155][  0]LogDerivedDataCache: Display: Loaded Boot cache: C:/Users/hbnm/AppData/Local/UnrealEngine/4.27/DerivedDataCache/Boot.ddc
[2022.04.13-16.21.55:155][  0]LogDerivedDataCache: FDerivedDataBackendGraph:  Pak pak cache file D:/rt/Logipaignio-New/Logipaignion/The_Elementalists/DerivedDataCache/DDC.ddp not found, will not use a pak cache.
[2022.04.13-16.21.55:155][  0]LogDerivedDataCache: Unable to find inner node Pak for hierarchical cache Hierarchy.
[2022.04.13-16.21.55:156][  0]LogDerivedDataCache: FDerivedDataBackendGraph:  CompressedPak pak cache file D:/rt/Logipaignio-New/Logipaignion/The_Elementalists/DerivedDataCache/Compressed.ddp not found, will not use a pak cache.
[2022.04.13-16.21.55:156][  0]LogDerivedDataCache: Unable to find inner node CompressedPak for hierarchical cache Hierarchy.
[2022.04.13-16.21.55:172][  0]LogDerivedDataCache: Display: Pak cache opened for reading ../../../Engine/DerivedDataCache/Compressed.ddp.
[2022.04.13-16.21.55:172][  0]LogDerivedDataCache: FDerivedDataBackendGraph:  EnterprisePak pak cache file ../../../Enterprise/DerivedDataCache/Compressed.ddp not found, will not use a pak cache.
[2022.04.13-16.21.55:172][  0]LogDerivedDataCache: Unable to find inner node EnterprisePak for hierarchical cache Hierarchy.
[2022.04.13-16.21.55:180][  0]LogDerivedDataCache: Speed tests for C:/Users/hbnm/AppData/Local/UnrealEngine/Common/DerivedDataCache took 0.01 seconds
[2022.04.13-16.21.55:181][  0]LogDerivedDataCache: Display: Performance to C:/Users/hbnm/AppData/Local/UnrealEngine/Common/DerivedDataCache: Latency=0.02ms. RandomReadSpeed=337.68MBs, RandomWriteSpeed=166.02MBs. Assigned SpeedClass 'Local'
[2022.04.13-16.21.55:181][  0]LogDerivedDataCache: Using Local data cache path C:/Users/hbnm/AppData/Local/UnrealEngine/Common/DerivedDataCache: Writable
[2022.04.13-16.21.55:182][  0]LogDerivedDataCache: Shared data cache path not found in *engine.ini, will not use an Shared cache.
[2022.04.13-16.21.55:182][  0]LogDerivedDataCache: Unable to find inner node Shared for hierarchical cache Hierarchy.
[2022.04.13-16.21.55:254][  0]LogSlate: Using FreeType 2.10.0
[2022.04.13-16.21.55:255][  0]LogSlate: SlateFontServices - WITH_FREETYPE: 1, WITH_HARFBUZZ: 1
[2022.04.13-16.21.55:280][  0]LogAssetRegistry: FAssetRegistry took 0.0034 seconds to start up
[2022.04.13-16.21.55:575][  0]LogInit: Selected Device Profile: [Windows]
[2022.04.13-16.21.55:575][  0]LogInit: Active device profile: [000001B2567DE000][000001B24970B5C0 49] Windows
[2022.04.13-16.21.55:575][  0]LogInit: Profiles: [000001B2567DE000][000001B24970B5C0 49] Windows, [000001B25679DD00][000001B249713740 49] WindowsNoEditor, [000001B2567DE200][000001B2497178C0 49] WindowsServer, [000001B25679FC00][000001B24971BA40 49] WindowsClient, [000001B2567DDC00][000001B24971FBC0 49] IOS, [000001B25679D900][000001B2545301C0 49] iPadAir, [000001B2567DD800][000001B254534340 49] iPadAir2, [000001B256741A00][000001B25453C600 49] IPadPro, [000001B256741B00][000001B254538640 49] iPadAir3, [000001B2567DFE00][000001B2545407C0 49] iPadAir4, [000001B256743A00][000001B254544940 49] iPadMini2, [000001B2567DC600][000001B254548AC0 49] iPadMini3, [000001B256740A00][000001B24970EC00 49] iPadMini4, [000001B2567DF100][000001B25454CD40 49] iPadMini5, [000001B25674D000][000001B254554F80 49] iPhone6, [000001B25674D100][000001B254550FC0 49] iPodTouch6, [000001B25679DE00][000001B254561280 49] iPhone7, [000001B25679FF00][000001B25455D2C0 49] iPodTouch7, [000001B25674F100][000001B254565440 49] iPhone5S, [000001B25679D600][000001B2545695C0 49] iPhone6Plus, [000001B25674C800][000001B25456D740 49] iPhone6S, [000001B25679EF00][000001B2545718C0 49] iPhone6SPlus, [000001B25674E200][000001B254575A40 49] iPhone7Plus, [000001B25679C800][000001B254579BC0 49] iPhoneSE, [000001B25674CF00][000001B25457C1C0 49] iPhone8, [000001B25679DF00][000001B254580340 49] iPhone8Plus, [000001B25674F400][000001B2545844C0 49] iPhoneX, [000001B25679ED00][000001B254588640 49] iPhoneXS, [000001B25674DA00][000001B25458C7C0 49] iPhoneXSMax, [000001B25679C900][000001B254590940 49] iPhoneXR, [000001B25674C300][000001B254594AC0 49] iPhone11, [000001B25679E600][000001B254598C40 49] iPhone11Pro, [000001B25674FB00][000001B254558D80 49] iPhone11ProMax, [000001B25679C600][000001B25459CEC0 49] iPhoneSE2, [000001B25674CD00][000001B2545A1000 49] iPhone12Mini, [000001B25679CC00][000001B2545A5140 49] iPhone12, [000001B25674DE00][000001B2545AD2C0 49] iPhone12Pro, [000001B25679C700][000001B2545B1440 49] iPhone12ProMax, [000001B25674CB00][000001B2545B55C0 49] iPadPro105, [000001B25679E100][000001B2545B9740 49] iPadPro129, [000001B25674E100][000001B2545BD8C0 49] iPadPro97, [000001B25679F900][000001B2545C1A40 49] iPadPro2_129, [000001B25674F300][000001B2545C5BC0 49] iPad5, [000001B2567DD000][000001B2545C81C0 49] iPad6, [000001B256839300][000001B2545CC340 49] iPad7, [000001B25674C200][000001B2545D04C0 49] iPad8, [000001B256839900][000001B2545D4640 49] iPadPro11, [000001B25679C400][000001B2545D87C0 49] iPadPro2_11, [000001B2567DE900][000001B2545DC940 49] iPadPro3_129, [000001B25674C900][000001B257000AC0 49] iPadPro4_129, [000001B2567DCD00][000001B257004C40 49] AppleTV, [000001B25679FA00][000001B257008DC0 49] AppleTV4K, [000001B2567DFD00][000001B25700CF40 49] TVOS, [000001B25679CA00][000001B2545A9080 49] Mac, [000001B2567DF800][000001B2570111C0 49] MacClient, [000001B25679EC00][000001B257015300 49] MacNoEditor, [000001B2567DF700][000001B25701D480 49] MacServer, [000001B25679D400][000001B257021600 49] Linux, [000001B2567DF500][000001B257025780 49] LinuxAArch64, [000001B25679F600][000001B257029900 49] LinuxNoEditor, [000001B2567DDD00][000001B25702DA80 49] LinuxAArch64NoEditor, [000001B25679E200][000001B257031C00 49] LinuxClient, [000001B2567DD600][000001B257034200 49] LinuxAArch64Client, [000001B25679F400][000001B257038380 49] LinuxServer, [000001B2567DEA00][000001B25703C500 49] LinuxAArch64Server, [000001B25679DB00][000001B257040680 49] Android, [000001B2567DCC00][000001B257044800 49] Android_Low, [000001B25679F800][000001B257048980 49] Android_Mid, [000001B2567DC300][000001B25704CB00 49] Android_High, [000001B25679EA00][000001B257050C80 49] Android_Default, [000001B2567DDE00][000001B257054E00 49] Android_Adreno4xx, [000001B25679F500][000001B25728CF80 49] Android_Adreno5xx_Low, [000001B2567DC900][000001B257291100 49] Android_Adreno5xx, [000001B25679CE00][000001B257019240 49] Android_Adreno6xx, [000001B2567DCB00][000001B257295380 49] Android_Adreno6xx_Vulkan, [000001B25679F200][000001B2572994C0 49] Android_Mali_T6xx, [000001B2567DD400][000001B2572A1640 49] Android_Mali_T7xx, [000001B25679D700][000001B2572A57C0 49] Android_Mali_T8xx, [000001B2567DD500][000001B2572A9940 49] Android_Mali_G71, [000001B25679E300][000001B2572ADAC0 49] Android_Mali_G72, [000001B2567DF200][000001B2572B00C0 49] Android_Mali_G72_Vulkan, [000001B25679D300][000001B2572B4240 49] Android_Mali_G76, [000001B2567DE400][000001B2572BC3C0 49] Android_Mali_G76_Vulkan, [000001B25679C500][000001B2572C0540 49] Android_Mali_G77, [000001B2567DC500][000001B2572C46C0 49] Android_Mali_G77_Vulkan, [000001B25679CF00][000001B2572D8840 49] Android_Mali_G78, [000001B2567DFF00][000001B2572DC9C0 49] Android_Mali_G78_Vulkan, [000001B25679D500][000001B2572E0B40 49] Android_Mali_G710, [000001B256742900][000001B2572E4CC0 49] Android_Mali_G710_Vulkan, [000001B25674E300][000001B2572E8E40 49] Android_Vulkan_SM5, [000001B256742100][000001B2572ECFC0 49] Android_PowerVR_G6xxx, [000001B25674E600][000001B2572F1140 49] Android_PowerVR_GT7xxx, [000001B256740600][000001B2572F52C0 49] Android_PowerVR_GE8xxx, [000001B25674C400][000001B25729D400 49] Android_PowerVR_GM9xxx, [000001B256742F00][000001B2572F9540 49] Android_PowerVR_GM9xxx_Vulkan, [000001B25674EE00][000001B2572FD680 49] Android_TegraK1, [000001B256743D00][000001B2573017C0 49] Android_Unknown_Vulkan, [000001B25674F200][000001B257309940 49] Lumin, [000001B256741D00][000001B25730DAC0 49] Lumin_Desktop, [000001B25674C700][000001B2573100C0 49] HoloLens, 
[2022.04.13-16.21.55:711][  0]LogMeshReduction: Using QuadricMeshReduction for automatic static mesh reduction
[2022.04.13-16.21.55:711][  0]LogMeshReduction: Using SimplygonMeshReduction for automatic skeletal mesh reduction
[2022.04.13-16.21.55:711][  0]LogMeshReduction: Using ProxyLODMeshReduction for automatic mesh merging
[2022.04.13-16.21.55:711][  0]LogMeshReduction: No distributed automatic mesh merging module available
[2022.04.13-16.21.55:711][  0]LogMeshMerging: No distributed automatic mesh merging module available
[2022.04.13-16.21.55:730][  0]LogNetVersion: The_Elementalists 1.0.0, NetCL: 17155196, EngineNetVer: 17, GameNetVer: 0 (Checksum: 2215583078)
[2022.04.13-16.21.56:091][  0]LogTexture: Default maximum texture size for cubemaps generated from long-lat sources has been changed from 512 to unlimited. In order to preserve old behaiour for '/Engine/MapTemplates/Sky/DaylightAmbientCubemap.DaylightAmbientCubemap', its maximum texture size has been explicitly set to 512.
[2022.04.13-16.21.56:145][  0]LogHMD: PokeAHoleMaterial loaded successfully
[2022.04.13-16.21.56:150][  0]LogUObjectArray: 17178 objects as part of root set at end of initial load.
[2022.04.13-16.21.56:150][  0]LogUObjectAllocator: 4301856 out of 0 bytes used by permanent object pool.
[2022.04.13-16.21.56:150][  0]LogUObjectArray: CloseDisregardForGC: 0/0 objects in disregard for GC pool
[2022.04.13-16.21.56:400][  0]LogNiagaraDebuggerClient: Niagara Debugger Client Initialized | Session: C90C38C34459B70F54D9FFBCF18D1E37 | Instance: DC9EEC5F47F86559B0AE36B6B51B60CB (DESKTOP-7U3OGSV-16812).
[2022.04.13-16.21.56:502][  0]LogImageWrapper: Warning: PNG Warning: Duplicate iCCP chunk
[2022.04.13-16.21.56:502][  0]LogImageWrapper: Warning: PNG Warning: Duplicate iCCP chunk
[2022.04.13-16.21.56:502][  0]LogPython: Using Python 3.7.7
[2022.04.13-16.21.57:034][  0]LogTcpMessaging: Initializing TcpMessaging bridge
[2022.04.13-16.21.57:042][  0]LogUdpMessaging: Initializing bridge on interface 0.0.0.0:0 to multicast group 230.0.0.1:6666.
[2022.04.13-16.21.58:059][  0]LogWindows: Error: === Critical error: ===
[2022.04.13-16.21.58:059][  0]LogWindows: Error: 
[2022.04.13-16.21.58:059][  0]LogWindows: Error: Fatal error!
[2022.04.13-16.21.58:059][  0]LogWindows: Error: 
[2022.04.13-16.21.58:059][  0]LogWindows: Error: Unhandled Exception: EXCEPTION_ACCESS_VIOLATION reading address 0x00000000000006b0
[2022.04.13-16.21.58:059][  0]LogWindows: Error: 
[2022.04.13-16.21.58:059][  0]LogWindows: Error: [Callstack] 0x00007ffcde394d76 UE4Editor-The_Elementalists-1613.dll!AChapter_PlayerController::StartTimer() [D:\rt\Logipaignio-New\Logipaignion\The_Elementalists\Source\The_Elementalists\Private\Chapter_PlayerController.cpp:81]
[2022.04.13-16.21.58:059][  0]LogWindows: Error: [Callstack] 0x00007ffcde3696f3 UE4Editor-The_Elementalists-1613.dll!AChapter1Level3GameMode::AChapter1Level3GameMode() [D:\rt\Logipaignio-New\Logipaignion\The_Elementalists\Source\The_Elementalists\Private\Chapter1Level3GameMode.cpp:17]
[2022.04.13-16.21.58:059][  0]LogWindows: Error: [Callstack] 0x00007ffd184761d3 UE4Editor-CoreUObject.dll!UnknownFunction []
[2022.04.13-16.21.58:059][  0]LogWindows: Error: [Callstack] 0x00007ffd18798e6f UE4Editor-CoreUObject.dll!UnknownFunction []
[2022.04.13-16.21.58:060][  0]LogWindows: Error: [Callstack] 0x00007ffd187752d1 UE4Editor-CoreUObject.dll!UnknownFunction []
[2022.04.13-16.21.58:060][  0]LogWindows: Error: [Callstack] 0x00007ffd1863dc85 UE4Editor-CoreUObject.dll!UnknownFunction []
[2022.04.13-16.21.58:060][  0]LogWindows: Error: [Callstack] 0x00007ffd19551d1a UE4Editor-Core.dll!UnknownFunction []
[2022.04.13-16.21.58:060][  0]LogWindows: Error: [Callstack] 0x00007ffd195716d3 UE4Editor-Core.dll!UnknownFunction []
[2022.04.13-16.21.58:060][  0]LogWindows: Error: [Callstack] 0x00007ffd5fab6433 UE4Editor-Projects.dll!UnknownFunction []
[2022.04.13-16.21.58:060][  0]LogWindows: Error: [Callstack] 0x00007ffd5fab674f UE4Editor-Projects.dll!UnknownFunction []
[2022.04.13-16.21.58:060][  0]LogWindows: Error: [Callstack] 0x00007ff6b2c95632 UE4Editor.exe!UnknownFunction []
[2022.04.13-16.21.58:060][  0]LogWindows: Error: [Callstack] 0x00007ff6b2c98ff0 UE4Editor.exe!UnknownFunction []
[2022.04.13-16.21.58:060][  0]LogWindows: Error: [Callstack] 0x00007ff6b2c90d1c UE4Editor.exe!UnknownFunction []
[2022.04.13-16.21.58:060][  0]LogWindows: Error: [Callstack] 0x00007ff6b2c910aa UE4Editor.exe!UnknownFunction []
[2022.04.13-16.21.58:060][  0]LogWindows: Error: [Callstack] 0x00007ff6b2c940cd UE4Editor.exe!UnknownFunction []
[2022.04.13-16.21.58:060][  0]LogWindows: Error: [Callstack] 0x00007ff6b2ca5984 UE4Editor.exe!UnknownFunction []
[2022.04.13-16.21.58:060][  0]LogWindows: Error: [Callstack] 0x00007ff6b2ca853a UE4Editor.exe!UnknownFunction []
[2022.04.13-16.21.58:060][  0]LogWindows: Error: [Callstack] 0x00007ffdcd7a7034 KERNEL32.DLL!UnknownFunction []
[2022.04.13-16.21.58:060][  0]LogWindows: Error: [Callstack] 0x00007ffdcf4a2651 ntdll.dll!UnknownFunction []
[2022.04.13-16.21.58:060][  0]LogWindows: Error: 
[2022.04.13-16.21.58:383][  0]LogExit: Executing StaticShutdownAfterError
[2022.04.13-16.21.58:385][  0]LogWindows: FPlatformMisc::RequestExit(1)
[2022.04.13-16.21.58:385][  0]LogWindows: FPlatformMisc::RequestExitWithStatus(1, 3)
[2022.04.13-16.21.58:385][  0]LogCore: Engine exit requested (reason: Win RequestExit)
[2022.04.13-16.21.58:444][  0]Log file closed, 04/13/22 19:21:58
