Log file open, 03/23/22 22:29:32
LogWindows: Failed to load 'aqProf.dll' (GetLastError=126)
LogWindows: File 'aqProf.dll' does not exist
LogWindows: Failed to load 'VtuneApi.dll' (GetLastError=126)
LogWindows: File 'VtuneApi.dll' does not exist
LogWindows: Failed to load 'VtuneApi32e.dll' (GetLastError=126)
LogWindows: File 'VtuneApi32e.dll' does not exist
LogConsoleResponse: Display: Failed to find resolution value strings in scalability ini. Falling back to default.
LogConsoleResponse: Display: Failed to find resolution value strings in scalability ini. Falling back to default.
LogInit: Display: Running engine for game: The_Elementalists
LogPlatformFile: Not using cached read wrapper
LogTaskGraph: Started task graph with 5 named threads and 47 total threads with 3 sets of task threads.
LogStats: Stats thread started at 0.197489
LogICUInternationalization: ICU TimeZone Detection - Raw Offset: +2:00, Platform Override: ''
LogInit: Display: Loading text-based GConfig....
LogPluginManager: Mounting plugin MeshPainting
LogPluginManager: Mounting plugin XGEController
LogPluginManager: Mounting plugin Paper2D
LogPluginManager: Mounting plugin AISupport
LogPluginManager: Mounting plugin LightPropagationVolume
LogPluginManager: Mounting plugin EnvironmentQueryEditor
LogPluginManager: Mounting plugin LiveLink
LogPluginManager: Mounting plugin OodleData
LogPluginManager: Mounting plugin CameraShakePreviewer
LogPluginManager: Mounting plugin GameplayCameras
LogPluginManager: Mounting plugin AssetManagerEditor
LogPluginManager: Mounting plugin OodleNetwork
LogPluginManager: Mounting plugin CryptoKeys
LogPluginManager: Mounting plugin CurveEditorTools
LogPluginManager: Mounting plugin FacialAnimation
LogPluginManager: Mounting plugin DataValidation
LogPluginManager: Mounting plugin GameplayTagsEditor
LogPluginManager: Mounting plugin GeometryMode
LogPluginManager: Mounting plugin MacGraphicsSwitching
LogPluginManager: Mounting plugin MaterialAnalyzer
LogPluginManager: Mounting plugin SpeedTreeImporter
LogPluginManager: Mounting plugin PluginBrowser
LogPluginManager: Mounting plugin MobileLauncherProfileWizard
LogPluginManager: Mounting plugin AnimationSharing
LogPluginManager: Mounting plugin CLionSourceCodeAccess
LogPluginManager: Mounting plugin GitSourceControl
LogPluginManager: Mounting plugin KDevelopSourceCodeAccess
LogPluginManager: Mounting plugin CodeLiteSourceCodeAccess
LogPluginManager: Mounting plugin NullSourceCodeAccess
LogPluginManager: Mounting plugin PerforceSourceControl
LogPluginManager: Mounting plugin PixWinPlugin
LogPluginManager: Mounting plugin PluginUtils
LogPluginManager: Mounting plugin PropertyAccessNode
LogPluginManager: Mounting plugin PlasticSourceControl
LogPluginManager: Mounting plugin SubversionSourceControl
LogPluginManager: Mounting plugin RiderSourceCodeAccess
LogPluginManager: Mounting plugin TextureFormatOodle
LogPluginManager: Mounting plugin UObjectPlugin
LogPluginManager: Mounting plugin DatasmithContent
LogPluginManager: Mounting plugin VariantManagerContent
LogPluginManager: Mounting plugin XCodeSourceCodeAccess
LogPluginManager: Mounting plugin AlembicImporter
LogPluginManager: Mounting plugin Niagara
LogPluginManager: Mounting plugin VisualStudioCodeSourceCodeAccess
LogPluginManager: Mounting plugin VisualStudioSourceCodeAccess
LogPluginManager: Mounting plugin BackChannel
LogPluginManager: Mounting plugin ChaosCloth
LogPluginManager: Mounting plugin ChaosEditor
LogPluginManager: Mounting plugin ChaosNiagara
LogPluginManager: Mounting plugin ChaosSolverPlugin
LogPluginManager: Mounting plugin AutomationUtils
LogPluginManager: Mounting plugin CharacterAI
LogPluginManager: Mounting plugin ChaosClothEditor
LogPluginManager: Mounting plugin GeometryCache
LogPluginManager: Mounting plugin GeometryCollectionPlugin
LogPluginManager: Mounting plugin GeometryProcessing
LogPluginManager: Mounting plugin OpenImageDenoise
LogPluginManager: Mounting plugin MotoSynth
LogPluginManager: Mounting plugin PlanarCut
LogPluginManager: Mounting plugin PlatformCrypto
LogPluginManager: Mounting plugin ProxyLODPlugin
LogPluginManager: Mounting plugin PythonScriptPlugin
LogPluginManager: Mounting plugin LuminPlatformFeatures
LogPluginManager: Mounting plugin SkeletalReduction
LogPluginManager: Mounting plugin MagicLeap
LogPluginManager: Mounting plugin MagicLeapLightEstimation
LogPluginManager: Mounting plugin MagicLeapMedia
LogPluginManager: Mounting plugin MagicLeapPassableWorld
LogPluginManager: Mounting plugin MLSDK
LogPluginManager: Mounting plugin AndroidMedia
LogPluginManager: Mounting plugin AvfMedia
LogPluginManager: Mounting plugin ImgMedia
LogPluginManager: Mounting plugin MediaCompositing
LogPluginManager: Mounting plugin MediaPlayerEditor
LogPluginManager: Mounting plugin WebMMedia
LogPluginManager: Mounting plugin WmfMedia
LogPluginManager: Mounting plugin TcpMessaging
LogPluginManager: Mounting plugin UdpMessaging
LogPluginManager: Mounting plugin ActorSequence
LogPluginManager: Mounting plugin LevelSequenceEditor
LogPluginManager: Mounting plugin MatineeToLevelSequence
LogPluginManager: Mounting plugin TemplateSequence
LogPluginManager: Mounting plugin OnlineSubsystem
LogPluginManager: Mounting plugin OnlineSubsystemNull
LogPluginManager: Mounting plugin OnlineSubsystemUtils
LogPluginManager: Mounting plugin LauncherChunkInstaller
LogPluginManager: Mounting plugin AndroidPermission
LogPluginManager: Mounting plugin ActorLayerUtilities
LogPluginManager: Mounting plugin AndroidDeviceProfileSelector
LogPluginManager: Mounting plugin AndroidMoviePlayer
LogPluginManager: Mounting plugin AppleImageUtils
LogPluginManager: Mounting plugin AppleMoviePlayer
LogPluginManager: Mounting plugin AudioCapture
LogPluginManager: Mounting plugin AssetTags
LogPluginManager: Mounting plugin ArchVisCharacter
LogPluginManager: Mounting plugin AudioSynesthesia
LogPluginManager: Mounting plugin ChunkDownloader
LogPluginManager: Mounting plugin CustomMeshComponent
LogPluginManager: Mounting plugin CableComponent
LogPluginManager: Mounting plugin EditableMesh
LogPluginManager: Mounting plugin ExampleDeviceProfileSelector
LogPluginManager: Mounting plugin GoogleCloudMessaging
LogPluginManager: Mounting plugin GooglePAD
LogPluginManager: Mounting plugin IOSDeviceProfileSelector
LogPluginManager: Mounting plugin LinuxDeviceProfileSelector
LogPluginManager: Mounting plugin LocationServicesBPLibrary
LogPluginManager: Mounting plugin MobilePatchingUtils
LogPluginManager: Mounting plugin OpenXR
LogPluginManager: Mounting plugin OpenXREyeTracker
LogPluginManager: Mounting plugin OpenXRHandTracking
LogPluginManager: Mounting plugin PostSplashScreen
LogPluginManager: Mounting plugin PhysXVehicles
LogPluginManager: Mounting plugin ProceduralMeshComponent
LogPluginManager: Mounting plugin PropertyAccessEditor
LogPluginManager: Mounting plugin RuntimePhysXCooking
LogPluginManager: Mounting plugin SignificanceManager
LogPluginManager: Mounting plugin SoundFields
LogPluginManager: Mounting plugin Synthesis
LogPluginManager: Mounting plugin WebMMoviePlayer
LogPluginManager: Mounting plugin WindowsMoviePlayer
LogPluginManager: Mounting plugin ScreenshotTools
LogPluginManager: Mounting plugin Takes
LogPluginManager: Mounting plugin ContentBrowserAssetDataSource
LogPluginManager: Mounting plugin ContentBrowserClassDataSource
LogPluginManager: Mounting plugin ContentBrowserFileDataSource
LogPluginManager: Mounting plugin OnlineSubsystemGooglePlay
LogPluginManager: Mounting plugin OnlineSubsystemIOS
LogPluginManager: Mounting plugin OculusVR
LogPluginManager: Mounting plugin SteamVR
LogInit: Warning: Incompatible or missing module: The_Elementalists
Running C:/Program Files/Epic Games/UE_4.27/Engine/Binaries/DotNET/UnrealBuildTool.exe Development Win64 -Project="C:/Users/wwwcn/OneDrive/Desktop/GDC/Logipaignion/The_Elementalists/The_Elementalists.uproject" -TargetType=Editor -Progress -NoEngineChanges -NoHotReloadFromIDE
Using 'git status' to determine working set for adaptive non-unity build (C:\Users\wwwcn\OneDrive\Desktop\GDC\Logipaignion).
@progress push 5%
@progress pop
Building The_ElementalistsEditor...
Using Visual Studio 2022 14.30.30709 toolchain (C:\Program Files\Microsoft Visual Studio\2022\Community\VC\Tools\MSVC\14.30.30705) and Windows 10.0.19041.0 SDK (C:\Program Files (x86)\Windows Kits\10).
[Adaptive unity build] Excluded from The_Elementalists unity file: Chapter3Level3_AIController.cpp
[Adaptive unity build] Excluded from The_Elementalists.gen unity file: Chapter3Level3_AIController.gen.cpp, The_Elementalists.init.gen.cpp
Building 4 actions with 16 processes...
  @progress 'Compiling C++ source code...' 0%
  @progress 'Compiling C++ source code...' 25%
  [1/4] Chapter3Level3_AIController.cpp
  C:\Users\wwwcn\OneDrive\Desktop\GDC\Logipaignion\The_Elementalists\Source\The_Elementalists\Private\Chapter3Level3_AIController.cpp(17): error C2679: binary '=': no operator found which takes a right-hand operand of type 'APawn *' (or there is no acceptable conversion)
  C:\Program Files\Epic Games\UE_4.27\Engine\Source\Runtime\Engine\Classes\GameFramework/Pawn.h(39): note: could be 'APawn &APawn::operator =(const APawn &)'
  C:\Program Files\Epic Games\UE_4.27\Engine\Source\Runtime\Engine\Classes\GameFramework/Pawn.h(39): note: or       'APawn &APawn::operator =(APawn &&)'
  C:\Users\wwwcn\OneDrive\Desktop\GDC\Logipaignion\The_Elementalists\Source\The_Elementalists\Private\Chapter3Level3_AIController.cpp(17): note: while trying to match the argument list '(APawn, APawn *)'
  C:\Users\wwwcn\OneDrive\Desktop\GDC\Logipaignion\The_Elementalists\Source\The_Elementalists\Private\Chapter3Level3_AIController.cpp(20): error C2664: 'void UGameplayStatics::GetAllActorsOfClass(const UObject *,TSubclassOf<AActor>,TArray<AActor *,FDefaultAllocator> &)': cannot convert argument 3 from 'TArray<AActor,FDefaultAllocator>' to 'TArray<AActor *,FDefaultAllocator> &'
  C:\Program Files\Epic Games\UE_4.27\Engine\Source\Runtime\Engine\Classes\Kismet/Gameplaystatics.h(99): note: see declaration of 'UGameplayStatics::GetAllActorsOfClass'
  C:\Users\wwwcn\OneDrive\Desktop\GDC\Logipaignion\The_Elementalists\Source\The_Elementalists\Private\Chapter3Level3_AIController.cpp(21): error C2664: 'void UGameplayStatics::GetAllActorsOfClassWithTag(const UObject *,TSubclassOf<AActor>,FName,TArray<AActor *,FDefaultAllocator> &)': cannot convert argument 4 from 'TArray<AActor,FDefaultAllocator>' to 'TArray<AActor *,FDefaultAllocator> &'
  C:\Program Files\Epic Games\UE_4.27\Engine\Source\Runtime\Engine\Classes\Kismet/Gameplaystatics.h(127): note: see declaration of 'UGameplayStatics::GetAllActorsOfClassWithTag'
  C:\Users\wwwcn\OneDrive\Desktop\GDC\Logipaignion\The_Elementalists\Source\The_Elementalists\Private\Chapter3Level3_AIController.cpp(22): error C2664: 'void UGameplayStatics::GetAllActorsWithTag(const UObject *,FName,TArray<AActor *,FDefaultAllocator> &)': cannot convert argument 3 from 'TArray<AActor,FDefaultAllocator>' to 'TArray<AActor *,FDefaultAllocator> &'
  C:\Program Files\Epic Games\UE_4.27\Engine\Source\Runtime\Engine\Classes\Kismet/Gameplaystatics.h(117): note: see declaration of 'UGameplayStatics::GetAllActorsWithTag'
  C:\Users\wwwcn\OneDrive\Desktop\GDC\Logipaignion\The_Elementalists\Source\The_Elementalists\Private\Chapter3Level3_AIController.cpp(43): error C2664: 'void UGameplayStatics::GetAllActorsOfClass(const UObject *,TSubclassOf<AActor>,TArray<AActor *,FDefaultAllocator> &)': cannot convert argument 3 from 'TArray<AActor,FDefaultAllocator>' to 'TArray<AActor *,FDefaultAllocator> &'
  C:\Program Files\Epic Games\UE_4.27\Engine\Source\Runtime\Engine\Classes\Kismet/Gameplaystatics.h(99): note: see declaration of 'UGameplayStatics::GetAllActorsOfClass'
  C:\Users\wwwcn\OneDrive\Desktop\GDC\Logipaignion\The_Elementalists\Source\The_Elementalists\Private\Chapter3Level3_AIController.cpp(54): error C2819: type 'AActor' does not have an overloaded member 'operator ->'
  C:\Program Files\Epic Games\UE_4.27\Engine\Intermediate\Build\Win64\UE4Editor\Inc\Engine\GameplayStatics.generated.h(22): note: see declaration of 'AActor'
  C:\Users\wwwcn\OneDrive\Desktop\GDC\Logipaignion\The_Elementalists\Source\The_Elementalists\Private\Chapter3Level3_AIController.cpp(54): note: did you intend to use '.' instead?
  C:\Users\wwwcn\OneDrive\Desktop\GDC\Logipaignion\The_Elementalists\Source\The_Elementalists\Private\Chapter3Level3_AIController.cpp(54): error C2232: '->AActor::GetComponentByClass': left operand has 'class' type, use '.'
  C:\Users\wwwcn\OneDrive\Desktop\GDC\Logipaignion\The_Elementalists\Source\The_Elementalists\Private\Chapter3Level3_AIController.cpp(54): error C2027: use of undefined type 'UTriggerCollisionProfileName'
  C:\Users\wwwcn\OneDrive\Desktop\GDC\Logipaignion\The_Elementalists\Source\The_Elementalists\Public\Chapter3Level3_AIController.h(51): note: see declaration of 'UTriggerCollisionProfileName'
  C:\Users\wwwcn\OneDrive\Desktop\GDC\Logipaignion\The_Elementalists\Source\The_Elementalists\Private\Chapter3Level3_AIController.cpp(55): error C2672: 'Cast': no matching overloaded function found
  C:\Users\wwwcn\OneDrive\Desktop\GDC\Logipaignion\The_Elementalists\Source\The_Elementalists\Private\Chapter3Level3_AIController.cpp(55): error C2784: 'To *Cast(From *)': could not deduce template argument for 'From *' from 'UActorComponent'
  C:\Program Files\Epic Games\UE_4.27\Engine\Source\Runtime\CoreUObject\Public\Templates/Casts.h(109): note: see declaration of 'Cast'
  C:\Users\wwwcn\OneDrive\Desktop\GDC\Logipaignion\The_Elementalists\Source\The_Elementalists\Private\Chapter3Level3_AIController.cpp(57): error C2451: a conditional expression of type 'UActorComponent' is not valid
  C:\Users\wwwcn\OneDrive\Desktop\GDC\Logipaignion\The_Elementalists\Source\The_Elementalists\Private\Chapter3Level3_AIController.cpp(57): note: No user-defined-conversion operator available that can perform this conversion, or the operator cannot be called
  C:\Users\wwwcn\OneDrive\Desktop\GDC\Logipaignion\The_Elementalists\Source\The_Elementalists\Private\Chapter3Level3_AIController.cpp(61): error C2027: use of undefined type 'UTriggerCollisionProfileName'
  C:\Users\wwwcn\OneDrive\Desktop\GDC\Logipaignion\The_Elementalists\Source\The_Elementalists\Public\Chapter3Level3_AIController.h(51): note: see declaration of 'UTriggerCollisionProfileName'
  C:\Users\wwwcn\OneDrive\Desktop\GDC\Logipaignion\The_Elementalists\Source\The_Elementalists\Private\Chapter3Level3_AIController.cpp(75): error C2664: 'FPathFollowingRequestResult AAIController::MoveTo(const FAIMoveRequest &,FNavPathSharedPtr *)': cannot convert argument 1 from 'AActor' to 'const FAIMoveRequest &'
  C:\Users\wwwcn\OneDrive\Desktop\GDC\Logipaignion\The_Elementalists\Source\The_Elementalists\Private\Chapter3Level3_AIController.cpp(75): note: Reason: cannot convert from 'AActor' to 'const FAIMoveRequest'
  C:\Users\wwwcn\OneDrive\Desktop\GDC\Logipaignion\The_Elementalists\Source\The_Elementalists\Private\Chapter3Level3_AIController.cpp(75): note: No user-defined-conversion operator available that can perform this conversion, or the operator cannot be called
  C:\Program Files\Epic Games\UE_4.27\Engine\Source\Runtime\AIModule\Classes\AIController.h(194): note: see declaration of 'AAIController::MoveTo'
LogInit: Warning: Still incompatible or missing module: The_Elementalists
LogCore: Engine exit requested (reason: EngineExit() was called)
LogExit: Preparing to exit.
LogModuleManager: Shutting down and abandoning module DesktopPlatform (48)
LogModuleManager: Shutting down and abandoning module PythonScriptPluginPreload (46)
LogModuleManager: Shutting down and abandoning module PlatformCryptoOpenSSL (44)
LogModuleManager: Shutting down and abandoning module PlatformCryptoTypes (42)
LogModuleManager: Shutting down and abandoning module PlatformCrypto (40)
LogModuleManager: Shutting down and abandoning module OodleDataCompressionFormat (38)
LogModuleManager: Shutting down and abandoning module XGEController (36)
LogXGEController: Cannot use XGE Controller as Incredibuild is not installed on this machine.
LogXGEController: Cleaning working directory: C:/Users/wwwcn/AppData/Local/Temp/UnrealXGEWorkingDir/
LogModuleManager: Shutting down and abandoning module AnimationModifiers (34)
LogModuleManager: Shutting down and abandoning module AudioEditor (32)
LogModuleManager: Shutting down and abandoning module PropertyEditor (31)
LogModuleManager: Shutting down and abandoning module TextureCompressor (28)
LogModuleManager: Shutting down and abandoning module RenderCore (26)
LogModuleManager: Shutting down and abandoning module Landscape (24)
LogModuleManager: Shutting down and abandoning module SlateRHIRenderer (22)
LogModuleManager: Shutting down and abandoning module AnimGraphRuntime (20)
LogModuleManager: Shutting down and abandoning module Renderer (18)
LogModuleManager: Shutting down and abandoning module Engine (16)
LogModuleManager: Shutting down and abandoning module CoreUObject (14)
LogModuleManager: Shutting down and abandoning module NetworkFile (12)
LogModuleManager: Shutting down and abandoning module CookedIterativeFile (10)
LogModuleManager: Shutting down and abandoning module StreamingFile (8)
LogModuleManager: Shutting down and abandoning module SandboxFile (6)
LogModuleManager: Shutting down and abandoning module PakFile (4)
LogModuleManager: Shutting down and abandoning module RSA (3)
LogExit: Exiting.
Log file closed, 03/23/22 22:29:38
