Log file open, 01/29/22 23:53:43
LogWindows: Failed to load 'aqProf.dll' (GetLastError=126)
LogWindows: File 'aqProf.dll' does not exist
LogWindows: Failed to load 'VtuneApi.dll' (GetLastError=126)
LogWindows: File 'VtuneApi.dll' does not exist
LogWindows: Failed to load 'VtuneApi32e.dll' (GetLastError=126)
LogWindows: File 'VtuneApi32e.dll' does not exist
LogConsoleResponse: Display: Failed to find resolution value strings in scalability ini. Falling back to default.
LogConsoleResponse: Display: Failed to find resolution value strings in scalability ini. Falling back to default.
LogInit: Display: Running engine for game: The_Elementalists
LogPlatformFile: Not using cached read wrapper
LogTaskGraph: Started task graph with 5 named threads and 23 total threads with 3 sets of task threads.
LogStats: Stats thread started at 0.510408
LogICUInternationalization: ICU TimeZone Detection - Raw Offset: +2:00, Platform Override: ''
LogInit: Display: Loading text-based GConfig....
LogPluginManager: Mounting plugin MeshPainting
LogPluginManager: Mounting plugin XGEController
LogPluginManager: Mounting plugin Paper2D
LogPluginManager: Mounting plugin AISupport
LogPluginManager: Mounting plugin EnvironmentQueryEditor
LogPluginManager: Mounting plugin LiveLink
LogPluginManager: Mounting plugin LightPropagationVolume
LogPluginManager: Mounting plugin CameraShakePreviewer
LogPluginManager: Mounting plugin GameplayCameras
LogPluginManager: Mounting plugin OodleData
LogPluginManager: Mounting plugin OodleNetwork
LogPluginManager: Mounting plugin AnimationSharing
LogPluginManager: Mounting plugin CLionSourceCodeAccess
LogPluginManager: Mounting plugin CodeLiteSourceCodeAccess
LogPluginManager: Mounting plugin GitSourceControl
LogPluginManager: Mounting plugin KDevelopSourceCodeAccess
LogPluginManager: Mounting plugin NullSourceCodeAccess
LogPluginManager: Mounting plugin PerforceSourceControl
LogPluginManager: Mounting plugin PixWinPlugin
LogPluginManager: Mounting plugin PluginUtils
LogPluginManager: Mounting plugin PlasticSourceControl
LogPluginManager: Mounting plugin PropertyAccessNode
LogPluginManager: Mounting plugin RiderSourceCodeAccess
LogPluginManager: Mounting plugin TextureFormatOodle
LogPluginManager: Mounting plugin SubversionSourceControl
LogPluginManager: Mounting plugin VisualStudioCodeSourceCodeAccess
LogPluginManager: Mounting plugin UObjectPlugin
LogPluginManager: Mounting plugin XCodeSourceCodeAccess
LogPluginManager: Mounting plugin AssetManagerEditor
LogPluginManager: Mounting plugin VisualStudioSourceCodeAccess
LogPluginManager: Mounting plugin DataValidation
LogPluginManager: Mounting plugin CurveEditorTools
LogPluginManager: Mounting plugin CryptoKeys
LogPluginManager: Mounting plugin FacialAnimation
LogPluginManager: Mounting plugin GameplayTagsEditor
LogPluginManager: Mounting plugin GeometryMode
LogPluginManager: Mounting plugin MacGraphicsSwitching
LogPluginManager: Mounting plugin MaterialAnalyzer
LogPluginManager: Mounting plugin MobileLauncherProfileWizard
LogPluginManager: Mounting plugin PluginBrowser
LogPluginManager: Mounting plugin SpeedTreeImporter
LogPluginManager: Mounting plugin DatasmithContent
LogPluginManager: Mounting plugin VariantManagerContent
LogPluginManager: Mounting plugin AlembicImporter
LogPluginManager: Mounting plugin BackChannel
LogPluginManager: Mounting plugin AutomationUtils
LogPluginManager: Mounting plugin ChaosCloth
LogPluginManager: Mounting plugin ChaosClothEditor
LogPluginManager: Mounting plugin ChaosEditor
LogPluginManager: Mounting plugin ChaosSolverPlugin
LogPluginManager: Mounting plugin ChaosNiagara
LogPluginManager: Mounting plugin CharacterAI
LogPluginManager: Mounting plugin GeometryCollectionPlugin
LogPluginManager: Mounting plugin GeometryProcessing
LogPluginManager: Mounting plugin GeometryCache
LogPluginManager: Mounting plugin MotoSynth
LogPluginManager: Mounting plugin OpenImageDenoise
LogPluginManager: Mounting plugin PlatformCrypto
LogPluginManager: Mounting plugin PlanarCut
LogPluginManager: Mounting plugin ProxyLODPlugin
LogPluginManager: Mounting plugin PythonScriptPlugin
LogPluginManager: Mounting plugin SkeletalReduction
LogPluginManager: Mounting plugin Niagara
LogPluginManager: Mounting plugin LuminPlatformFeatures
LogPluginManager: Mounting plugin MagicLeap
LogPluginManager: Mounting plugin MagicLeapLightEstimation
LogPluginManager: Mounting plugin MagicLeapMedia
LogPluginManager: Mounting plugin MagicLeapPassableWorld
LogPluginManager: Mounting plugin MLSDK
LogPluginManager: Mounting plugin AndroidMedia
LogPluginManager: Mounting plugin AvfMedia
LogPluginManager: Mounting plugin ImgMedia
LogPluginManager: Mounting plugin MediaCompositing
LogPluginManager: Mounting plugin MediaPlayerEditor
LogPluginManager: Mounting plugin WebMMedia
LogPluginManager: Mounting plugin WmfMedia
LogPluginManager: Mounting plugin TcpMessaging
LogPluginManager: Mounting plugin UdpMessaging
LogPluginManager: Mounting plugin ActorSequence
LogPluginManager: Mounting plugin LevelSequenceEditor
LogPluginManager: Mounting plugin MatineeToLevelSequence
LogPluginManager: Mounting plugin OnlineSubsystem
LogPluginManager: Mounting plugin TemplateSequence
LogPluginManager: Mounting plugin OnlineSubsystemNull
LogPluginManager: Mounting plugin ActorLayerUtilities
LogPluginManager: Mounting plugin LauncherChunkInstaller
LogPluginManager: Mounting plugin AndroidMoviePlayer
LogPluginManager: Mounting plugin AndroidDeviceProfileSelector
LogPluginManager: Mounting plugin AndroidPermission
LogPluginManager: Mounting plugin AppleImageUtils
LogPluginManager: Mounting plugin AppleMoviePlayer
LogPluginManager: Mounting plugin ArchVisCharacter
LogPluginManager: Mounting plugin AssetTags
LogPluginManager: Mounting plugin AudioCapture
LogPluginManager: Mounting plugin AudioSynesthesia
LogPluginManager: Mounting plugin CableComponent
LogPluginManager: Mounting plugin ChunkDownloader
LogPluginManager: Mounting plugin CustomMeshComponent
LogPluginManager: Mounting plugin EditableMesh
LogPluginManager: Mounting plugin ExampleDeviceProfileSelector
LogPluginManager: Mounting plugin GoogleCloudMessaging
LogPluginManager: Mounting plugin GooglePAD
LogPluginManager: Mounting plugin IOSDeviceProfileSelector
LogPluginManager: Mounting plugin LinuxDeviceProfileSelector
LogPluginManager: Mounting plugin LocationServicesBPLibrary
LogPluginManager: Mounting plugin MobilePatchingUtils
LogPluginManager: Mounting plugin OpenXR
LogPluginManager: Mounting plugin OpenXRHandTracking
LogPluginManager: Mounting plugin OpenXREyeTracker
LogPluginManager: Mounting plugin PhysXVehicles
LogPluginManager: Mounting plugin PostSplashScreen
LogPluginManager: Mounting plugin ProceduralMeshComponent
LogPluginManager: Mounting plugin PropertyAccessEditor
LogPluginManager: Mounting plugin RuntimePhysXCooking
LogPluginManager: Mounting plugin SignificanceManager
LogPluginManager: Mounting plugin SoundFields
LogPluginManager: Mounting plugin Synthesis
LogPluginManager: Mounting plugin WebMMoviePlayer
LogPluginManager: Mounting plugin WindowsMoviePlayer
LogPluginManager: Mounting plugin ScreenshotTools
LogPluginManager: Mounting plugin Takes
LogPluginManager: Mounting plugin OnlineSubsystemUtils
LogPluginManager: Mounting plugin ContentBrowserAssetDataSource
LogPluginManager: Mounting plugin ContentBrowserClassDataSource
LogPluginManager: Mounting plugin ContentBrowserFileDataSource
LogPluginManager: Mounting plugin OnlineSubsystemGooglePlay
LogPluginManager: Mounting plugin OnlineSubsystemIOS
LogPluginManager: Mounting plugin OculusVR
LogPluginManager: Mounting plugin SteamVR
PixWinPlugin: PIX capture plugin failed to initialize! Check that the process is launched from PIX.
LogInit: Using libcurl 7.55.1-DEV
LogInit:  - built for x86_64-pc-win32
LogInit:  - supports SSL with OpenSSL/1.1.1
LogInit:  - supports HTTP deflate (compression) using libz 1.2.8
LogInit:  - other features:
LogInit:      CURL_VERSION_SSL
LogInit:      CURL_VERSION_LIBZ
LogInit:      CURL_VERSION_IPV6
LogInit:      CURL_VERSION_ASYNCHDNS
LogInit:      CURL_VERSION_LARGEFILE
LogInit:      CURL_VERSION_IDN
LogInit:  CurlRequestOptions (configurable via config and command line):
LogInit:  - bVerifyPeer = true  - Libcurl will verify peer certificate
LogInit:  - bUseHttpProxy = false  - Libcurl will NOT use HTTP proxy
LogInit:  - bDontReuseConnections = false  - Libcurl will reuse connections
LogInit:  - MaxHostConnections = 16  - Libcurl will limit the number of connections to a host
LogInit:  - LocalHostAddr = Default
LogInit:  - BufferSize = 65536
LogOnline: OSS: Creating online subsystem instance for: NULL
LogInit: WinSock: version 1.1 (2.2), MaxSocks=32767, MaxUdp=65467
LogOnline: OSS: TryLoadSubsystemAndSetDefault: Loaded subsystem for module [NULL]
LogOculusPluginWrapper: OculusPlugin initialized successfully
LogHMD: Failed initializing OVRPlugin 1.59.0
LogInit: Build: ++UE4+Release-4.27-CL-17735300
LogInit: Engine Version: 4.27.1-17735300+++UE4+Release-4.27
LogInit: Compatible Engine Version: 4.27.0-17155196+++UE4+Release-4.27
LogInit: Net CL: 17155196
LogInit: OS: Windows 10 (Release 2009) (), CPU: Intel(R) Core(TM) i3-10100 CPU @ 3.60GHz, GPU: NVIDIA GeForce GTX 1650 SUPER
LogInit: Compiled (64-bit): Oct  6 2021 14:42:51
LogInit: Compiled with Visual C++: 19.24.28315.00
LogInit: Build Configuration: Development
LogInit: Branch Name: ++UE4+Release-4.27
LogInit: Command Line:  -skipcompile
LogInit: Base Directory: C:/Program Files/Epic Games/UE_4.27/Engine/Binaries/Win64/
LogInit: Allocator: TBB
LogInit: Installed Engine Build: 1
LogDevObjectVersion: Number of dev versions registered: 29
LogDevObjectVersion:   Dev-Blueprints (B0D832E4-1F89-4F0D-ACCF-7EB736FD4AA2): 10
LogDevObjectVersion:   Dev-Build (E1C64328-A22C-4D53-A36C-8E866417BD8C): 0
LogDevObjectVersion:   Dev-Core (375EC13C-06E4-48FB-B500-84F0262A717E): 4
LogDevObjectVersion:   Dev-Editor (E4B068ED-F494-42E9-A231-DA0B2E46BB41): 40
LogDevObjectVersion:   Dev-Framework (CFFC743F-43B0-4480-9391-14DF171D2073): 37
LogDevObjectVersion:   Dev-Mobile (B02B49B5-BB20-44E9-A304-32B752E40360): 3
LogDevObjectVersion:   Dev-Networking (A4E4105C-59A1-49B5-A7C5-40C4547EDFEE): 0
LogDevObjectVersion:   Dev-Online (39C831C9-5AE6-47DC-9A44-9C173E1C8E7C): 0
LogDevObjectVersion:   Dev-Physics (78F01B33-EBEA-4F98-B9B4-84EACCB95AA2): 14
LogDevObjectVersion:   Dev-Platform (6631380F-2D4D-43E0-8009-CF276956A95A): 0
LogDevObjectVersion:   Dev-Rendering (12F88B9F-8875-4AFC-A67C-D90C383ABD29): 45
LogDevObjectVersion:   Dev-Sequencer (7B5AE74C-D270-4C10-A958-57980B212A5A): 13
LogDevObjectVersion:   Dev-VR (D7296918-1DD6-4BDD-9DE2-64A83CC13884): 3
LogDevObjectVersion:   Dev-LoadTimes (C2A15278-BFE7-4AFE-6C17-90FF531DF755): 1
LogDevObjectVersion:   Private-Geometry (6EACA3D4-40EC-4CC1-B786-8BED09428FC5): 3
LogDevObjectVersion:   Dev-AnimPhys (29E575DD-E0A3-4627-9D10-D276232CDCEA): 17
LogDevObjectVersion:   Dev-Anim (AF43A65D-7FD3-4947-9873-3E8ED9C1BB05): 15
LogDevObjectVersion:   Dev-ReflectionCapture (6B266CEC-1EC7-4B8F-A30B-E4D90942FC07): 1
LogDevObjectVersion:   Dev-Automation (0DF73D61-A23F-47EA-B727-89E90C41499A): 1
LogDevObjectVersion:   FortniteMain (601D1886-AC64-4F84-AA16-D3DE0DEAC7D6): 47
LogDevObjectVersion:   FortniteRelease (E7086368-6B23-4C58-8439-1B7016265E91): 1
LogDevObjectVersion:   Dev-Enterprise (9DFFBCD6-494F-0158-E221-12823C92A888): 10
LogDevObjectVersion:   Dev-Niagara (F2AED0AC-9AFE-416F-8664-AA7FFA26D6FC): 1
LogDevObjectVersion:   Dev-Destruction (174F1F0B-B4C6-45A5-B13F-2EE8D0FB917D): 10
LogDevObjectVersion:   Dev-Physics-Ext (35F94A83-E258-406C-A318-09F59610247C): 41
LogDevObjectVersion:   Dev-PhysicsMaterial-Chaos (B68FC16E-8B1B-42E2-B453-215C058844FE): 1
LogDevObjectVersion:   Dev-CineCamera (B2E18506-4273-CFC2-A54E-F4BB758BBA07): 1
LogDevObjectVersion:   Dev-VirtualProduction (64F58936-FD1B-42BA-BA96-7289D5D0FA4E): 1
LogDevObjectVersion:   Dev-MediaFramework (6F0ED827-A609-4895-9C91-998D90180EA4): 2
LogInit: Presizing for max 25165824 objects, including 0 objects not considered by GC, pre-allocating 0 bytes for permanent pool.
LogConfig: Applying CVar settings from Section [/Script/Engine.StreamingSettings] File [D:/rt/Logipaignion/The_Elementalists/Saved/Config/Windows/Engine.ini]
LogConfig: Setting CVar [[s.MinBulkDataSizeForAsyncLoading:131072]]
LogConfig: Setting CVar [[s.AsyncLoadingThreadEnabled:0]]
LogConfig: Setting CVar [[s.EventDrivenLoaderEnabled:1]]
LogConfig: Setting CVar [[s.WarnIfTimeLimitExceeded:0]]
LogConfig: Setting CVar [[s.TimeLimitExceededMultiplier:1.5]]
LogConfig: Setting CVar [[s.TimeLimitExceededMinTime:0.005]]
LogConfig: Setting CVar [[s.UseBackgroundLevelStreaming:1]]
LogConfig: Setting CVar [[s.PriorityAsyncLoadingExtraTime:15.0]]
LogConfig: Setting CVar [[s.LevelStreamingActorsUpdateTimeLimit:5.0]]
LogConfig: Setting CVar [[s.PriorityLevelStreamingActorsUpdateExtraTime:5.0]]
LogConfig: Setting CVar [[s.LevelStreamingComponentsRegistrationGranularity:10]]
LogConfig: Setting CVar [[s.UnregisterComponentsTimeLimit:1.0]]
LogConfig: Setting CVar [[s.LevelStreamingComponentsUnregistrationGranularity:5]]
LogConfig: Setting CVar [[s.FlushStreamingOnExit:1]]
LogInit: Object subsystem initialized
LogConfig: Setting CVar [[con.DebugEarlyDefault:1]]
LogConfig: Setting CVar [[r.setres:1280x720]]
[2022.01.29-21.53.43:948][  0]LogConfig: Setting CVar [[r.VSync:0]]
[2022.01.29-21.53.43:948][  0]LogConfig: Setting CVar [[r.RHICmdBypass:0]]
[2022.01.29-21.53.43:948][  0]LogConfig: Applying CVar settings from Section [/Script/Engine.RendererSettings] File [D:/rt/Logipaignion/The_Elementalists/Saved/Config/Windows/Engine.ini]
[2022.01.29-21.53.43:948][  0]LogConfig: Setting CVar [[r.GPUCrashDebugging:0]]
[2022.01.29-21.53.43:948][  0]LogConfig: Applying CVar settings from Section [/Script/Engine.RendererOverrideSettings] File [D:/rt/Logipaignion/The_Elementalists/Saved/Config/Windows/Engine.ini]
[2022.01.29-21.53.43:948][  0]LogConfig: Applying CVar settings from Section [/Script/Engine.StreamingSettings] File [D:/rt/Logipaignion/The_Elementalists/Saved/Config/Windows/Engine.ini]
[2022.01.29-21.53.43:948][  0]LogConfig: Setting CVar [[s.MinBulkDataSizeForAsyncLoading:131072]]
[2022.01.29-21.53.43:948][  0]LogConfig: Setting CVar [[s.AsyncLoadingThreadEnabled:0]]
[2022.01.29-21.53.43:948][  0]LogConfig: Setting CVar [[s.EventDrivenLoaderEnabled:1]]
[2022.01.29-21.53.43:948][  0]LogConfig: Setting CVar [[s.WarnIfTimeLimitExceeded:0]]
[2022.01.29-21.53.43:948][  0]LogConfig: Setting CVar [[s.TimeLimitExceededMultiplier:1.5]]
[2022.01.29-21.53.43:948][  0]LogConfig: Setting CVar [[s.TimeLimitExceededMinTime:0.005]]
[2022.01.29-21.53.43:949][  0]LogConfig: Setting CVar [[s.UseBackgroundLevelStreaming:1]]
[2022.01.29-21.53.43:949][  0]LogConfig: Setting CVar [[s.PriorityAsyncLoadingExtraTime:15.0]]
[2022.01.29-21.53.43:949][  0]LogConfig: Setting CVar [[s.LevelStreamingActorsUpdateTimeLimit:5.0]]
[2022.01.29-21.53.43:949][  0]LogConfig: Setting CVar [[s.PriorityLevelStreamingActorsUpdateExtraTime:5.0]]
[2022.01.29-21.53.43:949][  0]LogConfig: Setting CVar [[s.LevelStreamingComponentsRegistrationGranularity:10]]
[2022.01.29-21.53.43:949][  0]LogConfig: Setting CVar [[s.UnregisterComponentsTimeLimit:1.0]]
[2022.01.29-21.53.43:949][  0]LogConfig: Setting CVar [[s.LevelStreamingComponentsUnregistrationGranularity:5]]
[2022.01.29-21.53.43:949][  0]LogConfig: Setting CVar [[s.FlushStreamingOnExit:1]]
[2022.01.29-21.53.43:949][  0]LogConfig: Applying CVar settings from Section [/Script/Engine.GarbageCollectionSettings] File [D:/rt/Logipaignion/The_Elementalists/Saved/Config/Windows/Engine.ini]
[2022.01.29-21.53.43:949][  0]LogConfig: Setting CVar [[gc.MaxObjectsNotConsideredByGC:1]]
[2022.01.29-21.53.43:949][  0]LogConfig: Setting CVar [[gc.SizeOfPermanentObjectPool:0]]
[2022.01.29-21.53.43:949][  0]LogConfig: Setting CVar [[gc.FlushStreamingOnGC:0]]
[2022.01.29-21.53.43:949][  0]LogConfig: Setting CVar [[gc.NumRetriesBeforeForcingGC:10]]
[2022.01.29-21.53.43:949][  0]LogConfig: Setting CVar [[gc.AllowParallelGC:1]]
[2022.01.29-21.53.43:949][  0]LogConfig: Setting CVar [[gc.TimeBetweenPurgingPendingKillObjects:61.1]]
[2022.01.29-21.53.43:949][  0]LogConfig: Setting CVar [[gc.MaxObjectsInEditor:25165824]]
[2022.01.29-21.53.43:949][  0]LogConfig: Setting CVar [[gc.IncrementalBeginDestroyEnabled:1]]
[2022.01.29-21.53.43:949][  0]LogConfig: Setting CVar [[gc.CreateGCClusters:1]]
[2022.01.29-21.53.43:949][  0]LogConfig: Setting CVar [[gc.MinGCClusterSize:5]]
[2022.01.29-21.53.43:949][  0]LogConfig: Setting CVar [[gc.ActorClusteringEnabled:0]]
[2022.01.29-21.53.43:949][  0]LogConfig: Setting CVar [[gc.BlueprintClusteringEnabled:0]]
[2022.01.29-21.53.43:949][  0]LogConfig: Setting CVar [[gc.UseDisregardForGCOnDedicatedServers:0]]
[2022.01.29-21.53.43:949][  0]LogConfig: Setting CVar [[gc.MultithreadedDestructionEnabled:1]]
[2022.01.29-21.53.43:949][  0]LogConfig: Applying CVar settings from Section [/Script/Engine.NetworkSettings] File [D:/rt/Logipaignion/The_Elementalists/Saved/Config/Windows/Engine.ini]
[2022.01.29-21.53.43:949][  0]LogConfig: Applying CVar settings from Section [/Script/UnrealEd.CookerSettings] File [D:/rt/Logipaignion/The_Elementalists/Saved/Config/Windows/Engine.ini]
[2022.01.29-21.53.43:980][  0]LogConfig: Applying CVar settings from Section [ViewDistanceQuality@3] File [D:/rt/Logipaignion/The_Elementalists/Saved/Config/Windows/Scalability.ini]
[2022.01.29-21.53.43:980][  0]LogConfig: Setting CVar [[r.SkeletalMeshLODBias:0]]
[2022.01.29-21.53.43:980][  0]LogConfig: Setting CVar [[r.ViewDistanceScale:1.0]]
[2022.01.29-21.53.43:980][  0]LogConfig: Applying CVar settings from Section [AntiAliasingQuality@3] File [D:/rt/Logipaignion/The_Elementalists/Saved/Config/Windows/Scalability.ini]
[2022.01.29-21.53.43:980][  0]LogConfig: Setting CVar [[r.PostProcessAAQuality:4]]
[2022.01.29-21.53.43:980][  0]LogConfig: Applying CVar settings from Section [ShadowQuality@3] File [D:/rt/Logipaignion/The_Elementalists/Saved/Config/Windows/Scalability.ini]
[2022.01.29-21.53.43:980][  0]LogConfig: Setting CVar [[r.LightFunctionQuality:1]]
[2022.01.29-21.53.43:980][  0]LogConfig: Setting CVar [[r.ShadowQuality:5]]
[2022.01.29-21.53.43:980][  0]LogConfig: Setting CVar [[r.Shadow.CSM.MaxCascades:10]]
[2022.01.29-21.53.43:980][  0]LogConfig: Setting CVar [[r.Shadow.MaxResolution:2048]]
[2022.01.29-21.53.43:980][  0]LogConfig: Setting CVar [[r.Shadow.MaxCSMResolution:2048]]
[2022.01.29-21.53.43:980][  0]LogConfig: Setting CVar [[r.Shadow.RadiusThreshold:0.01]]
[2022.01.29-21.53.43:980][  0]LogConfig: Setting CVar [[r.Shadow.DistanceScale:1.0]]
[2022.01.29-21.53.43:980][  0]LogConfig: Setting CVar [[r.Shadow.CSM.TransitionScale:1.0]]
[2022.01.29-21.53.43:980][  0]LogConfig: Setting CVar [[r.Shadow.PreShadowResolutionFactor:1.0]]
[2022.01.29-21.53.43:980][  0]LogConfig: Setting CVar [[r.DistanceFieldShadowing:1]]
[2022.01.29-21.53.43:980][  0]LogConfig: Setting CVar [[r.DistanceFieldAO:1]]
[2022.01.29-21.53.43:980][  0]LogConfig: Setting CVar [[r.AOQuality:2]]
[2022.01.29-21.53.43:980][  0]LogConfig: Setting CVar [[r.VolumetricFog:1]]
[2022.01.29-21.53.43:981][  0]LogConfig: Setting CVar [[r.VolumetricFog.GridPixelSize:8]]
[2022.01.29-21.53.43:981][  0]LogConfig: Setting CVar [[r.VolumetricFog.GridSizeZ:128]]
[2022.01.29-21.53.43:981][  0]LogConfig: Setting CVar [[r.VolumetricFog.HistoryMissSupersampleCount:4]]
[2022.01.29-21.53.43:981][  0]LogConfig: Setting CVar [[r.LightMaxDrawDistanceScale:1]]
[2022.01.29-21.53.43:981][  0]LogConfig: Setting CVar [[r.CapsuleShadows:1]]
[2022.01.29-21.53.43:981][  0]LogConfig: Applying CVar settings from Section [PostProcessQuality@3] File [D:/rt/Logipaignion/The_Elementalists/Saved/Config/Windows/Scalability.ini]
[2022.01.29-21.53.43:981][  0]LogConfig: Setting CVar [[r.MotionBlurQuality:4]]
[2022.01.29-21.53.43:981][  0]LogConfig: Setting CVar [[r.AmbientOcclusionMipLevelFactor:0.4]]
[2022.01.29-21.53.43:981][  0]LogConfig: Setting CVar [[r.AmbientOcclusionMaxQuality:100]]
[2022.01.29-21.53.43:981][  0]LogConfig: Setting CVar [[r.AmbientOcclusionLevels:-1]]
[2022.01.29-21.53.43:981][  0]LogConfig: Setting CVar [[r.AmbientOcclusionRadiusScale:1.0]]
[2022.01.29-21.53.43:981][  0]LogConfig: Setting CVar [[r.DepthOfFieldQuality:2]]
[2022.01.29-21.53.43:981][  0]LogConfig: Setting CVar [[r.RenderTargetPoolMin:400]]
[2022.01.29-21.53.43:981][  0]LogConfig: Setting CVar [[r.LensFlareQuality:2]]
[2022.01.29-21.53.43:981][  0]LogConfig: Setting CVar [[r.SceneColorFringeQuality:1]]
[2022.01.29-21.53.43:981][  0]LogConfig: Setting CVar [[r.EyeAdaptationQuality:2]]
[2022.01.29-21.53.43:981][  0]LogConfig: Setting CVar [[r.BloomQuality:5]]
[2022.01.29-21.53.43:981][  0]LogConfig: Setting CVar [[r.FastBlurThreshold:100]]
[2022.01.29-21.53.43:981][  0]LogConfig: Setting CVar [[r.Upscale.Quality:3]]
[2022.01.29-21.53.43:981][  0]LogConfig: Setting CVar [[r.Tonemapper.GrainQuantization:1]]
[2022.01.29-21.53.43:981][  0]LogConfig: Setting CVar [[r.LightShaftQuality:1]]
[2022.01.29-21.53.43:981][  0]LogConfig: Setting CVar [[r.Filter.SizeScale:1]]
[2022.01.29-21.53.43:981][  0]LogConfig: Setting CVar [[r.Tonemapper.Quality:5]]
[2022.01.29-21.53.43:981][  0]LogConfig: Setting CVar [[r.DOF.Gather.AccumulatorQuality:1        ; higher gathering accumulator quality]]
[2022.01.29-21.53.43:981][  0]LogConfig: Setting CVar [[r.DOF.Gather.PostfilterMethod:1          ; Median3x3 postfilering method]]
[2022.01.29-21.53.43:981][  0]LogConfig: Setting CVar [[r.DOF.Gather.EnableBokehSettings:0       ; no bokeh simulation when gathering]]
[2022.01.29-21.53.43:981][  0]LogConfig: Setting CVar [[r.DOF.Gather.RingCount:4                 ; medium number of samples when gathering]]
[2022.01.29-21.53.43:981][  0]LogConfig: Setting CVar [[r.DOF.Scatter.ForegroundCompositing:1    ; additive foreground scattering]]
[2022.01.29-21.53.43:981][  0]LogConfig: Setting CVar [[r.DOF.Scatter.BackgroundCompositing:2    ; additive background scattering]]
[2022.01.29-21.53.43:982][  0]LogConfig: Setting CVar [[r.DOF.Scatter.EnableBokehSettings:1      ; bokeh simulation when scattering]]
[2022.01.29-21.53.43:982][  0]LogConfig: Setting CVar [[r.DOF.Scatter.MaxSpriteRatio:0.1         ; only a maximum of 10% of scattered bokeh]]
[2022.01.29-21.53.43:982][  0]LogConfig: Setting CVar [[r.DOF.Recombine.Quality:1                ; cheap slight out of focus]]
[2022.01.29-21.53.43:982][  0]LogConfig: Setting CVar [[r.DOF.Recombine.EnableBokehSettings:0    ; no bokeh simulation on slight out of focus]]
[2022.01.29-21.53.43:982][  0]LogConfig: Setting CVar [[r.DOF.TemporalAAQuality:1                ; more stable temporal accumulation]]
[2022.01.29-21.53.43:982][  0]LogConfig: Setting CVar [[r.DOF.Kernel.MaxForegroundRadius:0.025]]
[2022.01.29-21.53.43:982][  0]LogConfig: Setting CVar [[r.DOF.Kernel.MaxBackgroundRadius:0.025]]
[2022.01.29-21.53.43:982][  0]LogConfig: Applying CVar settings from Section [TextureQuality@3] File [D:/rt/Logipaignion/The_Elementalists/Saved/Config/Windows/Scalability.ini]
[2022.01.29-21.53.43:982][  0]LogConfig: Setting CVar [[r.Streaming.MipBias:0]]
[2022.01.29-21.53.43:982][  0]LogConfig: Setting CVar [[r.Streaming.AmortizeCPUToGPUCopy:0]]
[2022.01.29-21.53.43:982][  0]LogConfig: Setting CVar [[r.Streaming.MaxNumTexturesToStreamPerFrame:0]]
[2022.01.29-21.53.43:982][  0]LogConfig: Setting CVar [[r.Streaming.Boost:1]]
[2022.01.29-21.53.43:982][  0]LogConfig: Setting CVar [[r.MaxAnisotropy:8]]
[2022.01.29-21.53.43:982][  0]LogConfig: Setting CVar [[r.VT.MaxAnisotropy:8]]
[2022.01.29-21.53.43:982][  0]LogConfig: Setting CVar [[r.Streaming.LimitPoolSizeToVRAM:0]]
[2022.01.29-21.53.43:982][  0]LogConfig: Setting CVar [[r.Streaming.PoolSize:1000]]
[2022.01.29-21.53.43:982][  0]LogConfig: Setting CVar [[r.Streaming.MaxEffectiveScreenSize:0]]
[2022.01.29-21.53.43:982][  0]LogConfig: Applying CVar settings from Section [EffectsQuality@3] File [D:/rt/Logipaignion/The_Elementalists/Saved/Config/Windows/Scalability.ini]
[2022.01.29-21.53.43:982][  0]LogConfig: Setting CVar [[r.TranslucencyLightingVolumeDim:64]]
[2022.01.29-21.53.43:983][  0]LogConfig: Setting CVar [[r.RefractionQuality:2]]
[2022.01.29-21.53.43:983][  0]LogConfig: Setting CVar [[r.SSR.Quality:3]]
[2022.01.29-21.53.43:983][  0]LogConfig: Setting CVar [[r.SSR.HalfResSceneColor:0]]
[2022.01.29-21.53.43:983][  0]LogConfig: Setting CVar [[r.SceneColorFormat:4]]
[2022.01.29-21.53.43:983][  0]LogConfig: Setting CVar [[r.DetailMode:2]]
[2022.01.29-21.53.43:983][  0]LogConfig: Setting CVar [[r.TranslucencyVolumeBlur:1]]
[2022.01.29-21.53.43:983][  0]LogConfig: Setting CVar [[r.MaterialQualityLevel:1 ; High quality]]
[2022.01.29-21.53.43:983][  0]LogConfig: Setting CVar [[r.AnisotropicMaterials:1]]
[2022.01.29-21.53.43:983][  0]LogConfig: Setting CVar [[r.SSS.Scale:1]]
[2022.01.29-21.53.43:983][  0]LogConfig: Setting CVar [[r.SSS.SampleSet:2]]
[2022.01.29-21.53.43:983][  0]LogConfig: Setting CVar [[r.SSS.Quality:1]]
[2022.01.29-21.53.43:983][  0]LogConfig: Setting CVar [[r.SSS.HalfRes:0]]
[2022.01.29-21.53.43:983][  0]LogConfig: Setting CVar [[r.SSGI.Quality:3]]
[2022.01.29-21.53.43:983][  0]LogConfig: Setting CVar [[r.EmitterSpawnRateScale:1.0]]
[2022.01.29-21.53.43:983][  0]LogConfig: Setting CVar [[r.ParticleLightQuality:2]]
[2022.01.29-21.53.43:983][  0]LogConfig: Setting CVar [[r.SkyAtmosphere.AerialPerspectiveLUT.FastApplyOnOpaque:1 ; Always have FastSkyLUT 1 in this case to avoid wrong sky]]
[2022.01.29-21.53.43:983][  0]LogConfig: Setting CVar [[r.SkyAtmosphere.AerialPerspectiveLUT.SampleCountMaxPerSlice:4]]
[2022.01.29-21.53.43:983][  0]LogConfig: Setting CVar [[r.SkyAtmosphere.AerialPerspectiveLUT.DepthResolution:16.0]]
[2022.01.29-21.53.43:983][  0]LogConfig: Setting CVar [[r.SkyAtmosphere.FastSkyLUT:1]]
[2022.01.29-21.53.43:983][  0]LogConfig: Setting CVar [[r.SkyAtmosphere.FastSkyLUT.SampleCountMin:4.0]]
[2022.01.29-21.53.43:983][  0]LogConfig: Setting CVar [[r.SkyAtmosphere.FastSkyLUT.SampleCountMax:128.0]]
[2022.01.29-21.53.43:983][  0]LogConfig: Setting CVar [[r.SkyAtmosphere.SampleCountMin:4.0]]
[2022.01.29-21.53.43:983][  0]LogConfig: Setting CVar [[r.SkyAtmosphere.SampleCountMax:128.0]]
[2022.01.29-21.53.43:983][  0]LogConfig: Setting CVar [[r.SkyAtmosphere.TransmittanceLUT.UseSmallFormat:0]]
[2022.01.29-21.53.43:983][  0]LogConfig: Setting CVar [[r.SkyAtmosphere.TransmittanceLUT.SampleCount:10.0]]
[2022.01.29-21.53.43:983][  0]LogConfig: Setting CVar [[r.SkyAtmosphere.MultiScatteringLUT.SampleCount:15.0]]
[2022.01.29-21.53.43:984][  0]LogConfig: Setting CVar [[r.SkyLight.RealTimeReflectionCapture:1]]
[2022.01.29-21.53.43:984][  0]LogConfig: Applying CVar settings from Section [FoliageQuality@3] File [D:/rt/Logipaignion/The_Elementalists/Saved/Config/Windows/Scalability.ini]
[2022.01.29-21.53.43:984][  0]LogConfig: Setting CVar [[foliage.DensityScale:1.0]]
[2022.01.29-21.53.43:984][  0]LogConfig: Setting CVar [[grass.DensityScale:1.0]]
[2022.01.29-21.53.43:984][  0]LogConfig: Applying CVar settings from Section [ShadingQuality@3] File [D:/rt/Logipaignion/The_Elementalists/Saved/Config/Windows/Scalability.ini]
[2022.01.29-21.53.43:984][  0]LogConfig: Setting CVar [[r.HairStrands.SkyLighting.IntegrationType:2]]
[2022.01.29-21.53.43:984][  0]LogConfig: Setting CVar [[r.HairStrands.SkyAO.SampleCount:4]]
[2022.01.29-21.53.43:984][  0]LogConfig: Setting CVar [[r.HairStrands.Visibility.MSAA.SamplePerPixel:4]]
[2022.01.29-21.53.43:984][  0]LogInit: Selected Device Profile: [Windows]
[2022.01.29-21.53.43:984][  0]LogInit: Applying CVar settings loaded from the selected device profile: [Windows]
[2022.01.29-21.53.43:984][  0]LogHAL: Display: Platform has ~ 16 GB [17112551424 / 17179869184 / 16], which maps to Larger [LargestMinGB=32, LargerMinGB=12, DefaultMinGB=8, SmallerMinGB=6, SmallestMinGB=0)
[2022.01.29-21.53.43:984][  0]LogInit: Going up to parent DeviceProfile []
[2022.01.29-21.53.43:984][  0]LogConfig: Applying CVar settings from Section [ViewDistanceQuality@3] File [D:/rt/Logipaignion/The_Elementalists/Saved/Config/Windows/Scalability.ini]
[2022.01.29-21.53.43:984][  0]LogConfig: Setting CVar [[r.SkeletalMeshLODBias:0]]
[2022.01.29-21.53.43:984][  0]LogConfig: Setting CVar [[r.ViewDistanceScale:1.0]]
[2022.01.29-21.53.43:984][  0]LogConfig: Applying CVar settings from Section [AntiAliasingQuality@3] File [D:/rt/Logipaignion/The_Elementalists/Saved/Config/Windows/Scalability.ini]
[2022.01.29-21.53.43:984][  0]LogConfig: Setting CVar [[r.PostProcessAAQuality:4]]
[2022.01.29-21.53.43:984][  0]LogConfig: Applying CVar settings from Section [ShadowQuality@3] File [D:/rt/Logipaignion/The_Elementalists/Saved/Config/Windows/Scalability.ini]
[2022.01.29-21.53.43:984][  0]LogConfig: Setting CVar [[r.LightFunctionQuality:1]]
[2022.01.29-21.53.43:984][  0]LogConfig: Setting CVar [[r.ShadowQuality:5]]
[2022.01.29-21.53.43:984][  0]LogConfig: Setting CVar [[r.Shadow.CSM.MaxCascades:10]]
[2022.01.29-21.53.43:984][  0]LogConfig: Setting CVar [[r.Shadow.MaxResolution:2048]]
[2022.01.29-21.53.43:984][  0]LogConfig: Setting CVar [[r.Shadow.MaxCSMResolution:2048]]
[2022.01.29-21.53.43:984][  0]LogConfig: Setting CVar [[r.Shadow.RadiusThreshold:0.01]]
[2022.01.29-21.53.43:985][  0]LogConfig: Setting CVar [[r.Shadow.DistanceScale:1.0]]
[2022.01.29-21.53.43:985][  0]LogConfig: Setting CVar [[r.Shadow.CSM.TransitionScale:1.0]]
[2022.01.29-21.53.43:985][  0]LogConfig: Setting CVar [[r.Shadow.PreShadowResolutionFactor:1.0]]
[2022.01.29-21.53.43:985][  0]LogConfig: Setting CVar [[r.DistanceFieldShadowing:1]]
[2022.01.29-21.53.43:985][  0]LogConfig: Setting CVar [[r.DistanceFieldAO:1]]
[2022.01.29-21.53.43:985][  0]LogConfig: Setting CVar [[r.AOQuality:2]]
[2022.01.29-21.53.43:985][  0]LogConfig: Setting CVar [[r.VolumetricFog:1]]
[2022.01.29-21.53.43:985][  0]LogConfig: Setting CVar [[r.VolumetricFog.GridPixelSize:8]]
[2022.01.29-21.53.43:985][  0]LogConfig: Setting CVar [[r.VolumetricFog.GridSizeZ:128]]
[2022.01.29-21.53.43:985][  0]LogConfig: Setting CVar [[r.VolumetricFog.HistoryMissSupersampleCount:4]]
[2022.01.29-21.53.43:985][  0]LogConfig: Setting CVar [[r.LightMaxDrawDistanceScale:1]]
[2022.01.29-21.53.43:985][  0]LogConfig: Setting CVar [[r.CapsuleShadows:1]]
[2022.01.29-21.53.43:985][  0]LogConfig: Applying CVar settings from Section [PostProcessQuality@3] File [D:/rt/Logipaignion/The_Elementalists/Saved/Config/Windows/Scalability.ini]
[2022.01.29-21.53.43:985][  0]LogConfig: Setting CVar [[r.MotionBlurQuality:4]]
[2022.01.29-21.53.43:985][  0]LogConfig: Setting CVar [[r.AmbientOcclusionMipLevelFactor:0.4]]
[2022.01.29-21.53.43:985][  0]LogConfig: Setting CVar [[r.AmbientOcclusionMaxQuality:100]]
[2022.01.29-21.53.43:985][  0]LogConfig: Setting CVar [[r.AmbientOcclusionLevels:-1]]
[2022.01.29-21.53.43:985][  0]LogConfig: Setting CVar [[r.AmbientOcclusionRadiusScale:1.0]]
[2022.01.29-21.53.43:985][  0]LogConfig: Setting CVar [[r.DepthOfFieldQuality:2]]
[2022.01.29-21.53.43:985][  0]LogConfig: Setting CVar [[r.RenderTargetPoolMin:400]]
[2022.01.29-21.53.43:985][  0]LogConfig: Setting CVar [[r.LensFlareQuality:2]]
[2022.01.29-21.53.43:985][  0]LogConfig: Setting CVar [[r.SceneColorFringeQuality:1]]
[2022.01.29-21.53.43:985][  0]LogConfig: Setting CVar [[r.EyeAdaptationQuality:2]]
[2022.01.29-21.53.43:985][  0]LogConfig: Setting CVar [[r.BloomQuality:5]]
[2022.01.29-21.53.43:985][  0]LogConfig: Setting CVar [[r.FastBlurThreshold:100]]
[2022.01.29-21.53.43:985][  0]LogConfig: Setting CVar [[r.Upscale.Quality:3]]
[2022.01.29-21.53.43:986][  0]LogConfig: Setting CVar [[r.Tonemapper.GrainQuantization:1]]
[2022.01.29-21.53.43:986][  0]LogConfig: Setting CVar [[r.LightShaftQuality:1]]
[2022.01.29-21.53.43:986][  0]LogConfig: Setting CVar [[r.Filter.SizeScale:1]]
[2022.01.29-21.53.43:986][  0]LogConfig: Setting CVar [[r.Tonemapper.Quality:5]]
[2022.01.29-21.53.43:986][  0]LogConfig: Setting CVar [[r.DOF.Gather.AccumulatorQuality:1        ; higher gathering accumulator quality]]
[2022.01.29-21.53.43:986][  0]LogConfig: Setting CVar [[r.DOF.Gather.PostfilterMethod:1          ; Median3x3 postfilering method]]
[2022.01.29-21.53.43:986][  0]LogConfig: Setting CVar [[r.DOF.Gather.EnableBokehSettings:0       ; no bokeh simulation when gathering]]
[2022.01.29-21.53.43:986][  0]LogConfig: Setting CVar [[r.DOF.Gather.RingCount:4                 ; medium number of samples when gathering]]
[2022.01.29-21.53.43:986][  0]LogConfig: Setting CVar [[r.DOF.Scatter.ForegroundCompositing:1    ; additive foreground scattering]]
[2022.01.29-21.53.43:986][  0]LogConfig: Setting CVar [[r.DOF.Scatter.BackgroundCompositing:2    ; additive background scattering]]
[2022.01.29-21.53.43:986][  0]LogConfig: Setting CVar [[r.DOF.Scatter.EnableBokehSettings:1      ; bokeh simulation when scattering]]
[2022.01.29-21.53.43:986][  0]LogConfig: Setting CVar [[r.DOF.Scatter.MaxSpriteRatio:0.1         ; only a maximum of 10% of scattered bokeh]]
[2022.01.29-21.53.43:986][  0]LogConfig: Setting CVar [[r.DOF.Recombine.Quality:1                ; cheap slight out of focus]]
[2022.01.29-21.53.43:986][  0]LogConfig: Setting CVar [[r.DOF.Recombine.EnableBokehSettings:0    ; no bokeh simulation on slight out of focus]]
[2022.01.29-21.53.43:986][  0]LogConfig: Setting CVar [[r.DOF.TemporalAAQuality:1                ; more stable temporal accumulation]]
[2022.01.29-21.53.43:986][  0]LogConfig: Setting CVar [[r.DOF.Kernel.MaxForegroundRadius:0.025]]
[2022.01.29-21.53.43:986][  0]LogConfig: Setting CVar [[r.DOF.Kernel.MaxBackgroundRadius:0.025]]
[2022.01.29-21.53.43:986][  0]LogConfig: Applying CVar settings from Section [TextureQuality@3] File [D:/rt/Logipaignion/The_Elementalists/Saved/Config/Windows/Scalability.ini]
[2022.01.29-21.53.43:986][  0]LogConfig: Setting CVar [[r.Streaming.MipBias:0]]
[2022.01.29-21.53.43:986][  0]LogConfig: Setting CVar [[r.Streaming.AmortizeCPUToGPUCopy:0]]
[2022.01.29-21.53.43:986][  0]LogConfig: Setting CVar [[r.Streaming.MaxNumTexturesToStreamPerFrame:0]]
[2022.01.29-21.53.43:986][  0]LogConfig: Setting CVar [[r.Streaming.Boost:1]]
[2022.01.29-21.53.43:986][  0]LogConfig: Setting CVar [[r.MaxAnisotropy:8]]
[2022.01.29-21.53.43:986][  0]LogConfig: Setting CVar [[r.VT.MaxAnisotropy:8]]
[2022.01.29-21.53.43:986][  0]LogConfig: Setting CVar [[r.Streaming.LimitPoolSizeToVRAM:0]]
[2022.01.29-21.53.43:986][  0]LogConfig: Setting CVar [[r.Streaming.PoolSize:1000]]
[2022.01.29-21.53.43:987][  0]LogConfig: Setting CVar [[r.Streaming.MaxEffectiveScreenSize:0]]
[2022.01.29-21.53.43:987][  0]LogConfig: Applying CVar settings from Section [EffectsQuality@3] File [D:/rt/Logipaignion/The_Elementalists/Saved/Config/Windows/Scalability.ini]
[2022.01.29-21.53.43:987][  0]LogConfig: Setting CVar [[r.TranslucencyLightingVolumeDim:64]]
[2022.01.29-21.53.43:987][  0]LogConfig: Setting CVar [[r.RefractionQuality:2]]
[2022.01.29-21.53.43:987][  0]LogConfig: Setting CVar [[r.SSR.Quality:3]]
[2022.01.29-21.53.43:987][  0]LogConfig: Setting CVar [[r.SSR.HalfResSceneColor:0]]
[2022.01.29-21.53.43:987][  0]LogConfig: Setting CVar [[r.SceneColorFormat:4]]
[2022.01.29-21.53.43:987][  0]LogConfig: Setting CVar [[r.DetailMode:2]]
[2022.01.29-21.53.43:987][  0]LogConfig: Setting CVar [[r.TranslucencyVolumeBlur:1]]
[2022.01.29-21.53.43:987][  0]LogConfig: Setting CVar [[r.MaterialQualityLevel:1 ; High quality]]
[2022.01.29-21.53.43:987][  0]LogConfig: Setting CVar [[r.AnisotropicMaterials:1]]
[2022.01.29-21.53.43:987][  0]LogConfig: Setting CVar [[r.SSS.Scale:1]]
[2022.01.29-21.53.43:987][  0]LogConfig: Setting CVar [[r.SSS.SampleSet:2]]
[2022.01.29-21.53.43:987][  0]LogConfig: Setting CVar [[r.SSS.Quality:1]]
[2022.01.29-21.53.43:987][  0]LogConfig: Setting CVar [[r.SSS.HalfRes:0]]
[2022.01.29-21.53.43:987][  0]LogConfig: Setting CVar [[r.SSGI.Quality:3]]
[2022.01.29-21.53.43:987][  0]LogConfig: Setting CVar [[r.EmitterSpawnRateScale:1.0]]
[2022.01.29-21.53.43:987][  0]LogConfig: Setting CVar [[r.ParticleLightQuality:2]]
[2022.01.29-21.53.43:987][  0]LogConfig: Setting CVar [[r.SkyAtmosphere.AerialPerspectiveLUT.FastApplyOnOpaque:1 ; Always have FastSkyLUT 1 in this case to avoid wrong sky]]
[2022.01.29-21.53.43:987][  0]LogConfig: Setting CVar [[r.SkyAtmosphere.AerialPerspectiveLUT.SampleCountMaxPerSlice:4]]
[2022.01.29-21.53.43:987][  0]LogConfig: Setting CVar [[r.SkyAtmosphere.AerialPerspectiveLUT.DepthResolution:16.0]]
[2022.01.29-21.53.43:987][  0]LogConfig: Setting CVar [[r.SkyAtmosphere.FastSkyLUT:1]]
[2022.01.29-21.53.43:987][  0]LogConfig: Setting CVar [[r.SkyAtmosphere.FastSkyLUT.SampleCountMin:4.0]]
[2022.01.29-21.53.43:987][  0]LogConfig: Setting CVar [[r.SkyAtmosphere.FastSkyLUT.SampleCountMax:128.0]]
[2022.01.29-21.53.43:987][  0]LogConfig: Setting CVar [[r.SkyAtmosphere.SampleCountMin:4.0]]
[2022.01.29-21.53.43:987][  0]LogConfig: Setting CVar [[r.SkyAtmosphere.SampleCountMax:128.0]]
[2022.01.29-21.53.43:987][  0]LogConfig: Setting CVar [[r.SkyAtmosphere.TransmittanceLUT.UseSmallFormat:0]]
[2022.01.29-21.53.43:987][  0]LogConfig: Setting CVar [[r.SkyAtmosphere.TransmittanceLUT.SampleCount:10.0]]
[2022.01.29-21.53.43:987][  0]LogConfig: Setting CVar [[r.SkyAtmosphere.MultiScatteringLUT.SampleCount:15.0]]
[2022.01.29-21.53.43:987][  0]LogConfig: Setting CVar [[r.SkyLight.RealTimeReflectionCapture:1]]
[2022.01.29-21.53.43:988][  0]LogConfig: Applying CVar settings from Section [FoliageQuality@3] File [D:/rt/Logipaignion/The_Elementalists/Saved/Config/Windows/Scalability.ini]
[2022.01.29-21.53.43:988][  0]LogConfig: Setting CVar [[foliage.DensityScale:1.0]]
[2022.01.29-21.53.43:988][  0]LogConfig: Setting CVar [[grass.DensityScale:1.0]]
[2022.01.29-21.53.43:988][  0]LogConfig: Applying CVar settings from Section [ShadingQuality@3] File [D:/rt/Logipaignion/The_Elementalists/Saved/Config/Windows/Scalability.ini]
[2022.01.29-21.53.43:988][  0]LogConfig: Setting CVar [[r.HairStrands.SkyLighting.IntegrationType:2]]
[2022.01.29-21.53.43:988][  0]LogConfig: Setting CVar [[r.HairStrands.SkyAO.SampleCount:4]]
[2022.01.29-21.53.43:988][  0]LogConfig: Setting CVar [[r.HairStrands.Visibility.MSAA.SamplePerPixel:4]]
[2022.01.29-21.53.43:988][  0]LogConfig: Applying CVar settings from Section [Startup] File [../../../Engine/Config/ConsoleVariables.ini]
[2022.01.29-21.53.43:988][  0]LogConfig: Setting CVar [[net.UseAdaptiveNetUpdateFrequency:0]]
[2022.01.29-21.53.43:988][  0]LogConfig: Setting CVar [[p.chaos.AllowCreatePhysxBodies:1]]
[2022.01.29-21.53.43:988][  0]LogConfig: Setting CVar [[fx.SkipVectorVMBackendOptimizations:1]]
[2022.01.29-21.53.43:988][  0]LogConfig: Applying CVar settings from Section [ConsoleVariables] File [D:/rt/Logipaignion/The_Elementalists/Saved/Config/Windows/Engine.ini]
[2022.01.29-21.53.43:988][  0]LogConfig: Applying CVar settings from Section [ConsoleVariables] File [D:/rt/Logipaignion/The_Elementalists/Saved/Config/Windows/Editor.ini]
[2022.01.29-21.53.43:988][  0]LogInit: Computer: DESKTOP-7U3OGSV
[2022.01.29-21.53.43:988][  0]LogInit: User: hbnm
[2022.01.29-21.53.43:988][  0]LogInit: CPU Page size=4096, Cores=4
[2022.01.29-21.53.43:988][  0]LogInit: High frequency timer resolution =10.000000 MHz
[2022.01.29-21.53.43:988][  0]LogMemory: Memory total: Physical=15.9GB (16GB approx)
[2022.01.29-21.53.43:989][  0]LogMemory: Platform Memory Stats for Windows
[2022.01.29-21.53.43:989][  0]LogMemory: Process Physical Memory: 141.93 MB used, 141.94 MB peak
[2022.01.29-21.53.43:989][  0]LogMemory: Process Virtual Memory: 112.27 MB used, 112.27 MB peak
[2022.01.29-21.53.43:989][  0]LogMemory: Physical Memory: 11351.38 MB used,  4968.42 MB free, 16319.80 MB total
[2022.01.29-21.53.43:989][  0]LogMemory: Virtual Memory: 134211824.00 MB used,  5902.07 MB free, 134217728.00 MB total
[2022.01.29-21.53.43:995][  0]LogWindows: WindowsPlatformFeatures enabled
[2022.01.29-21.53.44:134][  0]LogInit: Physics initialised using underlying interface: PhysX
[2022.01.29-21.53.44:136][  0]LogInit: Using OS detected language (en-US).
[2022.01.29-21.53.44:136][  0]LogInit: Using OS detected locale (en-CY).
[2022.01.29-21.53.44:141][  0]LogTextLocalizationManager: No specific localization for 'en-US' exists, so the 'en' localization will be used.
[2022.01.29-21.53.44:350][  0]LogInit: Setting process to per monitor DPI aware
[2022.01.29-21.53.44:368][  0]LogWindowsTextInputMethodSystem: Display: IME system deactivated.
[2022.01.29-21.53.44:384][  0]LogSlate: New Slate User Created.  User Index 0, Is Virtual User: 0
[2022.01.29-21.53.44:384][  0]LogSlate: Slate User Registered.  User Index 0, Is Virtual User: 0
[2022.01.29-21.53.44:540][  0]LogD3D11RHI: Loaded GFSDK_Aftermath_Lib.x64.dll
[2022.01.29-21.53.44:546][  0]LogHMD: Failed to initialize OpenVR with code 110
[2022.01.29-21.53.44:546][  0]LogD3D11RHI: D3D11 min allowed feature level: 11_0
[2022.01.29-21.53.44:546][  0]LogD3D11RHI: D3D11 max allowed feature level: 11_0
[2022.01.29-21.53.44:546][  0]LogD3D11RHI: D3D11 adapters:
[2022.01.29-21.53.44:681][  0]LogD3D11RHI:    0. 'NVIDIA GeForce GTX 1650 SUPER' (Feature Level 11_0)
[2022.01.29-21.53.44:681][  0]LogD3D11RHI:       3955/0/8159 MB DedicatedVideo/DedicatedSystem/SharedSystem, Outputs:2, VendorId:0x10de
[2022.01.29-21.53.44:686][  0]LogD3D11RHI:    1. 'Microsoft Basic Render Driver' (Feature Level 11_0)
[2022.01.29-21.53.44:686][  0]LogD3D11RHI:       0/0/8159 MB DedicatedVideo/DedicatedSystem/SharedSystem, Outputs:0, VendorId:0x1414
[2022.01.29-21.53.44:686][  0]LogD3D11RHI: Chosen D3D11 Adapter:
[2022.01.29-21.53.44:686][  0]LogD3D11RHI:     Description : NVIDIA GeForce GTX 1650 SUPER
[2022.01.29-21.53.44:686][  0]LogD3D11RHI:     VendorId    : 10de
[2022.01.29-21.53.44:686][  0]LogD3D11RHI:     DeviceId    : 2187
[2022.01.29-21.53.44:686][  0]LogD3D11RHI:     SubSysId    : 401a1458
[2022.01.29-21.53.44:686][  0]LogD3D11RHI:     Revision    : 00a1
[2022.01.29-21.53.44:686][  0]LogD3D11RHI:     DedicatedVideoMemory : 4147118080 bytes
[2022.01.29-21.53.44:686][  0]LogD3D11RHI:     DedicatedSystemMemory : 0 bytes
[2022.01.29-21.53.44:687][  0]LogD3D11RHI:     SharedSystemMemory : 8556275712 bytes
[2022.01.29-21.53.44:687][  0]LogD3D11RHI:     AdapterLuid : 0 43674
[2022.01.29-21.53.44:695][  0]LogD3D11RHI: Creating new Direct3DDevice
[2022.01.29-21.53.44:695][  0]LogD3D11RHI:     GPU DeviceId: 0x2187 (for the marketing name, search the web for "GPU Device Id")
[2022.01.29-21.53.44:695][  0]LogWindows: EnumDisplayDevices:
[2022.01.29-21.53.44:695][  0]LogWindows:    0. 'NVIDIA GeForce GTX 1650 SUPER' (P:1 D:1)
[2022.01.29-21.53.44:696][  0]LogWindows:    1. 'NVIDIA GeForce GTX 1650 SUPER' (P:0 D:1)
[2022.01.29-21.53.44:696][  0]LogWindows:    2. 'NVIDIA GeForce GTX 1650 SUPER' (P:0 D:0)
[2022.01.29-21.53.44:696][  0]LogWindows:    3. 'NVIDIA GeForce GTX 1650 SUPER' (P:0 D:0)
[2022.01.29-21.53.44:696][  0]LogWindows: DebugString: FoundDriverCount:4 
[2022.01.29-21.53.44:696][  0]LogD3D11RHI:     Adapter Name: NVIDIA GeForce GTX 1650 SUPER
[2022.01.29-21.53.44:697][  0]LogD3D11RHI:   Driver Version: 472.12 (internal:30.0.14.7212, unified:472.12)
[2022.01.29-21.53.44:697][  0]LogD3D11RHI:      Driver Date: 9-13-2021
[2022.01.29-21.53.44:697][  0]LogRHI: Texture pool is 2768 MB (70% of 3955 MB)
[2022.01.29-21.53.44:697][  0]LogD3D11RHI: Creating D3DDevice using adapter:
[2022.01.29-21.53.44:697][  0]LogD3D11RHI:     Description : NVIDIA GeForce GTX 1650 SUPER
[2022.01.29-21.53.44:697][  0]LogD3D11RHI:     VendorId    : 10de
[2022.01.29-21.53.44:697][  0]LogD3D11RHI:     DeviceId    : 2187
[2022.01.29-21.53.44:697][  0]LogD3D11RHI:     SubSysId    : 401a1458
[2022.01.29-21.53.44:697][  0]LogD3D11RHI:     Revision    : 00a1
[2022.01.29-21.53.44:697][  0]LogD3D11RHI:     DedicatedVideoMemory : 4147118080 bytes
[2022.01.29-21.53.44:697][  0]LogD3D11RHI:     DedicatedSystemMemory : 0 bytes
[2022.01.29-21.53.44:697][  0]LogD3D11RHI:     SharedSystemMemory : 8556275712 bytes
[2022.01.29-21.53.44:697][  0]LogD3D11RHI:     AdapterLuid : 0 43674
[2022.01.29-21.53.44:773][  0]LogD3D11RHI: RHI has support for 64 bit atomics
[2022.01.29-21.53.44:773][  0]LogD3D11RHI: Async texture creation enabled
[2022.01.29-21.53.44:773][  0]LogD3D11RHI: Array index from any shader is supported
[2022.01.29-21.53.44:799][  0]LogD3D11RHI: GPU Timing Frequency: 1000.000000 (Debug: 2 2)
[2022.01.29-21.53.44:836][  0]LogRHI: GeForceNow SDK initialized: 1
[2022.01.29-21.53.45:089][  0]LogTargetPlatformManager: Display: Loaded TargetPlatform 'AllDesktop'
[2022.01.29-21.53.45:108][  0]LogTargetPlatformManager: Display: Loaded TargetPlatform 'Android'
[2022.01.29-21.53.45:108][  0]LogTargetPlatformManager: Display: Loaded TargetPlatform 'Android_ASTC'
[2022.01.29-21.53.45:109][  0]LogTargetPlatformManager: Display: Loaded TargetPlatform 'Android_DXT'
[2022.01.29-21.53.45:109][  0]LogTargetPlatformManager: Display: Loaded TargetPlatform 'Android_ETC2'
[2022.01.29-21.53.45:109][  0]LogTargetPlatformManager: Display: Loaded TargetPlatform 'AndroidClient'
[2022.01.29-21.53.45:109][  0]LogTargetPlatformManager: Display: Loaded TargetPlatform 'Android_ASTCClient'
[2022.01.29-21.53.45:109][  0]LogTargetPlatformManager: Display: Loaded TargetPlatform 'Android_DXTClient'
[2022.01.29-21.53.45:109][  0]LogTargetPlatformManager: Display: Loaded TargetPlatform 'Android_ETC2Client'
[2022.01.29-21.53.45:109][  0]LogTargetPlatformManager: Display: Loaded TargetPlatform 'Android_Multi'
[2022.01.29-21.53.45:109][  0]LogTargetPlatformManager: Display: Loaded TargetPlatform 'Android_MultiClient'
[2022.01.29-21.53.45:131][  0]LogTargetPlatformManager: Display: Loaded TargetPlatform 'IOSClient'
[2022.01.29-21.53.45:131][  0]LogTargetPlatformManager: Display: Loaded TargetPlatform 'IOS'
[2022.01.29-21.53.45:142][  0]LogTargetPlatformManager: Display: Loaded TargetPlatform 'Linux'
[2022.01.29-21.53.45:149][  0]LogTargetPlatformManager: Display: Loaded TargetPlatform 'LinuxNoEditor'
[2022.01.29-21.53.45:156][  0]LogTargetPlatformManager: Display: Loaded TargetPlatform 'LinuxClient'
[2022.01.29-21.53.45:163][  0]LogTargetPlatformManager: Display: Loaded TargetPlatform 'LinuxServer'
[2022.01.29-21.53.45:174][  0]LogTargetPlatformManager: Display: Loaded TargetPlatform 'LinuxAArch64NoEditor'
[2022.01.29-21.53.45:179][  0]LogTargetPlatformManager: Display: Loaded TargetPlatform 'LinuxAArch64Client'
[2022.01.29-21.53.45:185][  0]LogTargetPlatformManager: Display: Loaded TargetPlatform 'LinuxAArch64Server'
[2022.01.29-21.53.45:210][  0]LogTargetPlatformManager: Display: Loaded TargetPlatform 'Lumin'
[2022.01.29-21.53.45:210][  0]LogTargetPlatformManager: Display: Loaded TargetPlatform 'LuminClient'
[2022.01.29-21.53.45:219][  0]LogTargetPlatformManager: Display: Loaded TargetPlatform 'MacNoEditor'
[2022.01.29-21.53.45:224][  0]LogTargetPlatformManager: Display: Loaded TargetPlatform 'Mac'
[2022.01.29-21.53.45:229][  0]LogTargetPlatformManager: Display: Loaded TargetPlatform 'MacClient'
[2022.01.29-21.53.45:234][  0]LogTargetPlatformManager: Display: Loaded TargetPlatform 'MacServer'
[2022.01.29-21.53.45:245][  0]LogTargetPlatformManager: Display: Loaded TargetPlatform 'TVOSClient'
[2022.01.29-21.53.45:246][  0]LogTargetPlatformManager: Display: Loaded TargetPlatform 'TVOS'
[2022.01.29-21.53.45:255][  0]LogTargetPlatformManager: Display: Loaded TargetPlatform 'WindowsNoEditor'
[2022.01.29-21.53.45:260][  0]LogTargetPlatformManager: Display: Loaded TargetPlatform 'Windows'
[2022.01.29-21.53.45:265][  0]LogTargetPlatformManager: Display: Loaded TargetPlatform 'WindowsClient'
[2022.01.29-21.53.45:271][  0]LogTargetPlatformManager: Display: Loaded TargetPlatform 'WindowsServer'
[2022.01.29-21.53.45:272][  0]LogTargetPlatformManager: Display: Building Assets For Windows
[2022.01.29-21.53.45:320][  0]LogAudioDebug: Display: Lib vorbis DLL was dynamically loaded.
[2022.01.29-21.53.45:371][  0]LogTextureFormatOodle: Display: Oodle Texture 2.9.0 init RDO Off
[2022.01.29-21.53.45:418][  0]LogRendererCore: Ray tracing is disabled. Reason: r.RayTracing=0.
[2022.01.29-21.53.45:418][  0]LogShaderCompilers: Guid format shader working directory is 8 characters bigger than the processId version (D:/rt/Logipaignion/The_Elementalists/Intermediate/Shaders/WorkingDirectory/48712/).
[2022.01.29-21.53.45:419][  0]LogShaderCompilers: Cleaned the shader compiler working directory 'C:/Users/hbnm/AppData/Local/Temp/UnrealShaderWorkingDir/4B817B854DECD75F9D430BB32115A0B2/'.
[2022.01.29-21.53.45:419][  0]LogXGEController: Cannot use XGE Controller as Incredibuild is not installed on this machine.
[2022.01.29-21.53.45:419][  0]LogShaderCompilers: Cannot use XGE Shader Compiler as Incredibuild is not installed on this machine.
[2022.01.29-21.53.45:419][  0]LogShaderCompilers: Display: Using Local Shader Compiler.
[2022.01.29-21.53.46:164][  0]LogDerivedDataCache: Display: Max Cache Size: 512 MB
[2022.01.29-21.53.46:215][  0]LogDerivedDataCache: Loaded boot cache 0.05s 94MB C:/Users/hbnm/AppData/Local/UnrealEngine/4.27/DerivedDataCache/Boot.ddc.
[2022.01.29-21.53.46:215][  0]LogDerivedDataCache: Display: Loaded Boot cache: C:/Users/hbnm/AppData/Local/UnrealEngine/4.27/DerivedDataCache/Boot.ddc
[2022.01.29-21.53.46:215][  0]LogDerivedDataCache: FDerivedDataBackendGraph:  Pak pak cache file D:/rt/Logipaignion/The_Elementalists/DerivedDataCache/DDC.ddp not found, will not use a pak cache.
[2022.01.29-21.53.46:215][  0]LogDerivedDataCache: Unable to find inner node Pak for hierarchical cache Hierarchy.
[2022.01.29-21.53.46:215][  0]LogDerivedDataCache: FDerivedDataBackendGraph:  CompressedPak pak cache file D:/rt/Logipaignion/The_Elementalists/DerivedDataCache/Compressed.ddp not found, will not use a pak cache.
[2022.01.29-21.53.46:215][  0]LogDerivedDataCache: Unable to find inner node CompressedPak for hierarchical cache Hierarchy.
[2022.01.29-21.53.46:230][  0]LogDerivedDataCache: Display: Pak cache opened for reading ../../../Engine/DerivedDataCache/Compressed.ddp.
[2022.01.29-21.53.46:230][  0]LogDerivedDataCache: FDerivedDataBackendGraph:  EnterprisePak pak cache file ../../../Enterprise/DerivedDataCache/Compressed.ddp not found, will not use a pak cache.
[2022.01.29-21.53.46:230][  0]LogDerivedDataCache: Unable to find inner node EnterprisePak for hierarchical cache Hierarchy.
[2022.01.29-21.53.46:237][  0]LogDerivedDataCache: Speed tests for C:/Users/hbnm/AppData/Local/UnrealEngine/Common/DerivedDataCache took 0.01 seconds
[2022.01.29-21.53.46:238][  0]LogDerivedDataCache: Display: Performance to C:/Users/hbnm/AppData/Local/UnrealEngine/Common/DerivedDataCache: Latency=0.02ms. RandomReadSpeed=1641.11MBs, RandomWriteSpeed=150.03MBs. Assigned SpeedClass 'Local'
[2022.01.29-21.53.46:242][  0]LogDerivedDataCache: Using Local data cache path C:/Users/hbnm/AppData/Local/UnrealEngine/Common/DerivedDataCache: Writable
[2022.01.29-21.53.46:242][  0]LogDerivedDataCache: Shared data cache path not found in *engine.ini, will not use an Shared cache.
[2022.01.29-21.53.46:242][  0]LogDerivedDataCache: Unable to find inner node Shared for hierarchical cache Hierarchy.
[2022.01.29-21.53.46:287][  0]LogSlate: Using FreeType 2.10.0
[2022.01.29-21.53.46:288][  0]LogSlate: SlateFontServices - WITH_FREETYPE: 1, WITH_HARFBUZZ: 1
[2022.01.29-21.53.46:314][  0]LogAssetRegistry: FAssetRegistry took 0.0043 seconds to start up
[2022.01.29-21.53.46:540][  0]LogInit: Selected Device Profile: [Windows]
[2022.01.29-21.53.46:540][  0]LogInit: Active device profile: [0000024DFA14AD00][0000024DF946A0C0 49] Windows
[2022.01.29-21.53.46:540][  0]LogInit: Profiles: [0000024DFA14AD00][0000024DF946A0C0 49] Windows, [0000024DFA0C2800][0000024DF9B90240 49] WindowsNoEditor, [0000024DFA149100][0000024DF9BC43C0 49] WindowsServer, [0000024DFA0C2900][0000024DF9CE2540 49] WindowsClient, [0000024DFA14A800][0000024DF946E680 49] IOS, [0000024DFA149200][0000024DF9CF07C0 49] iPadAir, [0000024DFA096100][0000024DF9D64900 49] iPadAir2, [0000024DFA048D00][0000024DF9DBEBC0 49] IPadPro, [0000024DFA048E00][0000024DF9D6CC00 49] iPadAir3, [0000024DFA094600][0000024DF9DC2D80 49] iPadAir4, [0000024DFA048200][0000024DF9DC6F00 49] iPadMini2, [0000024DFA097800][0000024DF9DCB080 49] iPadMini3, [0000024DFA04AE00][0000024DF9DCF200 49] iPadMini4, [0000024DFA096000][0000024DF959D380 49] iPadMini5, [0000024DFA0C3D00][0000024DF95D1640 49] iPhone6, [0000024DFA0C3C00][0000024DF95A5680 49] iPodTouch6, [0000024DFA048900][0000024DF9E47940 49] iPhone7, [0000024DFA04B600][0000024DF95DD980 49] iPodTouch7, [0000024DFA0C1600][0000024DF9E57B00 49] iPhone5S, [0000024DFA049600][0000024DF9E64100 49] iPhone6Plus, [0000024DFA0C3400][0000024DF9E68280 49] iPhone6S, [0000024DFA049400][0000024DF9E6C400 49] iPhone6SPlus, [0000024DFA0C2300][0000024DF9E70580 49] iPhone7Plus, [0000024DFA04A100][0000024DF9E74700 49] iPhoneSE, [0000024DFA0C2500][0000024DF9D68840 49] iPhone8, [0000024DFA048B00][0000024DF9362980 49] iPhone8Plus, [0000024DFA0C0900][0000024DF9A54AC0 49] iPhoneX, [0000024DFA04A800][0000024DF9A5CC40 49] iPhoneXS, [0000024DFA0C0200][0000024DF9A60DC0 49] iPhoneXSMax, [0000024DFA048100][0000024DF9A64F40 49] iPhoneXR, [0000024DFA0C3500][0000024DF9A690C0 49] iPhone11, [0000024DFA04B100][0000024DF9A6D240 49] iPhone11Pro, [0000024DFA0C3900][0000024DF942D3C0 49] iPhone11ProMax, [0000024DFA04BD00][0000024DF9431540 49] iPhoneSE2, [0000024DFA0C3B00][0000024DF94356C0 49] iPhone12Mini, [0000024DFA04AF00][0000024DF9439840 49] iPhone12, [0000024DFA0C0D00][0000024DF943D9C0 49] iPhone12Pro, [0000024DFA04A900][0000024DF9447B40 49] iPhone12ProMax, [0000024DFA0C0400][0000024DF944A140 49] iPadPro105, [0000024DFA04A500][0000024DF944E2C0 49] iPadPro129, [0000024DFA0C0100][0000024DF9452440 49] iPadPro97, [0000024DFA04A700][0000024DF945A5C0 49] iPadPro2_129, [0000024DFA0C0600][0000024DF945E740 49] iPad5, [0000024DFA04AC00][0000024DF94628C0 49] iPad6, [0000024DFA0C0E00][0000024DF9A58A00 49] iPad7, [0000024DFA049500][0000024DF9456B40 49] iPad8, [0000024DFA0C3700][0000024DF607EC80 49] iPadPro11, [0000024DFA04BC00][0000024DF9D3CDC0 49] iPadPro2_11, [0000024DFA0C3200][0000024DF9D44F40 49] iPadPro3_129, [0000024DFA04A200][0000024DF9D590C0 49] iPadPro4_129, [0000024DFA0C1F00][0000024DF9C5D240 49] AppleTV, [0000024DFA049A00][0000024DF9C613C0 49] AppleTV4K, [0000024DFA0C1A00][0000024DF9C65540 49] TVOS, [0000024DFA048F00][0000024DF9C696C0 49] Mac, [0000024DFA0C2200][0000024DF9C6D840 49] MacClient, [0000024DFA049700][0000024DF9C719C0 49] MacNoEditor, [0000024DFA0C3E00][0000024DF9C75B40 49] MacServer, [0000024DFA04B400][0000024DF9C78140 49] Linux, [0000024DFA0C2B00][0000024DF9C7C2C0 49] LinuxAArch64, [0000024DFA04B200][0000024DF9C80440 49] LinuxNoEditor, [0000024DFA0C3000][0000024DF9C845C0 49] LinuxAArch64NoEditor, [0000024DFA049E00][0000024DF9C88740 49] LinuxClient, [0000024DFA0C3600][0000024DF9C8C8C0 49] LinuxAArch64Client, [0000024DFA048300][0000024DF9C90A40 49] LinuxServer, [0000024DFA0C1200][0000024DF9D40B80 49] LinuxAArch64Server, [0000024DFA04A000][0000024DF9C94CC0 49] Android, [0000024DFA094200][0000024DF9C98E00 49] Android_Low, [0000024DFA149E00][0000024DF9C9CF40 49] Android_Mid, [0000024DFA097000][0000024DF9CA50C0 49] Android_High, [0000024DFA14A900][0000024DF9CA9240 49] Android_Default, [0000024DFA095700][0000024DF9CAD3C0 49] Android_Adreno4xx, [0000024DFA148700][0000024DF9CB1540 49] Android_Adreno5xx_Low, [0000024DFA094D00][0000024DF9CB56C0 49] Android_Adreno5xx, [0000024DFA149300][0000024DF9CB9840 49] Android_Adreno6xx, [0000024DFA095000][0000024DF9CBD9C0 49] Android_Adreno6xx_Vulkan, [0000024DFA148100][0000024DF9CC1B40 49] Android_Mali_T6xx, [0000024DFA096E00][0000024DF9CC4140 49] Android_Mali_T7xx, [0000024DFA14A500][0000024DF9CC82C0 49] Android_Mali_T8xx, [0000024DFA097E00][0000024DF9CCC440 49] Android_Mali_G71, [0000024DFA14B000][0000024DF9CD05C0 49] Android_Mali_G72, [0000024DFA097500][0000024DF9CD4740 49] Android_Mali_G72_Vulkan, [0000024DFA148B00][0000024DF9CD88C0 49] Android_Mali_G76, [0000024DFA094C00][0000024DF9CDCA40 49] Android_Mali_G76_Vulkan, [0000024DFA14AB00][0000024DFB38EBC0 49] Android_Mali_G77, [0000024DFA095600][0000024DFB392D40 49] Android_Mali_G77_Vulkan, [0000024DFA14A100][0000024DF9CA0E80 49] Android_Mali_G78, [0000024DFA097600][0000024DFB396FC0 49] Android_Mali_G78_Vulkan, [0000024DFA149600][0000024DFB39B100 49] Android_Mali_G710, [0000024DFA094F00][0000024DFB3A3280 49] Android_Mali_G710_Vulkan, [0000024DFA149700][0000024DFB3A7400 49] Android_Vulkan_SM5, [0000024DFA096600][0000024DFB3AB580 49] Android_PowerVR_G6xxx, [0000024DFA148600][0000024DFB3AF700 49] Android_PowerVR_GT7xxx, [0000024DFA096500][0000024DFB3B3880 49] Android_PowerVR_GE8xxx, [0000024DFA14AC00][0000024DFB3B7A00 49] Android_PowerVR_GM9xxx, [0000024DFA04B300][0000024DFB3BBB80 49] Android_PowerVR_GM9xxx_Vulkan, [0000024DFA149C00][0000024DFB3BE180 49] Android_TegraK1, [0000024DFA048800][0000024DFB3C2300 49] Android_Unknown_Vulkan, [0000024DFA148900][0000024DFB3C6480 49] Lumin, [0000024DFA049000][0000024DFB3CA600 49] Lumin_Desktop, [0000024DFA14B200][0000024DFB3CE780 49] HoloLens, 
[2022.01.29-21.53.46:669][  0]LogMeshReduction: Using QuadricMeshReduction for automatic static mesh reduction
[2022.01.29-21.53.46:669][  0]LogMeshReduction: Using SimplygonMeshReduction for automatic skeletal mesh reduction
[2022.01.29-21.53.46:669][  0]LogMeshReduction: Using ProxyLODMeshReduction for automatic mesh merging
[2022.01.29-21.53.46:669][  0]LogMeshReduction: No distributed automatic mesh merging module available
[2022.01.29-21.53.46:669][  0]LogMeshMerging: No distributed automatic mesh merging module available
[2022.01.29-21.53.46:685][  0]LogNetVersion: The_Elementalists 1.0.0, NetCL: 17155196, EngineNetVer: 17, GameNetVer: 0 (Checksum: 2215583078)
[2022.01.29-21.53.47:039][  0]LogTexture: Default maximum texture size for cubemaps generated from long-lat sources has been changed from 512 to unlimited. In order to preserve old behaiour for '/Engine/MapTemplates/Sky/DaylightAmbientCubemap.DaylightAmbientCubemap', its maximum texture size has been explicitly set to 512.
[2022.01.29-21.53.47:093][  0]LogHMD: PokeAHoleMaterial loaded successfully
[2022.01.29-21.53.47:098][  0]LogUObjectArray: 17178 objects as part of root set at end of initial load.
[2022.01.29-21.53.47:098][  0]LogUObjectAllocator: 4301856 out of 0 bytes used by permanent object pool.
[2022.01.29-21.53.47:098][  0]LogUObjectArray: CloseDisregardForGC: 0/0 objects in disregard for GC pool
[2022.01.29-21.53.47:418][  0]LogPython: Using Python 3.7.7
[2022.01.29-21.53.47:888][  0]LogNiagaraDebuggerClient: Niagara Debugger Client Initialized | Session: 233E974840A2360B710C6E92CB35ACE7 | Instance: E88015774BB95DFF62EBFC90C38057C6 (DESKTOP-7U3OGSV-48712).
[2022.01.29-21.53.48:041][  0]LogImageWrapper: Warning: PNG Warning: Duplicate iCCP chunk
[2022.01.29-21.53.48:041][  0]LogImageWrapper: Warning: PNG Warning: Duplicate iCCP chunk
[2022.01.29-21.53.48:041][  0]LogTcpMessaging: Initializing TcpMessaging bridge
[2022.01.29-21.53.48:046][  0]LogUdpMessaging: Initializing bridge on interface 0.0.0.0:0 to multicast group 230.0.0.1:6666.
[2022.01.29-21.53.48:254][  0]SourceControl: Source control is disabled
[2022.01.29-21.53.48:254][  0]SourceControl: Source control is disabled
[2022.01.29-21.53.48:257][  0]SourceControl: Source control is disabled
[2022.01.29-21.53.48:264][  0]SourceControl: Source control is disabled
[2022.01.29-21.53.48:271][  0]SourceControl: Source control is disabled
[2022.01.29-21.53.48:274][  0]LogUProjectInfo: Found projects:
[2022.01.29-21.53.48:499][  0]LogOpenImageDenoise: OIDN starting up
[2022.01.29-21.53.48:565][  0]LogAndroidPermission: UAndroidPermissionCallbackProxy::GetInstance
[2022.01.29-21.53.48:595][  0]LogAudioCaptureCore: Display: No Audio Capture implementations found. Audio input will be silent.
[2022.01.29-21.53.48:596][  0]LogAudioCaptureCore: Display: No Audio Capture implementations found. Audio input will be silent.
[2022.01.29-21.53.48:720][  0]LogCollectionManager: Loaded 0 collections in 0.001858 seconds
[2022.01.29-21.53.48:745][  0]LogFileCache: Scanning file cache for directory 'D:/rt/Logipaignion/The_Elementalists/Saved/Collections/' took 0.00s
[2022.01.29-21.53.48:746][  0]LogFileCache: Scanning file cache for directory 'D:/rt/Logipaignion/The_Elementalists/Content/Developers/hbnm/Collections/' took 0.00s
[2022.01.29-21.53.48:746][  0]LogFileCache: Scanning file cache for directory 'D:/rt/Logipaignion/The_Elementalists/Content/Collections/' took 0.00s
[2022.01.29-21.53.48:746][  0]LogOcInput: OculusInput pre-init called
[2022.01.29-21.53.48:973][  0]LogImageWrapper: Warning: PNG Warning: Duplicate iCCP chunk
[2022.01.29-21.53.48:973][  0]LogImageWrapper: Warning: PNG Warning: Duplicate iCCP chunk
[2022.01.29-21.53.48:973][  0]LogEngine: Initializing Engine...
[2022.01.29-21.53.48:976][  0]LogHMD: Failed to enumerate extensions. Please check that you have a valid OpenXR runtime installed.
[2022.01.29-21.53.48:976][  0]LogHMD: Failed to initialize OpenVR with code 110
[2022.01.29-21.53.48:976][  0]LogMagicLeap: Warning: VR disabled because ZI is not enabled.  To enable, in the editor, Edit -> Project Settings -> Plugins -> Magic Leap Plugin -> Enable Zero Iteration
[2022.01.29-21.53.48:977][  0]LogStats: UGameplayTagsManager::InitializeManager -  0.000 s
[2022.01.29-21.53.49:102][  0]LogInit: Initializing FReadOnlyCVARCache
[2022.01.29-21.53.49:110][  0]LogAIModule: Creating AISystem for world Untitled
[2022.01.29-21.53.49:111][  0]LogAudio: Display: Initializing Audio Device Manager...
[2022.01.29-21.53.49:115][  0]LogAudio: Display: Loading Default Audio Settings Objects...
[2022.01.29-21.53.49:116][  0]LogAudio: Display: No default SoundConcurrencyObject specified (or failed to load).
[2022.01.29-21.53.49:116][  0]LogAudio: Display: Audio Device Manager Initialized
[2022.01.29-21.53.49:116][  0]LogAudio: Display: Creating Audio Device:                 Id: 1, Scope: Shared, Realtime: True
[2022.01.29-21.53.49:116][  0]LogAudioMixer: Display: Audio Mixer Platform Settings:
[2022.01.29-21.53.49:117][  0]LogAudioMixer: Display: 	Sample Rate:						  48000
[2022.01.29-21.53.49:117][  0]LogAudioMixer: Display: 	Callback Buffer Frame Size Requested: 1024
[2022.01.29-21.53.49:117][  0]LogAudioMixer: Display: 	Callback Buffer Frame Size To Use:	  1024
[2022.01.29-21.53.49:117][  0]LogAudioMixer: Display: 	Number of buffers to queue:			  2
[2022.01.29-21.53.49:117][  0]LogAudioMixer: Display: 	Max Channels (voices):				  32
[2022.01.29-21.53.49:117][  0]LogAudioMixer: Display: 	Number of Async Source Workers:		  0
[2022.01.29-21.53.49:117][  0]LogAudio: Display: AudioDevice MaxSources: 32
[2022.01.29-21.53.49:117][  0]LogAudio: Display: Audio Spatialization Plugin: None (built-in).
[2022.01.29-21.53.49:118][  0]LogAudio: Display: Audio Reverb Plugin: None (built-in).
[2022.01.29-21.53.49:118][  0]LogAudio: Display: Audio Occlusion Plugin: None (built-in).
[2022.01.29-21.53.49:118][  0]LogAudioMixer: Display: Initializing audio mixer.
[2022.01.29-21.53.49:132][  0]LogAudioMixer: Display: 0: FrontLeft
[2022.01.29-21.53.49:132][  0]LogAudioMixer: Display: 1: FrontRight
[2022.01.29-21.53.49:152][  0]LogAudioMixer: Display: Using Audio Device Speakers (2- USB Audio Device)
[2022.01.29-21.53.49:152][  0]LogAudioMixer: Display: Initializing Sound Submixes...
[2022.01.29-21.53.49:154][  0]LogAudioMixer: Display: Creating Master Submix 'MasterSubmixDefault'
[2022.01.29-21.53.49:154][  0]LogAudioMixer: Display: Creating Master Submix 'MasterReverbSubmixDefault'
[2022.01.29-21.53.49:154][  0]LogAudioMixer: Display: Creating Master Submix 'MasterEQSubmixDefault'
[2022.01.29-21.53.49:155][  0]LogAudioMixer: FMixerPlatformXAudio2::StartAudioStream() called
[2022.01.29-21.53.49:155][  0]LogAudioMixer: Display: Output buffers initialized: Frames=1024, Channels=2, Samples=2048
[2022.01.29-21.53.49:156][  0]LogAudioMixer: Display: Starting AudioMixerPlatformInterface::RunInternal()
[2022.01.29-21.53.49:157][  0]LogAudioMixer: Display: FMixerPlatformXAudio2::SubmitBuffer() called for the first time
[2022.01.29-21.53.49:157][  0]LogInit: FAudioDevice initialized.
[2022.01.29-21.53.49:157][  0]LogAudio: Display: Audio Device (ID: 1) registered with world 'Untitled'.
[2022.01.29-21.53.49:157][  0]LogNetVersion: Set ProjectVersion to 1.0.0.0. Version Checksum will be recalculated on next use.
[2022.01.29-21.53.49:226][  0]LogDerivedDataCache: Saved boot cache 0.07s 94MB C:/Users/hbnm/AppData/Local/UnrealEngine/4.27/DerivedDataCache/Boot.ddc.
[2022.01.29-21.53.49:226][  0]LogInit: Texture streaming: Enabled
[2022.01.29-21.53.49:240][  0]LogAnalytics: Display: [UEEditor.Rocket.Release] APIServer = https://datarouter.ol.epicgames.com/. AppVersion = 4.27.1-17735300+++UE4+Release-4.27
[2022.01.29-21.53.49:247][  0]LogEngineSessionManager: EngineSessionManager initialized
[2022.01.29-21.53.49:247][  0]LogEditorSessionSummary: Verbose: Initializing EditorSessionSummaryWriter for editor session tracking
[2022.01.29-21.53.49:250][  0]LogEditorSessionSummary: EditorSessionSummaryWriter initialized
[2022.01.29-21.53.49:272][  0]LogInit: Transaction tracking system initialized
[2022.01.29-21.53.49:302][  0]BlueprintLog: New page: Editor Load
[2022.01.29-21.53.49:375][  0]LocalizationService: Localization service is disabled
[2022.01.29-21.53.49:402][  0]TimingProfiler: Initialize
[2022.01.29-21.53.49:402][  0]TimingProfiler: OnSessionChanged
[2022.01.29-21.53.49:402][  0]LoadingProfiler: Initialize
[2022.01.29-21.53.49:403][  0]LoadingProfiler: OnSessionChanged
[2022.01.29-21.53.49:403][  0]NetworkingProfiler: Initialize
[2022.01.29-21.53.49:403][  0]NetworkingProfiler: OnSessionChanged
[2022.01.29-21.53.49:403][  0]MemoryProfiler: Initialize
[2022.01.29-21.53.49:403][  0]MemoryProfiler: OnSessionChanged
[2022.01.29-21.53.49:556][  0]LogCook: Display: CookSettings for Memory: MemoryMaxUsedVirtual 0MiB, MemoryMaxUsedPhysical 16384MiB, MemoryMinFreeVirtual 0MiB, MemoryMinFreePhysical 1024MiB
[2022.01.29-21.53.49:556][  0]LogCook: Display: Mobile HDR setting 1
[2022.01.29-21.53.49:771][  0]LogFileCache: Scanning file cache for directory 'D:/rt/Logipaignion/The_Elementalists/Content/' took 0.01s
[2022.01.29-21.53.49:945][  0]LogImageWrapper: Warning: PNG Warning: Duplicate iCCP chunk
[2022.01.29-21.53.49:946][  0]LogImageWrapper: Warning: PNG Warning: Duplicate iCCP chunk
[2022.01.29-21.53.49:946][  0]LogInit: Display: Engine is initialized. Leaving FEngineLoop::Init()
[2022.01.29-21.53.49:948][  0]SourceControl: Source control is disabled
[2022.01.29-21.53.49:949][  0]LogUnrealEdMisc: Loading editor; pre map load, took 7.948
[2022.01.29-21.53.49:949][  0]Cmd: MAP LOAD FILE="../../../Engine/Content/Maps/Templates/Template_Default.umap" TEMPLATE=1 SHOWPROGRESS=1 FEATURELEVEL=3
[2022.01.29-21.53.49:949][  0]LightingResults: New page: Lighting Build
[2022.01.29-21.53.49:950][  0]LogWorld: UWorld::CleanupWorld for Untitled, bSessionEnded=true, bCleanupResources=true
[2022.01.29-21.53.49:951][  0]LogSlate: InvalidateAllWidgets triggered.  All widgets were invalidated
[2022.01.29-21.53.49:951][  0]MapCheck: New page: Map Check
[2022.01.29-21.53.49:951][  0]LightingResults: New page: Lighting Build
[2022.01.29-21.53.49:958][  0]LogAudio: Display: Audio Device unregistered from world 'None'.
[2022.01.29-21.53.49:961][  0]LogUObjectHash: Compacting FUObjectHashTables data took   0.83ms
[2022.01.29-21.53.50:038][  0]LogTexture: Display: Building textures: DeprecatedTextureEB9CBE3C423008B5E8E130901E171C89 (BGRA8, 128X128)
[2022.01.29-21.53.50:049][  0]LogAudio: Display: Audio Device (ID: 1) registered with world 'Untitled_1'.
[2022.01.29-21.53.50:049][  0]LogAIModule: Creating AISystem for world Untitled_1
[2022.01.29-21.53.50:057][  0]LogEditorServer: Finished looking for orphan Actors (0.000 secs)
[2022.01.29-21.53.50:067][  0]LogUObjectHash: Compacting FUObjectHashTables data took   1.24ms
[2022.01.29-21.53.50:067][  0]Cmd: MAP CHECKDEP NOCLEARLOG
[2022.01.29-21.53.50:067][  0]MapCheck: Map check complete: 0 Error(s), 0 Warning(s), took 0.131ms to complete.
[2022.01.29-21.53.50:068][  0]LogFileHelpers: Loading map 'Template_Default' took 0.120
[2022.01.29-21.53.50:071][  0]LogUnrealEdMisc: Total Editor Startup Time, took 8.071
[2022.01.29-21.53.50:182][  0]LogSlate: Updating window title bar state: overlay mode, drag disabled, window buttons hidden, title bar hidden
[2022.01.29-21.53.50:188][  0]LogSlate: Updating window title bar state: overlay mode, drag disabled, window buttons hidden, title bar hidden
[2022.01.29-21.53.50:193][  0]LogSlate: Updating window title bar state: overlay mode, drag disabled, window buttons hidden, title bar hidden
[2022.01.29-21.53.50:199][  0]LogSlate: Updating window title bar state: overlay mode, drag disabled, window buttons hidden, title bar hidden
[2022.01.29-21.53.50:210][  0]LogNativeClassHierarchy: Verbose: Native class hierarchy populated in 0.0081 seconds. Added 3836 classes and 931 folders.
[2022.01.29-21.53.50:212][  0]LogNativeClassHierarchy: Verbose: Native class hierarchy updated for 'WidgetCarousel' in 0.0002 seconds. Added 0 classes and 0 folders.
[2022.01.29-21.53.50:213][  0]LogPakFile: PakFile PrimaryIndexSize=187
[2022.01.29-21.53.50:213][  0]LogPakFile: PakFile PathHashIndexSize=101
[2022.01.29-21.53.50:213][  0]LogPakFile: PakFile FullDirectoryIndexSize=148
[2022.01.29-21.53.50:214][  0]LogShaderLibrary: Display: ShaderCodeLibraryPakFileMountedCallback: PakFile 'C:/Program Files/Epic Games/UE_4.27/FeaturePacks/FP_FirstPerson.upack' (chunk index -1, root 'root:/') mounted
[2022.01.29-21.53.50:214][  0]LogShaderLibrary: Display: ShaderCodeLibraryPakFileMountedCallback: pending pak file info (ChunkID:-1 Root:root:/ File:C:/Program Files/Epic Games/UE_4.27/FeaturePacks/FP_FirstPerson.upack)
[2022.01.29-21.53.50:214][  0]LogPakFile: OnPakFileMounted2Time == 0.000160
[2022.01.29-21.53.50:214][  0]LogPakFile: PakFile PrimaryIndexSize=189
[2022.01.29-21.53.50:214][  0]LogPakFile: PakFile PathHashIndexSize=101
[2022.01.29-21.53.50:214][  0]LogPakFile: PakFile FullDirectoryIndexSize=152
[2022.01.29-21.53.50:214][  0]LogShaderLibrary: Display: ShaderCodeLibraryPakFileMountedCallback: PakFile 'C:/Program Files/Epic Games/UE_4.27/FeaturePacks/FP_FirstPersonBP.upack' (chunk index -1, root 'root:/') mounted
[2022.01.29-21.53.50:214][  0]LogShaderLibrary: Display: ShaderCodeLibraryPakFileMountedCallback: pending pak file info (ChunkID:-1 Root:root:/ File:C:/Program Files/Epic Games/UE_4.27/FeaturePacks/FP_FirstPersonBP.upack)
[2022.01.29-21.53.50:214][  0]LogPakFile: OnPakFileMounted2Time == 0.000100
[2022.01.29-21.53.50:215][  0]LogPakFile: PakFile PrimaryIndexSize=191
[2022.01.29-21.53.50:215][  0]LogPakFile: PakFile PathHashIndexSize=101
[2022.01.29-21.53.50:215][  0]LogPakFile: PakFile FullDirectoryIndexSize=160
[2022.01.29-21.53.50:215][  0]LogShaderLibrary: Display: ShaderCodeLibraryPakFileMountedCallback: PakFile 'C:/Program Files/Epic Games/UE_4.27/FeaturePacks/MobileStarterContent.upack' (chunk index -1, root 'root:/') mounted
[2022.01.29-21.53.50:215][  0]LogShaderLibrary: Display: ShaderCodeLibraryPakFileMountedCallback: pending pak file info (ChunkID:-1 Root:root:/ File:C:/Program Files/Epic Games/UE_4.27/FeaturePacks/MobileStarterContent.upack)
[2022.01.29-21.53.50:215][  0]LogPakFile: OnPakFileMounted2Time == 0.000114
[2022.01.29-21.53.50:216][  0]LogPakFile: PakFile PrimaryIndexSize=185
[2022.01.29-21.53.50:216][  0]LogPakFile: PakFile PathHashIndexSize=101
[2022.01.29-21.53.50:216][  0]LogPakFile: PakFile FullDirectoryIndexSize=148
[2022.01.29-21.53.50:216][  0]LogShaderLibrary: Display: ShaderCodeLibraryPakFileMountedCallback: PakFile 'C:/Program Files/Epic Games/UE_4.27/FeaturePacks/StarterContent.upack' (chunk index -1, root 'root:/') mounted
[2022.01.29-21.53.50:216][  0]LogShaderLibrary: Display: ShaderCodeLibraryPakFileMountedCallback: pending pak file info (ChunkID:-1 Root:root:/ File:C:/Program Files/Epic Games/UE_4.27/FeaturePacks/StarterContent.upack)
[2022.01.29-21.53.50:216][  0]LogPakFile: OnPakFileMounted2Time == 0.000098
[2022.01.29-21.53.50:216][  0]LogPakFile: PakFile PrimaryIndexSize=190
[2022.01.29-21.53.50:216][  0]LogPakFile: PakFile PathHashIndexSize=101
[2022.01.29-21.53.50:216][  0]LogPakFile: PakFile FullDirectoryIndexSize=154
[2022.01.29-21.53.50:216][  0]LogShaderLibrary: Display: ShaderCodeLibraryPakFileMountedCallback: PakFile 'C:/Program Files/Epic Games/UE_4.27/FeaturePacks/TP_2DSideScroller.upack' (chunk index -1, root 'root:/') mounted
[2022.01.29-21.53.50:217][  0]LogShaderLibrary: Display: ShaderCodeLibraryPakFileMountedCallback: pending pak file info (ChunkID:-1 Root:root:/ File:C:/Program Files/Epic Games/UE_4.27/FeaturePacks/TP_2DSideScroller.upack)
[2022.01.29-21.53.50:217][  0]LogPakFile: OnPakFileMounted2Time == 0.000118
[2022.01.29-21.53.50:217][  0]LogPakFile: PakFile PrimaryIndexSize=192
[2022.01.29-21.53.50:217][  0]LogPakFile: PakFile PathHashIndexSize=101
[2022.01.29-21.53.50:217][  0]LogPakFile: PakFile FullDirectoryIndexSize=158
[2022.01.29-21.53.50:217][  0]LogShaderLibrary: Display: ShaderCodeLibraryPakFileMountedCallback: PakFile 'C:/Program Files/Epic Games/UE_4.27/FeaturePacks/TP_2DSideScrollerBP.upack' (chunk index -1, root 'root:/') mounted
[2022.01.29-21.53.50:217][  0]LogShaderLibrary: Display: ShaderCodeLibraryPakFileMountedCallback: pending pak file info (ChunkID:-1 Root:root:/ File:C:/Program Files/Epic Games/UE_4.27/FeaturePacks/TP_2DSideScrollerBP.upack)
[2022.01.29-21.53.50:217][  0]LogPakFile: OnPakFileMounted2Time == 0.000116
[2022.01.29-21.53.50:218][  0]LogPakFile: PakFile PrimaryIndexSize=182
[2022.01.29-21.53.50:218][  0]LogPakFile: PakFile PathHashIndexSize=101
[2022.01.29-21.53.50:218][  0]LogPakFile: PakFile FullDirectoryIndexSize=138
[2022.01.29-21.53.50:218][  0]LogShaderLibrary: Display: ShaderCodeLibraryPakFileMountedCallback: PakFile 'C:/Program Files/Epic Games/UE_4.27/FeaturePacks/TP_Flying.upack' (chunk index -1, root 'root:/') mounted
[2022.01.29-21.53.50:218][  0]LogShaderLibrary: Display: ShaderCodeLibraryPakFileMountedCallback: pending pak file info (ChunkID:-1 Root:root:/ File:C:/Program Files/Epic Games/UE_4.27/FeaturePacks/TP_Flying.upack)
[2022.01.29-21.53.50:218][  0]LogPakFile: OnPakFileMounted2Time == 0.000105
[2022.01.29-21.53.50:218][  0]LogPakFile: PakFile PrimaryIndexSize=184
[2022.01.29-21.53.50:219][  0]LogPakFile: PakFile PathHashIndexSize=101
[2022.01.29-21.53.50:219][  0]LogPakFile: PakFile FullDirectoryIndexSize=142
[2022.01.29-21.53.50:219][  0]LogShaderLibrary: Display: ShaderCodeLibraryPakFileMountedCallback: PakFile 'C:/Program Files/Epic Games/UE_4.27/FeaturePacks/TP_FlyingBP.upack' (chunk index -1, root 'root:/') mounted
[2022.01.29-21.53.50:219][  0]LogShaderLibrary: Display: ShaderCodeLibraryPakFileMountedCallback: pending pak file info (ChunkID:-1 Root:root:/ File:C:/Program Files/Epic Games/UE_4.27/FeaturePacks/TP_FlyingBP.upack)
[2022.01.29-21.53.50:219][  0]LogPakFile: OnPakFileMounted2Time == 0.000125
[2022.01.29-21.53.50:219][  0]LogPakFile: PakFile PrimaryIndexSize=188
[2022.01.29-21.53.50:219][  0]LogPakFile: PakFile PathHashIndexSize=101
[2022.01.29-21.53.50:220][  0]LogPakFile: PakFile FullDirectoryIndexSize=150
[2022.01.29-21.53.50:220][  0]LogShaderLibrary: Display: ShaderCodeLibraryPakFileMountedCallback: PakFile 'C:/Program Files/Epic Games/UE_4.27/FeaturePacks/TP_HandheldARBP.upack' (chunk index -1, root 'root:/') mounted
[2022.01.29-21.53.50:220][  0]LogShaderLibrary: Display: ShaderCodeLibraryPakFileMountedCallback: pending pak file info (ChunkID:-1 Root:root:/ File:C:/Program Files/Epic Games/UE_4.27/FeaturePacks/TP_HandheldARBP.upack)
[2022.01.29-21.53.50:220][  0]LogPakFile: OnPakFileMounted2Time == 0.000130
[2022.01.29-21.53.50:220][  0]LogPakFile: PakFile PrimaryIndexSize=182
[2022.01.29-21.53.50:221][  0]LogPakFile: PakFile PathHashIndexSize=101
[2022.01.29-21.53.50:221][  0]LogPakFile: PakFile FullDirectoryIndexSize=138
[2022.01.29-21.53.50:221][  0]LogShaderLibrary: Display: ShaderCodeLibraryPakFileMountedCallback: PakFile 'C:/Program Files/Epic Games/UE_4.27/FeaturePacks/TP_Puzzle.upack' (chunk index -1, root 'root:/') mounted
[2022.01.29-21.53.50:221][  0]LogShaderLibrary: Display: ShaderCodeLibraryPakFileMountedCallback: pending pak file info (ChunkID:-1 Root:root:/ File:C:/Program Files/Epic Games/UE_4.27/FeaturePacks/TP_Puzzle.upack)
[2022.01.29-21.53.50:221][  0]LogPakFile: OnPakFileMounted2Time == 0.000105
[2022.01.29-21.53.50:221][  0]LogPakFile: PakFile PrimaryIndexSize=184
[2022.01.29-21.53.50:221][  0]LogPakFile: PakFile PathHashIndexSize=101
[2022.01.29-21.53.50:221][  0]LogPakFile: PakFile FullDirectoryIndexSize=142
[2022.01.29-21.53.50:221][  0]LogShaderLibrary: Display: ShaderCodeLibraryPakFileMountedCallback: PakFile 'C:/Program Files/Epic Games/UE_4.27/FeaturePacks/TP_PuzzleBP.upack' (chunk index -1, root 'root:/') mounted
[2022.01.29-21.53.50:221][  0]LogShaderLibrary: Display: ShaderCodeLibraryPakFileMountedCallback: pending pak file info (ChunkID:-1 Root:root:/ File:C:/Program Files/Epic Games/UE_4.27/FeaturePacks/TP_PuzzleBP.upack)
[2022.01.29-21.53.50:221][  0]LogPakFile: OnPakFileMounted2Time == 0.000109
[2022.01.29-21.53.50:222][  0]LogPakFile: PakFile PrimaryIndexSize=183
[2022.01.29-21.53.50:222][  0]LogPakFile: PakFile PathHashIndexSize=101
[2022.01.29-21.53.50:222][  0]LogPakFile: PakFile FullDirectoryIndexSize=140
[2022.01.29-21.53.50:222][  0]LogShaderLibrary: Display: ShaderCodeLibraryPakFileMountedCallback: PakFile 'C:/Program Files/Epic Games/UE_4.27/FeaturePacks/TP_Rolling.upack' (chunk index -1, root 'root:/') mounted
[2022.01.29-21.53.50:222][  0]LogShaderLibrary: Display: ShaderCodeLibraryPakFileMountedCallback: pending pak file info (ChunkID:-1 Root:root:/ File:C:/Program Files/Epic Games/UE_4.27/FeaturePacks/TP_Rolling.upack)
[2022.01.29-21.53.50:222][  0]LogPakFile: OnPakFileMounted2Time == 0.000109
[2022.01.29-21.53.50:223][  0]LogPakFile: PakFile PrimaryIndexSize=185
[2022.01.29-21.53.50:223][  0]LogPakFile: PakFile PathHashIndexSize=101
[2022.01.29-21.53.50:223][  0]LogPakFile: PakFile FullDirectoryIndexSize=144
[2022.01.29-21.53.50:223][  0]LogShaderLibrary: Display: ShaderCodeLibraryPakFileMountedCallback: PakFile 'C:/Program Files/Epic Games/UE_4.27/FeaturePacks/TP_RollingBP.upack' (chunk index -1, root 'root:/') mounted
[2022.01.29-21.53.50:223][  0]LogShaderLibrary: Display: ShaderCodeLibraryPakFileMountedCallback: pending pak file info (ChunkID:-1 Root:root:/ File:C:/Program Files/Epic Games/UE_4.27/FeaturePacks/TP_RollingBP.upack)
[2022.01.29-21.53.50:223][  0]LogPakFile: OnPakFileMounted2Time == 0.000108
[2022.01.29-21.53.50:223][  0]LogPakFile: PakFile PrimaryIndexSize=188
[2022.01.29-21.53.50:223][  0]LogPakFile: PakFile PathHashIndexSize=101
[2022.01.29-21.53.50:223][  0]LogPakFile: PakFile FullDirectoryIndexSize=150
[2022.01.29-21.53.50:223][  0]LogShaderLibrary: Display: ShaderCodeLibraryPakFileMountedCallback: PakFile 'C:/Program Files/Epic Games/UE_4.27/FeaturePacks/TP_SideScroller.upack' (chunk index -1, root 'root:/') mounted
[2022.01.29-21.53.50:223][  0]LogShaderLibrary: Display: ShaderCodeLibraryPakFileMountedCallback: pending pak file info (ChunkID:-1 Root:root:/ File:C:/Program Files/Epic Games/UE_4.27/FeaturePacks/TP_SideScroller.upack)
[2022.01.29-21.53.50:224][  0]LogPakFile: OnPakFileMounted2Time == 0.000103
[2022.01.29-21.53.50:224][  0]LogPakFile: PakFile PrimaryIndexSize=190
[2022.01.29-21.53.50:224][  0]LogPakFile: PakFile PathHashIndexSize=101
[2022.01.29-21.53.50:224][  0]LogPakFile: PakFile FullDirectoryIndexSize=154
[2022.01.29-21.53.50:224][  0]LogShaderLibrary: Display: ShaderCodeLibraryPakFileMountedCallback: PakFile 'C:/Program Files/Epic Games/UE_4.27/FeaturePacks/TP_SideScrollerBP.upack' (chunk index -1, root 'root:/') mounted
[2022.01.29-21.53.50:224][  0]LogShaderLibrary: Display: ShaderCodeLibraryPakFileMountedCallback: pending pak file info (ChunkID:-1 Root:root:/ File:C:/Program Files/Epic Games/UE_4.27/FeaturePacks/TP_SideScrollerBP.upack)
[2022.01.29-21.53.50:224][  0]LogPakFile: OnPakFileMounted2Time == 0.000114
[2022.01.29-21.53.50:225][  0]LogPakFile: PakFile PrimaryIndexSize=187
[2022.01.29-21.53.50:225][  0]LogPakFile: PakFile PathHashIndexSize=101
[2022.01.29-21.53.50:225][  0]LogPakFile: PakFile FullDirectoryIndexSize=148
[2022.01.29-21.53.50:225][  0]LogShaderLibrary: Display: ShaderCodeLibraryPakFileMountedCallback: PakFile 'C:/Program Files/Epic Games/UE_4.27/FeaturePacks/TP_ThirdPerson.upack' (chunk index -1, root 'root:/') mounted
[2022.01.29-21.53.50:225][  0]LogShaderLibrary: Display: ShaderCodeLibraryPakFileMountedCallback: pending pak file info (ChunkID:-1 Root:root:/ File:C:/Program Files/Epic Games/UE_4.27/FeaturePacks/TP_ThirdPerson.upack)
[2022.01.29-21.53.50:225][  0]LogPakFile: OnPakFileMounted2Time == 0.000097
[2022.01.29-21.53.50:225][  0]LogPakFile: PakFile PrimaryIndexSize=189
[2022.01.29-21.53.50:225][  0]LogPakFile: PakFile PathHashIndexSize=101
[2022.01.29-21.53.50:225][  0]LogPakFile: PakFile FullDirectoryIndexSize=152
[2022.01.29-21.53.50:225][  0]LogShaderLibrary: Display: ShaderCodeLibraryPakFileMountedCallback: PakFile 'C:/Program Files/Epic Games/UE_4.27/FeaturePacks/TP_ThirdPersonBP.upack' (chunk index -1, root 'root:/') mounted
[2022.01.29-21.53.50:226][  0]LogShaderLibrary: Display: ShaderCodeLibraryPakFileMountedCallback: pending pak file info (ChunkID:-1 Root:root:/ File:C:/Program Files/Epic Games/UE_4.27/FeaturePacks/TP_ThirdPersonBP.upack)
[2022.01.29-21.53.50:226][  0]LogPakFile: OnPakFileMounted2Time == 0.000135
[2022.01.29-21.53.50:226][  0]LogPakFile: PakFile PrimaryIndexSize=183
[2022.01.29-21.53.50:226][  0]LogPakFile: PakFile PathHashIndexSize=101
[2022.01.29-21.53.50:226][  0]LogPakFile: PakFile FullDirectoryIndexSize=140
[2022.01.29-21.53.50:226][  0]LogShaderLibrary: Display: ShaderCodeLibraryPakFileMountedCallback: PakFile 'C:/Program Files/Epic Games/UE_4.27/FeaturePacks/TP_TopDown.upack' (chunk index -1, root 'root:/') mounted
[2022.01.29-21.53.50:227][  0]LogShaderLibrary: Display: ShaderCodeLibraryPakFileMountedCallback: pending pak file info (ChunkID:-1 Root:root:/ File:C:/Program Files/Epic Games/UE_4.27/FeaturePacks/TP_TopDown.upack)
[2022.01.29-21.53.50:227][  0]LogPakFile: OnPakFileMounted2Time == 0.000134
[2022.01.29-21.53.50:227][  0]LogPakFile: PakFile PrimaryIndexSize=185
[2022.01.29-21.53.50:227][  0]LogPakFile: PakFile PathHashIndexSize=101
[2022.01.29-21.53.50:227][  0]LogPakFile: PakFile FullDirectoryIndexSize=144
[2022.01.29-21.53.50:227][  0]LogShaderLibrary: Display: ShaderCodeLibraryPakFileMountedCallback: PakFile 'C:/Program Files/Epic Games/UE_4.27/FeaturePacks/TP_TopDownBP.upack' (chunk index -1, root 'root:/') mounted
[2022.01.29-21.53.50:227][  0]LogShaderLibrary: Display: ShaderCodeLibraryPakFileMountedCallback: pending pak file info (ChunkID:-1 Root:root:/ File:C:/Program Files/Epic Games/UE_4.27/FeaturePacks/TP_TopDownBP.upack)
[2022.01.29-21.53.50:227][  0]LogPakFile: OnPakFileMounted2Time == 0.000112
[2022.01.29-21.53.50:228][  0]LogPakFile: PakFile PrimaryIndexSize=185
[2022.01.29-21.53.50:228][  0]LogPakFile: PakFile PathHashIndexSize=101
[2022.01.29-21.53.50:228][  0]LogPakFile: PakFile FullDirectoryIndexSize=144
[2022.01.29-21.53.50:228][  0]LogShaderLibrary: Display: ShaderCodeLibraryPakFileMountedCallback: PakFile 'C:/Program Files/Epic Games/UE_4.27/FeaturePacks/TP_TwinStick.upack' (chunk index -1, root 'root:/') mounted
[2022.01.29-21.53.50:228][  0]LogShaderLibrary: Display: ShaderCodeLibraryPakFileMountedCallback: pending pak file info (ChunkID:-1 Root:root:/ File:C:/Program Files/Epic Games/UE_4.27/FeaturePacks/TP_TwinStick.upack)
[2022.01.29-21.53.50:228][  0]LogPakFile: OnPakFileMounted2Time == 0.000096
[2022.01.29-21.53.50:229][  0]LogPakFile: PakFile PrimaryIndexSize=187
[2022.01.29-21.53.50:229][  0]LogPakFile: PakFile PathHashIndexSize=101
[2022.01.29-21.53.50:229][  0]LogPakFile: PakFile FullDirectoryIndexSize=148
[2022.01.29-21.53.50:229][  0]LogShaderLibrary: Display: ShaderCodeLibraryPakFileMountedCallback: PakFile 'C:/Program Files/Epic Games/UE_4.27/FeaturePacks/TP_TwinStickBP.upack' (chunk index -1, root 'root:/') mounted
[2022.01.29-21.53.50:229][  0]LogShaderLibrary: Display: ShaderCodeLibraryPakFileMountedCallback: pending pak file info (ChunkID:-1 Root:root:/ File:C:/Program Files/Epic Games/UE_4.27/FeaturePacks/TP_TwinStickBP.upack)
[2022.01.29-21.53.50:229][  0]LogPakFile: OnPakFileMounted2Time == 0.000137
[2022.01.29-21.53.50:230][  0]LogPakFile: PakFile PrimaryIndexSize=183
[2022.01.29-21.53.50:230][  0]LogPakFile: PakFile PathHashIndexSize=101
[2022.01.29-21.53.50:230][  0]LogPakFile: PakFile FullDirectoryIndexSize=140
[2022.01.29-21.53.50:230][  0]LogShaderLibrary: Display: ShaderCodeLibraryPakFileMountedCallback: PakFile 'C:/Program Files/Epic Games/UE_4.27/FeaturePacks/TP_Vehicle.upack' (chunk index -1, root 'root:/') mounted
[2022.01.29-21.53.50:230][  0]LogShaderLibrary: Display: ShaderCodeLibraryPakFileMountedCallback: pending pak file info (ChunkID:-1 Root:root:/ File:C:/Program Files/Epic Games/UE_4.27/FeaturePacks/TP_Vehicle.upack)
[2022.01.29-21.53.50:230][  0]LogPakFile: OnPakFileMounted2Time == 0.000125
[2022.01.29-21.53.50:231][  0]LogPakFile: PakFile PrimaryIndexSize=186
[2022.01.29-21.53.50:231][  0]LogPakFile: PakFile PathHashIndexSize=101
[2022.01.29-21.53.50:231][  0]LogPakFile: PakFile FullDirectoryIndexSize=146
[2022.01.29-21.53.50:231][  0]LogShaderLibrary: Display: ShaderCodeLibraryPakFileMountedCallback: PakFile 'C:/Program Files/Epic Games/UE_4.27/FeaturePacks/TP_VehicleAdv.upack' (chunk index -1, root 'root:/') mounted
[2022.01.29-21.53.50:231][  0]LogShaderLibrary: Display: ShaderCodeLibraryPakFileMountedCallback: pending pak file info (ChunkID:-1 Root:root:/ File:C:/Program Files/Epic Games/UE_4.27/FeaturePacks/TP_VehicleAdv.upack)
[2022.01.29-21.53.50:231][  0]LogPakFile: OnPakFileMounted2Time == 0.000161
[2022.01.29-21.53.50:232][  0]LogPakFile: PakFile PrimaryIndexSize=188
[2022.01.29-21.53.50:232][  0]LogPakFile: PakFile PathHashIndexSize=101
[2022.01.29-21.53.50:232][  0]LogPakFile: PakFile FullDirectoryIndexSize=150
[2022.01.29-21.53.50:232][  0]LogShaderLibrary: Display: ShaderCodeLibraryPakFileMountedCallback: PakFile 'C:/Program Files/Epic Games/UE_4.27/FeaturePacks/TP_VehicleAdvBP.upack' (chunk index -1, root 'root:/') mounted
[2022.01.29-21.53.50:232][  0]LogShaderLibrary: Display: ShaderCodeLibraryPakFileMountedCallback: pending pak file info (ChunkID:-1 Root:root:/ File:C:/Program Files/Epic Games/UE_4.27/FeaturePacks/TP_VehicleAdvBP.upack)
[2022.01.29-21.53.50:232][  0]LogPakFile: OnPakFileMounted2Time == 0.000118
[2022.01.29-21.53.50:233][  0]LogPakFile: PakFile PrimaryIndexSize=185
[2022.01.29-21.53.50:233][  0]LogPakFile: PakFile PathHashIndexSize=101
[2022.01.29-21.53.50:233][  0]LogPakFile: PakFile FullDirectoryIndexSize=144
[2022.01.29-21.53.50:233][  0]LogShaderLibrary: Display: ShaderCodeLibraryPakFileMountedCallback: PakFile 'C:/Program Files/Epic Games/UE_4.27/FeaturePacks/TP_VehicleBP.upack' (chunk index -1, root 'root:/') mounted
[2022.01.29-21.53.50:233][  0]LogShaderLibrary: Display: ShaderCodeLibraryPakFileMountedCallback: pending pak file info (ChunkID:-1 Root:root:/ File:C:/Program Files/Epic Games/UE_4.27/FeaturePacks/TP_VehicleBP.upack)
[2022.01.29-21.53.50:233][  0]LogPakFile: OnPakFileMounted2Time == 0.000135
[2022.01.29-21.53.50:233][  0]LogPakFile: PakFile PrimaryIndexSize=192
[2022.01.29-21.53.50:234][  0]LogPakFile: PakFile PathHashIndexSize=101
[2022.01.29-21.53.50:234][  0]LogPakFile: PakFile FullDirectoryIndexSize=158
[2022.01.29-21.53.50:234][  0]LogShaderLibrary: Display: ShaderCodeLibraryPakFileMountedCallback: PakFile 'C:/Program Files/Epic Games/UE_4.27/FeaturePacks/TP_VirtualRealityBP.upack' (chunk index -1, root 'root:/') mounted
[2022.01.29-21.53.50:234][  0]LogShaderLibrary: Display: ShaderCodeLibraryPakFileMountedCallback: pending pak file info (ChunkID:-1 Root:root:/ File:C:/Program Files/Epic Games/UE_4.27/FeaturePacks/TP_VirtualRealityBP.upack)
[2022.01.29-21.53.50:234][  0]LogPakFile: OnPakFileMounted2Time == 0.000133
[2022.01.29-21.53.50:276][  0]LogNativeClassHierarchy: Verbose: Native class hierarchy updated for 'AddContentDialog' in 0.0003 seconds. Added 0 classes and 0 folders.
[2022.01.29-21.53.50:280][  0]LogNativeClassHierarchy: Verbose: Native class hierarchy updated for 'SceneOutliner' in 0.0002 seconds. Added 2 classes and 0 folders.
[2022.01.29-21.53.50:344][  0]LogSlate: Took 0.000137 seconds to synchronously load lazily loaded font '../../../Engine/Content/Slate/Fonts/Roboto-Regular.ttf' (155K)
[2022.01.29-21.53.50:345][  0]LogSlate: Took 0.000177 seconds to synchronously load lazily loaded font '../../../Engine/Content/Editor/Slate/Fonts/FontAwesome.ttf' (139K)
[2022.01.29-21.53.50:346][  0]LogSlate: Took 0.000135 seconds to synchronously load lazily loaded font '../../../Engine/Content/Slate/Fonts/Roboto-Bold.ttf' (160K)
[2022.01.29-21.53.50:434][  0]LogRenderer: Reallocating scene render targets to support 1228x560 Format 10 NumSamples 1 (Frame:1).
[2022.01.29-21.53.50:477][  0]LogSlate: Took 0.000150 seconds to synchronously load lazily loaded font '../../../Engine/Content/Slate/Fonts/Roboto-Light.ttf' (167K)
[2022.01.29-21.53.50:529][  0]LogNativeClassHierarchy: Verbose: Native class hierarchy updated for 'HierarchicalLODOutliner' in 0.0002 seconds. Added 0 classes and 0 folders.
[2022.01.29-21.53.50:529][  0]LogLoad: (Engine Initialization) Total time: 8.53 seconds
[2022.01.29-21.53.50:529][  0]LogLoad: (Engine Initialization) Total Blueprint compile time: 0.00 seconds
[2022.01.29-21.53.50:592][  0]LogAssetRegistry: Asset discovery search completed in 4.2810 seconds
[2022.01.29-21.53.50:598][  0]LogCollectionManager: Fixed up redirectors for 0 collections in 0.000002 seconds (updated 0 objects)
[2022.01.29-21.53.50:600][  0]LogContentStreaming: Texture pool size now 1000 MB
[2022.01.29-21.53.50:635][  1]LogRenderer: Reallocating scene render targets to support 1228x580 Format 10 NumSamples 1 (Frame:5).
[2022.01.29-21.53.50:880][  1]LogFileCache: Retrieving MD5 hashes for directory 'D:/rt/Logipaignion/The_Elementalists/Content/' took 0.33s
[2022.01.29-21.53.57:510][200]LogSlate: Took 0.000148 seconds to synchronously load lazily loaded font '../../../Engine/Content/Slate/Fonts/Roboto-Light.ttf' (167K)
[2022.01.29-21.53.57:525][200]LogAssetEditorSubsystem: Opening Asset editor for Blueprint /Game/_Game/Flashback/Blueprints/Enemies/BP_Fire.BP_Fire
[2022.01.29-21.53.57:574][200]LogNativeClassHierarchy: Verbose: Native class hierarchy updated for 'BlueprintGraph' in 0.0004 seconds. Added 126 classes and 0 folders.
[2022.01.29-21.53.58:316][200]LogActor: Warning: BP_Fire_C /Engine/Transient.World_0:PersistentLevel.BP_Fire_C_0 has natively added scene component(s), but none of them were set as the actor's RootComponent - picking one arbitrarily
[2022.01.29-21.54.01:598][578]LogEditorClassViewer: Warning: Class /Engine/Tutorial/InWorldBlueprintEditing/TutorialAssets/IWBE_Blutility.IWBE_Blutility_C has parent /Script/Blutility.PlacedEditorUtilityBase, but this parent is not found. The Class will not be shown in ClassViewer.
[2022.01.29-21.54.03:255][772]LogWorld: UWorld::CleanupWorld for World_0, bSessionEnded=true, bCleanupResources=true
[2022.01.29-21.54.03:255][772]LogSlate: InvalidateAllWidgets triggered.  All widgets were invalidated
[2022.01.29-21.54.03:300][772]LogAssetEditorSubsystem: Opening Asset editor for Blueprint /Game/_Game/Flashback/Blueprints/Enemies/BP_Fire.BP_Fire
[2022.01.29-21.54.03:649][772]LogActor: Warning: BP_Fire_C /Engine/Transient.World_1:PersistentLevel.BP_Fire_C_0 has natively added scene component(s), but none of them were set as the actor's RootComponent - picking one arbitrarily
[2022.01.29-21.54.03:651][772]LogSlate: Took 0.000153 seconds to synchronously load lazily loaded font '../../../Engine/Content/Slate/Fonts/Roboto-BoldCondensed.ttf' (158K)
[2022.01.29-21.54.04:427][863]LogSlate: Took 0.000142 seconds to synchronously load lazily loaded font '../../../Engine/Content/Slate/Fonts/Roboto-Italic.ttf' (157K)
[2022.01.29-21.54.05:675][  2]LogRenderer: Reallocating scene render targets to support 1228x708 Format 10 NumSamples 1 (Frame:1).
[2022.01.29-21.54.07:368][196]BlueprintLog: New page: Compile BP_Fire
[2022.01.29-21.54.07:370][196]LogActor: Warning: BP_Fire_C /Engine/Transient.World_1:PersistentLevel.BP_Fire_C_0 has natively added scene component(s), but none of them were set as the actor's RootComponent - picking one arbitrarily
[2022.01.29-21.54.07:404][196]LogUObjectHash: Compacting FUObjectHashTables data took   2.01ms
[2022.01.29-21.54.07:416][196]LogSlate: Took 0.000621 seconds to synchronously load lazily loaded font '../../../Engine/Content/Slate/Fonts/DroidSansMono.ttf' (77K)
[2022.01.29-21.54.19:034][519]LogAssetEditorSubsystem: Opening Asset editor for Blueprint /Game/_Game/Flashback/Blueprints/Enemies/BP_FireWall.BP_FireWall
[2022.01.29-21.54.19:316][519]LogActor: Warning: BP_FireWall_C /Engine/Transient.World_2:PersistentLevel.BP_FireWall_C_0 has natively added scene component(s), but none of them were set as the actor's RootComponent - picking one arbitrarily
[2022.01.29-21.54.20:671][653]LogWorld: UWorld::CleanupWorld for World_2, bSessionEnded=true, bCleanupResources=true
[2022.01.29-21.54.20:671][653]LogSlate: InvalidateAllWidgets triggered.  All widgets were invalidated
[2022.01.29-21.54.20:718][653]LogAssetEditorSubsystem: Opening Asset editor for Blueprint /Game/_Game/Flashback/Blueprints/Enemies/BP_FireWall.BP_FireWall
[2022.01.29-21.54.20:999][653]LogActor: Warning: BP_FireWall_C /Engine/Transient.World_4:PersistentLevel.BP_FireWall_C_0 has natively added scene component(s), but none of them were set as the actor's RootComponent - picking one arbitrarily
[2022.01.29-21.54.26:230][244]LogWorld: UWorld::CleanupWorld for World_4, bSessionEnded=true, bCleanupResources=true
[2022.01.29-21.54.26:230][244]LogSlate: InvalidateAllWidgets triggered.  All widgets were invalidated
[2022.01.29-21.54.27:460][384]LogActorComponent: UnregisterComponent: (/Engine/Transient.EditorFloorComp) Not registered. Aborting.
[2022.01.29-21.54.27:460][384]LogWorld: UWorld::CleanupWorld for World_1, bSessionEnded=true, bCleanupResources=true
[2022.01.29-21.54.27:460][384]LogSlate: InvalidateAllWidgets triggered.  All widgets were invalidated
[2022.01.29-21.54.28:195][456]Candidate modules for hot reload:
[2022.01.29-21.54.28:195][456]  The_Elementalists
[2022.01.29-21.54.28:195][456]Launching UnrealBuildTool... [C:/Program Files/Epic Games/UE_4.27/Engine/Binaries/DotNET/UnrealBuildTool.exe  -ModuleWithSuffix=The_Elementalists,4517 The_ElementalistsEditor Win64 Development -Project="D:/rt/Logipaignion/The_Elementalists/The_Elementalists.uproject" "D:/rt/Logipaignion/The_Elementalists/The_Elementalists.uproject"  -IgnoreJunk]
[2022.01.29-21.54.28:197][456]Warning: Starting HotReload took  0.0s.
[2022.01.29-21.54.56:069][141]CompilerResultsLog: New page: Compilation - 30 Jan 2022, 1:54:56 am
[2022.01.29-21.54.56:070][141]CompilerResultsLog: Using 'git status' to determine working set for adaptive non-unity build (D:\rt\Logipaignion).
[2022.01.29-21.54.56:070][141]CompilerResultsLog: Parsing headers for The_ElementalistsEditor
[2022.01.29-21.54.56:070][141]CompilerResultsLog:   Running UnrealHeaderTool "D:\rt\Logipaignion\The_Elementalists\The_Elementalists.uproject" "D:\rt\Logipaignion\The_Elementalists\Intermediate\Build\Win64\The_ElementalistsEditor\Development\The_ElementalistsEditor.uhtmanifest" -LogCmds="loginit warning, logexit warning, logdatabase error" -Unattended -WarningsAsErrors -abslog="C:\Users\hbnm\AppData\Local\UnrealBuildTool\Log_UHT.txt" -installed
[2022.01.29-21.54.56:070][141]CompilerResultsLog: LogInit: Display: Loading text-based GConfig....
[2022.01.29-21.54.56:070][141]CompilerResultsLog: Reflection code generated for The_ElementalistsEditor in 4.1524417 seconds
[2022.01.29-21.54.56:070][141]CompilerResultsLog: Building The_ElementalistsEditor...
[2022.01.29-21.54.56:070][141]CompilerResultsLog: Using Visual Studio 2019 14.31.30818 toolchain (C:\Program Files\Microsoft Visual Studio\2022\Preview\VC\Tools\MSVC\14.31.30818) and Windows 10.0.19041.0 SDK (C:\Program Files (x86)\Windows Kits\10).
[2022.01.29-21.54.56:070][141]CompilerResultsLog: Building 8 actions with 8 processes...
[2022.01.29-21.54.56:070][141]CompilerResultsLog:   [1/8] Fire.cpp
[2022.01.29-21.54.56:070][141]CompilerResultsLog:   [2/8] HealthComponent.gen.cpp
[2022.01.29-21.54.56:070][141]LogMainFrame: MainFrame: Module compiling took 27.883 seconds
[2022.01.29-21.54.56:075][141]Warning: HotReload failed, recompile failed
